[0.588s] Invoking command in '/home/winni/rumstochern/isse_crtpdriver_ros/build/crtp_interface': CMAKE_PREFIX_PATH=${CMAKE_PREFIX_PATH}:/home/winni/ros2_humble/install/rqt_bag_plugins:/home/winni/ros2_humble/install/webots_ros2:/home/winni/ros2_humble/install/webots_ros2_universal_robot:/home/winni/ros2_humble/install/webots_ros2_turtlebot:/home/winni/ros2_humble/install/webots_ros2_tiago:/home/winni/ros2_humble/install/webots_ros2_epuck:/home/winni/ros2_humble/install/rqt_bag:/home/winni/ros2_humble/install/ros2bag:/home/winni/ros2_humble/install/webots_ros2_tests:/home/winni/ros2_humble/install/webots_ros2_tesla:/home/winni/ros2_humble/install/webots_ros2_mavic:/home/winni/ros2_humble/install/webots_ros2_importer:/home/winni/ros2_humble/install/tracetools_test:/home/winni/ros2_humble/install/tracetools_launch:/home/winni/ros2_humble/install/topic_monitor:/home/winni/ros2_humble/install/tf2_tools:/home/winni/ros2_humble/install/examples_tf2_py:/home/winni/ros2_humble/install/tf2_ros_py:/home/winni/ros2_humble/install/sros2:/home/winni/ros2_humble/install/rqt_topic:/home/winni/ros2_humble/install/rqt_srv:/home/winni/ros2_humble/install/rqt_shell:/home/winni/ros2_humble/install/rqt_service_caller:/home/winni/ros2_humble/install/rqt_reconfigure:/home/winni/ros2_humble/install/rqt_py_console:/home/winni/ros2_humble/install/rqt_publisher:/home/winni/ros2_humble/install/rqt_plot:/home/winni/ros2_humble/install/rqt_action:/home/winni/ros2_humble/install/rqt_msg:/home/winni/ros2_humble/install/rqt_console:/home/winni/ros2_humble/install/rqt:/home/winni/ros2_humble/install/rqt_graph:/home/winni/ros2_humble/install/rqt_gui_py:/home/winni/ros2_humble/install/rqt_gui:/home/winni/ros2_humble/install/ros2trace:/home/winni/ros2_humble/install/ros2topic:/home/winni/ros2_humble/install/ros2test:/home/winni/ros2_humble/install/ros2controlcli:/home/winni/ros2_humble/install/ros2component:/home/winni/ros2_humble/install/ros2param:/home/winni/ros2_humble/install/ros2lifecycle:/home/winni/ros2_humble/install/ros2service:/home/winni/ros2_humble/install/ros2run:/home/winni/ros2_humble/install/ros2launch:/home/winni/ros2_humble/install/ros2pkg:/home/winni/ros2_humble/install/ros2node:/home/winni/ros2_humble/install/ros2multicast:/home/winni/ros2_humble/install/ros2interface:/home/winni/ros2_humble/install/ros2doctor:/home/winni/ros2_humble/install/ros2action:/home/winni/ros2_humble/install/ros2cli:/home/winni/ros2_humble/install/quality_of_service_demo_py:/home/winni/ros2_humble/install/lifecycle_py:/home/winni/ros2_humble/install/launch_testing_ros:/home/winni/ros2_humble/install/launch_ros:/home/winni/ros2_humble/install/examples_rclpy_pointcloud_publisher:/home/winni/ros2_humble/install/examples_rclpy_minimal_subscriber:/home/winni/ros2_humble/install/examples_rclpy_minimal_service:/home/winni/ros2_humble/install/examples_rclpy_minimal_publisher:/home/winni/ros2_humble/install/examples_rclpy_minimal_client:/home/winni/ros2_humble/install/examples_rclpy_minimal_action_server:/home/winni/ros2_humble/install/examples_rclpy_minimal_action_client:/home/winni/ros2_humble/install/examples_rclpy_guard_conditions:/home/winni/ros2_humble/install/examples_rclpy_executors:/home/winni/ros2_humble/install/demo_nodes_py:/home/winni/ros2_humble/install/action_tutorials_py:/home/winni/ros2_humble/install/ament_uncrustify:/home/winni/ros2_humble/install/tracetools_trace:/home/winni/ros2_humble/install/tracetools_read:/home/winni/ros2_humble/install/tf_transformations:/home/winni/ros2_humble/install/test_tracetools_launch:/home/winni/ros2_humble/install/test_launch_ros:/home/winni/ros2_humble/install/sensor_msgs_py:/home/winni/ros2_humble/install/rpyutils:/home/winni/ros2_humble/install/rosidl_runtime_py:/home/winni/ros2_humble/install/rosidl_cli:/home/winni/ros2_humble/install/launch_pytest:/home/winni/ros2_humble/install/launch_testing:/home/winni/ros2_humble/install/launch_yaml:/home/winni/ros2_humble/install/launch_xml:/home/winni/ros2_humble/install/launch:/home/winni/ros2_humble/install/osrf_pycommon:/home/winni/ros2_humble/install/launch_testing_examples:/home/winni/ros2_humble/install/domain_coordinator:/home/winni/ros2_humble/install/ament_xmllint:/home/winni/ros2_humble/install/ament_pyflakes:/home/winni/ros2_humble/install/ament_pycodestyle:/home/winni/ros2_humble/install/ament_pep257:/home/winni/ros2_humble/install/ament_pclint:/home/winni/ros2_humble/install/ament_package:/home/winni/ros2_humble/install/ament_mypy:/home/winni/ros2_humble/install/ament_lint_cmake:/home/winni/ros2_humble/install/ament_flake8:/home/winni/ros2_humble/install/ament_copyright:/home/winni/ros2_humble/install/ament_lint:/home/winni/ros2_humble/install/ament_index_python:/home/winni/ros2_humble/install/ament_cpplint:/home/winni/ros2_humble/install/ament_cppcheck:/home/winni/ros2_humble/install/ament_clang_tidy:/home/winni/ros2_humble/install/ament_clang_format /usr/bin/cmake /home/winni/rumstochern/isse_crtpdriver_ros/src/crtp_interface -DCMAKE_INSTALL_PREFIX=/home/winni/rumstochern/isse_crtpdriver_ros/install/crtp_interface
[0.660s] -- The C compiler identification is GNU 9.4.0
[0.735s] -- The CXX compiler identification is GNU 9.4.0
[0.751s] -- Check for working C compiler: /usr/bin/cc
[0.835s] -- Check for working C compiler: /usr/bin/cc -- works
[0.836s] -- Detecting C compiler ABI info
[0.918s] -- Detecting C compiler ABI info - done
[0.926s] -- Detecting C compile features
[0.927s] -- Detecting C compile features - done
[0.929s] -- Check for working CXX compiler: /usr/bin/c++
[1.020s] -- Check for working CXX compiler: /usr/bin/c++ -- works
[1.021s] -- Detecting CXX compiler ABI info
[1.121s] -- Detecting CXX compiler ABI info - done
[1.130s] -- Detecting CXX compile features
[1.130s] -- Detecting CXX compile features - done
[1.141s] -- Found ament_cmake: 1.3.8 (/home/winni/ros2_humble/install/ament_cmake/share/ament_cmake/cmake)
[2.371s] -- Found Python3: /usr/bin/python3 (found version "3.8.10") found components: Interpreter 
[2.916s] -- Found rosidl_default_generators: 1.2.0 (/home/winni/ros2_humble/install/rosidl_default_generators/share/rosidl_default_generators/cmake)
[3.022s] -- Using all available rosidl_typesupport_c: rosidl_typesupport_introspection_c;rosidl_typesupport_fastrtps_c
[3.051s] -- Found rosidl_adapter: 3.1.5 (/home/winni/ros2_humble/install/rosidl_adapter/share/rosidl_adapter/cmake)
[3.196s] -- Using all available rosidl_typesupport_cpp: rosidl_typesupport_introspection_cpp;rosidl_typesupport_fastrtps_cpp
[3.284s] -- Found std_msgs: 4.2.3 (/home/winni/ros2_humble/install/std_msgs/share/std_msgs/cmake)
[5.137s] CMake Error at /home/winni/ros2_humble/install/rosidl_adapter/share/rosidl_adapter/cmake/rosidl_adapt_interfaces.cmake:59 (message):
[5.137s]   execute_process(/usr/bin/python3 -m rosidl_adapter --package-name
[5.137s]   crtp_interface --arguments-file
[5.137s]   /home/winni/rumstochern/isse_crtpdriver_ros/build/crtp_interface/rosidl_adapter__arguments__crtp_interface.json
[5.137s]   --output-dir
[5.137s]   /home/winni/rumstochern/isse_crtpdriver_ros/build/crtp_interface/rosidl_adapter/crtp_interface
[5.137s]   --output-file
[5.137s]   /home/winni/rumstochern/isse_crtpdriver_ros/build/crtp_interface/rosidl_adapter/crtp_interface.idls)
[5.137s]   returned error code 1:
[5.137s] 
[5.137s]   Traceback (most recent call last):
[5.137s] 
[5.137s]     File "/usr/lib/python3.8/runpy.py", line 194, in _run_module_as_main
[5.137s]       return _run_code(code, main_globals, None,
[5.137s]     File "/usr/lib/python3.8/runpy.py", line 87, in _run_code
[5.137s]       exec(code, run_globals)
[5.137s]     File "/home/winni/ros2_humble/install/rosidl_adapter/lib/python3.8/site-packages/rosidl_adapter/__main__.py", line 19, in <module>
[5.137s]       sys.exit(main())
[5.137s]     File "/home/winni/ros2_humble/install/rosidl_adapter/lib/python3.8/site-packages/rosidl_adapter/main.py", line 53, in main
[5.137s]       abs_idl_file = convert_to_idl(
[5.137s]     File "/home/winni/ros2_humble/install/rosidl_adapter/lib/python3.8/site-packages/rosidl_adapter/__init__.py", line 19, in convert_to_idl
[5.138s]       return convert_msg_to_idl(
[5.138s]     File "/home/winni/ros2_humble/install/rosidl_adapter/lib/python3.8/site-packages/rosidl_adapter/msg/__init__.py", line 28, in convert_msg_to_idl
[5.138s]       msg = parse_message_string(package_name, input_file.stem, content)
[5.138s]     File "/home/winni/ros2_humble/install/rosidl_adapter/lib/python3.8/site-packages/rosidl_adapter/parser.py", line 544, in parse_message_string
[5.138s]       msg = MessageSpecification(pkg_name, msg_name, fields, constants)
[5.138s]     File "/home/winni/ros2_humble/install/rosidl_adapter/lib/python3.8/site-packages/rosidl_adapter/parser.py", line 388, in __init__
[5.138s]       self.base_type = BaseType(
[5.138s]     File "/home/winni/ros2_humble/install/rosidl_adapter/lib/python3.8/site-packages/rosidl_adapter/parser.py", line 205, in __init__
[5.138s]       raise InvalidResourceName(
[5.138s] 
[5.138s]   rosidl_adapter.parser.InvalidResourceName: 'crtp_packet' is an invalid
[5.138s]   message name.  It should have the pattern '^[A-Z][A-Za-z0-9]*$'
[5.138s] 
[5.138s] Call Stack (most recent call first):
[5.138s]   /home/winni/ros2_humble/install/rosidl_cmake/share/rosidl_cmake/cmake/rosidl_generate_interfaces.cmake:130 (rosidl_adapt_interfaces)
[5.138s]   CMakeLists.txt:18 (rosidl_generate_interfaces)
[5.138s] 
[5.138s] 
[5.138s] -- Configuring incomplete, errors occurred!
[5.138s] See also "/home/winni/rumstochern/isse_crtpdriver_ros/build/crtp_interface/CMakeFiles/CMakeOutput.log".
[5.143s] Invoked command in '/home/winni/rumstochern/isse_crtpdriver_ros/build/crtp_interface' returned '1': CMAKE_PREFIX_PATH=${CMAKE_PREFIX_PATH}:/home/winni/ros2_humble/install/rqt_bag_plugins:/home/winni/ros2_humble/install/webots_ros2:/home/winni/ros2_humble/install/webots_ros2_universal_robot:/home/winni/ros2_humble/install/webots_ros2_turtlebot:/home/winni/ros2_humble/install/webots_ros2_tiago:/home/winni/ros2_humble/install/webots_ros2_epuck:/home/winni/ros2_humble/install/rqt_bag:/home/winni/ros2_humble/install/ros2bag:/home/winni/ros2_humble/install/webots_ros2_tests:/home/winni/ros2_humble/install/webots_ros2_tesla:/home/winni/ros2_humble/install/webots_ros2_mavic:/home/winni/ros2_humble/install/webots_ros2_importer:/home/winni/ros2_humble/install/tracetools_test:/home/winni/ros2_humble/install/tracetools_launch:/home/winni/ros2_humble/install/topic_monitor:/home/winni/ros2_humble/install/tf2_tools:/home/winni/ros2_humble/install/examples_tf2_py:/home/winni/ros2_humble/install/tf2_ros_py:/home/winni/ros2_humble/install/sros2:/home/winni/ros2_humble/install/rqt_topic:/home/winni/ros2_humble/install/rqt_srv:/home/winni/ros2_humble/install/rqt_shell:/home/winni/ros2_humble/install/rqt_service_caller:/home/winni/ros2_humble/install/rqt_reconfigure:/home/winni/ros2_humble/install/rqt_py_console:/home/winni/ros2_humble/install/rqt_publisher:/home/winni/ros2_humble/install/rqt_plot:/home/winni/ros2_humble/install/rqt_action:/home/winni/ros2_humble/install/rqt_msg:/home/winni/ros2_humble/install/rqt_console:/home/winni/ros2_humble/install/rqt:/home/winni/ros2_humble/install/rqt_graph:/home/winni/ros2_humble/install/rqt_gui_py:/home/winni/ros2_humble/install/rqt_gui:/home/winni/ros2_humble/install/ros2trace:/home/winni/ros2_humble/install/ros2topic:/home/winni/ros2_humble/install/ros2test:/home/winni/ros2_humble/install/ros2controlcli:/home/winni/ros2_humble/install/ros2component:/home/winni/ros2_humble/install/ros2param:/home/winni/ros2_humble/install/ros2lifecycle:/home/winni/ros2_humble/install/ros2service:/home/winni/ros2_humble/install/ros2run:/home/winni/ros2_humble/install/ros2launch:/home/winni/ros2_humble/install/ros2pkg:/home/winni/ros2_humble/install/ros2node:/home/winni/ros2_humble/install/ros2multicast:/home/winni/ros2_humble/install/ros2interface:/home/winni/ros2_humble/install/ros2doctor:/home/winni/ros2_humble/install/ros2action:/home/winni/ros2_humble/install/ros2cli:/home/winni/ros2_humble/install/quality_of_service_demo_py:/home/winni/ros2_humble/install/lifecycle_py:/home/winni/ros2_humble/install/launch_testing_ros:/home/winni/ros2_humble/install/launch_ros:/home/winni/ros2_humble/install/examples_rclpy_pointcloud_publisher:/home/winni/ros2_humble/install/examples_rclpy_minimal_subscriber:/home/winni/ros2_humble/install/examples_rclpy_minimal_service:/home/winni/ros2_humble/install/examples_rclpy_minimal_publisher:/home/winni/ros2_humble/install/examples_rclpy_minimal_client:/home/winni/ros2_humble/install/examples_rclpy_minimal_action_server:/home/winni/ros2_humble/install/examples_rclpy_minimal_action_client:/home/winni/ros2_humble/install/examples_rclpy_guard_conditions:/home/winni/ros2_humble/install/examples_rclpy_executors:/home/winni/ros2_humble/install/demo_nodes_py:/home/winni/ros2_humble/install/action_tutorials_py:/home/winni/ros2_humble/install/ament_uncrustify:/home/winni/ros2_humble/install/tracetools_trace:/home/winni/ros2_humble/install/tracetools_read:/home/winni/ros2_humble/install/tf_transformations:/home/winni/ros2_humble/install/test_tracetools_launch:/home/winni/ros2_humble/install/test_launch_ros:/home/winni/ros2_humble/install/sensor_msgs_py:/home/winni/ros2_humble/install/rpyutils:/home/winni/ros2_humble/install/rosidl_runtime_py:/home/winni/ros2_humble/install/rosidl_cli:/home/winni/ros2_humble/install/launch_pytest:/home/winni/ros2_humble/install/launch_testing:/home/winni/ros2_humble/install/launch_yaml:/home/winni/ros2_humble/install/launch_xml:/home/winni/ros2_humble/install/launch:/home/winni/ros2_humble/install/osrf_pycommon:/home/winni/ros2_humble/install/launch_testing_examples:/home/winni/ros2_humble/install/domain_coordinator:/home/winni/ros2_humble/install/ament_xmllint:/home/winni/ros2_humble/install/ament_pyflakes:/home/winni/ros2_humble/install/ament_pycodestyle:/home/winni/ros2_humble/install/ament_pep257:/home/winni/ros2_humble/install/ament_pclint:/home/winni/ros2_humble/install/ament_package:/home/winni/ros2_humble/install/ament_mypy:/home/winni/ros2_humble/install/ament_lint_cmake:/home/winni/ros2_humble/install/ament_flake8:/home/winni/ros2_humble/install/ament_copyright:/home/winni/ros2_humble/install/ament_lint:/home/winni/ros2_humble/install/ament_index_python:/home/winni/ros2_humble/install/ament_cpplint:/home/winni/ros2_humble/install/ament_cppcheck:/home/winni/ros2_humble/install/ament_clang_tidy:/home/winni/ros2_humble/install/ament_clang_format /usr/bin/cmake /home/winni/rumstochern/isse_crtpdriver_ros/src/crtp_interface -DCMAKE_INSTALL_PREFIX=/home/winni/rumstochern/isse_crtpdriver_ros/install/crtp_interface
