[0.236s] DEBUG:colcon:Command line arguments: ['/usr/bin/colcon', 'build']
[0.237s] DEBUG:colcon:Parsed command line arguments: Namespace(allow_overriding=[], ament_cmake_args=None, base_paths=['.'], build_base='build', catkin_cmake_args=None, catkin_skip_building_tests=False, cmake_args=None, cmake_clean_cache=False, cmake_clean_first=False, cmake_force_configure=False, cmake_target=None, cmake_target_skip_unavailable=False, continue_on_error=False, event_handlers=None, executor='parallel', ignore_user_meta=False, install_base='install', log_base=None, log_level=None, main=<bound method BuildVerb.main of <colcon_core.verb.build.BuildVerb object at 0x7fe0e2efeac0>>, merge_install=False, metas=['./colcon.meta'], packages_above=None, packages_above_and_dependencies=None, packages_above_depth=None, packages_end=None, packages_ignore=None, packages_ignore_regex=None, packages_select=None, packages_select_build_failed=False, packages_select_by_dep=None, packages_select_regex=None, packages_select_test_failures=False, packages_skip=None, packages_skip_build_finished=False, packages_skip_by_dep=None, packages_skip_regex=None, packages_skip_test_passed=False, packages_skip_up_to=None, packages_start=None, packages_up_to=None, packages_up_to_regex=None, parallel_workers=16, paths=None, symlink_install=False, test_result_base=None, verb_extension=<colcon_core.verb.build.BuildVerb object at 0x7fe0e2efeac0>, verb_name='build', verb_parser=<colcon_defaults.argument_parser.defaults.DefaultArgumentsDecorator object at 0x7fe0e2e194c0>)
[0.411s] Level 1:colcon.colcon_core.package_discovery:discover_packages(colcon_meta) check parameters
[0.411s] Level 1:colcon.colcon_core.package_discovery:discover_packages(recursive) check parameters
[0.411s] Level 1:colcon.colcon_core.package_discovery:discover_packages(ignore) check parameters
[0.411s] Level 1:colcon.colcon_core.package_discovery:discover_packages(path) check parameters
[0.411s] Level 1:colcon.colcon_core.package_discovery:discover_packages(colcon_meta) discover
[0.411s] Level 1:colcon.colcon_core.package_discovery:discover_packages(recursive) discover
[0.411s] INFO:colcon.colcon_core.package_discovery:Crawling recursively for packages in '/home/winni/rumstochern/isse_crtpdriver_ros'
[0.412s] Level 1:colcon.colcon_core.package_identification:_identify(.) by extensions ['ignore', 'ignore_ament_install']
[0.412s] Level 1:colcon.colcon_core.package_identification:_identify(.) by extension 'ignore'
[0.412s] Level 1:colcon.colcon_core.package_identification:_identify(.) by extension 'ignore_ament_install'
[0.412s] Level 1:colcon.colcon_core.package_identification:_identify(.) by extensions ['colcon_pkg']
[0.412s] Level 1:colcon.colcon_core.package_identification:_identify(.) by extension 'colcon_pkg'
[0.412s] Level 1:colcon.colcon_core.package_identification:_identify(.) by extensions ['colcon_meta']
[0.412s] Level 1:colcon.colcon_core.package_identification:_identify(.) by extension 'colcon_meta'
[0.412s] Level 1:colcon.colcon_core.package_identification:_identify(.) by extensions ['ros']
[0.412s] Level 1:colcon.colcon_core.package_identification:_identify(.) by extension 'ros'
[0.425s] Level 1:colcon.colcon_core.package_identification:_identify(.) by extensions ['cmake', 'python']
[0.425s] Level 1:colcon.colcon_core.package_identification:_identify(.) by extension 'cmake'
[0.425s] Level 1:colcon.colcon_core.package_identification:_identify(.) by extension 'python'
[0.425s] Level 1:colcon.colcon_core.package_identification:_identify(.) by extensions ['python_setup_py']
[0.425s] Level 1:colcon.colcon_core.package_identification:_identify(.) by extension 'python_setup_py'
[0.425s] Level 1:colcon.colcon_core.package_identification:_identify(build) by extensions ['ignore', 'ignore_ament_install']
[0.425s] Level 1:colcon.colcon_core.package_identification:_identify(build) by extension 'ignore'
[0.425s] Level 1:colcon.colcon_core.package_identification:_identify(build) ignored
[0.425s] Level 1:colcon.colcon_core.package_identification:_identify(install) by extensions ['ignore', 'ignore_ament_install']
[0.425s] Level 1:colcon.colcon_core.package_identification:_identify(install) by extension 'ignore'
[0.425s] Level 1:colcon.colcon_core.package_identification:_identify(install) ignored
[0.425s] Level 1:colcon.colcon_core.package_identification:_identify(log) by extensions ['ignore', 'ignore_ament_install']
[0.426s] Level 1:colcon.colcon_core.package_identification:_identify(log) by extension 'ignore'
[0.426s] Level 1:colcon.colcon_core.package_identification:_identify(log) ignored
[0.426s] Level 1:colcon.colcon_core.package_identification:_identify(src) by extensions ['ignore', 'ignore_ament_install']
[0.426s] Level 1:colcon.colcon_core.package_identification:_identify(src) by extension 'ignore'
[0.426s] Level 1:colcon.colcon_core.package_identification:_identify(src) by extension 'ignore_ament_install'
[0.426s] Level 1:colcon.colcon_core.package_identification:_identify(src) by extensions ['colcon_pkg']
[0.426s] Level 1:colcon.colcon_core.package_identification:_identify(src) by extension 'colcon_pkg'
[0.426s] Level 1:colcon.colcon_core.package_identification:_identify(src) by extensions ['colcon_meta']
[0.426s] Level 1:colcon.colcon_core.package_identification:_identify(src) by extension 'colcon_meta'
[0.426s] Level 1:colcon.colcon_core.package_identification:_identify(src) by extensions ['ros']
[0.426s] Level 1:colcon.colcon_core.package_identification:_identify(src) by extension 'ros'
[0.426s] Level 1:colcon.colcon_core.package_identification:_identify(src) by extensions ['cmake', 'python']
[0.426s] Level 1:colcon.colcon_core.package_identification:_identify(src) by extension 'cmake'
[0.426s] Level 1:colcon.colcon_core.package_identification:_identify(src) by extension 'python'
[0.426s] Level 1:colcon.colcon_core.package_identification:_identify(src) by extensions ['python_setup_py']
[0.426s] Level 1:colcon.colcon_core.package_identification:_identify(src) by extension 'python_setup_py'
[0.426s] Level 1:colcon.colcon_core.package_identification:_identify(src/crtp_driver) by extensions ['ignore', 'ignore_ament_install']
[0.426s] Level 1:colcon.colcon_core.package_identification:_identify(src/crtp_driver) by extension 'ignore'
[0.426s] Level 1:colcon.colcon_core.package_identification:_identify(src/crtp_driver) by extension 'ignore_ament_install'
[0.426s] Level 1:colcon.colcon_core.package_identification:_identify(src/crtp_driver) by extensions ['colcon_pkg']
[0.426s] Level 1:colcon.colcon_core.package_identification:_identify(src/crtp_driver) by extension 'colcon_pkg'
[0.426s] Level 1:colcon.colcon_core.package_identification:_identify(src/crtp_driver) by extensions ['colcon_meta']
[0.426s] Level 1:colcon.colcon_core.package_identification:_identify(src/crtp_driver) by extension 'colcon_meta'
[0.426s] Level 1:colcon.colcon_core.package_identification:_identify(src/crtp_driver) by extensions ['ros']
[0.426s] Level 1:colcon.colcon_core.package_identification:_identify(src/crtp_driver) by extension 'ros'
[0.428s] DEBUG:colcon.colcon_core.package_identification:Package 'src/crtp_driver' with type 'ros.ament_python' and name 'crtp_driver'
[0.428s] Level 1:colcon.colcon_core.package_identification:_identify(src/crtp_interface) by extensions ['ignore', 'ignore_ament_install']
[0.428s] Level 1:colcon.colcon_core.package_identification:_identify(src/crtp_interface) by extension 'ignore'
[0.428s] Level 1:colcon.colcon_core.package_identification:_identify(src/crtp_interface) by extension 'ignore_ament_install'
[0.428s] Level 1:colcon.colcon_core.package_identification:_identify(src/crtp_interface) by extensions ['colcon_pkg']
[0.428s] Level 1:colcon.colcon_core.package_identification:_identify(src/crtp_interface) by extension 'colcon_pkg'
[0.428s] Level 1:colcon.colcon_core.package_identification:_identify(src/crtp_interface) by extensions ['colcon_meta']
[0.428s] Level 1:colcon.colcon_core.package_identification:_identify(src/crtp_interface) by extension 'colcon_meta'
[0.428s] Level 1:colcon.colcon_core.package_identification:_identify(src/crtp_interface) by extensions ['ros']
[0.428s] Level 1:colcon.colcon_core.package_identification:_identify(src/crtp_interface) by extension 'ros'
[0.429s] DEBUG:colcon.colcon_core.package_identification:Package 'src/crtp_interface' with type 'ros.ament_cmake' and name 'crtp_interface'
[0.429s] Level 1:colcon.colcon_core.package_discovery:discover_packages(recursive) using defaults
[0.429s] Level 1:colcon.colcon_core.package_discovery:discover_packages(ignore) discover
[0.429s] Level 1:colcon.colcon_core.package_discovery:discover_packages(ignore) using defaults
[0.429s] Level 1:colcon.colcon_core.package_discovery:discover_packages(path) discover
[0.429s] Level 1:colcon.colcon_core.package_discovery:discover_packages(path) using defaults
[0.452s] Level 1:colcon.colcon_core.package_discovery:discover_packages(prefix_path) check parameters
[0.452s] Level 1:colcon.colcon_core.package_discovery:discover_packages(prefix_path) discover
[0.460s] DEBUG:colcon.colcon_installed_package_information.package_discovery:Found 2 installed packages in /home/winni/rumstochern/isse_crtpdriver_ros/install
[0.466s] DEBUG:colcon.colcon_installed_package_information.package_discovery:Found 373 installed packages in /home/winni/ros2_humble/install
[0.468s] Level 1:colcon.colcon_core.package_discovery:discover_packages(prefix_path) using defaults
[0.487s] Level 5:colcon.colcon_core.verb:set package 'crtp_interface' build argument 'cmake_args' from command line to 'None'
[0.487s] Level 5:colcon.colcon_core.verb:set package 'crtp_interface' build argument 'cmake_target' from command line to 'None'
[0.487s] Level 5:colcon.colcon_core.verb:set package 'crtp_interface' build argument 'cmake_target_skip_unavailable' from command line to 'False'
[0.487s] Level 5:colcon.colcon_core.verb:set package 'crtp_interface' build argument 'cmake_clean_cache' from command line to 'False'
[0.487s] Level 5:colcon.colcon_core.verb:set package 'crtp_interface' build argument 'cmake_clean_first' from command line to 'False'
[0.487s] Level 5:colcon.colcon_core.verb:set package 'crtp_interface' build argument 'cmake_force_configure' from command line to 'False'
[0.487s] Level 5:colcon.colcon_core.verb:set package 'crtp_interface' build argument 'ament_cmake_args' from command line to 'None'
[0.487s] Level 5:colcon.colcon_core.verb:set package 'crtp_interface' build argument 'catkin_cmake_args' from command line to 'None'
[0.487s] Level 5:colcon.colcon_core.verb:set package 'crtp_interface' build argument 'catkin_skip_building_tests' from command line to 'False'
[0.487s] DEBUG:colcon.colcon_core.verb:Building package 'crtp_interface' with the following arguments: {'ament_cmake_args': None, 'build_base': '/home/winni/rumstochern/isse_crtpdriver_ros/build/crtp_interface', 'catkin_cmake_args': None, 'catkin_skip_building_tests': False, 'cmake_args': None, 'cmake_clean_cache': False, 'cmake_clean_first': False, 'cmake_force_configure': False, 'cmake_target': None, 'cmake_target_skip_unavailable': False, 'install_base': '/home/winni/rumstochern/isse_crtpdriver_ros/install/crtp_interface', 'merge_install': False, 'path': '/home/winni/rumstochern/isse_crtpdriver_ros/src/crtp_interface', 'symlink_install': False, 'test_result_base': None}
[0.487s] Level 5:colcon.colcon_core.verb:set package 'crtp_driver' build argument 'cmake_args' from command line to 'None'
[0.487s] Level 5:colcon.colcon_core.verb:set package 'crtp_driver' build argument 'cmake_target' from command line to 'None'
[0.487s] Level 5:colcon.colcon_core.verb:set package 'crtp_driver' build argument 'cmake_target_skip_unavailable' from command line to 'False'
[0.487s] Level 5:colcon.colcon_core.verb:set package 'crtp_driver' build argument 'cmake_clean_cache' from command line to 'False'
[0.487s] Level 5:colcon.colcon_core.verb:set package 'crtp_driver' build argument 'cmake_clean_first' from command line to 'False'
[0.487s] Level 5:colcon.colcon_core.verb:set package 'crtp_driver' build argument 'cmake_force_configure' from command line to 'False'
[0.487s] Level 5:colcon.colcon_core.verb:set package 'crtp_driver' build argument 'ament_cmake_args' from command line to 'None'
[0.487s] Level 5:colcon.colcon_core.verb:set package 'crtp_driver' build argument 'catkin_cmake_args' from command line to 'None'
[0.487s] Level 5:colcon.colcon_core.verb:set package 'crtp_driver' build argument 'catkin_skip_building_tests' from command line to 'False'
[0.487s] DEBUG:colcon.colcon_core.verb:Building package 'crtp_driver' with the following arguments: {'ament_cmake_args': None, 'build_base': '/home/winni/rumstochern/isse_crtpdriver_ros/build/crtp_driver', 'catkin_cmake_args': None, 'catkin_skip_building_tests': False, 'cmake_args': None, 'cmake_clean_cache': False, 'cmake_clean_first': False, 'cmake_force_configure': False, 'cmake_target': None, 'cmake_target_skip_unavailable': False, 'install_base': '/home/winni/rumstochern/isse_crtpdriver_ros/install/crtp_driver', 'merge_install': False, 'path': '/home/winni/rumstochern/isse_crtpdriver_ros/src/crtp_driver', 'symlink_install': False, 'test_result_base': None}
[0.488s] INFO:colcon.colcon_core.executor:Executing jobs using 'parallel' executor
[0.488s] DEBUG:colcon.colcon_parallel_executor.executor.parallel:run_until_complete
[0.488s] INFO:colcon.colcon_ros.task.ament_cmake.build:Building ROS package in '/home/winni/rumstochern/isse_crtpdriver_ros/src/crtp_interface' with build type 'ament_cmake'
[0.488s] INFO:colcon.colcon_cmake.task.cmake.build:Building CMake package in '/home/winni/rumstochern/isse_crtpdriver_ros/src/crtp_interface'
[0.492s] INFO:colcon.colcon_core.plugin_system:Skipping extension 'colcon_core.shell.bat': Not used on non-Windows systems
[0.492s] INFO:colcon.colcon_core.shell:Skip shell extension 'powershell' for command environment: Not usable outside of PowerShell
[0.492s] DEBUG:colcon.colcon_core.shell:Skip shell extension 'dsv' for command environment
[0.523s] DEBUG:colcon.colcon_core.event_handler.log_command:Invoking command in '/home/winni/rumstochern/isse_crtpdriver_ros/build/crtp_interface': CMAKE_PREFIX_PATH=${CMAKE_PREFIX_PATH}:/home/winni/ros2_humble/install/rqt_bag_plugins:/home/winni/ros2_humble/install/webots_ros2:/home/winni/ros2_humble/install/webots_ros2_universal_robot:/home/winni/ros2_humble/install/webots_ros2_turtlebot:/home/winni/ros2_humble/install/webots_ros2_tiago:/home/winni/ros2_humble/install/webots_ros2_epuck:/home/winni/ros2_humble/install/rqt_bag:/home/winni/ros2_humble/install/ros2bag:/home/winni/ros2_humble/install/webots_ros2_tests:/home/winni/ros2_humble/install/webots_ros2_tesla:/home/winni/ros2_humble/install/webots_ros2_mavic:/home/winni/ros2_humble/install/webots_ros2_importer:/home/winni/ros2_humble/install/tracetools_test:/home/winni/ros2_humble/install/tracetools_launch:/home/winni/ros2_humble/install/topic_monitor:/home/winni/ros2_humble/install/tf2_tools:/home/winni/ros2_humble/install/examples_tf2_py:/home/winni/ros2_humble/install/tf2_ros_py:/home/winni/ros2_humble/install/sros2:/home/winni/ros2_humble/install/rqt_topic:/home/winni/ros2_humble/install/rqt_srv:/home/winni/ros2_humble/install/rqt_shell:/home/winni/ros2_humble/install/rqt_service_caller:/home/winni/ros2_humble/install/rqt_reconfigure:/home/winni/ros2_humble/install/rqt_py_console:/home/winni/ros2_humble/install/rqt_publisher:/home/winni/ros2_humble/install/rqt_plot:/home/winni/ros2_humble/install/rqt_action:/home/winni/ros2_humble/install/rqt_msg:/home/winni/ros2_humble/install/rqt_console:/home/winni/ros2_humble/install/rqt:/home/winni/ros2_humble/install/rqt_graph:/home/winni/ros2_humble/install/rqt_gui_py:/home/winni/ros2_humble/install/rqt_gui:/home/winni/ros2_humble/install/ros2trace:/home/winni/ros2_humble/install/ros2topic:/home/winni/ros2_humble/install/ros2test:/home/winni/ros2_humble/install/ros2controlcli:/home/winni/ros2_humble/install/ros2component:/home/winni/ros2_humble/install/ros2param:/home/winni/ros2_humble/install/ros2lifecycle:/home/winni/ros2_humble/install/ros2service:/home/winni/ros2_humble/install/ros2run:/home/winni/ros2_humble/install/ros2launch:/home/winni/ros2_humble/install/ros2pkg:/home/winni/ros2_humble/install/ros2node:/home/winni/ros2_humble/install/ros2multicast:/home/winni/ros2_humble/install/ros2interface:/home/winni/ros2_humble/install/ros2doctor:/home/winni/ros2_humble/install/ros2action:/home/winni/ros2_humble/install/ros2cli:/home/winni/ros2_humble/install/quality_of_service_demo_py:/home/winni/ros2_humble/install/lifecycle_py:/home/winni/ros2_humble/install/launch_testing_ros:/home/winni/ros2_humble/install/launch_ros:/home/winni/ros2_humble/install/examples_rclpy_pointcloud_publisher:/home/winni/ros2_humble/install/examples_rclpy_minimal_subscriber:/home/winni/ros2_humble/install/examples_rclpy_minimal_service:/home/winni/ros2_humble/install/examples_rclpy_minimal_publisher:/home/winni/ros2_humble/install/examples_rclpy_minimal_client:/home/winni/ros2_humble/install/examples_rclpy_minimal_action_server:/home/winni/ros2_humble/install/examples_rclpy_minimal_action_client:/home/winni/ros2_humble/install/examples_rclpy_guard_conditions:/home/winni/ros2_humble/install/examples_rclpy_executors:/home/winni/ros2_humble/install/demo_nodes_py:/home/winni/ros2_humble/install/action_tutorials_py:/home/winni/ros2_humble/install/ament_uncrustify:/home/winni/ros2_humble/install/tracetools_trace:/home/winni/ros2_humble/install/tracetools_read:/home/winni/ros2_humble/install/tf_transformations:/home/winni/ros2_humble/install/test_tracetools_launch:/home/winni/ros2_humble/install/test_launch_ros:/home/winni/ros2_humble/install/sensor_msgs_py:/home/winni/ros2_humble/install/rpyutils:/home/winni/ros2_humble/install/rosidl_runtime_py:/home/winni/ros2_humble/install/rosidl_cli:/home/winni/ros2_humble/install/launch_pytest:/home/winni/ros2_humble/install/launch_testing:/home/winni/ros2_humble/install/launch_yaml:/home/winni/ros2_humble/install/launch_xml:/home/winni/ros2_humble/install/launch:/home/winni/ros2_humble/install/osrf_pycommon:/home/winni/ros2_humble/install/launch_testing_examples:/home/winni/ros2_humble/install/domain_coordinator:/home/winni/ros2_humble/install/ament_xmllint:/home/winni/ros2_humble/install/ament_pyflakes:/home/winni/ros2_humble/install/ament_pycodestyle:/home/winni/ros2_humble/install/ament_pep257:/home/winni/ros2_humble/install/ament_pclint:/home/winni/ros2_humble/install/ament_package:/home/winni/ros2_humble/install/ament_mypy:/home/winni/ros2_humble/install/ament_lint_cmake:/home/winni/ros2_humble/install/ament_flake8:/home/winni/ros2_humble/install/ament_copyright:/home/winni/ros2_humble/install/ament_lint:/home/winni/ros2_humble/install/ament_index_python:/home/winni/ros2_humble/install/ament_cpplint:/home/winni/ros2_humble/install/ament_cppcheck:/home/winni/ros2_humble/install/ament_clang_tidy:/home/winni/ros2_humble/install/ament_clang_format /usr/bin/cmake --build /home/winni/rumstochern/isse_crtpdriver_ros/build/crtp_interface -- -j16 -l16
[18.676s] DEBUG:colcon.colcon_core.event_handler.log_command:Invoked command in '/home/winni/rumstochern/isse_crtpdriver_ros/build/crtp_interface' returned '0': CMAKE_PREFIX_PATH=${CMAKE_PREFIX_PATH}:/home/winni/ros2_humble/install/rqt_bag_plugins:/home/winni/ros2_humble/install/webots_ros2:/home/winni/ros2_humble/install/webots_ros2_universal_robot:/home/winni/ros2_humble/install/webots_ros2_turtlebot:/home/winni/ros2_humble/install/webots_ros2_tiago:/home/winni/ros2_humble/install/webots_ros2_epuck:/home/winni/ros2_humble/install/rqt_bag:/home/winni/ros2_humble/install/ros2bag:/home/winni/ros2_humble/install/webots_ros2_tests:/home/winni/ros2_humble/install/webots_ros2_tesla:/home/winni/ros2_humble/install/webots_ros2_mavic:/home/winni/ros2_humble/install/webots_ros2_importer:/home/winni/ros2_humble/install/tracetools_test:/home/winni/ros2_humble/install/tracetools_launch:/home/winni/ros2_humble/install/topic_monitor:/home/winni/ros2_humble/install/tf2_tools:/home/winni/ros2_humble/install/examples_tf2_py:/home/winni/ros2_humble/install/tf2_ros_py:/home/winni/ros2_humble/install/sros2:/home/winni/ros2_humble/install/rqt_topic:/home/winni/ros2_humble/install/rqt_srv:/home/winni/ros2_humble/install/rqt_shell:/home/winni/ros2_humble/install/rqt_service_caller:/home/winni/ros2_humble/install/rqt_reconfigure:/home/winni/ros2_humble/install/rqt_py_console:/home/winni/ros2_humble/install/rqt_publisher:/home/winni/ros2_humble/install/rqt_plot:/home/winni/ros2_humble/install/rqt_action:/home/winni/ros2_humble/install/rqt_msg:/home/winni/ros2_humble/install/rqt_console:/home/winni/ros2_humble/install/rqt:/home/winni/ros2_humble/install/rqt_graph:/home/winni/ros2_humble/install/rqt_gui_py:/home/winni/ros2_humble/install/rqt_gui:/home/winni/ros2_humble/install/ros2trace:/home/winni/ros2_humble/install/ros2topic:/home/winni/ros2_humble/install/ros2test:/home/winni/ros2_humble/install/ros2controlcli:/home/winni/ros2_humble/install/ros2component:/home/winni/ros2_humble/install/ros2param:/home/winni/ros2_humble/install/ros2lifecycle:/home/winni/ros2_humble/install/ros2service:/home/winni/ros2_humble/install/ros2run:/home/winni/ros2_humble/install/ros2launch:/home/winni/ros2_humble/install/ros2pkg:/home/winni/ros2_humble/install/ros2node:/home/winni/ros2_humble/install/ros2multicast:/home/winni/ros2_humble/install/ros2interface:/home/winni/ros2_humble/install/ros2doctor:/home/winni/ros2_humble/install/ros2action:/home/winni/ros2_humble/install/ros2cli:/home/winni/ros2_humble/install/quality_of_service_demo_py:/home/winni/ros2_humble/install/lifecycle_py:/home/winni/ros2_humble/install/launch_testing_ros:/home/winni/ros2_humble/install/launch_ros:/home/winni/ros2_humble/install/examples_rclpy_pointcloud_publisher:/home/winni/ros2_humble/install/examples_rclpy_minimal_subscriber:/home/winni/ros2_humble/install/examples_rclpy_minimal_service:/home/winni/ros2_humble/install/examples_rclpy_minimal_publisher:/home/winni/ros2_humble/install/examples_rclpy_minimal_client:/home/winni/ros2_humble/install/examples_rclpy_minimal_action_server:/home/winni/ros2_humble/install/examples_rclpy_minimal_action_client:/home/winni/ros2_humble/install/examples_rclpy_guard_conditions:/home/winni/ros2_humble/install/examples_rclpy_executors:/home/winni/ros2_humble/install/demo_nodes_py:/home/winni/ros2_humble/install/action_tutorials_py:/home/winni/ros2_humble/install/ament_uncrustify:/home/winni/ros2_humble/install/tracetools_trace:/home/winni/ros2_humble/install/tracetools_read:/home/winni/ros2_humble/install/tf_transformations:/home/winni/ros2_humble/install/test_tracetools_launch:/home/winni/ros2_humble/install/test_launch_ros:/home/winni/ros2_humble/install/sensor_msgs_py:/home/winni/ros2_humble/install/rpyutils:/home/winni/ros2_humble/install/rosidl_runtime_py:/home/winni/ros2_humble/install/rosidl_cli:/home/winni/ros2_humble/install/launch_pytest:/home/winni/ros2_humble/install/launch_testing:/home/winni/ros2_humble/install/launch_yaml:/home/winni/ros2_humble/install/launch_xml:/home/winni/ros2_humble/install/launch:/home/winni/ros2_humble/install/osrf_pycommon:/home/winni/ros2_humble/install/launch_testing_examples:/home/winni/ros2_humble/install/domain_coordinator:/home/winni/ros2_humble/install/ament_xmllint:/home/winni/ros2_humble/install/ament_pyflakes:/home/winni/ros2_humble/install/ament_pycodestyle:/home/winni/ros2_humble/install/ament_pep257:/home/winni/ros2_humble/install/ament_pclint:/home/winni/ros2_humble/install/ament_package:/home/winni/ros2_humble/install/ament_mypy:/home/winni/ros2_humble/install/ament_lint_cmake:/home/winni/ros2_humble/install/ament_flake8:/home/winni/ros2_humble/install/ament_copyright:/home/winni/ros2_humble/install/ament_lint:/home/winni/ros2_humble/install/ament_index_python:/home/winni/ros2_humble/install/ament_cpplint:/home/winni/ros2_humble/install/ament_cppcheck:/home/winni/ros2_humble/install/ament_clang_tidy:/home/winni/ros2_humble/install/ament_clang_format /usr/bin/cmake --build /home/winni/rumstochern/isse_crtpdriver_ros/build/crtp_interface -- -j16 -l16
[18.972s] DEBUG:colcon.colcon_core.event_handler.log_command:Invoking command in '/home/winni/rumstochern/isse_crtpdriver_ros/build/crtp_interface': CMAKE_PREFIX_PATH=${CMAKE_PREFIX_PATH}:/home/winni/ros2_humble/install/rqt_bag_plugins:/home/winni/ros2_humble/install/webots_ros2:/home/winni/ros2_humble/install/webots_ros2_universal_robot:/home/winni/ros2_humble/install/webots_ros2_turtlebot:/home/winni/ros2_humble/install/webots_ros2_tiago:/home/winni/ros2_humble/install/webots_ros2_epuck:/home/winni/ros2_humble/install/rqt_bag:/home/winni/ros2_humble/install/ros2bag:/home/winni/ros2_humble/install/webots_ros2_tests:/home/winni/ros2_humble/install/webots_ros2_tesla:/home/winni/ros2_humble/install/webots_ros2_mavic:/home/winni/ros2_humble/install/webots_ros2_importer:/home/winni/ros2_humble/install/tracetools_test:/home/winni/ros2_humble/install/tracetools_launch:/home/winni/ros2_humble/install/topic_monitor:/home/winni/ros2_humble/install/tf2_tools:/home/winni/ros2_humble/install/examples_tf2_py:/home/winni/ros2_humble/install/tf2_ros_py:/home/winni/ros2_humble/install/sros2:/home/winni/ros2_humble/install/rqt_topic:/home/winni/ros2_humble/install/rqt_srv:/home/winni/ros2_humble/install/rqt_shell:/home/winni/ros2_humble/install/rqt_service_caller:/home/winni/ros2_humble/install/rqt_reconfigure:/home/winni/ros2_humble/install/rqt_py_console:/home/winni/ros2_humble/install/rqt_publisher:/home/winni/ros2_humble/install/rqt_plot:/home/winni/ros2_humble/install/rqt_action:/home/winni/ros2_humble/install/rqt_msg:/home/winni/ros2_humble/install/rqt_console:/home/winni/ros2_humble/install/rqt:/home/winni/ros2_humble/install/rqt_graph:/home/winni/ros2_humble/install/rqt_gui_py:/home/winni/ros2_humble/install/rqt_gui:/home/winni/ros2_humble/install/ros2trace:/home/winni/ros2_humble/install/ros2topic:/home/winni/ros2_humble/install/ros2test:/home/winni/ros2_humble/install/ros2controlcli:/home/winni/ros2_humble/install/ros2component:/home/winni/ros2_humble/install/ros2param:/home/winni/ros2_humble/install/ros2lifecycle:/home/winni/ros2_humble/install/ros2service:/home/winni/ros2_humble/install/ros2run:/home/winni/ros2_humble/install/ros2launch:/home/winni/ros2_humble/install/ros2pkg:/home/winni/ros2_humble/install/ros2node:/home/winni/ros2_humble/install/ros2multicast:/home/winni/ros2_humble/install/ros2interface:/home/winni/ros2_humble/install/ros2doctor:/home/winni/ros2_humble/install/ros2action:/home/winni/ros2_humble/install/ros2cli:/home/winni/ros2_humble/install/quality_of_service_demo_py:/home/winni/ros2_humble/install/lifecycle_py:/home/winni/ros2_humble/install/launch_testing_ros:/home/winni/ros2_humble/install/launch_ros:/home/winni/ros2_humble/install/examples_rclpy_pointcloud_publisher:/home/winni/ros2_humble/install/examples_rclpy_minimal_subscriber:/home/winni/ros2_humble/install/examples_rclpy_minimal_service:/home/winni/ros2_humble/install/examples_rclpy_minimal_publisher:/home/winni/ros2_humble/install/examples_rclpy_minimal_client:/home/winni/ros2_humble/install/examples_rclpy_minimal_action_server:/home/winni/ros2_humble/install/examples_rclpy_minimal_action_client:/home/winni/ros2_humble/install/examples_rclpy_guard_conditions:/home/winni/ros2_humble/install/examples_rclpy_executors:/home/winni/ros2_humble/install/demo_nodes_py:/home/winni/ros2_humble/install/action_tutorials_py:/home/winni/ros2_humble/install/ament_uncrustify:/home/winni/ros2_humble/install/tracetools_trace:/home/winni/ros2_humble/install/tracetools_read:/home/winni/ros2_humble/install/tf_transformations:/home/winni/ros2_humble/install/test_tracetools_launch:/home/winni/ros2_humble/install/test_launch_ros:/home/winni/ros2_humble/install/sensor_msgs_py:/home/winni/ros2_humble/install/rpyutils:/home/winni/ros2_humble/install/rosidl_runtime_py:/home/winni/ros2_humble/install/rosidl_cli:/home/winni/ros2_humble/install/launch_pytest:/home/winni/ros2_humble/install/launch_testing:/home/winni/ros2_humble/install/launch_yaml:/home/winni/ros2_humble/install/launch_xml:/home/winni/ros2_humble/install/launch:/home/winni/ros2_humble/install/osrf_pycommon:/home/winni/ros2_humble/install/launch_testing_examples:/home/winni/ros2_humble/install/domain_coordinator:/home/winni/ros2_humble/install/ament_xmllint:/home/winni/ros2_humble/install/ament_pyflakes:/home/winni/ros2_humble/install/ament_pycodestyle:/home/winni/ros2_humble/install/ament_pep257:/home/winni/ros2_humble/install/ament_pclint:/home/winni/ros2_humble/install/ament_package:/home/winni/ros2_humble/install/ament_mypy:/home/winni/ros2_humble/install/ament_lint_cmake:/home/winni/ros2_humble/install/ament_flake8:/home/winni/ros2_humble/install/ament_copyright:/home/winni/ros2_humble/install/ament_lint:/home/winni/ros2_humble/install/ament_index_python:/home/winni/ros2_humble/install/ament_cpplint:/home/winni/ros2_humble/install/ament_cppcheck:/home/winni/ros2_humble/install/ament_clang_tidy:/home/winni/ros2_humble/install/ament_clang_format /usr/bin/cmake --install /home/winni/rumstochern/isse_crtpdriver_ros/build/crtp_interface
[19.344s] Level 1:colcon.colcon_core.environment:create_environment_scripts_only(crtp_interface)
[19.347s] DEBUG:colcon.colcon_core.event_handler.log_command:Invoked command in '/home/winni/rumstochern/isse_crtpdriver_ros/build/crtp_interface' returned '0': CMAKE_PREFIX_PATH=${CMAKE_PREFIX_PATH}:/home/winni/ros2_humble/install/rqt_bag_plugins:/home/winni/ros2_humble/install/webots_ros2:/home/winni/ros2_humble/install/webots_ros2_universal_robot:/home/winni/ros2_humble/install/webots_ros2_turtlebot:/home/winni/ros2_humble/install/webots_ros2_tiago:/home/winni/ros2_humble/install/webots_ros2_epuck:/home/winni/ros2_humble/install/rqt_bag:/home/winni/ros2_humble/install/ros2bag:/home/winni/ros2_humble/install/webots_ros2_tests:/home/winni/ros2_humble/install/webots_ros2_tesla:/home/winni/ros2_humble/install/webots_ros2_mavic:/home/winni/ros2_humble/install/webots_ros2_importer:/home/winni/ros2_humble/install/tracetools_test:/home/winni/ros2_humble/install/tracetools_launch:/home/winni/ros2_humble/install/topic_monitor:/home/winni/ros2_humble/install/tf2_tools:/home/winni/ros2_humble/install/examples_tf2_py:/home/winni/ros2_humble/install/tf2_ros_py:/home/winni/ros2_humble/install/sros2:/home/winni/ros2_humble/install/rqt_topic:/home/winni/ros2_humble/install/rqt_srv:/home/winni/ros2_humble/install/rqt_shell:/home/winni/ros2_humble/install/rqt_service_caller:/home/winni/ros2_humble/install/rqt_reconfigure:/home/winni/ros2_humble/install/rqt_py_console:/home/winni/ros2_humble/install/rqt_publisher:/home/winni/ros2_humble/install/rqt_plot:/home/winni/ros2_humble/install/rqt_action:/home/winni/ros2_humble/install/rqt_msg:/home/winni/ros2_humble/install/rqt_console:/home/winni/ros2_humble/install/rqt:/home/winni/ros2_humble/install/rqt_graph:/home/winni/ros2_humble/install/rqt_gui_py:/home/winni/ros2_humble/install/rqt_gui:/home/winni/ros2_humble/install/ros2trace:/home/winni/ros2_humble/install/ros2topic:/home/winni/ros2_humble/install/ros2test:/home/winni/ros2_humble/install/ros2controlcli:/home/winni/ros2_humble/install/ros2component:/home/winni/ros2_humble/install/ros2param:/home/winni/ros2_humble/install/ros2lifecycle:/home/winni/ros2_humble/install/ros2service:/home/winni/ros2_humble/install/ros2run:/home/winni/ros2_humble/install/ros2launch:/home/winni/ros2_humble/install/ros2pkg:/home/winni/ros2_humble/install/ros2node:/home/winni/ros2_humble/install/ros2multicast:/home/winni/ros2_humble/install/ros2interface:/home/winni/ros2_humble/install/ros2doctor:/home/winni/ros2_humble/install/ros2action:/home/winni/ros2_humble/install/ros2cli:/home/winni/ros2_humble/install/quality_of_service_demo_py:/home/winni/ros2_humble/install/lifecycle_py:/home/winni/ros2_humble/install/launch_testing_ros:/home/winni/ros2_humble/install/launch_ros:/home/winni/ros2_humble/install/examples_rclpy_pointcloud_publisher:/home/winni/ros2_humble/install/examples_rclpy_minimal_subscriber:/home/winni/ros2_humble/install/examples_rclpy_minimal_service:/home/winni/ros2_humble/install/examples_rclpy_minimal_publisher:/home/winni/ros2_humble/install/examples_rclpy_minimal_client:/home/winni/ros2_humble/install/examples_rclpy_minimal_action_server:/home/winni/ros2_humble/install/examples_rclpy_minimal_action_client:/home/winni/ros2_humble/install/examples_rclpy_guard_conditions:/home/winni/ros2_humble/install/examples_rclpy_executors:/home/winni/ros2_humble/install/demo_nodes_py:/home/winni/ros2_humble/install/action_tutorials_py:/home/winni/ros2_humble/install/ament_uncrustify:/home/winni/ros2_humble/install/tracetools_trace:/home/winni/ros2_humble/install/tracetools_read:/home/winni/ros2_humble/install/tf_transformations:/home/winni/ros2_humble/install/test_tracetools_launch:/home/winni/ros2_humble/install/test_launch_ros:/home/winni/ros2_humble/install/sensor_msgs_py:/home/winni/ros2_humble/install/rpyutils:/home/winni/ros2_humble/install/rosidl_runtime_py:/home/winni/ros2_humble/install/rosidl_cli:/home/winni/ros2_humble/install/launch_pytest:/home/winni/ros2_humble/install/launch_testing:/home/winni/ros2_humble/install/launch_yaml:/home/winni/ros2_humble/install/launch_xml:/home/winni/ros2_humble/install/launch:/home/winni/ros2_humble/install/osrf_pycommon:/home/winni/ros2_humble/install/launch_testing_examples:/home/winni/ros2_humble/install/domain_coordinator:/home/winni/ros2_humble/install/ament_xmllint:/home/winni/ros2_humble/install/ament_pyflakes:/home/winni/ros2_humble/install/ament_pycodestyle:/home/winni/ros2_humble/install/ament_pep257:/home/winni/ros2_humble/install/ament_pclint:/home/winni/ros2_humble/install/ament_package:/home/winni/ros2_humble/install/ament_mypy:/home/winni/ros2_humble/install/ament_lint_cmake:/home/winni/ros2_humble/install/ament_flake8:/home/winni/ros2_humble/install/ament_copyright:/home/winni/ros2_humble/install/ament_lint:/home/winni/ros2_humble/install/ament_index_python:/home/winni/ros2_humble/install/ament_cpplint:/home/winni/ros2_humble/install/ament_cppcheck:/home/winni/ros2_humble/install/ament_clang_tidy:/home/winni/ros2_humble/install/ament_clang_format /usr/bin/cmake --install /home/winni/rumstochern/isse_crtpdriver_ros/build/crtp_interface
[19.350s] Level 1:colcon.colcon_core.environment:checking '/home/winni/rumstochern/isse_crtpdriver_ros/install/crtp_interface' for CMake module files
[19.350s] Level 1:colcon.colcon_core.environment:checking '/home/winni/rumstochern/isse_crtpdriver_ros/install/crtp_interface' for CMake config files
[19.351s] Level 1:colcon.colcon_core.shell:create_environment_hook('crtp_interface', 'cmake_prefix_path')
[19.351s] INFO:colcon.colcon_core.shell:Creating environment hook '/home/winni/rumstochern/isse_crtpdriver_ros/install/crtp_interface/share/crtp_interface/hook/cmake_prefix_path.ps1'
[19.351s] INFO:colcon.colcon_core.shell:Creating environment descriptor '/home/winni/rumstochern/isse_crtpdriver_ros/install/crtp_interface/share/crtp_interface/hook/cmake_prefix_path.dsv'
[19.352s] INFO:colcon.colcon_core.shell:Creating environment hook '/home/winni/rumstochern/isse_crtpdriver_ros/install/crtp_interface/share/crtp_interface/hook/cmake_prefix_path.sh'
[19.352s] Level 1:colcon.colcon_core.environment:checking '/home/winni/rumstochern/isse_crtpdriver_ros/install/crtp_interface/lib'
[19.352s] Level 1:colcon.colcon_core.shell:create_environment_hook('crtp_interface', 'ld_library_path_lib')
[19.353s] INFO:colcon.colcon_core.shell:Creating environment hook '/home/winni/rumstochern/isse_crtpdriver_ros/install/crtp_interface/share/crtp_interface/hook/ld_library_path_lib.ps1'
[19.353s] INFO:colcon.colcon_core.shell:Creating environment descriptor '/home/winni/rumstochern/isse_crtpdriver_ros/install/crtp_interface/share/crtp_interface/hook/ld_library_path_lib.dsv'
[19.353s] INFO:colcon.colcon_core.shell:Creating environment hook '/home/winni/rumstochern/isse_crtpdriver_ros/install/crtp_interface/share/crtp_interface/hook/ld_library_path_lib.sh'
[19.353s] Level 1:colcon.colcon_core.environment:checking '/home/winni/rumstochern/isse_crtpdriver_ros/install/crtp_interface/bin'
[19.353s] Level 1:colcon.colcon_core.environment:checking '/home/winni/rumstochern/isse_crtpdriver_ros/install/crtp_interface/lib/pkgconfig/crtp_interface.pc'
[19.355s] Level 1:colcon.colcon_core.environment:checking '/home/winni/rumstochern/isse_crtpdriver_ros/install/crtp_interface/lib/python3.8/site-packages'
[19.355s] Level 1:colcon.colcon_core.shell:create_environment_hook('crtp_interface', 'pythonpath')
[19.355s] INFO:colcon.colcon_core.shell:Creating environment hook '/home/winni/rumstochern/isse_crtpdriver_ros/install/crtp_interface/share/crtp_interface/hook/pythonpath.ps1'
[19.356s] INFO:colcon.colcon_core.shell:Creating environment descriptor '/home/winni/rumstochern/isse_crtpdriver_ros/install/crtp_interface/share/crtp_interface/hook/pythonpath.dsv'
[19.356s] INFO:colcon.colcon_core.shell:Creating environment hook '/home/winni/rumstochern/isse_crtpdriver_ros/install/crtp_interface/share/crtp_interface/hook/pythonpath.sh'
[19.356s] Level 1:colcon.colcon_core.environment:checking '/home/winni/rumstochern/isse_crtpdriver_ros/install/crtp_interface/bin'
[19.356s] INFO:colcon.colcon_core.shell:Creating package script '/home/winni/rumstochern/isse_crtpdriver_ros/install/crtp_interface/share/crtp_interface/package.ps1'
[19.357s] INFO:colcon.colcon_core.shell:Creating package descriptor '/home/winni/rumstochern/isse_crtpdriver_ros/install/crtp_interface/share/crtp_interface/package.dsv'
[19.357s] INFO:colcon.colcon_core.shell:Creating package script '/home/winni/rumstochern/isse_crtpdriver_ros/install/crtp_interface/share/crtp_interface/package.sh'
[19.357s] INFO:colcon.colcon_core.shell:Creating package script '/home/winni/rumstochern/isse_crtpdriver_ros/install/crtp_interface/share/crtp_interface/package.bash'
[19.358s] INFO:colcon.colcon_core.shell:Creating package script '/home/winni/rumstochern/isse_crtpdriver_ros/install/crtp_interface/share/crtp_interface/package.zsh'
[19.358s] Level 1:colcon.colcon_core.environment:create_file_with_runtime_dependencies(/home/winni/rumstochern/isse_crtpdriver_ros/install/crtp_interface/share/colcon-core/packages/crtp_interface)
[19.672s] Level 1:colcon.colcon_core.environment:create_environment_scripts_only(crtp_interface)
[19.673s] Level 1:colcon.colcon_core.environment:checking '/home/winni/rumstochern/isse_crtpdriver_ros/install/crtp_interface' for CMake module files
[19.673s] Level 1:colcon.colcon_core.environment:checking '/home/winni/rumstochern/isse_crtpdriver_ros/install/crtp_interface' for CMake config files
[19.674s] Level 1:colcon.colcon_core.shell:create_environment_hook('crtp_interface', 'cmake_prefix_path')
[19.674s] INFO:colcon.colcon_core.shell:Creating environment hook '/home/winni/rumstochern/isse_crtpdriver_ros/install/crtp_interface/share/crtp_interface/hook/cmake_prefix_path.ps1'
[19.674s] INFO:colcon.colcon_core.shell:Creating environment descriptor '/home/winni/rumstochern/isse_crtpdriver_ros/install/crtp_interface/share/crtp_interface/hook/cmake_prefix_path.dsv'
[19.675s] INFO:colcon.colcon_core.shell:Creating environment hook '/home/winni/rumstochern/isse_crtpdriver_ros/install/crtp_interface/share/crtp_interface/hook/cmake_prefix_path.sh'
[19.675s] Level 1:colcon.colcon_core.environment:checking '/home/winni/rumstochern/isse_crtpdriver_ros/install/crtp_interface/lib'
[19.675s] Level 1:colcon.colcon_core.shell:create_environment_hook('crtp_interface', 'ld_library_path_lib')
[19.676s] INFO:colcon.colcon_core.shell:Creating environment hook '/home/winni/rumstochern/isse_crtpdriver_ros/install/crtp_interface/share/crtp_interface/hook/ld_library_path_lib.ps1'
[19.676s] INFO:colcon.colcon_core.shell:Creating environment descriptor '/home/winni/rumstochern/isse_crtpdriver_ros/install/crtp_interface/share/crtp_interface/hook/ld_library_path_lib.dsv'
[19.676s] INFO:colcon.colcon_core.shell:Creating environment hook '/home/winni/rumstochern/isse_crtpdriver_ros/install/crtp_interface/share/crtp_interface/hook/ld_library_path_lib.sh'
[19.677s] Level 1:colcon.colcon_core.environment:checking '/home/winni/rumstochern/isse_crtpdriver_ros/install/crtp_interface/bin'
[19.677s] Level 1:colcon.colcon_core.environment:checking '/home/winni/rumstochern/isse_crtpdriver_ros/install/crtp_interface/lib/pkgconfig/crtp_interface.pc'
[19.677s] Level 1:colcon.colcon_core.environment:checking '/home/winni/rumstochern/isse_crtpdriver_ros/install/crtp_interface/lib/python3.8/site-packages'
[19.677s] Level 1:colcon.colcon_core.shell:create_environment_hook('crtp_interface', 'pythonpath')
[19.678s] INFO:colcon.colcon_core.shell:Creating environment hook '/home/winni/rumstochern/isse_crtpdriver_ros/install/crtp_interface/share/crtp_interface/hook/pythonpath.ps1'
[19.678s] INFO:colcon.colcon_core.shell:Creating environment descriptor '/home/winni/rumstochern/isse_crtpdriver_ros/install/crtp_interface/share/crtp_interface/hook/pythonpath.dsv'
[19.678s] INFO:colcon.colcon_core.shell:Creating environment hook '/home/winni/rumstochern/isse_crtpdriver_ros/install/crtp_interface/share/crtp_interface/hook/pythonpath.sh'
[19.679s] Level 1:colcon.colcon_core.environment:checking '/home/winni/rumstochern/isse_crtpdriver_ros/install/crtp_interface/bin'
[19.679s] INFO:colcon.colcon_core.shell:Creating package script '/home/winni/rumstochern/isse_crtpdriver_ros/install/crtp_interface/share/crtp_interface/package.ps1'
[19.680s] INFO:colcon.colcon_core.shell:Creating package descriptor '/home/winni/rumstochern/isse_crtpdriver_ros/install/crtp_interface/share/crtp_interface/package.dsv'
[19.680s] INFO:colcon.colcon_core.shell:Creating package script '/home/winni/rumstochern/isse_crtpdriver_ros/install/crtp_interface/share/crtp_interface/package.sh'
[19.681s] INFO:colcon.colcon_core.shell:Creating package script '/home/winni/rumstochern/isse_crtpdriver_ros/install/crtp_interface/share/crtp_interface/package.bash'
[19.681s] INFO:colcon.colcon_core.shell:Creating package script '/home/winni/rumstochern/isse_crtpdriver_ros/install/crtp_interface/share/crtp_interface/package.zsh'
[19.682s] Level 1:colcon.colcon_core.environment:create_file_with_runtime_dependencies(/home/winni/rumstochern/isse_crtpdriver_ros/install/crtp_interface/share/colcon-core/packages/crtp_interface)
[19.682s] INFO:colcon.colcon_ros.task.ament_python.build:Building ROS package in '/home/winni/rumstochern/isse_crtpdriver_ros/src/crtp_driver' with build type 'ament_python'
[19.682s] Level 1:colcon.colcon_core.shell:create_environment_hook('crtp_driver', 'ament_prefix_path')
[19.683s] INFO:colcon.colcon_core.shell:Creating environment hook '/home/winni/rumstochern/isse_crtpdriver_ros/install/crtp_driver/share/crtp_driver/hook/ament_prefix_path.ps1'
[19.683s] INFO:colcon.colcon_core.shell:Creating environment descriptor '/home/winni/rumstochern/isse_crtpdriver_ros/install/crtp_driver/share/crtp_driver/hook/ament_prefix_path.dsv'
[19.683s] INFO:colcon.colcon_core.shell:Creating environment hook '/home/winni/rumstochern/isse_crtpdriver_ros/install/crtp_driver/share/crtp_driver/hook/ament_prefix_path.sh'
[19.684s] INFO:colcon.colcon_core.shell:Skip shell extension 'powershell' for command environment: Not usable outside of PowerShell
[19.684s] DEBUG:colcon.colcon_core.shell:Skip shell extension 'dsv' for command environment
[20.404s] DEBUG:colcon.colcon_parallel_executor.executor.parallel:closing loop
[20.404s] DEBUG:colcon.colcon_parallel_executor.executor.parallel:loop closed
[20.404s] DEBUG:colcon.colcon_parallel_executor.executor.parallel:run_until_complete finished with 'Command '['/usr/bin/python3', '-c', 'import sys;from contextlib import suppress;exec("with suppress(ImportError):    from setuptools.extern.packaging.specifiers    import SpecifierSet");exec("with suppress(ImportError):    from packaging.specifiers import SpecifierSet");from distutils.core import run_setup;dist = run_setup(    \'setup.py\', script_args=(\'--dry-run\',), stop_after=\'config\');skip_keys = (\'cmdclass\', \'distclass\', \'ext_modules\', \'metadata\');data = {    key: value for key, value in dist.__dict__.items()     if (        not key.startswith(\'_\') and         not callable(value) and         key not in skip_keys and         key not in dist.display_option_names    )};data[\'metadata\'] = {    k: v for k, v in dist.metadata.__dict__.items()     if k not in (\'license_files\', \'provides_extras\')};sys.stdout.buffer.write(repr(data).encode(\'utf-8\'))']' returned non-zero exit status 1.'
[20.404s] DEBUG:colcon.colcon_core.event_reactor:joining thread
[20.416s] INFO:colcon.colcon_core.plugin_system:Skipping extension 'colcon_notification.desktop_notification.terminal_notifier': Not used on non-Darwin systems
[20.416s] INFO:colcon.colcon_core.plugin_system:Skipping extension 'colcon_notification.desktop_notification.win32': Not used on non-Windows systems
[20.416s] INFO:colcon.colcon_notification.desktop_notification:Sending desktop notification using 'notify2'
[20.433s] DEBUG:colcon.colcon_core.event_reactor:joined thread
[20.433s] INFO:colcon.colcon_core.shell:Creating prefix script '/home/winni/rumstochern/isse_crtpdriver_ros/install/local_setup.ps1'
[20.434s] INFO:colcon.colcon_core.shell:Creating prefix util module '/home/winni/rumstochern/isse_crtpdriver_ros/install/_local_setup_util_ps1.py'
[20.435s] INFO:colcon.colcon_core.shell:Creating prefix chain script '/home/winni/rumstochern/isse_crtpdriver_ros/install/setup.ps1'
[20.444s] INFO:colcon.colcon_core.shell:Creating prefix script '/home/winni/rumstochern/isse_crtpdriver_ros/install/local_setup.sh'
[20.444s] INFO:colcon.colcon_core.shell:Creating prefix util module '/home/winni/rumstochern/isse_crtpdriver_ros/install/_local_setup_util_sh.py'
[20.445s] INFO:colcon.colcon_core.shell:Creating prefix chain script '/home/winni/rumstochern/isse_crtpdriver_ros/install/setup.sh'
[20.452s] INFO:colcon.colcon_core.shell:Creating prefix script '/home/winni/rumstochern/isse_crtpdriver_ros/install/local_setup.bash'
[20.453s] INFO:colcon.colcon_core.shell:Creating prefix chain script '/home/winni/rumstochern/isse_crtpdriver_ros/install/setup.bash'
[20.460s] INFO:colcon.colcon_core.shell:Creating prefix script '/home/winni/rumstochern/isse_crtpdriver_ros/install/local_setup.zsh'
[20.460s] INFO:colcon.colcon_core.shell:Creating prefix chain script '/home/winni/rumstochern/isse_crtpdriver_ros/install/setup.zsh'
