[1.336s] Invoking command in '/home/winni/rumstochern/isse_crtpdriver_ros/src/crtp_driver': PYTHONPATH=/home/winni/rumstochern/isse_crtpdriver_ros/build/crtp_driver/prefix_override:/home/winni/rumstochern/isse_crtpdriver_ros/install/crtp_driver/lib/python3.8/site-packages:${PYTHONPATH} /usr/bin/python3 -W ignore:setup.py install is deprecated setup.py egg_info --egg-base ../../build/crtp_driver build --build-base /home/winni/rumstochern/isse_crtpdriver_ros/build/crtp_driver/build install --record /home/winni/rumstochern/isse_crtpdriver_ros/build/crtp_driver/install.log --single-version-externally-managed install_data
[1.892s] running egg_info
[1.892s] writing ../../build/crtp_driver/crtp_driver.egg-info/PKG-INFO
[1.892s] writing dependency_links to ../../build/crtp_driver/crtp_driver.egg-info/dependency_links.txt
[1.892s] writing entry points to ../../build/crtp_driver/crtp_driver.egg-info/entry_points.txt
[1.892s] writing requirements to ../../build/crtp_driver/crtp_driver.egg-info/requires.txt
[1.893s] writing top-level names to ../../build/crtp_driver/crtp_driver.egg-info/top_level.txt
[1.920s] reading manifest file '../../build/crtp_driver/crtp_driver.egg-info/SOURCES.txt'
[1.921s] writing manifest file '../../build/crtp_driver/crtp_driver.egg-info/SOURCES.txt'
[1.921s] running build
[1.921s] running build_py
[1.921s] creating /home/winni/rumstochern/isse_crtpdriver_ros/build/crtp_driver/build/lib/cflib
[1.921s] copying cflib/__init__.py -> /home/winni/rumstochern/isse_crtpdriver_ros/build/crtp_driver/build/lib/cflib
[1.921s] creating /home/winni/rumstochern/isse_crtpdriver_ros/build/crtp_driver/build/lib/cflib/drivers
[1.921s] copying cflib/drivers/cfusb.py -> /home/winni/rumstochern/isse_crtpdriver_ros/build/crtp_driver/build/lib/cflib/drivers
[1.921s] copying cflib/drivers/__init__.py -> /home/winni/rumstochern/isse_crtpdriver_ros/build/crtp_driver/build/lib/cflib/drivers
[1.921s] copying cflib/drivers/crazyradio.py -> /home/winni/rumstochern/isse_crtpdriver_ros/build/crtp_driver/build/lib/cflib/drivers
[1.921s] creating /home/winni/rumstochern/isse_crtpdriver_ros/build/crtp_driver/build/lib/cflib/crtp
[1.922s] copying cflib/crtp/prrtdriver.py -> /home/winni/rumstochern/isse_crtpdriver_ros/build/crtp_driver/build/lib/cflib/crtp
[1.922s] copying cflib/crtp/pcap.py -> /home/winni/rumstochern/isse_crtpdriver_ros/build/crtp_driver/build/lib/cflib/crtp
[1.922s] copying cflib/crtp/tcpdriver.py -> /home/winni/rumstochern/isse_crtpdriver_ros/build/crtp_driver/build/lib/cflib/crtp
[1.922s] copying cflib/crtp/cflinkcppdriver.py -> /home/winni/rumstochern/isse_crtpdriver_ros/build/crtp_driver/build/lib/cflib/crtp
[1.922s] copying cflib/crtp/usbdriver.py -> /home/winni/rumstochern/isse_crtpdriver_ros/build/crtp_driver/build/lib/cflib/crtp
[1.922s] copying cflib/crtp/crtpdriver.py -> /home/winni/rumstochern/isse_crtpdriver_ros/build/crtp_driver/build/lib/cflib/crtp
[1.922s] copying cflib/crtp/radiodriver.py -> /home/winni/rumstochern/isse_crtpdriver_ros/build/crtp_driver/build/lib/cflib/crtp
[1.922s] copying cflib/crtp/__init__.py -> /home/winni/rumstochern/isse_crtpdriver_ros/build/crtp_driver/build/lib/cflib/crtp
[1.922s] copying cflib/crtp/serialdriver.py -> /home/winni/rumstochern/isse_crtpdriver_ros/build/crtp_driver/build/lib/cflib/crtp
[1.922s] copying cflib/crtp/isseradiodriver.py -> /home/winni/rumstochern/isse_crtpdriver_ros/build/crtp_driver/build/lib/cflib/crtp
[1.922s] copying cflib/crtp/udpdriver.py -> /home/winni/rumstochern/isse_crtpdriver_ros/build/crtp_driver/build/lib/cflib/crtp
[1.922s] copying cflib/crtp/exceptions.py -> /home/winni/rumstochern/isse_crtpdriver_ros/build/crtp_driver/build/lib/cflib/crtp
[1.923s] copying cflib/crtp/crtpstack.py -> /home/winni/rumstochern/isse_crtpdriver_ros/build/crtp_driver/build/lib/cflib/crtp
[1.923s] running install
[1.924s] running install_lib
[1.925s] creating /home/winni/rumstochern/isse_crtpdriver_ros/install/crtp_driver/lib/python3.8/site-packages/cflib
[1.925s] creating /home/winni/rumstochern/isse_crtpdriver_ros/install/crtp_driver/lib/python3.8/site-packages/cflib/drivers
[1.925s] copying /home/winni/rumstochern/isse_crtpdriver_ros/build/crtp_driver/build/lib/cflib/drivers/cfusb.py -> /home/winni/rumstochern/isse_crtpdriver_ros/install/crtp_driver/lib/python3.8/site-packages/cflib/drivers
[1.925s] copying /home/winni/rumstochern/isse_crtpdriver_ros/build/crtp_driver/build/lib/cflib/drivers/__init__.py -> /home/winni/rumstochern/isse_crtpdriver_ros/install/crtp_driver/lib/python3.8/site-packages/cflib/drivers
[1.925s] copying /home/winni/rumstochern/isse_crtpdriver_ros/build/crtp_driver/build/lib/cflib/drivers/crazyradio.py -> /home/winni/rumstochern/isse_crtpdriver_ros/install/crtp_driver/lib/python3.8/site-packages/cflib/drivers
[1.925s] copying /home/winni/rumstochern/isse_crtpdriver_ros/build/crtp_driver/build/lib/cflib/__init__.py -> /home/winni/rumstochern/isse_crtpdriver_ros/install/crtp_driver/lib/python3.8/site-packages/cflib
[1.925s] creating /home/winni/rumstochern/isse_crtpdriver_ros/install/crtp_driver/lib/python3.8/site-packages/cflib/crtp
[1.925s] copying /home/winni/rumstochern/isse_crtpdriver_ros/build/crtp_driver/build/lib/cflib/crtp/prrtdriver.py -> /home/winni/rumstochern/isse_crtpdriver_ros/install/crtp_driver/lib/python3.8/site-packages/cflib/crtp
[1.925s] copying /home/winni/rumstochern/isse_crtpdriver_ros/build/crtp_driver/build/lib/cflib/crtp/pcap.py -> /home/winni/rumstochern/isse_crtpdriver_ros/install/crtp_driver/lib/python3.8/site-packages/cflib/crtp
[1.926s] copying /home/winni/rumstochern/isse_crtpdriver_ros/build/crtp_driver/build/lib/cflib/crtp/tcpdriver.py -> /home/winni/rumstochern/isse_crtpdriver_ros/install/crtp_driver/lib/python3.8/site-packages/cflib/crtp
[1.926s] copying /home/winni/rumstochern/isse_crtpdriver_ros/build/crtp_driver/build/lib/cflib/crtp/cflinkcppdriver.py -> /home/winni/rumstochern/isse_crtpdriver_ros/install/crtp_driver/lib/python3.8/site-packages/cflib/crtp
[1.926s] copying /home/winni/rumstochern/isse_crtpdriver_ros/build/crtp_driver/build/lib/cflib/crtp/usbdriver.py -> /home/winni/rumstochern/isse_crtpdriver_ros/install/crtp_driver/lib/python3.8/site-packages/cflib/crtp
[1.926s] copying /home/winni/rumstochern/isse_crtpdriver_ros/build/crtp_driver/build/lib/cflib/crtp/crtpdriver.py -> /home/winni/rumstochern/isse_crtpdriver_ros/install/crtp_driver/lib/python3.8/site-packages/cflib/crtp
[1.926s] copying /home/winni/rumstochern/isse_crtpdriver_ros/build/crtp_driver/build/lib/cflib/crtp/radiodriver.py -> /home/winni/rumstochern/isse_crtpdriver_ros/install/crtp_driver/lib/python3.8/site-packages/cflib/crtp
[1.926s] copying /home/winni/rumstochern/isse_crtpdriver_ros/build/crtp_driver/build/lib/cflib/crtp/__init__.py -> /home/winni/rumstochern/isse_crtpdriver_ros/install/crtp_driver/lib/python3.8/site-packages/cflib/crtp
[1.926s] copying /home/winni/rumstochern/isse_crtpdriver_ros/build/crtp_driver/build/lib/cflib/crtp/serialdriver.py -> /home/winni/rumstochern/isse_crtpdriver_ros/install/crtp_driver/lib/python3.8/site-packages/cflib/crtp
[1.926s] copying /home/winni/rumstochern/isse_crtpdriver_ros/build/crtp_driver/build/lib/cflib/crtp/isseradiodriver.py -> /home/winni/rumstochern/isse_crtpdriver_ros/install/crtp_driver/lib/python3.8/site-packages/cflib/crtp
[1.926s] copying /home/winni/rumstochern/isse_crtpdriver_ros/build/crtp_driver/build/lib/cflib/crtp/udpdriver.py -> /home/winni/rumstochern/isse_crtpdriver_ros/install/crtp_driver/lib/python3.8/site-packages/cflib/crtp
[1.926s] copying /home/winni/rumstochern/isse_crtpdriver_ros/build/crtp_driver/build/lib/cflib/crtp/exceptions.py -> /home/winni/rumstochern/isse_crtpdriver_ros/install/crtp_driver/lib/python3.8/site-packages/cflib/crtp
[1.926s] copying /home/winni/rumstochern/isse_crtpdriver_ros/build/crtp_driver/build/lib/cflib/crtp/crtpstack.py -> /home/winni/rumstochern/isse_crtpdriver_ros/install/crtp_driver/lib/python3.8/site-packages/cflib/crtp
[1.928s] byte-compiling /home/winni/rumstochern/isse_crtpdriver_ros/install/crtp_driver/lib/python3.8/site-packages/cflib/drivers/cfusb.py to cfusb.cpython-38.pyc
[1.929s] byte-compiling /home/winni/rumstochern/isse_crtpdriver_ros/install/crtp_driver/lib/python3.8/site-packages/cflib/drivers/__init__.py to __init__.cpython-38.pyc
[1.929s] byte-compiling /home/winni/rumstochern/isse_crtpdriver_ros/install/crtp_driver/lib/python3.8/site-packages/cflib/drivers/crazyradio.py to crazyradio.cpython-38.pyc
[1.930s] byte-compiling /home/winni/rumstochern/isse_crtpdriver_ros/install/crtp_driver/lib/python3.8/site-packages/cflib/__init__.py to __init__.cpython-38.pyc
[1.930s] byte-compiling /home/winni/rumstochern/isse_crtpdriver_ros/install/crtp_driver/lib/python3.8/site-packages/cflib/crtp/prrtdriver.py to prrtdriver.cpython-38.pyc
[1.931s] byte-compiling /home/winni/rumstochern/isse_crtpdriver_ros/install/crtp_driver/lib/python3.8/site-packages/cflib/crtp/pcap.py to pcap.cpython-38.pyc
[1.931s] byte-compiling /home/winni/rumstochern/isse_crtpdriver_ros/install/crtp_driver/lib/python3.8/site-packages/cflib/crtp/tcpdriver.py to tcpdriver.cpython-38.pyc
[1.932s] byte-compiling /home/winni/rumstochern/isse_crtpdriver_ros/install/crtp_driver/lib/python3.8/site-packages/cflib/crtp/cflinkcppdriver.py to cflinkcppdriver.cpython-38.pyc
[1.932s] byte-compiling /home/winni/rumstochern/isse_crtpdriver_ros/install/crtp_driver/lib/python3.8/site-packages/cflib/crtp/usbdriver.py to usbdriver.cpython-38.pyc
[1.933s] byte-compiling /home/winni/rumstochern/isse_crtpdriver_ros/install/crtp_driver/lib/python3.8/site-packages/cflib/crtp/crtpdriver.py to crtpdriver.cpython-38.pyc
[1.933s] byte-compiling /home/winni/rumstochern/isse_crtpdriver_ros/install/crtp_driver/lib/python3.8/site-packages/cflib/crtp/radiodriver.py to radiodriver.cpython-38.pyc
[1.935s] byte-compiling /home/winni/rumstochern/isse_crtpdriver_ros/install/crtp_driver/lib/python3.8/site-packages/cflib/crtp/__init__.py to __init__.cpython-38.pyc
[1.935s] byte-compiling /home/winni/rumstochern/isse_crtpdriver_ros/install/crtp_driver/lib/python3.8/site-packages/cflib/crtp/serialdriver.py to serialdriver.cpython-38.pyc
[1.935s] byte-compiling /home/winni/rumstochern/isse_crtpdriver_ros/install/crtp_driver/lib/python3.8/site-packages/cflib/crtp/isseradiodriver.py to isseradiodriver.cpython-38.pyc
[1.937s] byte-compiling /home/winni/rumstochern/isse_crtpdriver_ros/install/crtp_driver/lib/python3.8/site-packages/cflib/crtp/udpdriver.py to udpdriver.cpython-38.pyc
[1.938s] byte-compiling /home/winni/rumstochern/isse_crtpdriver_ros/install/crtp_driver/lib/python3.8/site-packages/cflib/crtp/exceptions.py to exceptions.cpython-38.pyc
[1.938s] byte-compiling /home/winni/rumstochern/isse_crtpdriver_ros/install/crtp_driver/lib/python3.8/site-packages/cflib/crtp/crtpstack.py to crtpstack.cpython-38.pyc
[1.938s] running install_data
[1.939s] running install_egg_info
[1.941s] removing '/home/winni/rumstochern/isse_crtpdriver_ros/install/crtp_driver/lib/python3.8/site-packages/crtp_driver-0.0.0-py3.8.egg-info' (and everything under it)
[1.941s] Copying ../../build/crtp_driver/crtp_driver.egg-info to /home/winni/rumstochern/isse_crtpdriver_ros/install/crtp_driver/lib/python3.8/site-packages/crtp_driver-0.0.0-py3.8.egg-info
[1.941s] running install_scripts
[1.960s] Installing crazyradio script to /home/winni/rumstochern/isse_crtpdriver_ros/install/crtp_driver/lib/crtp_driver
[1.961s] writing list of installed files to '/home/winni/rumstochern/isse_crtpdriver_ros/build/crtp_driver/install.log'
[1.973s] Invoked command in '/home/winni/rumstochern/isse_crtpdriver_ros/src/crtp_driver' returned '0': PYTHONPATH=/home/winni/rumstochern/isse_crtpdriver_ros/build/crtp_driver/prefix_override:/home/winni/rumstochern/isse_crtpdriver_ros/install/crtp_driver/lib/python3.8/site-packages:${PYTHONPATH} /usr/bin/python3 -W ignore:setup.py install is deprecated setup.py egg_info --egg-base ../../build/crtp_driver build --build-base /home/winni/rumstochern/isse_crtpdriver_ros/build/crtp_driver/build install --record /home/winni/rumstochern/isse_crtpdriver_ros/build/crtp_driver/install.log --single-version-externally-managed install_data
