[1.336s] Invoking command in '/home/winni/rumstochern/isse_crtpdriver_ros/src/crtp_driver': AMENT_PREFIX_PATH=/home/winni/rumstochern/isse_crtpdriver_ros/install/crtp_interface:${AMENT_PREFIX_PATH} CMAKE_PREFIX_PATH=/home/winni/rumstochern/isse_crtpdriver_ros/install/crtp_interface:${CMAKE_PREFIX_PATH} LD_LIBRARY_PATH=/home/winni/rumstochern/isse_crtpdriver_ros/install/crtp_interface/lib:${LD_LIBRARY_PATH} PYTHONPATH=/home/winni/rumstochern/isse_crtpdriver_ros/build/crtp_driver/prefix_override:/home/winni/rumstochern/isse_crtpdriver_ros/install/crtp_driver/lib/python3.8/site-packages:/home/winni/rumstochern/isse_crtpdriver_ros/install/crtp_interface/lib/python3.8/site-packages:${PYTHONPATH} /usr/bin/python3 -W ignore:setup.py install is deprecated setup.py egg_info --egg-base ../../build/crtp_driver build --build-base /home/winni/rumstochern/isse_crtpdriver_ros/build/crtp_driver/build install --record /home/winni/rumstochern/isse_crtpdriver_ros/build/crtp_driver/install.log --single-version-externally-managed install_data
[1.866s] running egg_info
[1.866s] writing ../../build/crtp_driver/crtp_driver.egg-info/PKG-INFO
[1.867s] writing dependency_links to ../../build/crtp_driver/crtp_driver.egg-info/dependency_links.txt
[1.867s] writing entry points to ../../build/crtp_driver/crtp_driver.egg-info/entry_points.txt
[1.867s] writing requirements to ../../build/crtp_driver/crtp_driver.egg-info/requires.txt
[1.867s] writing top-level names to ../../build/crtp_driver/crtp_driver.egg-info/top_level.txt
[1.896s] reading manifest file '../../build/crtp_driver/crtp_driver.egg-info/SOURCES.txt'
[1.897s] writing manifest file '../../build/crtp_driver/crtp_driver.egg-info/SOURCES.txt'
[1.897s] running build
[1.897s] running build_py
[1.899s] running install
[1.900s] running install_lib
[1.904s] running install_data
[1.904s] copying package.xml -> /home/winni/rumstochern/isse_crtpdriver_ros/install/crtp_driver/share/crtp_driver
[1.904s] running install_egg_info
[1.906s] removing '/home/winni/rumstochern/isse_crtpdriver_ros/install/crtp_driver/lib/python3.8/site-packages/crtp_driver-0.0.0-py3.8.egg-info' (and everything under it)
[1.907s] Copying ../../build/crtp_driver/crtp_driver.egg-info to /home/winni/rumstochern/isse_crtpdriver_ros/install/crtp_driver/lib/python3.8/site-packages/crtp_driver-0.0.0-py3.8.egg-info
[1.907s] running install_scripts
[1.925s] Installing crazyradio script to /home/winni/rumstochern/isse_crtpdriver_ros/install/crtp_driver/lib/crtp_driver
[1.926s] writing list of installed files to '/home/winni/rumstochern/isse_crtpdriver_ros/build/crtp_driver/install.log'
[1.937s] Invoked command in '/home/winni/rumstochern/isse_crtpdriver_ros/src/crtp_driver' returned '0': AMENT_PREFIX_PATH=/home/winni/rumstochern/isse_crtpdriver_ros/install/crtp_interface:${AMENT_PREFIX_PATH} CMAKE_PREFIX_PATH=/home/winni/rumstochern/isse_crtpdriver_ros/install/crtp_interface:${CMAKE_PREFIX_PATH} LD_LIBRARY_PATH=/home/winni/rumstochern/isse_crtpdriver_ros/install/crtp_interface/lib:${LD_LIBRARY_PATH} PYTHONPATH=/home/winni/rumstochern/isse_crtpdriver_ros/build/crtp_driver/prefix_override:/home/winni/rumstochern/isse_crtpdriver_ros/install/crtp_driver/lib/python3.8/site-packages:/home/winni/rumstochern/isse_crtpdriver_ros/install/crtp_interface/lib/python3.8/site-packages:${PYTHONPATH} /usr/bin/python3 -W ignore:setup.py install is deprecated setup.py egg_info --egg-base ../../build/crtp_driver build --build-base /home/winni/rumstochern/isse_crtpdriver_ros/build/crtp_driver/build install --record /home/winni/rumstochern/isse_crtpdriver_ros/build/crtp_driver/install.log --single-version-externally-managed install_data
