[1.347s] Invoking command in '/home/winni/rumstochern/isse_crtpdriver_ros/src/crtp_driver': PYTHONPATH=/home/winni/rumstochern/isse_crtpdriver_ros/build/crtp_driver/prefix_override:/home/winni/rumstochern/isse_crtpdriver_ros/install/crtp_driver/lib/python3.8/site-packages:${PYTHONPATH} /usr/bin/python3 -W ignore:setup.py install is deprecated setup.py egg_info --egg-base ../../build/crtp_driver build --build-base /home/winni/rumstochern/isse_crtpdriver_ros/build/crtp_driver/build install --record /home/winni/rumstochern/isse_crtpdriver_ros/build/crtp_driver/install.log --single-version-externally-managed install_data
[1.933s] running egg_info
[1.933s] writing ../../build/crtp_driver/crtp_driver.egg-info/PKG-INFO
[1.933s] writing dependency_links to ../../build/crtp_driver/crtp_driver.egg-info/dependency_links.txt
[1.933s] writing entry points to ../../build/crtp_driver/crtp_driver.egg-info/entry_points.txt
[1.933s] writing requirements to ../../build/crtp_driver/crtp_driver.egg-info/requires.txt
[1.933s] writing top-level names to ../../build/crtp_driver/crtp_driver.egg-info/top_level.txt
[1.964s] reading manifest file '../../build/crtp_driver/crtp_driver.egg-info/SOURCES.txt'
[1.964s] writing manifest file '../../build/crtp_driver/crtp_driver.egg-info/SOURCES.txt'
[1.965s] running build
[1.965s] running build_py
[1.965s] copying crtp_driver/crazyradio_node.py -> /home/winni/rumstochern/isse_crtpdriver_ros/build/crtp_driver/build/lib/crtp_driver
[1.965s] copying cflib/drivers/crazyradio.py -> /home/winni/rumstochern/isse_crtpdriver_ros/build/crtp_driver/build/lib/cflib/drivers
[1.966s] copying cflib/crtp/isseradiodriver.py -> /home/winni/rumstochern/isse_crtpdriver_ros/build/crtp_driver/build/lib/cflib/crtp
[1.967s] running install
[1.969s] running install_lib
[1.970s] copying /home/winni/rumstochern/isse_crtpdriver_ros/build/crtp_driver/build/lib/cflib/drivers/crazyradio.py -> /home/winni/rumstochern/isse_crtpdriver_ros/install/crtp_driver/lib/python3.8/site-packages/cflib/drivers
[1.970s] copying /home/winni/rumstochern/isse_crtpdriver_ros/build/crtp_driver/build/lib/cflib/crtp/isseradiodriver.py -> /home/winni/rumstochern/isse_crtpdriver_ros/install/crtp_driver/lib/python3.8/site-packages/cflib/crtp
[1.971s] copying /home/winni/rumstochern/isse_crtpdriver_ros/build/crtp_driver/build/lib/crtp_driver/crazyradio_node.py -> /home/winni/rumstochern/isse_crtpdriver_ros/install/crtp_driver/lib/python3.8/site-packages/crtp_driver
[1.973s] byte-compiling /home/winni/rumstochern/isse_crtpdriver_ros/install/crtp_driver/lib/python3.8/site-packages/cflib/drivers/crazyradio.py to crazyradio.cpython-38.pyc
[1.975s] byte-compiling /home/winni/rumstochern/isse_crtpdriver_ros/install/crtp_driver/lib/python3.8/site-packages/cflib/crtp/isseradiodriver.py to isseradiodriver.cpython-38.pyc
[1.977s] byte-compiling /home/winni/rumstochern/isse_crtpdriver_ros/install/crtp_driver/lib/python3.8/site-packages/crtp_driver/crazyradio_node.py to crazyradio_node.cpython-38.pyc
[1.978s] running install_data
[1.978s] running install_egg_info
[1.981s] removing '/home/winni/rumstochern/isse_crtpdriver_ros/install/crtp_driver/lib/python3.8/site-packages/crtp_driver-0.0.0-py3.8.egg-info' (and everything under it)
[1.981s] Copying ../../build/crtp_driver/crtp_driver.egg-info to /home/winni/rumstochern/isse_crtpdriver_ros/install/crtp_driver/lib/python3.8/site-packages/crtp_driver-0.0.0-py3.8.egg-info
[1.982s] running install_scripts
[2.002s] Installing crazyradio script to /home/winni/rumstochern/isse_crtpdriver_ros/install/crtp_driver/lib/crtp_driver
[2.002s] writing list of installed files to '/home/winni/rumstochern/isse_crtpdriver_ros/build/crtp_driver/install.log'
[2.016s] Invoked command in '/home/winni/rumstochern/isse_crtpdriver_ros/src/crtp_driver' returned '0': PYTHONPATH=/home/winni/rumstochern/isse_crtpdriver_ros/build/crtp_driver/prefix_override:/home/winni/rumstochern/isse_crtpdriver_ros/install/crtp_driver/lib/python3.8/site-packages:${PYTHONPATH} /usr/bin/python3 -W ignore:setup.py install is deprecated setup.py egg_info --egg-base ../../build/crtp_driver build --build-base /home/winni/rumstochern/isse_crtpdriver_ros/build/crtp_driver/build install --record /home/winni/rumstochern/isse_crtpdriver_ros/build/crtp_driver/install.log --single-version-externally-managed install_data
