/home/winni/rumstochern/isse_crtpdriver_ros/install/crtp_driver/lib/python3.8/site-packages/cflib/__init__.py
/home/winni/rumstochern/isse_crtpdriver_ros/install/crtp_driver/lib/python3.8/site-packages/crtp_driver/__init__.py
/home/winni/rumstochern/isse_crtpdriver_ros/install/crtp_driver/lib/python3.8/site-packages/crtp_driver/crazyflie_node.py
/home/winni/rumstochern/isse_crtpdriver_ros/install/crtp_driver/lib/python3.8/site-packages/crtp_driver/crazyradio_node.py
/home/winni/rumstochern/isse_crtpdriver_ros/install/crtp_driver/lib/python3.8/site-packages/crtp_driver/radio_listener.py
/home/winni/rumstochern/isse_crtpdriver_ros/install/crtp_driver/lib/python3.8/site-packages/crtp_driver/IsseCrazyflie.py
/home/winni/rumstochern/isse_crtpdriver_ros/install/crtp_driver/lib/python3.8/site-packages/cflib/drivers/cfusb.py
/home/winni/rumstochern/isse_crtpdriver_ros/install/crtp_driver/lib/python3.8/site-packages/cflib/drivers/__init__.py
/home/winni/rumstochern/isse_crtpdriver_ros/install/crtp_driver/lib/python3.8/site-packages/cflib/drivers/crazyradio.py
/home/winni/rumstochern/isse_crtpdriver_ros/install/crtp_driver/lib/python3.8/site-packages/cflib/utils/callbacks.py
/home/winni/rumstochern/isse_crtpdriver_ros/install/crtp_driver/lib/python3.8/site-packages/cflib/utils/power_switch.py
/home/winni/rumstochern/isse_crtpdriver_ros/install/crtp_driver/lib/python3.8/site-packages/cflib/utils/__init__.py
/home/winni/rumstochern/isse_crtpdriver_ros/install/crtp_driver/lib/python3.8/site-packages/cflib/utils/uri_helper.py
/home/winni/rumstochern/isse_crtpdriver_ros/install/crtp_driver/lib/python3.8/site-packages/cflib/utils/multiranger.py
/home/winni/rumstochern/isse_crtpdriver_ros/install/crtp_driver/lib/python3.8/site-packages/cflib/utils/encoding.py
/home/winni/rumstochern/isse_crtpdriver_ros/install/crtp_driver/lib/python3.8/site-packages/cflib/crtp/prrtdriver.py
/home/winni/rumstochern/isse_crtpdriver_ros/install/crtp_driver/lib/python3.8/site-packages/cflib/crtp/pcap.py
/home/winni/rumstochern/isse_crtpdriver_ros/install/crtp_driver/lib/python3.8/site-packages/cflib/crtp/tcpdriver.py
/home/winni/rumstochern/isse_crtpdriver_ros/install/crtp_driver/lib/python3.8/site-packages/cflib/crtp/cflinkcppdriver.py
/home/winni/rumstochern/isse_crtpdriver_ros/install/crtp_driver/lib/python3.8/site-packages/cflib/crtp/usbdriver.py
/home/winni/rumstochern/isse_crtpdriver_ros/install/crtp_driver/lib/python3.8/site-packages/cflib/crtp/crtpdriver.py
/home/winni/rumstochern/isse_crtpdriver_ros/install/crtp_driver/lib/python3.8/site-packages/cflib/crtp/radiodriver.py
/home/winni/rumstochern/isse_crtpdriver_ros/install/crtp_driver/lib/python3.8/site-packages/cflib/crtp/__init__.py
/home/winni/rumstochern/isse_crtpdriver_ros/install/crtp_driver/lib/python3.8/site-packages/cflib/crtp/serialdriver.py
/home/winni/rumstochern/isse_crtpdriver_ros/install/crtp_driver/lib/python3.8/site-packages/cflib/crtp/isseradiodriver.py
/home/winni/rumstochern/isse_crtpdriver_ros/install/crtp_driver/lib/python3.8/site-packages/cflib/crtp/udpdriver.py
/home/winni/rumstochern/isse_crtpdriver_ros/install/crtp_driver/lib/python3.8/site-packages/cflib/crtp/exceptions.py
/home/winni/rumstochern/isse_crtpdriver_ros/install/crtp_driver/lib/python3.8/site-packages/cflib/crtp/crtpstack.py
/home/winni/rumstochern/isse_crtpdriver_ros/install/crtp_driver/lib/python3.8/site-packages/cflib/cpx/transports.py
/home/winni/rumstochern/isse_crtpdriver_ros/install/crtp_driver/lib/python3.8/site-packages/cflib/cpx/__init__.py
/home/winni/rumstochern/isse_crtpdriver_ros/install/crtp_driver/lib/python3.8/site-packages/cflib/__pycache__/__init__.cpython-38.pyc
/home/winni/rumstochern/isse_crtpdriver_ros/install/crtp_driver/lib/python3.8/site-packages/crtp_driver/__pycache__/__init__.cpython-38.pyc
/home/winni/rumstochern/isse_crtpdriver_ros/install/crtp_driver/lib/python3.8/site-packages/crtp_driver/__pycache__/crazyflie_node.cpython-38.pyc
/home/winni/rumstochern/isse_crtpdriver_ros/install/crtp_driver/lib/python3.8/site-packages/crtp_driver/__pycache__/crazyradio_node.cpython-38.pyc
/home/winni/rumstochern/isse_crtpdriver_ros/install/crtp_driver/lib/python3.8/site-packages/crtp_driver/__pycache__/radio_listener.cpython-38.pyc
/home/winni/rumstochern/isse_crtpdriver_ros/install/crtp_driver/lib/python3.8/site-packages/crtp_driver/__pycache__/IsseCrazyflie.cpython-38.pyc
/home/winni/rumstochern/isse_crtpdriver_ros/install/crtp_driver/lib/python3.8/site-packages/cflib/drivers/__pycache__/cfusb.cpython-38.pyc
/home/winni/rumstochern/isse_crtpdriver_ros/install/crtp_driver/lib/python3.8/site-packages/cflib/drivers/__pycache__/__init__.cpython-38.pyc
/home/winni/rumstochern/isse_crtpdriver_ros/install/crtp_driver/lib/python3.8/site-packages/cflib/drivers/__pycache__/crazyradio.cpython-38.pyc
/home/winni/rumstochern/isse_crtpdriver_ros/install/crtp_driver/lib/python3.8/site-packages/cflib/utils/__pycache__/callbacks.cpython-38.pyc
/home/winni/rumstochern/isse_crtpdriver_ros/install/crtp_driver/lib/python3.8/site-packages/cflib/utils/__pycache__/power_switch.cpython-38.pyc
/home/winni/rumstochern/isse_crtpdriver_ros/install/crtp_driver/lib/python3.8/site-packages/cflib/utils/__pycache__/__init__.cpython-38.pyc
/home/winni/rumstochern/isse_crtpdriver_ros/install/crtp_driver/lib/python3.8/site-packages/cflib/utils/__pycache__/uri_helper.cpython-38.pyc
/home/winni/rumstochern/isse_crtpdriver_ros/install/crtp_driver/lib/python3.8/site-packages/cflib/utils/__pycache__/multiranger.cpython-38.pyc
/home/winni/rumstochern/isse_crtpdriver_ros/install/crtp_driver/lib/python3.8/site-packages/cflib/utils/__pycache__/encoding.cpython-38.pyc
/home/winni/rumstochern/isse_crtpdriver_ros/install/crtp_driver/lib/python3.8/site-packages/cflib/crtp/__pycache__/prrtdriver.cpython-38.pyc
/home/winni/rumstochern/isse_crtpdriver_ros/install/crtp_driver/lib/python3.8/site-packages/cflib/crtp/__pycache__/pcap.cpython-38.pyc
/home/winni/rumstochern/isse_crtpdriver_ros/install/crtp_driver/lib/python3.8/site-packages/cflib/crtp/__pycache__/tcpdriver.cpython-38.pyc
/home/winni/rumstochern/isse_crtpdriver_ros/install/crtp_driver/lib/python3.8/site-packages/cflib/crtp/__pycache__/cflinkcppdriver.cpython-38.pyc
/home/winni/rumstochern/isse_crtpdriver_ros/install/crtp_driver/lib/python3.8/site-packages/cflib/crtp/__pycache__/usbdriver.cpython-38.pyc
/home/winni/rumstochern/isse_crtpdriver_ros/install/crtp_driver/lib/python3.8/site-packages/cflib/crtp/__pycache__/crtpdriver.cpython-38.pyc
/home/winni/rumstochern/isse_crtpdriver_ros/install/crtp_driver/lib/python3.8/site-packages/cflib/crtp/__pycache__/radiodriver.cpython-38.pyc
/home/winni/rumstochern/isse_crtpdriver_ros/install/crtp_driver/lib/python3.8/site-packages/cflib/crtp/__pycache__/__init__.cpython-38.pyc
/home/winni/rumstochern/isse_crtpdriver_ros/install/crtp_driver/lib/python3.8/site-packages/cflib/crtp/__pycache__/serialdriver.cpython-38.pyc
/home/winni/rumstochern/isse_crtpdriver_ros/install/crtp_driver/lib/python3.8/site-packages/cflib/crtp/__pycache__/isseradiodriver.cpython-38.pyc
/home/winni/rumstochern/isse_crtpdriver_ros/install/crtp_driver/lib/python3.8/site-packages/cflib/crtp/__pycache__/udpdriver.cpython-38.pyc
/home/winni/rumstochern/isse_crtpdriver_ros/install/crtp_driver/lib/python3.8/site-packages/cflib/crtp/__pycache__/exceptions.cpython-38.pyc
/home/winni/rumstochern/isse_crtpdriver_ros/install/crtp_driver/lib/python3.8/site-packages/cflib/crtp/__pycache__/crtpstack.cpython-38.pyc
/home/winni/rumstochern/isse_crtpdriver_ros/install/crtp_driver/lib/python3.8/site-packages/cflib/cpx/__pycache__/transports.cpython-38.pyc
/home/winni/rumstochern/isse_crtpdriver_ros/install/crtp_driver/lib/python3.8/site-packages/cflib/cpx/__pycache__/__init__.cpython-38.pyc
/home/winni/rumstochern/isse_crtpdriver_ros/install/crtp_driver/share/crtp_driver/package.xml
/home/winni/rumstochern/isse_crtpdriver_ros/install/crtp_driver/share/ament_index/resource_index/packages/crtp_driver
/home/winni/rumstochern/isse_crtpdriver_ros/install/crtp_driver/share/crtp_driver/launch/crazyradio.launch.py
/home/winni/rumstochern/isse_crtpdriver_ros/install/crtp_driver/lib/python3.8/site-packages/crtp_driver-0.0.0-py3.8.egg-info/dependency_links.txt
/home/winni/rumstochern/isse_crtpdriver_ros/install/crtp_driver/lib/python3.8/site-packages/crtp_driver-0.0.0-py3.8.egg-info/zip-safe
/home/winni/rumstochern/isse_crtpdriver_ros/install/crtp_driver/lib/python3.8/site-packages/crtp_driver-0.0.0-py3.8.egg-info/PKG-INFO
/home/winni/rumstochern/isse_crtpdriver_ros/install/crtp_driver/lib/python3.8/site-packages/crtp_driver-0.0.0-py3.8.egg-info/requires.txt
/home/winni/rumstochern/isse_crtpdriver_ros/install/crtp_driver/lib/python3.8/site-packages/crtp_driver-0.0.0-py3.8.egg-info/entry_points.txt
/home/winni/rumstochern/isse_crtpdriver_ros/install/crtp_driver/lib/python3.8/site-packages/crtp_driver-0.0.0-py3.8.egg-info/SOURCES.txt
/home/winni/rumstochern/isse_crtpdriver_ros/install/crtp_driver/lib/python3.8/site-packages/crtp_driver-0.0.0-py3.8.egg-info/top_level.txt
/home/winni/rumstochern/isse_crtpdriver_ros/install/crtp_driver/lib/crtp_driver/crazyflie
/home/winni/rumstochern/isse_crtpdriver_ros/install/crtp_driver/lib/crtp_driver/crazyradio
/home/winni/rumstochern/isse_crtpdriver_ros/install/crtp_driver/lib/crtp_driver/radiolistener
