[ 10%] Built target crtp_interface__rosidl_generator_c
[ 12%] Built target crtp_interface__cpp
[ 12%] Built target ament_cmake_python_copy_crtp_interface
[ 32%] Built target crtp_interface__rosidl_typesupport_fastrtps_c
[ 34%] Built target crtp_interface__rosidl_typesupport_c
[ 45%] Built target crtp_interface__rosidl_typesupport_introspection_cpp
[ 56%] Built target crtp_interface__rosidl_typesupport_introspection_c
[ 67%] Built target crtp_interface__rosidl_typesupport_fastrtps_cpp
[ 78%] Built target crtp_interface__rosidl_typesupport_cpp
[ 78%] Built target crtp_interface
[ 80%] Built target crtp_interface__py
[ 89%] Built target crtp_interface__rosidl_generator_py
[ 92%] Built target crtp_interface__rosidl_typesupport_c__pyext
[ 96%] Built target crtp_interface__rosidl_typesupport_fastrtps_c__pyext
[100%] Built target crtp_interface__rosidl_typesupport_introspection_c__pyext
running egg_info
writing crtp_interface.egg-info/PKG-INFO
writing dependency_links to crtp_interface.egg-info/dependency_links.txt
writing top-level names to crtp_interface.egg-info/top_level.txt
reading manifest file 'crtp_interface.egg-info/SOURCES.txt'
writing manifest file 'crtp_interface.egg-info/SOURCES.txt'
[100%] Built target ament_cmake_python_build_crtp_interface_egg
-- Install configuration: ""
-- Up-to-date: /home/winni/rumstochern/isse_crtpdriver_ros/install/crtp_interface/share/ament_index/resource_index/rosidl_interfaces/crtp_interface
-- Up-to-date: /home/winni/rumstochern/isse_crtpdriver_ros/install/crtp_interface/include/crtp_interface/crtp_interface
-- Up-to-date: /home/winni/rumstochern/isse_crtpdriver_ros/install/crtp_interface/include/crtp_interface/crtp_interface/msg
-- Up-to-date: /home/winni/rumstochern/isse_crtpdriver_ros/install/crtp_interface/include/crtp_interface/crtp_interface/msg/crtp_packet.h
-- Up-to-date: /home/winni/rumstochern/isse_crtpdriver_ros/install/crtp_interface/include/crtp_interface/crtp_interface/msg/crtp_response.h
-- Up-to-date: /home/winni/rumstochern/isse_crtpdriver_ros/install/crtp_interface/include/crtp_interface/crtp_interface/msg/detail
-- Up-to-date: /home/winni/rumstochern/isse_crtpdriver_ros/install/crtp_interface/include/crtp_interface/crtp_interface/msg/detail/crtp_packet__functions.h
-- Up-to-date: /home/winni/rumstochern/isse_crtpdriver_ros/install/crtp_interface/include/crtp_interface/crtp_interface/msg/detail/set_autoping__struct.h
-- Up-to-date: /home/winni/rumstochern/isse_crtpdriver_ros/install/crtp_interface/include/crtp_interface/crtp_interface/msg/detail/set_autoping__functions.h
-- Up-to-date: /home/winni/rumstochern/isse_crtpdriver_ros/install/crtp_interface/include/crtp_interface/crtp_interface/msg/detail/crtp_response__type_support.h
-- Up-to-date: /home/winni/rumstochern/isse_crtpdriver_ros/install/crtp_interface/include/crtp_interface/crtp_interface/msg/detail/crtp_packet__functions.c
-- Up-to-date: /home/winni/rumstochern/isse_crtpdriver_ros/install/crtp_interface/include/crtp_interface/crtp_interface/msg/detail/crtp_response__functions.h
-- Up-to-date: /home/winni/rumstochern/isse_crtpdriver_ros/install/crtp_interface/include/crtp_interface/crtp_interface/msg/detail/crtp_packet__type_support.h
-- Up-to-date: /home/winni/rumstochern/isse_crtpdriver_ros/install/crtp_interface/include/crtp_interface/crtp_interface/msg/detail/crtp_response__struct.h
-- Up-to-date: /home/winni/rumstochern/isse_crtpdriver_ros/install/crtp_interface/include/crtp_interface/crtp_interface/msg/detail/set_autoping__type_support.h
-- Up-to-date: /home/winni/rumstochern/isse_crtpdriver_ros/install/crtp_interface/include/crtp_interface/crtp_interface/msg/detail/set_autoping__functions.c
-- Up-to-date: /home/winni/rumstochern/isse_crtpdriver_ros/install/crtp_interface/include/crtp_interface/crtp_interface/msg/detail/crtp_response__functions.c
-- Up-to-date: /home/winni/rumstochern/isse_crtpdriver_ros/install/crtp_interface/include/crtp_interface/crtp_interface/msg/detail/crtp_packet__struct.h
-- Up-to-date: /home/winni/rumstochern/isse_crtpdriver_ros/install/crtp_interface/include/crtp_interface/crtp_interface/msg/rosidl_generator_c__visibility_control.h
-- Up-to-date: /home/winni/rumstochern/isse_crtpdriver_ros/install/crtp_interface/include/crtp_interface/crtp_interface/msg/set_autoping.h
-- Up-to-date: /home/winni/rumstochern/isse_crtpdriver_ros/install/crtp_interface/include/crtp_interface/crtp_interface/srv
-- Up-to-date: /home/winni/rumstochern/isse_crtpdriver_ros/install/crtp_interface/include/crtp_interface/crtp_interface/srv/detail
-- Up-to-date: /home/winni/rumstochern/isse_crtpdriver_ros/install/crtp_interface/include/crtp_interface/crtp_interface/srv/detail/crtp_packet_send__struct.h
-- Up-to-date: /home/winni/rumstochern/isse_crtpdriver_ros/install/crtp_interface/include/crtp_interface/crtp_interface/srv/detail/crtp_packet_send__functions.c
-- Up-to-date: /home/winni/rumstochern/isse_crtpdriver_ros/install/crtp_interface/include/crtp_interface/crtp_interface/srv/detail/crtp_packet_send__functions.h
-- Up-to-date: /home/winni/rumstochern/isse_crtpdriver_ros/install/crtp_interface/include/crtp_interface/crtp_interface/srv/detail/crtp_packet_send__type_support.h
-- Up-to-date: /home/winni/rumstochern/isse_crtpdriver_ros/install/crtp_interface/include/crtp_interface/crtp_interface/srv/crtp_packet_send.h
-- Up-to-date: /home/winni/rumstochern/isse_crtpdriver_ros/install/crtp_interface/share/crtp_interface/environment/library_path.sh
-- Up-to-date: /home/winni/rumstochern/isse_crtpdriver_ros/install/crtp_interface/share/crtp_interface/environment/library_path.dsv
-- Up-to-date: /home/winni/rumstochern/isse_crtpdriver_ros/install/crtp_interface/lib/libcrtp_interface__rosidl_generator_c.so
-- Up-to-date: /home/winni/rumstochern/isse_crtpdriver_ros/install/crtp_interface/include/crtp_interface/crtp_interface
-- Up-to-date: /home/winni/rumstochern/isse_crtpdriver_ros/install/crtp_interface/include/crtp_interface/crtp_interface/msg
-- Up-to-date: /home/winni/rumstochern/isse_crtpdriver_ros/install/crtp_interface/include/crtp_interface/crtp_interface/msg/rosidl_typesupport_introspection_c__visibility_control.h
-- Up-to-date: /home/winni/rumstochern/isse_crtpdriver_ros/install/crtp_interface/include/crtp_interface/crtp_interface/msg/detail
-- Up-to-date: /home/winni/rumstochern/isse_crtpdriver_ros/install/crtp_interface/include/crtp_interface/crtp_interface/msg/detail/set_autoping__rosidl_typesupport_introspection_c.h
-- Up-to-date: /home/winni/rumstochern/isse_crtpdriver_ros/install/crtp_interface/include/crtp_interface/crtp_interface/msg/detail/crtp_response__rosidl_typesupport_introspection_c.h
-- Up-to-date: /home/winni/rumstochern/isse_crtpdriver_ros/install/crtp_interface/include/crtp_interface/crtp_interface/msg/detail/crtp_packet__rosidl_typesupport_introspection_c.h
-- Up-to-date: /home/winni/rumstochern/isse_crtpdriver_ros/install/crtp_interface/include/crtp_interface/crtp_interface/msg/detail/crtp_response__type_support.c
-- Up-to-date: /home/winni/rumstochern/isse_crtpdriver_ros/install/crtp_interface/include/crtp_interface/crtp_interface/msg/detail/crtp_packet__type_support.c
-- Up-to-date: /home/winni/rumstochern/isse_crtpdriver_ros/install/crtp_interface/include/crtp_interface/crtp_interface/msg/detail/set_autoping__type_support.c
-- Up-to-date: /home/winni/rumstochern/isse_crtpdriver_ros/install/crtp_interface/include/crtp_interface/crtp_interface/srv
-- Up-to-date: /home/winni/rumstochern/isse_crtpdriver_ros/install/crtp_interface/include/crtp_interface/crtp_interface/srv/detail
-- Up-to-date: /home/winni/rumstochern/isse_crtpdriver_ros/install/crtp_interface/include/crtp_interface/crtp_interface/srv/detail/crtp_packet_send__type_support.c
-- Up-to-date: /home/winni/rumstochern/isse_crtpdriver_ros/install/crtp_interface/include/crtp_interface/crtp_interface/srv/detail/crtp_packet_send__rosidl_typesupport_introspection_c.h
-- Up-to-date: /home/winni/rumstochern/isse_crtpdriver_ros/install/crtp_interface/lib/libcrtp_interface__rosidl_typesupport_introspection_c.so
-- Up-to-date: /home/winni/rumstochern/isse_crtpdriver_ros/install/crtp_interface/include/crtp_interface/crtp_interface
-- Up-to-date: /home/winni/rumstochern/isse_crtpdriver_ros/install/crtp_interface/include/crtp_interface/crtp_interface/msg
-- Up-to-date: /home/winni/rumstochern/isse_crtpdriver_ros/install/crtp_interface/include/crtp_interface/crtp_interface/msg/rosidl_typesupport_fastrtps_c__visibility_control.h
-- Up-to-date: /home/winni/rumstochern/isse_crtpdriver_ros/install/crtp_interface/include/crtp_interface/crtp_interface/msg/detail
-- Up-to-date: /home/winni/rumstochern/isse_crtpdriver_ros/install/crtp_interface/include/crtp_interface/crtp_interface/msg/detail/crtp_packet__rosidl_typesupport_fastrtps_c.h
-- Up-to-date: /home/winni/rumstochern/isse_crtpdriver_ros/install/crtp_interface/include/crtp_interface/crtp_interface/msg/detail/set_autoping__rosidl_typesupport_fastrtps_c.h
-- Up-to-date: /home/winni/rumstochern/isse_crtpdriver_ros/install/crtp_interface/include/crtp_interface/crtp_interface/msg/detail/crtp_response__rosidl_typesupport_fastrtps_c.h
-- Up-to-date: /home/winni/rumstochern/isse_crtpdriver_ros/install/crtp_interface/include/crtp_interface/crtp_interface/srv
-- Up-to-date: /home/winni/rumstochern/isse_crtpdriver_ros/install/crtp_interface/include/crtp_interface/crtp_interface/srv/detail
-- Up-to-date: /home/winni/rumstochern/isse_crtpdriver_ros/install/crtp_interface/include/crtp_interface/crtp_interface/srv/detail/crtp_packet_send__rosidl_typesupport_fastrtps_c.h
-- Up-to-date: /home/winni/rumstochern/isse_crtpdriver_ros/install/crtp_interface/lib/libcrtp_interface__rosidl_typesupport_fastrtps_c.so
-- Up-to-date: /home/winni/rumstochern/isse_crtpdriver_ros/install/crtp_interface/lib/libcrtp_interface__rosidl_typesupport_c.so
-- Up-to-date: /home/winni/rumstochern/isse_crtpdriver_ros/install/crtp_interface/include/crtp_interface/crtp_interface
-- Up-to-date: /home/winni/rumstochern/isse_crtpdriver_ros/install/crtp_interface/include/crtp_interface/crtp_interface/msg
-- Up-to-date: /home/winni/rumstochern/isse_crtpdriver_ros/install/crtp_interface/include/crtp_interface/crtp_interface/msg/crtp_packet.hpp
-- Up-to-date: /home/winni/rumstochern/isse_crtpdriver_ros/install/crtp_interface/include/crtp_interface/crtp_interface/msg/crtp_response.hpp
-- Up-to-date: /home/winni/rumstochern/isse_crtpdriver_ros/install/crtp_interface/include/crtp_interface/crtp_interface/msg/detail
-- Up-to-date: /home/winni/rumstochern/isse_crtpdriver_ros/install/crtp_interface/include/crtp_interface/crtp_interface/msg/detail/crtp_response__builder.hpp
-- Up-to-date: /home/winni/rumstochern/isse_crtpdriver_ros/install/crtp_interface/include/crtp_interface/crtp_interface/msg/detail/crtp_response__struct.hpp
-- Up-to-date: /home/winni/rumstochern/isse_crtpdriver_ros/install/crtp_interface/include/crtp_interface/crtp_interface/msg/detail/crtp_packet__traits.hpp
-- Up-to-date: /home/winni/rumstochern/isse_crtpdriver_ros/install/crtp_interface/include/crtp_interface/crtp_interface/msg/detail/set_autoping__struct.hpp
-- Up-to-date: /home/winni/rumstochern/isse_crtpdriver_ros/install/crtp_interface/include/crtp_interface/crtp_interface/msg/detail/set_autoping__traits.hpp
-- Up-to-date: /home/winni/rumstochern/isse_crtpdriver_ros/install/crtp_interface/include/crtp_interface/crtp_interface/msg/detail/set_autoping__builder.hpp
-- Up-to-date: /home/winni/rumstochern/isse_crtpdriver_ros/install/crtp_interface/include/crtp_interface/crtp_interface/msg/detail/crtp_response__traits.hpp
-- Up-to-date: /home/winni/rumstochern/isse_crtpdriver_ros/install/crtp_interface/include/crtp_interface/crtp_interface/msg/detail/crtp_packet__builder.hpp
-- Up-to-date: /home/winni/rumstochern/isse_crtpdriver_ros/install/crtp_interface/include/crtp_interface/crtp_interface/msg/detail/crtp_packet__struct.hpp
-- Up-to-date: /home/winni/rumstochern/isse_crtpdriver_ros/install/crtp_interface/include/crtp_interface/crtp_interface/msg/set_autoping.hpp
-- Up-to-date: /home/winni/rumstochern/isse_crtpdriver_ros/install/crtp_interface/include/crtp_interface/crtp_interface/srv
-- Up-to-date: /home/winni/rumstochern/isse_crtpdriver_ros/install/crtp_interface/include/crtp_interface/crtp_interface/srv/detail
-- Up-to-date: /home/winni/rumstochern/isse_crtpdriver_ros/install/crtp_interface/include/crtp_interface/crtp_interface/srv/detail/crtp_packet_send__traits.hpp
-- Up-to-date: /home/winni/rumstochern/isse_crtpdriver_ros/install/crtp_interface/include/crtp_interface/crtp_interface/srv/detail/crtp_packet_send__builder.hpp
-- Up-to-date: /home/winni/rumstochern/isse_crtpdriver_ros/install/crtp_interface/include/crtp_interface/crtp_interface/srv/detail/crtp_packet_send__struct.hpp
-- Up-to-date: /home/winni/rumstochern/isse_crtpdriver_ros/install/crtp_interface/include/crtp_interface/crtp_interface/srv/crtp_packet_send.hpp
-- Up-to-date: /home/winni/rumstochern/isse_crtpdriver_ros/install/crtp_interface/include/crtp_interface/crtp_interface
-- Up-to-date: /home/winni/rumstochern/isse_crtpdriver_ros/install/crtp_interface/include/crtp_interface/crtp_interface/msg
-- Up-to-date: /home/winni/rumstochern/isse_crtpdriver_ros/install/crtp_interface/include/crtp_interface/crtp_interface/msg/detail
-- Up-to-date: /home/winni/rumstochern/isse_crtpdriver_ros/install/crtp_interface/include/crtp_interface/crtp_interface/msg/detail/set_autoping__rosidl_typesupport_introspection_cpp.hpp
-- Up-to-date: /home/winni/rumstochern/isse_crtpdriver_ros/install/crtp_interface/include/crtp_interface/crtp_interface/msg/detail/crtp_response__type_support.cpp
-- Up-to-date: /home/winni/rumstochern/isse_crtpdriver_ros/install/crtp_interface/include/crtp_interface/crtp_interface/msg/detail/crtp_response__rosidl_typesupport_introspection_cpp.hpp
-- Up-to-date: /home/winni/rumstochern/isse_crtpdriver_ros/install/crtp_interface/include/crtp_interface/crtp_interface/msg/detail/set_autoping__type_support.cpp
-- Up-to-date: /home/winni/rumstochern/isse_crtpdriver_ros/install/crtp_interface/include/crtp_interface/crtp_interface/msg/detail/crtp_packet__type_support.cpp
-- Up-to-date: /home/winni/rumstochern/isse_crtpdriver_ros/install/crtp_interface/include/crtp_interface/crtp_interface/msg/detail/crtp_packet__rosidl_typesupport_introspection_cpp.hpp
-- Up-to-date: /home/winni/rumstochern/isse_crtpdriver_ros/install/crtp_interface/include/crtp_interface/crtp_interface/srv
-- Up-to-date: /home/winni/rumstochern/isse_crtpdriver_ros/install/crtp_interface/include/crtp_interface/crtp_interface/srv/detail
-- Up-to-date: /home/winni/rumstochern/isse_crtpdriver_ros/install/crtp_interface/include/crtp_interface/crtp_interface/srv/detail/crtp_packet_send__rosidl_typesupport_introspection_cpp.hpp
-- Up-to-date: /home/winni/rumstochern/isse_crtpdriver_ros/install/crtp_interface/include/crtp_interface/crtp_interface/srv/detail/crtp_packet_send__type_support.cpp
-- Up-to-date: /home/winni/rumstochern/isse_crtpdriver_ros/install/crtp_interface/lib/libcrtp_interface__rosidl_typesupport_introspection_cpp.so
-- Up-to-date: /home/winni/rumstochern/isse_crtpdriver_ros/install/crtp_interface/include/crtp_interface/crtp_interface
-- Up-to-date: /home/winni/rumstochern/isse_crtpdriver_ros/install/crtp_interface/include/crtp_interface/crtp_interface/msg
-- Up-to-date: /home/winni/rumstochern/isse_crtpdriver_ros/install/crtp_interface/include/crtp_interface/crtp_interface/msg/detail
-- Up-to-date: /home/winni/rumstochern/isse_crtpdriver_ros/install/crtp_interface/include/crtp_interface/crtp_interface/msg/detail/crtp_packet__rosidl_typesupport_fastrtps_cpp.hpp
-- Up-to-date: /home/winni/rumstochern/isse_crtpdriver_ros/install/crtp_interface/include/crtp_interface/crtp_interface/msg/detail/set_autoping__rosidl_typesupport_fastrtps_cpp.hpp
-- Up-to-date: /home/winni/rumstochern/isse_crtpdriver_ros/install/crtp_interface/include/crtp_interface/crtp_interface/msg/detail/crtp_response__rosidl_typesupport_fastrtps_cpp.hpp
-- Up-to-date: /home/winni/rumstochern/isse_crtpdriver_ros/install/crtp_interface/include/crtp_interface/crtp_interface/msg/detail/dds_fastrtps
-- Up-to-date: /home/winni/rumstochern/isse_crtpdriver_ros/install/crtp_interface/include/crtp_interface/crtp_interface/msg/rosidl_typesupport_fastrtps_cpp__visibility_control.h
-- Up-to-date: /home/winni/rumstochern/isse_crtpdriver_ros/install/crtp_interface/include/crtp_interface/crtp_interface/srv
-- Up-to-date: /home/winni/rumstochern/isse_crtpdriver_ros/install/crtp_interface/include/crtp_interface/crtp_interface/srv/detail
-- Up-to-date: /home/winni/rumstochern/isse_crtpdriver_ros/install/crtp_interface/include/crtp_interface/crtp_interface/srv/detail/crtp_packet_send__rosidl_typesupport_fastrtps_cpp.hpp
-- Up-to-date: /home/winni/rumstochern/isse_crtpdriver_ros/install/crtp_interface/include/crtp_interface/crtp_interface/srv/detail/dds_fastrtps
-- Up-to-date: /home/winni/rumstochern/isse_crtpdriver_ros/install/crtp_interface/lib/libcrtp_interface__rosidl_typesupport_fastrtps_cpp.so
-- Up-to-date: /home/winni/rumstochern/isse_crtpdriver_ros/install/crtp_interface/lib/libcrtp_interface__rosidl_typesupport_cpp.so
-- Up-to-date: /home/winni/rumstochern/isse_crtpdriver_ros/install/crtp_interface/share/crtp_interface/environment/pythonpath.sh
-- Up-to-date: /home/winni/rumstochern/isse_crtpdriver_ros/install/crtp_interface/share/crtp_interface/environment/pythonpath.dsv
-- Up-to-date: /home/winni/rumstochern/isse_crtpdriver_ros/install/crtp_interface/lib/python3.8/site-packages/crtp_interface-0.0.0-py3.8.egg-info
-- Installing: /home/winni/rumstochern/isse_crtpdriver_ros/install/crtp_interface/lib/python3.8/site-packages/crtp_interface-0.0.0-py3.8.egg-info/dependency_links.txt
-- Installing: /home/winni/rumstochern/isse_crtpdriver_ros/install/crtp_interface/lib/python3.8/site-packages/crtp_interface-0.0.0-py3.8.egg-info/PKG-INFO
-- Installing: /home/winni/rumstochern/isse_crtpdriver_ros/install/crtp_interface/lib/python3.8/site-packages/crtp_interface-0.0.0-py3.8.egg-info/SOURCES.txt
-- Installing: /home/winni/rumstochern/isse_crtpdriver_ros/install/crtp_interface/lib/python3.8/site-packages/crtp_interface-0.0.0-py3.8.egg-info/top_level.txt
-- Up-to-date: /home/winni/rumstochern/isse_crtpdriver_ros/install/crtp_interface/lib/python3.8/site-packages/crtp_interface
-- Up-to-date: /home/winni/rumstochern/isse_crtpdriver_ros/install/crtp_interface/lib/python3.8/site-packages/crtp_interface/crtp_interface_s__rosidl_typesupport_fastrtps_c.cpython-38-x86_64-linux-gnu.so
-- Up-to-date: /home/winni/rumstochern/isse_crtpdriver_ros/install/crtp_interface/lib/python3.8/site-packages/crtp_interface/_crtp_interface_s.ep.rosidl_typesupport_fastrtps_c.c
-- Up-to-date: /home/winni/rumstochern/isse_crtpdriver_ros/install/crtp_interface/lib/python3.8/site-packages/crtp_interface/libcrtp_interface__rosidl_generator_py.so
-- Up-to-date: /home/winni/rumstochern/isse_crtpdriver_ros/install/crtp_interface/lib/python3.8/site-packages/crtp_interface/__init__.py
-- Up-to-date: /home/winni/rumstochern/isse_crtpdriver_ros/install/crtp_interface/lib/python3.8/site-packages/crtp_interface/msg
-- Up-to-date: /home/winni/rumstochern/isse_crtpdriver_ros/install/crtp_interface/lib/python3.8/site-packages/crtp_interface/msg/_set_autoping.py
-- Up-to-date: /home/winni/rumstochern/isse_crtpdriver_ros/install/crtp_interface/lib/python3.8/site-packages/crtp_interface/msg/_set_autoping_s.c
-- Up-to-date: /home/winni/rumstochern/isse_crtpdriver_ros/install/crtp_interface/lib/python3.8/site-packages/crtp_interface/msg/_crtp_packet_s.c
-- Up-to-date: /home/winni/rumstochern/isse_crtpdriver_ros/install/crtp_interface/lib/python3.8/site-packages/crtp_interface/msg/__init__.py
-- Up-to-date: /home/winni/rumstochern/isse_crtpdriver_ros/install/crtp_interface/lib/python3.8/site-packages/crtp_interface/msg/_crtp_response_s.c
-- Up-to-date: /home/winni/rumstochern/isse_crtpdriver_ros/install/crtp_interface/lib/python3.8/site-packages/crtp_interface/msg/_crtp_response.py
-- Up-to-date: /home/winni/rumstochern/isse_crtpdriver_ros/install/crtp_interface/lib/python3.8/site-packages/crtp_interface/msg/_crtp_packet.py
-- Up-to-date: /home/winni/rumstochern/isse_crtpdriver_ros/install/crtp_interface/lib/python3.8/site-packages/crtp_interface/crtp_interface_s__rosidl_typesupport_introspection_c.cpython-38-x86_64-linux-gnu.so
-- Up-to-date: /home/winni/rumstochern/isse_crtpdriver_ros/install/crtp_interface/lib/python3.8/site-packages/crtp_interface/_crtp_interface_s.ep.rosidl_typesupport_introspection_c.c
-- Up-to-date: /home/winni/rumstochern/isse_crtpdriver_ros/install/crtp_interface/lib/python3.8/site-packages/crtp_interface/srv
-- Up-to-date: /home/winni/rumstochern/isse_crtpdriver_ros/install/crtp_interface/lib/python3.8/site-packages/crtp_interface/srv/_crtp_packet_send_s.c
-- Up-to-date: /home/winni/rumstochern/isse_crtpdriver_ros/install/crtp_interface/lib/python3.8/site-packages/crtp_interface/srv/__init__.py
-- Up-to-date: /home/winni/rumstochern/isse_crtpdriver_ros/install/crtp_interface/lib/python3.8/site-packages/crtp_interface/srv/_crtp_packet_send.py
-- Up-to-date: /home/winni/rumstochern/isse_crtpdriver_ros/install/crtp_interface/lib/python3.8/site-packages/crtp_interface/crtp_interface_s__rosidl_typesupport_c.cpython-38-x86_64-linux-gnu.so
-- Up-to-date: /home/winni/rumstochern/isse_crtpdriver_ros/install/crtp_interface/lib/python3.8/site-packages/crtp_interface/_crtp_interface_s.ep.rosidl_typesupport_c.c
Listing '/home/winni/rumstochern/isse_crtpdriver_ros/install/crtp_interface/lib/python3.8/site-packages/crtp_interface'...
Listing '/home/winni/rumstochern/isse_crtpdriver_ros/install/crtp_interface/lib/python3.8/site-packages/crtp_interface/msg'...
Listing '/home/winni/rumstochern/isse_crtpdriver_ros/install/crtp_interface/lib/python3.8/site-packages/crtp_interface/srv'...
-- Up-to-date: /home/winni/rumstochern/isse_crtpdriver_ros/install/crtp_interface/lib/python3.8/site-packages/crtp_interface/crtp_interface_s__rosidl_typesupport_introspection_c.cpython-38-x86_64-linux-gnu.so
-- Up-to-date: /home/winni/rumstochern/isse_crtpdriver_ros/install/crtp_interface/lib/python3.8/site-packages/crtp_interface/crtp_interface_s__rosidl_typesupport_fastrtps_c.cpython-38-x86_64-linux-gnu.so
-- Up-to-date: /home/winni/rumstochern/isse_crtpdriver_ros/install/crtp_interface/lib/python3.8/site-packages/crtp_interface/crtp_interface_s__rosidl_typesupport_c.cpython-38-x86_64-linux-gnu.so
-- Up-to-date: /home/winni/rumstochern/isse_crtpdriver_ros/install/crtp_interface/lib/libcrtp_interface__rosidl_generator_py.so
-- Up-to-date: /home/winni/rumstochern/isse_crtpdriver_ros/install/crtp_interface/share/crtp_interface/msg/CrtpPacket.idl
-- Up-to-date: /home/winni/rumstochern/isse_crtpdriver_ros/install/crtp_interface/share/crtp_interface/msg/CrtpResponse.idl
-- Up-to-date: /home/winni/rumstochern/isse_crtpdriver_ros/install/crtp_interface/share/crtp_interface/msg/SetAutoping.idl
-- Up-to-date: /home/winni/rumstochern/isse_crtpdriver_ros/install/crtp_interface/share/crtp_interface/srv/CrtpPacketSend.idl
-- Up-to-date: /home/winni/rumstochern/isse_crtpdriver_ros/install/crtp_interface/share/crtp_interface/msg/CrtpPacket.msg
-- Up-to-date: /home/winni/rumstochern/isse_crtpdriver_ros/install/crtp_interface/share/crtp_interface/msg/CrtpResponse.msg
-- Up-to-date: /home/winni/rumstochern/isse_crtpdriver_ros/install/crtp_interface/share/crtp_interface/msg/SetAutoping.msg
-- Up-to-date: /home/winni/rumstochern/isse_crtpdriver_ros/install/crtp_interface/share/crtp_interface/srv/CrtpPacketSend.srv
-- Up-to-date: /home/winni/rumstochern/isse_crtpdriver_ros/install/crtp_interface/share/crtp_interface/srv/CrtpPacketSend_Request.msg
-- Up-to-date: /home/winni/rumstochern/isse_crtpdriver_ros/install/crtp_interface/share/crtp_interface/srv/CrtpPacketSend_Response.msg
-- Up-to-date: /home/winni/rumstochern/isse_crtpdriver_ros/install/crtp_interface/share/ament_index/resource_index/package_run_dependencies/crtp_interface
-- Up-to-date: /home/winni/rumstochern/isse_crtpdriver_ros/install/crtp_interface/share/ament_index/resource_index/parent_prefix_path/crtp_interface
-- Up-to-date: /home/winni/rumstochern/isse_crtpdriver_ros/install/crtp_interface/share/crtp_interface/environment/ament_prefix_path.dsv
-- Up-to-date: /home/winni/rumstochern/isse_crtpdriver_ros/install/crtp_interface/share/crtp_interface/environment/path.dsv
-- Up-to-date: /home/winni/rumstochern/isse_crtpdriver_ros/install/crtp_interface/share/crtp_interface/local_setup.bash
-- Up-to-date: /home/winni/rumstochern/isse_crtpdriver_ros/install/crtp_interface/share/crtp_interface/local_setup.sh
-- Up-to-date: /home/winni/rumstochern/isse_crtpdriver_ros/install/crtp_interface/share/crtp_interface/local_setup.zsh
-- Up-to-date: /home/winni/rumstochern/isse_crtpdriver_ros/install/crtp_interface/share/crtp_interface/local_setup.dsv
-- Installing: /home/winni/rumstochern/isse_crtpdriver_ros/install/crtp_interface/share/crtp_interface/package.dsv
-- Up-to-date: /home/winni/rumstochern/isse_crtpdriver_ros/install/crtp_interface/share/ament_index/resource_index/packages/crtp_interface
-- Up-to-date: /home/winni/rumstochern/isse_crtpdriver_ros/install/crtp_interface/share/crtp_interface/cmake/export_crtp_interface__rosidl_generator_cExport.cmake
-- Up-to-date: /home/winni/rumstochern/isse_crtpdriver_ros/install/crtp_interface/share/crtp_interface/cmake/export_crtp_interface__rosidl_generator_cExport-noconfig.cmake
-- Up-to-date: /home/winni/rumstochern/isse_crtpdriver_ros/install/crtp_interface/share/crtp_interface/cmake/crtp_interface__rosidl_typesupport_introspection_cExport.cmake
-- Up-to-date: /home/winni/rumstochern/isse_crtpdriver_ros/install/crtp_interface/share/crtp_interface/cmake/crtp_interface__rosidl_typesupport_introspection_cExport-noconfig.cmake
-- Up-to-date: /home/winni/rumstochern/isse_crtpdriver_ros/install/crtp_interface/share/crtp_interface/cmake/export_crtp_interface__rosidl_typesupport_fastrtps_cExport.cmake
-- Up-to-date: /home/winni/rumstochern/isse_crtpdriver_ros/install/crtp_interface/share/crtp_interface/cmake/export_crtp_interface__rosidl_typesupport_fastrtps_cExport-noconfig.cmake
-- Up-to-date: /home/winni/rumstochern/isse_crtpdriver_ros/install/crtp_interface/share/crtp_interface/cmake/crtp_interface__rosidl_typesupport_cExport.cmake
-- Up-to-date: /home/winni/rumstochern/isse_crtpdriver_ros/install/crtp_interface/share/crtp_interface/cmake/crtp_interface__rosidl_typesupport_cExport-noconfig.cmake
-- Up-to-date: /home/winni/rumstochern/isse_crtpdriver_ros/install/crtp_interface/share/crtp_interface/cmake/export_crtp_interface__rosidl_generator_cppExport.cmake
-- Up-to-date: /home/winni/rumstochern/isse_crtpdriver_ros/install/crtp_interface/share/crtp_interface/cmake/crtp_interface__rosidl_typesupport_introspection_cppExport.cmake
-- Up-to-date: /home/winni/rumstochern/isse_crtpdriver_ros/install/crtp_interface/share/crtp_interface/cmake/crtp_interface__rosidl_typesupport_introspection_cppExport-noconfig.cmake
-- Up-to-date: /home/winni/rumstochern/isse_crtpdriver_ros/install/crtp_interface/share/crtp_interface/cmake/export_crtp_interface__rosidl_typesupport_fastrtps_cppExport.cmake
-- Up-to-date: /home/winni/rumstochern/isse_crtpdriver_ros/install/crtp_interface/share/crtp_interface/cmake/export_crtp_interface__rosidl_typesupport_fastrtps_cppExport-noconfig.cmake
-- Up-to-date: /home/winni/rumstochern/isse_crtpdriver_ros/install/crtp_interface/share/crtp_interface/cmake/crtp_interface__rosidl_typesupport_cppExport.cmake
-- Up-to-date: /home/winni/rumstochern/isse_crtpdriver_ros/install/crtp_interface/share/crtp_interface/cmake/crtp_interface__rosidl_typesupport_cppExport-noconfig.cmake
-- Up-to-date: /home/winni/rumstochern/isse_crtpdriver_ros/install/crtp_interface/share/crtp_interface/cmake/export_crtp_interface__rosidl_generator_pyExport.cmake
-- Up-to-date: /home/winni/rumstochern/isse_crtpdriver_ros/install/crtp_interface/share/crtp_interface/cmake/export_crtp_interface__rosidl_generator_pyExport-noconfig.cmake
-- Up-to-date: /home/winni/rumstochern/isse_crtpdriver_ros/install/crtp_interface/share/crtp_interface/cmake/rosidl_cmake-extras.cmake
-- Up-to-date: /home/winni/rumstochern/isse_crtpdriver_ros/install/crtp_interface/share/crtp_interface/cmake/ament_cmake_export_dependencies-extras.cmake
-- Up-to-date: /home/winni/rumstochern/isse_crtpdriver_ros/install/crtp_interface/share/crtp_interface/cmake/ament_cmake_export_include_directories-extras.cmake
-- Up-to-date: /home/winni/rumstochern/isse_crtpdriver_ros/install/crtp_interface/share/crtp_interface/cmake/ament_cmake_export_libraries-extras.cmake
-- Up-to-date: /home/winni/rumstochern/isse_crtpdriver_ros/install/crtp_interface/share/crtp_interface/cmake/ament_cmake_export_targets-extras.cmake
-- Up-to-date: /home/winni/rumstochern/isse_crtpdriver_ros/install/crtp_interface/share/crtp_interface/cmake/rosidl_cmake_export_typesupport_targets-extras.cmake
-- Up-to-date: /home/winni/rumstochern/isse_crtpdriver_ros/install/crtp_interface/share/crtp_interface/cmake/rosidl_cmake_export_typesupport_libraries-extras.cmake
-- Up-to-date: /home/winni/rumstochern/isse_crtpdriver_ros/install/crtp_interface/share/crtp_interface/cmake/crtp_interfaceConfig.cmake
-- Up-to-date: /home/winni/rumstochern/isse_crtpdriver_ros/install/crtp_interface/share/crtp_interface/cmake/crtp_interfaceConfig-version.cmake
-- Up-to-date: /home/winni/rumstochern/isse_crtpdriver_ros/install/crtp_interface/share/crtp_interface/package.xml
