CMake Error at /home/winni/ros2_humble/install/rosidl_adapter/share/rosidl_adapter/cmake/rosidl_adapt_interfaces.cmake:59 (message):
  execute_process(/usr/bin/python3 -m rosidl_adapter --package-name
  crtp_interface --arguments-file
  /home/winni/rumstochern/isse_crtpdriver_ros/build/crtp_interface/rosidl_adapter__arguments__crtp_interface.json
  --output-dir
  /home/winni/rumstochern/isse_crtpdriver_ros/build/crtp_interface/rosidl_adapter/crtp_interface
  --output-file
  /home/winni/rumstochern/isse_crtpdriver_ros/build/crtp_interface/rosidl_adapter/crtp_interface.idls)
  returned error code 1:

  Error with: crtp_interface CrtpResponse crtp_driver/crtp_packet

  Traceback (most recent call last):

    File "/usr/lib/python3.8/runpy.py", line 194, in _run_module_as_main
      return _run_code(code, main_globals, None,
    File "/usr/lib/python3.8/runpy.py", line 87, in _run_code
      exec(code, run_globals)
    File "/home/winni/ros2_humble/install/rosidl_adapter/lib/python3.8/site-packages/rosidl_adapter/__main__.py", line 19, in <module>
      sys.exit(main())
    File "/home/winni/ros2_humble/install/rosidl_adapter/lib/python3.8/site-packages/rosidl_adapter/main.py", line 53, in main
      abs_idl_file = convert_to_idl(
    File "/home/winni/ros2_humble/install/rosidl_adapter/lib/python3.8/site-packages/rosidl_adapter/__init__.py", line 19, in convert_to_idl
      return convert_msg_to_idl(
    File "/home/winni/ros2_humble/install/rosidl_adapter/lib/python3.8/site-packages/rosidl_adapter/msg/__init__.py", line 28, in convert_msg_to_idl
      msg = parse_message_string(package_name, input_file.stem, content)
    File "/home/winni/ros2_humble/install/rosidl_adapter/lib/python3.8/site-packages/rosidl_adapter/parser.py", line 510, in parse_message_string
      raise InvalidFieldDefinition(line)

  rosidl_adapter.parser.InvalidFieldDefinition: crtp_driver/crtp_packet

Call Stack (most recent call first):
  /home/winni/ros2_humble/install/rosidl_cmake/share/rosidl_cmake/cmake/rosidl_generate_interfaces.cmake:130 (rosidl_adapt_interfaces)
  CMakeLists.txt:18 (rosidl_generate_interfaces)


