[0.026s] Invoking command in '/home/winni/rumstochern/isse_crtpdriver_ros/build/crtp_interface': CMAKE_PREFIX_PATH=${CMAKE_PREFIX_PATH}:/home/winni/ros2_humble/install/rqt_bag_plugins:/home/winni/ros2_humble/install/webots_ros2:/home/winni/ros2_humble/install/webots_ros2_universal_robot:/home/winni/ros2_humble/install/webots_ros2_turtlebot:/home/winni/ros2_humble/install/webots_ros2_tiago:/home/winni/ros2_humble/install/webots_ros2_epuck:/home/winni/ros2_humble/install/rqt_bag:/home/winni/ros2_humble/install/ros2bag:/home/winni/ros2_humble/install/webots_ros2_tests:/home/winni/ros2_humble/install/webots_ros2_tesla:/home/winni/ros2_humble/install/webots_ros2_mavic:/home/winni/ros2_humble/install/webots_ros2_importer:/home/winni/ros2_humble/install/tracetools_test:/home/winni/ros2_humble/install/tracetools_launch:/home/winni/ros2_humble/install/topic_monitor:/home/winni/ros2_humble/install/tf2_tools:/home/winni/ros2_humble/install/examples_tf2_py:/home/winni/ros2_humble/install/tf2_ros_py:/home/winni/ros2_humble/install/sros2:/home/winni/ros2_humble/install/rqt_topic:/home/winni/ros2_humble/install/rqt_srv:/home/winni/ros2_humble/install/rqt_shell:/home/winni/ros2_humble/install/rqt_service_caller:/home/winni/ros2_humble/install/rqt_reconfigure:/home/winni/ros2_humble/install/rqt_py_console:/home/winni/ros2_humble/install/rqt_publisher:/home/winni/ros2_humble/install/rqt_plot:/home/winni/ros2_humble/install/rqt_action:/home/winni/ros2_humble/install/rqt_msg:/home/winni/ros2_humble/install/rqt_console:/home/winni/ros2_humble/install/rqt:/home/winni/ros2_humble/install/rqt_graph:/home/winni/ros2_humble/install/rqt_gui_py:/home/winni/ros2_humble/install/rqt_gui:/home/winni/ros2_humble/install/ros2trace:/home/winni/ros2_humble/install/ros2topic:/home/winni/ros2_humble/install/ros2test:/home/winni/ros2_humble/install/ros2controlcli:/home/winni/ros2_humble/install/ros2component:/home/winni/ros2_humble/install/ros2param:/home/winni/ros2_humble/install/ros2lifecycle:/home/winni/ros2_humble/install/ros2service:/home/winni/ros2_humble/install/ros2run:/home/winni/ros2_humble/install/ros2launch:/home/winni/ros2_humble/install/ros2pkg:/home/winni/ros2_humble/install/ros2node:/home/winni/ros2_humble/install/ros2multicast:/home/winni/ros2_humble/install/ros2interface:/home/winni/ros2_humble/install/ros2doctor:/home/winni/ros2_humble/install/ros2action:/home/winni/ros2_humble/install/ros2cli:/home/winni/ros2_humble/install/quality_of_service_demo_py:/home/winni/ros2_humble/install/lifecycle_py:/home/winni/ros2_humble/install/launch_testing_ros:/home/winni/ros2_humble/install/launch_ros:/home/winni/ros2_humble/install/examples_rclpy_pointcloud_publisher:/home/winni/ros2_humble/install/examples_rclpy_minimal_subscriber:/home/winni/ros2_humble/install/examples_rclpy_minimal_service:/home/winni/ros2_humble/install/examples_rclpy_minimal_publisher:/home/winni/ros2_humble/install/examples_rclpy_minimal_client:/home/winni/ros2_humble/install/examples_rclpy_minimal_action_server:/home/winni/ros2_humble/install/examples_rclpy_minimal_action_client:/home/winni/ros2_humble/install/examples_rclpy_guard_conditions:/home/winni/ros2_humble/install/examples_rclpy_executors:/home/winni/ros2_humble/install/demo_nodes_py:/home/winni/ros2_humble/install/action_tutorials_py:/home/winni/ros2_humble/install/ament_uncrustify:/home/winni/ros2_humble/install/tracetools_trace:/home/winni/ros2_humble/install/tracetools_read:/home/winni/ros2_humble/install/tf_transformations:/home/winni/ros2_humble/install/test_tracetools_launch:/home/winni/ros2_humble/install/test_launch_ros:/home/winni/ros2_humble/install/sensor_msgs_py:/home/winni/ros2_humble/install/rpyutils:/home/winni/ros2_humble/install/rosidl_runtime_py:/home/winni/ros2_humble/install/rosidl_cli:/home/winni/ros2_humble/install/launch_pytest:/home/winni/ros2_humble/install/launch_testing:/home/winni/ros2_humble/install/launch_yaml:/home/winni/ros2_humble/install/launch_xml:/home/winni/ros2_humble/install/launch:/home/winni/ros2_humble/install/osrf_pycommon:/home/winni/ros2_humble/install/launch_testing_examples:/home/winni/ros2_humble/install/domain_coordinator:/home/winni/ros2_humble/install/ament_xmllint:/home/winni/ros2_humble/install/ament_pyflakes:/home/winni/ros2_humble/install/ament_pycodestyle:/home/winni/ros2_humble/install/ament_pep257:/home/winni/ros2_humble/install/ament_pclint:/home/winni/ros2_humble/install/ament_package:/home/winni/ros2_humble/install/ament_mypy:/home/winni/ros2_humble/install/ament_lint_cmake:/home/winni/ros2_humble/install/ament_flake8:/home/winni/ros2_humble/install/ament_copyright:/home/winni/ros2_humble/install/ament_lint:/home/winni/ros2_humble/install/ament_index_python:/home/winni/ros2_humble/install/ament_cpplint:/home/winni/ros2_humble/install/ament_cppcheck:/home/winni/ros2_humble/install/ament_clang_tidy:/home/winni/ros2_humble/install/ament_clang_format /usr/bin/cmake --build /home/winni/rumstochern/isse_crtpdriver_ros/build/crtp_interface -- -j16 -l16
[0.068s] -- Found ament_cmake: 1.3.8 (/home/winni/ros2_humble/install/ament_cmake/share/ament_cmake/cmake)
[1.694s] -- Found rosidl_default_generators: 1.2.0 (/home/winni/ros2_humble/install/rosidl_default_generators/share/rosidl_default_generators/cmake)
[1.789s] -- Using all available rosidl_typesupport_c: rosidl_typesupport_introspection_c;rosidl_typesupport_fastrtps_c
[1.791s] -- Found rosidl_adapter: 3.1.5 (/home/winni/ros2_humble/install/rosidl_adapter/share/rosidl_adapter/cmake)
[1.844s] -- Using all available rosidl_typesupport_cpp: rosidl_typesupport_introspection_cpp;rosidl_typesupport_fastrtps_cpp
[1.868s] -- Found std_msgs: 4.2.3 (/home/winni/ros2_humble/install/std_msgs/share/std_msgs/cmake)
[6.337s] -- Found ament_cmake_ros: 0.10.0 (/home/winni/ros2_humble/install/ament_cmake_ros/share/ament_cmake_ros/cmake)
[8.817s] -- Using all available rosidl_typesupport_c: rosidl_typesupport_introspection_c;rosidl_typesupport_fastrtps_c
[13.817s] -- Using all available rosidl_typesupport_cpp: rosidl_typesupport_introspection_cpp;rosidl_typesupport_fastrtps_cpp
[14.120s] -- Found python_cmake_module: 0.10.0 (/home/winni/ros2_humble/install/python_cmake_module/share/python_cmake_module/cmake)
[14.424s] -- Using PYTHON_EXECUTABLE: /usr/bin/python3
[14.425s] -- Using PYTHON_INCLUDE_DIRS: /usr/include/python3.8
[14.425s] -- Using PYTHON_LIBRARIES: /usr/lib/x86_64-linux-gnu/libpython3.8.so
[14.762s] -- Found ament_lint_auto: 0.12.10 (/home/winni/ros2_humble/install/ament_lint_auto/share/ament_lint_auto/cmake)
[14.768s] -- Added test 'lint_cmake' to check CMake code style
[14.768s] -- Added test 'xmllint' to check XML markup files
[14.771s] -- Configuring done
[14.800s] -- Generating done
[14.802s] -- Build files have been written to: /home/winni/rumstochern/isse_crtpdriver_ros/build/crtp_interface
[14.839s] [  1%] [34m[1mGenerating C code for ROS interfaces[0m
[14.839s] [35m[1mScanning dependencies of target crtp_interface__cpp[0m
[14.857s] [  3%] [34m[1mGenerating C++ code for ROS interfaces[0m
[14.870s] [  3%] Built target ament_cmake_python_copy_crtp_interface
[15.460s] running egg_info
[15.460s] writing crtp_interface.egg-info/PKG-INFO
[15.460s] writing dependency_links to crtp_interface.egg-info/dependency_links.txt
[15.460s] writing top-level names to crtp_interface.egg-info/top_level.txt
[15.470s] [35m[1mScanning dependencies of target crtp_interface__rosidl_generator_c[0m
[15.490s] [  5%] [32mBuilding C object CMakeFiles/crtp_interface__rosidl_generator_c.dir/rosidl_generator_c/crtp_interface/msg/detail/set_autoping__functions.c.o[0m
[15.490s] [  7%] [32mBuilding C object CMakeFiles/crtp_interface__rosidl_generator_c.dir/rosidl_generator_c/crtp_interface/msg/detail/crtp_response__functions.c.o[0m
[15.491s] [  7%] Built target crtp_interface__cpp
[15.493s] reading manifest file 'crtp_interface.egg-info/SOURCES.txt'
[15.493s] writing manifest file 'crtp_interface.egg-info/SOURCES.txt'
[15.495s] [ 10%] [32mBuilding C object CMakeFiles/crtp_interface__rosidl_generator_c.dir/rosidl_generator_c/crtp_interface/msg/detail/crtp_packet__functions.c.o[0m
[15.495s] [ 10%] [32mBuilding C object CMakeFiles/crtp_interface__rosidl_generator_c.dir/rosidl_generator_c/crtp_interface/srv/detail/crtp_packet_send__functions.c.o[0m
[15.511s] [ 12%] [34m[1mGenerating C++ introspection for ROS interfaces[0m
[15.512s] [ 14%] [34m[1mGenerating C++ type support for eProsima Fast-RTPS[0m
[15.516s] [ 16%] [34m[1mGenerating C++ type support dispatch for ROS interfaces[0m
[15.520s] [ 16%] Built target ament_cmake_python_build_crtp_interface_egg
[15.551s] [ 18%] [32m[1mLinking C shared library libcrtp_interface__rosidl_generator_c.so[0m
[15.600s] [ 18%] Built target crtp_interface__rosidl_generator_c
[15.618s] [ 23%] [34m[1mGenerating C introspection for ROS interfaces[0m
[15.618s] [ 23%] [34m[1mGenerating C type support for eProsima Fast-RTPS[0m
[15.618s] [ 23%] [34m[1mGenerating C type support dispatch for ROS interfaces[0m
[16.102s] [35m[1mScanning dependencies of target crtp_interface__rosidl_typesupport_cpp[0m
[16.108s] [35m[1mScanning dependencies of target crtp_interface__rosidl_typesupport_introspection_cpp[0m
[16.127s] [ 25%] [32mBuilding CXX object CMakeFiles/crtp_interface__rosidl_typesupport_cpp.dir/rosidl_typesupport_cpp/crtp_interface/msg/crtp_packet__type_support.cpp.o[0m
[16.127s] [ 27%] [32mBuilding CXX object CMakeFiles/crtp_interface__rosidl_typesupport_cpp.dir/rosidl_typesupport_cpp/crtp_interface/msg/set_autoping__type_support.cpp.o[0m
[16.127s] [ 29%] [32mBuilding CXX object CMakeFiles/crtp_interface__rosidl_typesupport_cpp.dir/rosidl_typesupport_cpp/crtp_interface/msg/crtp_response__type_support.cpp.o[0m
[16.128s] [ 30%] [32mBuilding CXX object CMakeFiles/crtp_interface__rosidl_typesupport_cpp.dir/rosidl_typesupport_cpp/crtp_interface/srv/crtp_packet_send__type_support.cpp.o[0m
[16.141s] [ 32%] [32mBuilding CXX object CMakeFiles/crtp_interface__rosidl_typesupport_introspection_cpp.dir/rosidl_typesupport_introspection_cpp/crtp_interface/msg/detail/crtp_packet__type_support.cpp.o[0m
[16.146s] [ 34%] [32mBuilding CXX object CMakeFiles/crtp_interface__rosidl_typesupport_introspection_cpp.dir/rosidl_typesupport_introspection_cpp/crtp_interface/srv/detail/crtp_packet_send__type_support.cpp.o[0m
[16.146s] [ 36%] [32mBuilding CXX object CMakeFiles/crtp_interface__rosidl_typesupport_introspection_cpp.dir/rosidl_typesupport_introspection_cpp/crtp_interface/msg/detail/crtp_response__type_support.cpp.o[0m
[16.150s] [ 38%] [32mBuilding CXX object CMakeFiles/crtp_interface__rosidl_typesupport_introspection_cpp.dir/rosidl_typesupport_introspection_cpp/crtp_interface/msg/detail/set_autoping__type_support.cpp.o[0m
[16.172s] [35m[1mScanning dependencies of target crtp_interface__rosidl_typesupport_fastrtps_cpp[0m
[16.213s] [ 40%] [32mBuilding CXX object CMakeFiles/crtp_interface__rosidl_typesupport_fastrtps_cpp.dir/rosidl_typesupport_fastrtps_cpp/crtp_interface/msg/detail/dds_fastrtps/crtp_packet__type_support.cpp.o[0m
[16.216s] [35m[1mScanning dependencies of target crtp_interface__rosidl_typesupport_c[0m
[16.216s] [ 41%] [32mBuilding CXX object CMakeFiles/crtp_interface__rosidl_typesupport_fastrtps_cpp.dir/rosidl_typesupport_fastrtps_cpp/crtp_interface/msg/detail/dds_fastrtps/crtp_response__type_support.cpp.o[0m
[16.224s] [ 43%] [32mBuilding CXX object CMakeFiles/crtp_interface__rosidl_typesupport_fastrtps_cpp.dir/rosidl_typesupport_fastrtps_cpp/crtp_interface/msg/detail/dds_fastrtps/set_autoping__type_support.cpp.o[0m
[16.233s] [ 45%] [32mBuilding CXX object CMakeFiles/crtp_interface__rosidl_typesupport_fastrtps_cpp.dir/rosidl_typesupport_fastrtps_cpp/crtp_interface/srv/detail/dds_fastrtps/crtp_packet_send__type_support.cpp.o[0m
[16.264s] [ 47%] [32mBuilding CXX object CMakeFiles/crtp_interface__rosidl_typesupport_c.dir/rosidl_typesupport_c/crtp_interface/msg/crtp_packet__type_support.cpp.o[0m
[16.272s] [ 49%] [32mBuilding CXX object CMakeFiles/crtp_interface__rosidl_typesupport_c.dir/rosidl_typesupport_c/crtp_interface/msg/crtp_response__type_support.cpp.o[0m
[16.346s] [ 50%] [32mBuilding CXX object CMakeFiles/crtp_interface__rosidl_typesupport_c.dir/rosidl_typesupport_c/crtp_interface/msg/set_autoping__type_support.cpp.o[0m
[16.374s] [ 52%] [32mBuilding CXX object CMakeFiles/crtp_interface__rosidl_typesupport_c.dir/rosidl_typesupport_c/crtp_interface/srv/crtp_packet_send__type_support.cpp.o[0m
[16.403s] [35m[1mScanning dependencies of target crtp_interface__rosidl_typesupport_introspection_c[0m
[16.439s] [ 54%] [32m[1mLinking CXX shared library libcrtp_interface__rosidl_typesupport_c.so[0m
[16.450s] [ 56%] [32mBuilding C object CMakeFiles/crtp_interface__rosidl_typesupport_introspection_c.dir/rosidl_typesupport_introspection_c/crtp_interface/msg/detail/set_autoping__type_support.c.o[0m
[16.452s] [35m[1mScanning dependencies of target crtp_interface__rosidl_typesupport_fastrtps_c[0m
[16.457s] [ 58%] [32m[1mLinking CXX shared library libcrtp_interface__rosidl_typesupport_cpp.so[0m
[16.459s] [ 60%] [32mBuilding C object CMakeFiles/crtp_interface__rosidl_typesupport_introspection_c.dir/rosidl_typesupport_introspection_c/crtp_interface/msg/detail/crtp_packet__type_support.c.o[0m
[16.471s] [ 61%] [32mBuilding C object CMakeFiles/crtp_interface__rosidl_typesupport_introspection_c.dir/rosidl_typesupport_introspection_c/crtp_interface/msg/detail/crtp_response__type_support.c.o[0m
[16.471s] [ 63%] [32mBuilding C object CMakeFiles/crtp_interface__rosidl_typesupport_introspection_c.dir/rosidl_typesupport_introspection_c/crtp_interface/srv/detail/crtp_packet_send__type_support.c.o[0m
[16.497s] [ 65%] [32mBuilding CXX object CMakeFiles/crtp_interface__rosidl_typesupport_fastrtps_c.dir/rosidl_typesupport_fastrtps_c/crtp_interface/msg/detail/crtp_packet__type_support_c.cpp.o[0m
[16.531s] [ 67%] [32mBuilding CXX object CMakeFiles/crtp_interface__rosidl_typesupport_fastrtps_c.dir/rosidl_typesupport_fastrtps_c/crtp_interface/msg/detail/crtp_response__type_support_c.cpp.o[0m
[16.553s] [ 70%] [32mBuilding CXX object CMakeFiles/crtp_interface__rosidl_typesupport_fastrtps_c.dir/rosidl_typesupport_fastrtps_c/crtp_interface/msg/detail/set_autoping__type_support_c.cpp.o[0m
[16.553s] [ 70%] [32mBuilding CXX object CMakeFiles/crtp_interface__rosidl_typesupport_fastrtps_c.dir/rosidl_typesupport_fastrtps_c/crtp_interface/srv/detail/crtp_packet_send__type_support_c.cpp.o[0m
[16.560s] [ 70%] Built target crtp_interface__rosidl_typesupport_cpp
[16.571s] [ 72%] [32m[1mLinking C shared library libcrtp_interface__rosidl_typesupport_introspection_c.so[0m
[16.575s] [ 72%] Built target crtp_interface__rosidl_typesupport_c
[16.630s] [ 72%] Built target crtp_interface__rosidl_typesupport_introspection_c
[16.632s] [ 74%] [32m[1mLinking CXX shared library libcrtp_interface__rosidl_typesupport_introspection_cpp.so[0m
[16.691s] [ 76%] [32m[1mLinking CXX shared library libcrtp_interface__rosidl_typesupport_fastrtps_cpp.so[0m
[16.701s] [ 76%] Built target crtp_interface__rosidl_typesupport_introspection_cpp
[16.757s] [ 76%] Built target crtp_interface__rosidl_typesupport_fastrtps_cpp
[16.852s] [ 78%] [32m[1mLinking CXX shared library libcrtp_interface__rosidl_typesupport_fastrtps_c.so[0m
[16.926s] [ 78%] Built target crtp_interface__rosidl_typesupport_fastrtps_c
[16.962s] [ 78%] Built target crtp_interface
[16.981s] [35m[1mScanning dependencies of target crtp_interface__py[0m
[17.000s] [ 80%] [34m[1mGenerating Python code for ROS interfaces[0m
[17.742s] [ 80%] Built target crtp_interface__py
[17.761s] [35m[1mScanning dependencies of target crtp_interface__rosidl_generator_py[0m
[17.788s] [ 85%] [32mBuilding C object CMakeFiles/crtp_interface__rosidl_generator_py.dir/rosidl_generator_py/crtp_interface/msg/_set_autoping_s.c.o[0m
[17.788s] [ 85%] [32mBuilding C object CMakeFiles/crtp_interface__rosidl_generator_py.dir/rosidl_generator_py/crtp_interface/srv/_crtp_packet_send_s.c.o[0m
[17.788s] [ 85%] [32mBuilding C object CMakeFiles/crtp_interface__rosidl_generator_py.dir/rosidl_generator_py/crtp_interface/msg/_crtp_response_s.c.o[0m
[17.788s] [ 87%] [32mBuilding C object CMakeFiles/crtp_interface__rosidl_generator_py.dir/rosidl_generator_py/crtp_interface/msg/_crtp_packet_s.c.o[0m
[17.867s] [ 89%] [32m[1mLinking C shared library rosidl_generator_py/crtp_interface/libcrtp_interface__rosidl_generator_py.so[0m
[17.917s] [ 89%] Built target crtp_interface__rosidl_generator_py
[17.935s] [35m[1mScanning dependencies of target crtp_interface__rosidl_typesupport_c__pyext[0m
[17.935s] [35m[1mScanning dependencies of target crtp_interface__rosidl_typesupport_introspection_c__pyext[0m
[17.935s] [35m[1mScanning dependencies of target crtp_interface__rosidl_typesupport_fastrtps_c__pyext[0m
[17.957s] [ 92%] [32mBuilding C object CMakeFiles/crtp_interface__rosidl_typesupport_fastrtps_c__pyext.dir/rosidl_generator_py/crtp_interface/_crtp_interface_s.ep.rosidl_typesupport_fastrtps_c.c.o[0m
[17.957s] [ 92%] [32mBuilding C object CMakeFiles/crtp_interface__rosidl_typesupport_introspection_c__pyext.dir/rosidl_generator_py/crtp_interface/_crtp_interface_s.ep.rosidl_typesupport_introspection_c.c.o[0m
[17.957s] [ 94%] [32mBuilding C object CMakeFiles/crtp_interface__rosidl_typesupport_c__pyext.dir/rosidl_generator_py/crtp_interface/_crtp_interface_s.ep.rosidl_typesupport_c.c.o[0m
[18.037s] [ 98%] [32m[1mLinking C shared library rosidl_generator_py/crtp_interface/crtp_interface_s__rosidl_typesupport_introspection_c.cpython-38-x86_64-linux-gnu.so[0m
[18.037s] [ 98%] [32m[1mLinking C shared library rosidl_generator_py/crtp_interface/crtp_interface_s__rosidl_typesupport_c.cpython-38-x86_64-linux-gnu.so[0m
[18.037s] [100%] [32m[1mLinking C shared library rosidl_generator_py/crtp_interface/crtp_interface_s__rosidl_typesupport_fastrtps_c.cpython-38-x86_64-linux-gnu.so[0m
[18.081s] [100%] Built target crtp_interface__rosidl_typesupport_fastrtps_c__pyext
[18.081s] [100%] Built target crtp_interface__rosidl_typesupport_c__pyext
[18.081s] [100%] Built target crtp_interface__rosidl_typesupport_introspection_c__pyext
[18.095s] Invoked command in '/home/winni/rumstochern/isse_crtpdriver_ros/build/crtp_interface' returned '0': CMAKE_PREFIX_PATH=${CMAKE_PREFIX_PATH}:/home/winni/ros2_humble/install/rqt_bag_plugins:/home/winni/ros2_humble/install/webots_ros2:/home/winni/ros2_humble/install/webots_ros2_universal_robot:/home/winni/ros2_humble/install/webots_ros2_turtlebot:/home/winni/ros2_humble/install/webots_ros2_tiago:/home/winni/ros2_humble/install/webots_ros2_epuck:/home/winni/ros2_humble/install/rqt_bag:/home/winni/ros2_humble/install/ros2bag:/home/winni/ros2_humble/install/webots_ros2_tests:/home/winni/ros2_humble/install/webots_ros2_tesla:/home/winni/ros2_humble/install/webots_ros2_mavic:/home/winni/ros2_humble/install/webots_ros2_importer:/home/winni/ros2_humble/install/tracetools_test:/home/winni/ros2_humble/install/tracetools_launch:/home/winni/ros2_humble/install/topic_monitor:/home/winni/ros2_humble/install/tf2_tools:/home/winni/ros2_humble/install/examples_tf2_py:/home/winni/ros2_humble/install/tf2_ros_py:/home/winni/ros2_humble/install/sros2:/home/winni/ros2_humble/install/rqt_topic:/home/winni/ros2_humble/install/rqt_srv:/home/winni/ros2_humble/install/rqt_shell:/home/winni/ros2_humble/install/rqt_service_caller:/home/winni/ros2_humble/install/rqt_reconfigure:/home/winni/ros2_humble/install/rqt_py_console:/home/winni/ros2_humble/install/rqt_publisher:/home/winni/ros2_humble/install/rqt_plot:/home/winni/ros2_humble/install/rqt_action:/home/winni/ros2_humble/install/rqt_msg:/home/winni/ros2_humble/install/rqt_console:/home/winni/ros2_humble/install/rqt:/home/winni/ros2_humble/install/rqt_graph:/home/winni/ros2_humble/install/rqt_gui_py:/home/winni/ros2_humble/install/rqt_gui:/home/winni/ros2_humble/install/ros2trace:/home/winni/ros2_humble/install/ros2topic:/home/winni/ros2_humble/install/ros2test:/home/winni/ros2_humble/install/ros2controlcli:/home/winni/ros2_humble/install/ros2component:/home/winni/ros2_humble/install/ros2param:/home/winni/ros2_humble/install/ros2lifecycle:/home/winni/ros2_humble/install/ros2service:/home/winni/ros2_humble/install/ros2run:/home/winni/ros2_humble/install/ros2launch:/home/winni/ros2_humble/install/ros2pkg:/home/winni/ros2_humble/install/ros2node:/home/winni/ros2_humble/install/ros2multicast:/home/winni/ros2_humble/install/ros2interface:/home/winni/ros2_humble/install/ros2doctor:/home/winni/ros2_humble/install/ros2action:/home/winni/ros2_humble/install/ros2cli:/home/winni/ros2_humble/install/quality_of_service_demo_py:/home/winni/ros2_humble/install/lifecycle_py:/home/winni/ros2_humble/install/launch_testing_ros:/home/winni/ros2_humble/install/launch_ros:/home/winni/ros2_humble/install/examples_rclpy_pointcloud_publisher:/home/winni/ros2_humble/install/examples_rclpy_minimal_subscriber:/home/winni/ros2_humble/install/examples_rclpy_minimal_service:/home/winni/ros2_humble/install/examples_rclpy_minimal_publisher:/home/winni/ros2_humble/install/examples_rclpy_minimal_client:/home/winni/ros2_humble/install/examples_rclpy_minimal_action_server:/home/winni/ros2_humble/install/examples_rclpy_minimal_action_client:/home/winni/ros2_humble/install/examples_rclpy_guard_conditions:/home/winni/ros2_humble/install/examples_rclpy_executors:/home/winni/ros2_humble/install/demo_nodes_py:/home/winni/ros2_humble/install/action_tutorials_py:/home/winni/ros2_humble/install/ament_uncrustify:/home/winni/ros2_humble/install/tracetools_trace:/home/winni/ros2_humble/install/tracetools_read:/home/winni/ros2_humble/install/tf_transformations:/home/winni/ros2_humble/install/test_tracetools_launch:/home/winni/ros2_humble/install/test_launch_ros:/home/winni/ros2_humble/install/sensor_msgs_py:/home/winni/ros2_humble/install/rpyutils:/home/winni/ros2_humble/install/rosidl_runtime_py:/home/winni/ros2_humble/install/rosidl_cli:/home/winni/ros2_humble/install/launch_pytest:/home/winni/ros2_humble/install/launch_testing:/home/winni/ros2_humble/install/launch_yaml:/home/winni/ros2_humble/install/launch_xml:/home/winni/ros2_humble/install/launch:/home/winni/ros2_humble/install/osrf_pycommon:/home/winni/ros2_humble/install/launch_testing_examples:/home/winni/ros2_humble/install/domain_coordinator:/home/winni/ros2_humble/install/ament_xmllint:/home/winni/ros2_humble/install/ament_pyflakes:/home/winni/ros2_humble/install/ament_pycodestyle:/home/winni/ros2_humble/install/ament_pep257:/home/winni/ros2_humble/install/ament_pclint:/home/winni/ros2_humble/install/ament_package:/home/winni/ros2_humble/install/ament_mypy:/home/winni/ros2_humble/install/ament_lint_cmake:/home/winni/ros2_humble/install/ament_flake8:/home/winni/ros2_humble/install/ament_copyright:/home/winni/ros2_humble/install/ament_lint:/home/winni/ros2_humble/install/ament_index_python:/home/winni/ros2_humble/install/ament_cpplint:/home/winni/ros2_humble/install/ament_cppcheck:/home/winni/ros2_humble/install/ament_clang_tidy:/home/winni/ros2_humble/install/ament_clang_format /usr/bin/cmake --build /home/winni/rumstochern/isse_crtpdriver_ros/build/crtp_interface -- -j16 -l16
[18.356s] Invoking command in '/home/winni/rumstochern/isse_crtpdriver_ros/build/crtp_interface': CMAKE_PREFIX_PATH=${CMAKE_PREFIX_PATH}:/home/winni/ros2_humble/install/rqt_bag_plugins:/home/winni/ros2_humble/install/webots_ros2:/home/winni/ros2_humble/install/webots_ros2_universal_robot:/home/winni/ros2_humble/install/webots_ros2_turtlebot:/home/winni/ros2_humble/install/webots_ros2_tiago:/home/winni/ros2_humble/install/webots_ros2_epuck:/home/winni/ros2_humble/install/rqt_bag:/home/winni/ros2_humble/install/ros2bag:/home/winni/ros2_humble/install/webots_ros2_tests:/home/winni/ros2_humble/install/webots_ros2_tesla:/home/winni/ros2_humble/install/webots_ros2_mavic:/home/winni/ros2_humble/install/webots_ros2_importer:/home/winni/ros2_humble/install/tracetools_test:/home/winni/ros2_humble/install/tracetools_launch:/home/winni/ros2_humble/install/topic_monitor:/home/winni/ros2_humble/install/tf2_tools:/home/winni/ros2_humble/install/examples_tf2_py:/home/winni/ros2_humble/install/tf2_ros_py:/home/winni/ros2_humble/install/sros2:/home/winni/ros2_humble/install/rqt_topic:/home/winni/ros2_humble/install/rqt_srv:/home/winni/ros2_humble/install/rqt_shell:/home/winni/ros2_humble/install/rqt_service_caller:/home/winni/ros2_humble/install/rqt_reconfigure:/home/winni/ros2_humble/install/rqt_py_console:/home/winni/ros2_humble/install/rqt_publisher:/home/winni/ros2_humble/install/rqt_plot:/home/winni/ros2_humble/install/rqt_action:/home/winni/ros2_humble/install/rqt_msg:/home/winni/ros2_humble/install/rqt_console:/home/winni/ros2_humble/install/rqt:/home/winni/ros2_humble/install/rqt_graph:/home/winni/ros2_humble/install/rqt_gui_py:/home/winni/ros2_humble/install/rqt_gui:/home/winni/ros2_humble/install/ros2trace:/home/winni/ros2_humble/install/ros2topic:/home/winni/ros2_humble/install/ros2test:/home/winni/ros2_humble/install/ros2controlcli:/home/winni/ros2_humble/install/ros2component:/home/winni/ros2_humble/install/ros2param:/home/winni/ros2_humble/install/ros2lifecycle:/home/winni/ros2_humble/install/ros2service:/home/winni/ros2_humble/install/ros2run:/home/winni/ros2_humble/install/ros2launch:/home/winni/ros2_humble/install/ros2pkg:/home/winni/ros2_humble/install/ros2node:/home/winni/ros2_humble/install/ros2multicast:/home/winni/ros2_humble/install/ros2interface:/home/winni/ros2_humble/install/ros2doctor:/home/winni/ros2_humble/install/ros2action:/home/winni/ros2_humble/install/ros2cli:/home/winni/ros2_humble/install/quality_of_service_demo_py:/home/winni/ros2_humble/install/lifecycle_py:/home/winni/ros2_humble/install/launch_testing_ros:/home/winni/ros2_humble/install/launch_ros:/home/winni/ros2_humble/install/examples_rclpy_pointcloud_publisher:/home/winni/ros2_humble/install/examples_rclpy_minimal_subscriber:/home/winni/ros2_humble/install/examples_rclpy_minimal_service:/home/winni/ros2_humble/install/examples_rclpy_minimal_publisher:/home/winni/ros2_humble/install/examples_rclpy_minimal_client:/home/winni/ros2_humble/install/examples_rclpy_minimal_action_server:/home/winni/ros2_humble/install/examples_rclpy_minimal_action_client:/home/winni/ros2_humble/install/examples_rclpy_guard_conditions:/home/winni/ros2_humble/install/examples_rclpy_executors:/home/winni/ros2_humble/install/demo_nodes_py:/home/winni/ros2_humble/install/action_tutorials_py:/home/winni/ros2_humble/install/ament_uncrustify:/home/winni/ros2_humble/install/tracetools_trace:/home/winni/ros2_humble/install/tracetools_read:/home/winni/ros2_humble/install/tf_transformations:/home/winni/ros2_humble/install/test_tracetools_launch:/home/winni/ros2_humble/install/test_launch_ros:/home/winni/ros2_humble/install/sensor_msgs_py:/home/winni/ros2_humble/install/rpyutils:/home/winni/ros2_humble/install/rosidl_runtime_py:/home/winni/ros2_humble/install/rosidl_cli:/home/winni/ros2_humble/install/launch_pytest:/home/winni/ros2_humble/install/launch_testing:/home/winni/ros2_humble/install/launch_yaml:/home/winni/ros2_humble/install/launch_xml:/home/winni/ros2_humble/install/launch:/home/winni/ros2_humble/install/osrf_pycommon:/home/winni/ros2_humble/install/launch_testing_examples:/home/winni/ros2_humble/install/domain_coordinator:/home/winni/ros2_humble/install/ament_xmllint:/home/winni/ros2_humble/install/ament_pyflakes:/home/winni/ros2_humble/install/ament_pycodestyle:/home/winni/ros2_humble/install/ament_pep257:/home/winni/ros2_humble/install/ament_pclint:/home/winni/ros2_humble/install/ament_package:/home/winni/ros2_humble/install/ament_mypy:/home/winni/ros2_humble/install/ament_lint_cmake:/home/winni/ros2_humble/install/ament_flake8:/home/winni/ros2_humble/install/ament_copyright:/home/winni/ros2_humble/install/ament_lint:/home/winni/ros2_humble/install/ament_index_python:/home/winni/ros2_humble/install/ament_cpplint:/home/winni/ros2_humble/install/ament_cppcheck:/home/winni/ros2_humble/install/ament_clang_tidy:/home/winni/ros2_humble/install/ament_clang_format /usr/bin/cmake --install /home/winni/rumstochern/isse_crtpdriver_ros/build/crtp_interface
[18.369s] -- Install configuration: ""
[18.369s] -- Installing: /home/winni/rumstochern/isse_crtpdriver_ros/install/crtp_interface/share/ament_index/resource_index/rosidl_interfaces/crtp_interface
[18.369s] -- Up-to-date: /home/winni/rumstochern/isse_crtpdriver_ros/install/crtp_interface/include/crtp_interface/crtp_interface
[18.370s] -- Up-to-date: /home/winni/rumstochern/isse_crtpdriver_ros/install/crtp_interface/include/crtp_interface/crtp_interface/msg
[18.370s] -- Installing: /home/winni/rumstochern/isse_crtpdriver_ros/install/crtp_interface/include/crtp_interface/crtp_interface/msg/crtp_packet.h
[18.370s] -- Installing: /home/winni/rumstochern/isse_crtpdriver_ros/install/crtp_interface/include/crtp_interface/crtp_interface/msg/crtp_response.h
[18.370s] -- Up-to-date: /home/winni/rumstochern/isse_crtpdriver_ros/install/crtp_interface/include/crtp_interface/crtp_interface/msg/detail
[18.370s] -- Installing: /home/winni/rumstochern/isse_crtpdriver_ros/install/crtp_interface/include/crtp_interface/crtp_interface/msg/detail/crtp_packet__functions.h
[18.370s] -- Installing: /home/winni/rumstochern/isse_crtpdriver_ros/install/crtp_interface/include/crtp_interface/crtp_interface/msg/detail/set_autoping__struct.h
[18.370s] -- Installing: /home/winni/rumstochern/isse_crtpdriver_ros/install/crtp_interface/include/crtp_interface/crtp_interface/msg/detail/set_autoping__functions.h
[18.370s] -- Installing: /home/winni/rumstochern/isse_crtpdriver_ros/install/crtp_interface/include/crtp_interface/crtp_interface/msg/detail/crtp_response__type_support.h
[18.370s] -- Installing: /home/winni/rumstochern/isse_crtpdriver_ros/install/crtp_interface/include/crtp_interface/crtp_interface/msg/detail/crtp_packet__functions.c
[18.370s] -- Installing: /home/winni/rumstochern/isse_crtpdriver_ros/install/crtp_interface/include/crtp_interface/crtp_interface/msg/detail/crtp_response__functions.h
[18.370s] -- Installing: /home/winni/rumstochern/isse_crtpdriver_ros/install/crtp_interface/include/crtp_interface/crtp_interface/msg/detail/crtp_packet__type_support.h
[18.370s] -- Installing: /home/winni/rumstochern/isse_crtpdriver_ros/install/crtp_interface/include/crtp_interface/crtp_interface/msg/detail/crtp_response__struct.h
[18.370s] -- Installing: /home/winni/rumstochern/isse_crtpdriver_ros/install/crtp_interface/include/crtp_interface/crtp_interface/msg/detail/set_autoping__type_support.h
[18.370s] -- Installing: /home/winni/rumstochern/isse_crtpdriver_ros/install/crtp_interface/include/crtp_interface/crtp_interface/msg/detail/set_autoping__functions.c
[18.370s] -- Installing: /home/winni/rumstochern/isse_crtpdriver_ros/install/crtp_interface/include/crtp_interface/crtp_interface/msg/detail/crtp_response__functions.c
[18.371s] -- Installing: /home/winni/rumstochern/isse_crtpdriver_ros/install/crtp_interface/include/crtp_interface/crtp_interface/msg/detail/crtp_packet__struct.h
[18.371s] -- Up-to-date: /home/winni/rumstochern/isse_crtpdriver_ros/install/crtp_interface/include/crtp_interface/crtp_interface/msg/rosidl_generator_c__visibility_control.h
[18.371s] -- Installing: /home/winni/rumstochern/isse_crtpdriver_ros/install/crtp_interface/include/crtp_interface/crtp_interface/msg/set_autoping.h
[18.371s] -- Up-to-date: /home/winni/rumstochern/isse_crtpdriver_ros/install/crtp_interface/include/crtp_interface/crtp_interface/srv
[18.371s] -- Up-to-date: /home/winni/rumstochern/isse_crtpdriver_ros/install/crtp_interface/include/crtp_interface/crtp_interface/srv/detail
[18.371s] -- Installing: /home/winni/rumstochern/isse_crtpdriver_ros/install/crtp_interface/include/crtp_interface/crtp_interface/srv/detail/crtp_packet_send__struct.h
[18.371s] -- Installing: /home/winni/rumstochern/isse_crtpdriver_ros/install/crtp_interface/include/crtp_interface/crtp_interface/srv/detail/crtp_packet_send__functions.c
[18.371s] -- Installing: /home/winni/rumstochern/isse_crtpdriver_ros/install/crtp_interface/include/crtp_interface/crtp_interface/srv/detail/crtp_packet_send__functions.h
[18.371s] -- Installing: /home/winni/rumstochern/isse_crtpdriver_ros/install/crtp_interface/include/crtp_interface/crtp_interface/srv/detail/crtp_packet_send__type_support.h
[18.371s] -- Installing: /home/winni/rumstochern/isse_crtpdriver_ros/install/crtp_interface/include/crtp_interface/crtp_interface/srv/crtp_packet_send.h
[18.371s] -- Up-to-date: /home/winni/rumstochern/isse_crtpdriver_ros/install/crtp_interface/share/crtp_interface/environment/library_path.sh
[18.371s] -- Installing: /home/winni/rumstochern/isse_crtpdriver_ros/install/crtp_interface/share/crtp_interface/environment/library_path.dsv
[18.371s] -- Installing: /home/winni/rumstochern/isse_crtpdriver_ros/install/crtp_interface/lib/libcrtp_interface__rosidl_generator_c.so
[18.371s] -- Set runtime path of "/home/winni/rumstochern/isse_crtpdriver_ros/install/crtp_interface/lib/libcrtp_interface__rosidl_generator_c.so" to ""
[18.371s] -- Up-to-date: /home/winni/rumstochern/isse_crtpdriver_ros/install/crtp_interface/include/crtp_interface/crtp_interface
[18.371s] -- Up-to-date: /home/winni/rumstochern/isse_crtpdriver_ros/install/crtp_interface/include/crtp_interface/crtp_interface/msg
[18.372s] -- Up-to-date: /home/winni/rumstochern/isse_crtpdriver_ros/install/crtp_interface/include/crtp_interface/crtp_interface/msg/rosidl_typesupport_introspection_c__visibility_control.h
[18.372s] -- Up-to-date: /home/winni/rumstochern/isse_crtpdriver_ros/install/crtp_interface/include/crtp_interface/crtp_interface/msg/detail
[18.372s] -- Installing: /home/winni/rumstochern/isse_crtpdriver_ros/install/crtp_interface/include/crtp_interface/crtp_interface/msg/detail/set_autoping__rosidl_typesupport_introspection_c.h
[18.372s] -- Installing: /home/winni/rumstochern/isse_crtpdriver_ros/install/crtp_interface/include/crtp_interface/crtp_interface/msg/detail/crtp_response__rosidl_typesupport_introspection_c.h
[18.372s] -- Installing: /home/winni/rumstochern/isse_crtpdriver_ros/install/crtp_interface/include/crtp_interface/crtp_interface/msg/detail/crtp_packet__rosidl_typesupport_introspection_c.h
[18.372s] -- Installing: /home/winni/rumstochern/isse_crtpdriver_ros/install/crtp_interface/include/crtp_interface/crtp_interface/msg/detail/crtp_response__type_support.c
[18.372s] -- Installing: /home/winni/rumstochern/isse_crtpdriver_ros/install/crtp_interface/include/crtp_interface/crtp_interface/msg/detail/crtp_packet__type_support.c
[18.372s] -- Installing: /home/winni/rumstochern/isse_crtpdriver_ros/install/crtp_interface/include/crtp_interface/crtp_interface/msg/detail/set_autoping__type_support.c
[18.372s] -- Up-to-date: /home/winni/rumstochern/isse_crtpdriver_ros/install/crtp_interface/include/crtp_interface/crtp_interface/srv
[18.372s] -- Up-to-date: /home/winni/rumstochern/isse_crtpdriver_ros/install/crtp_interface/include/crtp_interface/crtp_interface/srv/detail
[18.372s] -- Installing: /home/winni/rumstochern/isse_crtpdriver_ros/install/crtp_interface/include/crtp_interface/crtp_interface/srv/detail/crtp_packet_send__type_support.c
[18.372s] -- Installing: /home/winni/rumstochern/isse_crtpdriver_ros/install/crtp_interface/include/crtp_interface/crtp_interface/srv/detail/crtp_packet_send__rosidl_typesupport_introspection_c.h
[18.372s] -- Installing: /home/winni/rumstochern/isse_crtpdriver_ros/install/crtp_interface/lib/libcrtp_interface__rosidl_typesupport_introspection_c.so
[18.372s] -- Set runtime path of "/home/winni/rumstochern/isse_crtpdriver_ros/install/crtp_interface/lib/libcrtp_interface__rosidl_typesupport_introspection_c.so" to ""
[18.372s] -- Up-to-date: /home/winni/rumstochern/isse_crtpdriver_ros/install/crtp_interface/include/crtp_interface/crtp_interface
[18.372s] -- Up-to-date: /home/winni/rumstochern/isse_crtpdriver_ros/install/crtp_interface/include/crtp_interface/crtp_interface/msg
[18.373s] -- Up-to-date: /home/winni/rumstochern/isse_crtpdriver_ros/install/crtp_interface/include/crtp_interface/crtp_interface/msg/rosidl_typesupport_fastrtps_c__visibility_control.h
[18.373s] -- Up-to-date: /home/winni/rumstochern/isse_crtpdriver_ros/install/crtp_interface/include/crtp_interface/crtp_interface/msg/detail
[18.373s] -- Installing: /home/winni/rumstochern/isse_crtpdriver_ros/install/crtp_interface/include/crtp_interface/crtp_interface/msg/detail/crtp_packet__rosidl_typesupport_fastrtps_c.h
[18.373s] -- Installing: /home/winni/rumstochern/isse_crtpdriver_ros/install/crtp_interface/include/crtp_interface/crtp_interface/msg/detail/set_autoping__rosidl_typesupport_fastrtps_c.h
[18.373s] -- Installing: /home/winni/rumstochern/isse_crtpdriver_ros/install/crtp_interface/include/crtp_interface/crtp_interface/msg/detail/crtp_response__rosidl_typesupport_fastrtps_c.h
[18.373s] -- Up-to-date: /home/winni/rumstochern/isse_crtpdriver_ros/install/crtp_interface/include/crtp_interface/crtp_interface/srv
[18.373s] -- Up-to-date: /home/winni/rumstochern/isse_crtpdriver_ros/install/crtp_interface/include/crtp_interface/crtp_interface/srv/detail
[18.373s] -- Installing: /home/winni/rumstochern/isse_crtpdriver_ros/install/crtp_interface/include/crtp_interface/crtp_interface/srv/detail/crtp_packet_send__rosidl_typesupport_fastrtps_c.h
[18.373s] -- Installing: /home/winni/rumstochern/isse_crtpdriver_ros/install/crtp_interface/lib/libcrtp_interface__rosidl_typesupport_fastrtps_c.so
[18.373s] -- Set runtime path of "/home/winni/rumstochern/isse_crtpdriver_ros/install/crtp_interface/lib/libcrtp_interface__rosidl_typesupport_fastrtps_c.so" to ""
[18.373s] -- Installing: /home/winni/rumstochern/isse_crtpdriver_ros/install/crtp_interface/lib/libcrtp_interface__rosidl_typesupport_c.so
[18.373s] -- Set runtime path of "/home/winni/rumstochern/isse_crtpdriver_ros/install/crtp_interface/lib/libcrtp_interface__rosidl_typesupport_c.so" to ""
[18.373s] -- Up-to-date: /home/winni/rumstochern/isse_crtpdriver_ros/install/crtp_interface/include/crtp_interface/crtp_interface
[18.373s] -- Up-to-date: /home/winni/rumstochern/isse_crtpdriver_ros/install/crtp_interface/include/crtp_interface/crtp_interface/msg
[18.373s] -- Installing: /home/winni/rumstochern/isse_crtpdriver_ros/install/crtp_interface/include/crtp_interface/crtp_interface/msg/crtp_packet.hpp
[18.373s] -- Installing: /home/winni/rumstochern/isse_crtpdriver_ros/install/crtp_interface/include/crtp_interface/crtp_interface/msg/crtp_response.hpp
[18.374s] -- Up-to-date: /home/winni/rumstochern/isse_crtpdriver_ros/install/crtp_interface/include/crtp_interface/crtp_interface/msg/detail
[18.374s] -- Installing: /home/winni/rumstochern/isse_crtpdriver_ros/install/crtp_interface/include/crtp_interface/crtp_interface/msg/detail/crtp_response__builder.hpp
[18.374s] -- Installing: /home/winni/rumstochern/isse_crtpdriver_ros/install/crtp_interface/include/crtp_interface/crtp_interface/msg/detail/crtp_response__struct.hpp
[18.374s] -- Installing: /home/winni/rumstochern/isse_crtpdriver_ros/install/crtp_interface/include/crtp_interface/crtp_interface/msg/detail/crtp_packet__traits.hpp
[18.374s] -- Installing: /home/winni/rumstochern/isse_crtpdriver_ros/install/crtp_interface/include/crtp_interface/crtp_interface/msg/detail/set_autoping__struct.hpp
[18.374s] -- Installing: /home/winni/rumstochern/isse_crtpdriver_ros/install/crtp_interface/include/crtp_interface/crtp_interface/msg/detail/set_autoping__traits.hpp
[18.374s] -- Installing: /home/winni/rumstochern/isse_crtpdriver_ros/install/crtp_interface/include/crtp_interface/crtp_interface/msg/detail/set_autoping__builder.hpp
[18.374s] -- Installing: /home/winni/rumstochern/isse_crtpdriver_ros/install/crtp_interface/include/crtp_interface/crtp_interface/msg/detail/crtp_response__traits.hpp
[18.374s] -- Installing: /home/winni/rumstochern/isse_crtpdriver_ros/install/crtp_interface/include/crtp_interface/crtp_interface/msg/detail/crtp_packet__builder.hpp
[18.374s] -- Installing: /home/winni/rumstochern/isse_crtpdriver_ros/install/crtp_interface/include/crtp_interface/crtp_interface/msg/detail/crtp_packet__struct.hpp
[18.374s] -- Installing: /home/winni/rumstochern/isse_crtpdriver_ros/install/crtp_interface/include/crtp_interface/crtp_interface/msg/set_autoping.hpp
[18.374s] -- Up-to-date: /home/winni/rumstochern/isse_crtpdriver_ros/install/crtp_interface/include/crtp_interface/crtp_interface/srv
[18.374s] -- Up-to-date: /home/winni/rumstochern/isse_crtpdriver_ros/install/crtp_interface/include/crtp_interface/crtp_interface/srv/detail
[18.374s] -- Installing: /home/winni/rumstochern/isse_crtpdriver_ros/install/crtp_interface/include/crtp_interface/crtp_interface/srv/detail/crtp_packet_send__traits.hpp
[18.374s] -- Installing: /home/winni/rumstochern/isse_crtpdriver_ros/install/crtp_interface/include/crtp_interface/crtp_interface/srv/detail/crtp_packet_send__builder.hpp
[18.374s] -- Installing: /home/winni/rumstochern/isse_crtpdriver_ros/install/crtp_interface/include/crtp_interface/crtp_interface/srv/detail/crtp_packet_send__struct.hpp
[18.375s] -- Installing: /home/winni/rumstochern/isse_crtpdriver_ros/install/crtp_interface/include/crtp_interface/crtp_interface/srv/crtp_packet_send.hpp
[18.375s] -- Up-to-date: /home/winni/rumstochern/isse_crtpdriver_ros/install/crtp_interface/include/crtp_interface/crtp_interface
[18.375s] -- Up-to-date: /home/winni/rumstochern/isse_crtpdriver_ros/install/crtp_interface/include/crtp_interface/crtp_interface/msg
[18.375s] -- Up-to-date: /home/winni/rumstochern/isse_crtpdriver_ros/install/crtp_interface/include/crtp_interface/crtp_interface/msg/detail
[18.375s] -- Installing: /home/winni/rumstochern/isse_crtpdriver_ros/install/crtp_interface/include/crtp_interface/crtp_interface/msg/detail/set_autoping__rosidl_typesupport_introspection_cpp.hpp
[18.375s] -- Installing: /home/winni/rumstochern/isse_crtpdriver_ros/install/crtp_interface/include/crtp_interface/crtp_interface/msg/detail/crtp_response__type_support.cpp
[18.375s] -- Installing: /home/winni/rumstochern/isse_crtpdriver_ros/install/crtp_interface/include/crtp_interface/crtp_interface/msg/detail/crtp_response__rosidl_typesupport_introspection_cpp.hpp
[18.375s] -- Installing: /home/winni/rumstochern/isse_crtpdriver_ros/install/crtp_interface/include/crtp_interface/crtp_interface/msg/detail/set_autoping__type_support.cpp
[18.375s] -- Installing: /home/winni/rumstochern/isse_crtpdriver_ros/install/crtp_interface/include/crtp_interface/crtp_interface/msg/detail/crtp_packet__type_support.cpp
[18.375s] -- Installing: /home/winni/rumstochern/isse_crtpdriver_ros/install/crtp_interface/include/crtp_interface/crtp_interface/msg/detail/crtp_packet__rosidl_typesupport_introspection_cpp.hpp
[18.375s] -- Up-to-date: /home/winni/rumstochern/isse_crtpdriver_ros/install/crtp_interface/include/crtp_interface/crtp_interface/srv
[18.375s] -- Up-to-date: /home/winni/rumstochern/isse_crtpdriver_ros/install/crtp_interface/include/crtp_interface/crtp_interface/srv/detail
[18.375s] -- Installing: /home/winni/rumstochern/isse_crtpdriver_ros/install/crtp_interface/include/crtp_interface/crtp_interface/srv/detail/crtp_packet_send__rosidl_typesupport_introspection_cpp.hpp
[18.375s] -- Installing: /home/winni/rumstochern/isse_crtpdriver_ros/install/crtp_interface/include/crtp_interface/crtp_interface/srv/detail/crtp_packet_send__type_support.cpp
[18.375s] -- Installing: /home/winni/rumstochern/isse_crtpdriver_ros/install/crtp_interface/lib/libcrtp_interface__rosidl_typesupport_introspection_cpp.so
[18.375s] -- Set runtime path of "/home/winni/rumstochern/isse_crtpdriver_ros/install/crtp_interface/lib/libcrtp_interface__rosidl_typesupport_introspection_cpp.so" to ""
[18.376s] -- Up-to-date: /home/winni/rumstochern/isse_crtpdriver_ros/install/crtp_interface/include/crtp_interface/crtp_interface
[18.376s] -- Up-to-date: /home/winni/rumstochern/isse_crtpdriver_ros/install/crtp_interface/include/crtp_interface/crtp_interface/msg
[18.376s] -- Up-to-date: /home/winni/rumstochern/isse_crtpdriver_ros/install/crtp_interface/include/crtp_interface/crtp_interface/msg/detail
[18.376s] -- Installing: /home/winni/rumstochern/isse_crtpdriver_ros/install/crtp_interface/include/crtp_interface/crtp_interface/msg/detail/crtp_packet__rosidl_typesupport_fastrtps_cpp.hpp
[18.376s] -- Installing: /home/winni/rumstochern/isse_crtpdriver_ros/install/crtp_interface/include/crtp_interface/crtp_interface/msg/detail/set_autoping__rosidl_typesupport_fastrtps_cpp.hpp
[18.376s] -- Installing: /home/winni/rumstochern/isse_crtpdriver_ros/install/crtp_interface/include/crtp_interface/crtp_interface/msg/detail/crtp_response__rosidl_typesupport_fastrtps_cpp.hpp
[18.376s] -- Up-to-date: /home/winni/rumstochern/isse_crtpdriver_ros/install/crtp_interface/include/crtp_interface/crtp_interface/msg/detail/dds_fastrtps
[18.376s] -- Up-to-date: /home/winni/rumstochern/isse_crtpdriver_ros/install/crtp_interface/include/crtp_interface/crtp_interface/msg/rosidl_typesupport_fastrtps_cpp__visibility_control.h
[18.376s] -- Up-to-date: /home/winni/rumstochern/isse_crtpdriver_ros/install/crtp_interface/include/crtp_interface/crtp_interface/srv
[18.376s] -- Up-to-date: /home/winni/rumstochern/isse_crtpdriver_ros/install/crtp_interface/include/crtp_interface/crtp_interface/srv/detail
[18.376s] -- Installing: /home/winni/rumstochern/isse_crtpdriver_ros/install/crtp_interface/include/crtp_interface/crtp_interface/srv/detail/crtp_packet_send__rosidl_typesupport_fastrtps_cpp.hpp
[18.376s] -- Up-to-date: /home/winni/rumstochern/isse_crtpdriver_ros/install/crtp_interface/include/crtp_interface/crtp_interface/srv/detail/dds_fastrtps
[18.376s] -- Installing: /home/winni/rumstochern/isse_crtpdriver_ros/install/crtp_interface/lib/libcrtp_interface__rosidl_typesupport_fastrtps_cpp.so
[18.376s] -- Set runtime path of "/home/winni/rumstochern/isse_crtpdriver_ros/install/crtp_interface/lib/libcrtp_interface__rosidl_typesupport_fastrtps_cpp.so" to ""
[18.376s] -- Installing: /home/winni/rumstochern/isse_crtpdriver_ros/install/crtp_interface/lib/libcrtp_interface__rosidl_typesupport_cpp.so
[18.376s] -- Set runtime path of "/home/winni/rumstochern/isse_crtpdriver_ros/install/crtp_interface/lib/libcrtp_interface__rosidl_typesupport_cpp.so" to ""
[18.376s] -- Up-to-date: /home/winni/rumstochern/isse_crtpdriver_ros/install/crtp_interface/share/crtp_interface/environment/pythonpath.sh
[18.377s] -- Installing: /home/winni/rumstochern/isse_crtpdriver_ros/install/crtp_interface/share/crtp_interface/environment/pythonpath.dsv
[18.377s] -- Up-to-date: /home/winni/rumstochern/isse_crtpdriver_ros/install/crtp_interface/lib/python3.8/site-packages/crtp_interface-0.0.0-py3.8.egg-info
[18.377s] -- Installing: /home/winni/rumstochern/isse_crtpdriver_ros/install/crtp_interface/lib/python3.8/site-packages/crtp_interface-0.0.0-py3.8.egg-info/dependency_links.txt
[18.377s] -- Installing: /home/winni/rumstochern/isse_crtpdriver_ros/install/crtp_interface/lib/python3.8/site-packages/crtp_interface-0.0.0-py3.8.egg-info/PKG-INFO
[18.377s] -- Installing: /home/winni/rumstochern/isse_crtpdriver_ros/install/crtp_interface/lib/python3.8/site-packages/crtp_interface-0.0.0-py3.8.egg-info/SOURCES.txt
[18.377s] -- Installing: /home/winni/rumstochern/isse_crtpdriver_ros/install/crtp_interface/lib/python3.8/site-packages/crtp_interface-0.0.0-py3.8.egg-info/top_level.txt
[18.377s] -- Up-to-date: /home/winni/rumstochern/isse_crtpdriver_ros/install/crtp_interface/lib/python3.8/site-packages/crtp_interface
[18.377s] -- Installing: /home/winni/rumstochern/isse_crtpdriver_ros/install/crtp_interface/lib/python3.8/site-packages/crtp_interface/crtp_interface_s__rosidl_typesupport_fastrtps_c.cpython-38-x86_64-linux-gnu.so
[18.377s] -- Installing: /home/winni/rumstochern/isse_crtpdriver_ros/install/crtp_interface/lib/python3.8/site-packages/crtp_interface/_crtp_interface_s.ep.rosidl_typesupport_fastrtps_c.c
[18.377s] -- Installing: /home/winni/rumstochern/isse_crtpdriver_ros/install/crtp_interface/lib/python3.8/site-packages/crtp_interface/libcrtp_interface__rosidl_generator_py.so
[18.377s] -- Installing: /home/winni/rumstochern/isse_crtpdriver_ros/install/crtp_interface/lib/python3.8/site-packages/crtp_interface/__init__.py
[18.377s] -- Up-to-date: /home/winni/rumstochern/isse_crtpdriver_ros/install/crtp_interface/lib/python3.8/site-packages/crtp_interface/msg
[18.377s] -- Installing: /home/winni/rumstochern/isse_crtpdriver_ros/install/crtp_interface/lib/python3.8/site-packages/crtp_interface/msg/_set_autoping.py
[18.377s] -- Installing: /home/winni/rumstochern/isse_crtpdriver_ros/install/crtp_interface/lib/python3.8/site-packages/crtp_interface/msg/_set_autoping_s.c
[18.377s] -- Installing: /home/winni/rumstochern/isse_crtpdriver_ros/install/crtp_interface/lib/python3.8/site-packages/crtp_interface/msg/_crtp_packet_s.c
[18.377s] -- Installing: /home/winni/rumstochern/isse_crtpdriver_ros/install/crtp_interface/lib/python3.8/site-packages/crtp_interface/msg/__init__.py
[18.378s] -- Installing: /home/winni/rumstochern/isse_crtpdriver_ros/install/crtp_interface/lib/python3.8/site-packages/crtp_interface/msg/_crtp_response_s.c
[18.378s] -- Installing: /home/winni/rumstochern/isse_crtpdriver_ros/install/crtp_interface/lib/python3.8/site-packages/crtp_interface/msg/_crtp_response.py
[18.378s] -- Installing: /home/winni/rumstochern/isse_crtpdriver_ros/install/crtp_interface/lib/python3.8/site-packages/crtp_interface/msg/_crtp_packet.py
[18.378s] -- Installing: /home/winni/rumstochern/isse_crtpdriver_ros/install/crtp_interface/lib/python3.8/site-packages/crtp_interface/crtp_interface_s__rosidl_typesupport_introspection_c.cpython-38-x86_64-linux-gnu.so
[18.378s] -- Installing: /home/winni/rumstochern/isse_crtpdriver_ros/install/crtp_interface/lib/python3.8/site-packages/crtp_interface/_crtp_interface_s.ep.rosidl_typesupport_introspection_c.c
[18.378s] -- Up-to-date: /home/winni/rumstochern/isse_crtpdriver_ros/install/crtp_interface/lib/python3.8/site-packages/crtp_interface/srv
[18.378s] -- Installing: /home/winni/rumstochern/isse_crtpdriver_ros/install/crtp_interface/lib/python3.8/site-packages/crtp_interface/srv/_crtp_packet_send_s.c
[18.378s] -- Installing: /home/winni/rumstochern/isse_crtpdriver_ros/install/crtp_interface/lib/python3.8/site-packages/crtp_interface/srv/__init__.py
[18.378s] -- Installing: /home/winni/rumstochern/isse_crtpdriver_ros/install/crtp_interface/lib/python3.8/site-packages/crtp_interface/srv/_crtp_packet_send.py
[18.378s] -- Installing: /home/winni/rumstochern/isse_crtpdriver_ros/install/crtp_interface/lib/python3.8/site-packages/crtp_interface/crtp_interface_s__rosidl_typesupport_c.cpython-38-x86_64-linux-gnu.so
[18.378s] -- Installing: /home/winni/rumstochern/isse_crtpdriver_ros/install/crtp_interface/lib/python3.8/site-packages/crtp_interface/_crtp_interface_s.ep.rosidl_typesupport_c.c
[18.719s] Listing '/home/winni/rumstochern/isse_crtpdriver_ros/install/crtp_interface/lib/python3.8/site-packages/crtp_interface'...
[18.719s] Compiling '/home/winni/rumstochern/isse_crtpdriver_ros/install/crtp_interface/lib/python3.8/site-packages/crtp_interface/__init__.py'...
[18.719s] Listing '/home/winni/rumstochern/isse_crtpdriver_ros/install/crtp_interface/lib/python3.8/site-packages/crtp_interface/msg'...
[18.719s] Compiling '/home/winni/rumstochern/isse_crtpdriver_ros/install/crtp_interface/lib/python3.8/site-packages/crtp_interface/msg/__init__.py'...
[18.719s] Compiling '/home/winni/rumstochern/isse_crtpdriver_ros/install/crtp_interface/lib/python3.8/site-packages/crtp_interface/msg/_crtp_packet.py'...
[18.719s] Compiling '/home/winni/rumstochern/isse_crtpdriver_ros/install/crtp_interface/lib/python3.8/site-packages/crtp_interface/msg/_crtp_response.py'...
[18.719s] Compiling '/home/winni/rumstochern/isse_crtpdriver_ros/install/crtp_interface/lib/python3.8/site-packages/crtp_interface/msg/_set_autoping.py'...
[18.719s] Listing '/home/winni/rumstochern/isse_crtpdriver_ros/install/crtp_interface/lib/python3.8/site-packages/crtp_interface/srv'...
[18.719s] Compiling '/home/winni/rumstochern/isse_crtpdriver_ros/install/crtp_interface/lib/python3.8/site-packages/crtp_interface/srv/__init__.py'...
[18.719s] Compiling '/home/winni/rumstochern/isse_crtpdriver_ros/install/crtp_interface/lib/python3.8/site-packages/crtp_interface/srv/_crtp_packet_send.py'...
[18.722s] -- Installing: /home/winni/rumstochern/isse_crtpdriver_ros/install/crtp_interface/lib/python3.8/site-packages/crtp_interface/crtp_interface_s__rosidl_typesupport_introspection_c.cpython-38-x86_64-linux-gnu.so
[18.722s] -- Set runtime path of "/home/winni/rumstochern/isse_crtpdriver_ros/install/crtp_interface/lib/python3.8/site-packages/crtp_interface/crtp_interface_s__rosidl_typesupport_introspection_c.cpython-38-x86_64-linux-gnu.so" to ""
[18.723s] -- Installing: /home/winni/rumstochern/isse_crtpdriver_ros/install/crtp_interface/lib/python3.8/site-packages/crtp_interface/crtp_interface_s__rosidl_typesupport_fastrtps_c.cpython-38-x86_64-linux-gnu.so
[18.723s] -- Set runtime path of "/home/winni/rumstochern/isse_crtpdriver_ros/install/crtp_interface/lib/python3.8/site-packages/crtp_interface/crtp_interface_s__rosidl_typesupport_fastrtps_c.cpython-38-x86_64-linux-gnu.so" to ""
[18.723s] -- Installing: /home/winni/rumstochern/isse_crtpdriver_ros/install/crtp_interface/lib/python3.8/site-packages/crtp_interface/crtp_interface_s__rosidl_typesupport_c.cpython-38-x86_64-linux-gnu.so
[18.724s] -- Set runtime path of "/home/winni/rumstochern/isse_crtpdriver_ros/install/crtp_interface/lib/python3.8/site-packages/crtp_interface/crtp_interface_s__rosidl_typesupport_c.cpython-38-x86_64-linux-gnu.so" to ""
[18.724s] -- Installing: /home/winni/rumstochern/isse_crtpdriver_ros/install/crtp_interface/lib/libcrtp_interface__rosidl_generator_py.so
[18.724s] -- Set runtime path of "/home/winni/rumstochern/isse_crtpdriver_ros/install/crtp_interface/lib/libcrtp_interface__rosidl_generator_py.so" to ""
[18.724s] -- Up-to-date: /home/winni/rumstochern/isse_crtpdriver_ros/install/crtp_interface/share/crtp_interface/msg/CrtpPacket.idl
[18.724s] -- Up-to-date: /home/winni/rumstochern/isse_crtpdriver_ros/install/crtp_interface/share/crtp_interface/msg/CrtpResponse.idl
[18.724s] -- Installing: /home/winni/rumstochern/isse_crtpdriver_ros/install/crtp_interface/share/crtp_interface/msg/SetAutoping.idl
[18.724s] -- Up-to-date: /home/winni/rumstochern/isse_crtpdriver_ros/install/crtp_interface/share/crtp_interface/srv/CrtpPacketSend.idl
[18.725s] -- Up-to-date: /home/winni/rumstochern/isse_crtpdriver_ros/install/crtp_interface/share/crtp_interface/msg/CrtpPacket.msg
[18.725s] -- Up-to-date: /home/winni/rumstochern/isse_crtpdriver_ros/install/crtp_interface/share/crtp_interface/msg/CrtpResponse.msg
[18.725s] -- Installing: /home/winni/rumstochern/isse_crtpdriver_ros/install/crtp_interface/share/crtp_interface/msg/SetAutoping.msg
[18.725s] -- Up-to-date: /home/winni/rumstochern/isse_crtpdriver_ros/install/crtp_interface/share/crtp_interface/srv/CrtpPacketSend.srv
[18.725s] -- Up-to-date: /home/winni/rumstochern/isse_crtpdriver_ros/install/crtp_interface/share/crtp_interface/srv/CrtpPacketSend_Request.msg
[18.725s] -- Up-to-date: /home/winni/rumstochern/isse_crtpdriver_ros/install/crtp_interface/share/crtp_interface/srv/CrtpPacketSend_Response.msg
[18.725s] -- Up-to-date: /home/winni/rumstochern/isse_crtpdriver_ros/install/crtp_interface/share/ament_index/resource_index/package_run_dependencies/crtp_interface
[18.725s] -- Installing: /home/winni/rumstochern/isse_crtpdriver_ros/install/crtp_interface/share/ament_index/resource_index/parent_prefix_path/crtp_interface
[18.725s] -- Installing: /home/winni/rumstochern/isse_crtpdriver_ros/install/crtp_interface/share/crtp_interface/environment/ament_prefix_path.dsv
[18.725s] -- Installing: /home/winni/rumstochern/isse_crtpdriver_ros/install/crtp_interface/share/crtp_interface/environment/path.dsv
[18.725s] -- Up-to-date: /home/winni/rumstochern/isse_crtpdriver_ros/install/crtp_interface/share/crtp_interface/local_setup.bash
[18.725s] -- Up-to-date: /home/winni/rumstochern/isse_crtpdriver_ros/install/crtp_interface/share/crtp_interface/local_setup.sh
[18.725s] -- Up-to-date: /home/winni/rumstochern/isse_crtpdriver_ros/install/crtp_interface/share/crtp_interface/local_setup.zsh
[18.725s] -- Installing: /home/winni/rumstochern/isse_crtpdriver_ros/install/crtp_interface/share/crtp_interface/local_setup.dsv
[18.726s] -- Installing: /home/winni/rumstochern/isse_crtpdriver_ros/install/crtp_interface/share/crtp_interface/package.dsv
[18.726s] -- Up-to-date: /home/winni/rumstochern/isse_crtpdriver_ros/install/crtp_interface/share/ament_index/resource_index/packages/crtp_interface
[18.726s] -- Up-to-date: /home/winni/rumstochern/isse_crtpdriver_ros/install/crtp_interface/share/crtp_interface/cmake/export_crtp_interface__rosidl_generator_cExport.cmake
[18.726s] -- Installing: /home/winni/rumstochern/isse_crtpdriver_ros/install/crtp_interface/share/crtp_interface/cmake/export_crtp_interface__rosidl_generator_cExport-noconfig.cmake
[18.726s] -- Up-to-date: /home/winni/rumstochern/isse_crtpdriver_ros/install/crtp_interface/share/crtp_interface/cmake/crtp_interface__rosidl_typesupport_introspection_cExport.cmake
[18.726s] -- Installing: /home/winni/rumstochern/isse_crtpdriver_ros/install/crtp_interface/share/crtp_interface/cmake/crtp_interface__rosidl_typesupport_introspection_cExport-noconfig.cmake
[18.726s] -- Up-to-date: /home/winni/rumstochern/isse_crtpdriver_ros/install/crtp_interface/share/crtp_interface/cmake/export_crtp_interface__rosidl_typesupport_fastrtps_cExport.cmake
[18.726s] -- Installing: /home/winni/rumstochern/isse_crtpdriver_ros/install/crtp_interface/share/crtp_interface/cmake/export_crtp_interface__rosidl_typesupport_fastrtps_cExport-noconfig.cmake
[18.726s] -- Up-to-date: /home/winni/rumstochern/isse_crtpdriver_ros/install/crtp_interface/share/crtp_interface/cmake/crtp_interface__rosidl_typesupport_cExport.cmake
[18.726s] -- Installing: /home/winni/rumstochern/isse_crtpdriver_ros/install/crtp_interface/share/crtp_interface/cmake/crtp_interface__rosidl_typesupport_cExport-noconfig.cmake
[18.727s] -- Up-to-date: /home/winni/rumstochern/isse_crtpdriver_ros/install/crtp_interface/share/crtp_interface/cmake/export_crtp_interface__rosidl_generator_cppExport.cmake
[18.727s] -- Up-to-date: /home/winni/rumstochern/isse_crtpdriver_ros/install/crtp_interface/share/crtp_interface/cmake/crtp_interface__rosidl_typesupport_introspection_cppExport.cmake
[18.727s] -- Installing: /home/winni/rumstochern/isse_crtpdriver_ros/install/crtp_interface/share/crtp_interface/cmake/crtp_interface__rosidl_typesupport_introspection_cppExport-noconfig.cmake
[18.727s] -- Up-to-date: /home/winni/rumstochern/isse_crtpdriver_ros/install/crtp_interface/share/crtp_interface/cmake/export_crtp_interface__rosidl_typesupport_fastrtps_cppExport.cmake
[18.727s] -- Installing: /home/winni/rumstochern/isse_crtpdriver_ros/install/crtp_interface/share/crtp_interface/cmake/export_crtp_interface__rosidl_typesupport_fastrtps_cppExport-noconfig.cmake
[18.727s] -- Up-to-date: /home/winni/rumstochern/isse_crtpdriver_ros/install/crtp_interface/share/crtp_interface/cmake/crtp_interface__rosidl_typesupport_cppExport.cmake
[18.727s] -- Installing: /home/winni/rumstochern/isse_crtpdriver_ros/install/crtp_interface/share/crtp_interface/cmake/crtp_interface__rosidl_typesupport_cppExport-noconfig.cmake
[18.727s] -- Up-to-date: /home/winni/rumstochern/isse_crtpdriver_ros/install/crtp_interface/share/crtp_interface/cmake/export_crtp_interface__rosidl_generator_pyExport.cmake
[18.727s] -- Installing: /home/winni/rumstochern/isse_crtpdriver_ros/install/crtp_interface/share/crtp_interface/cmake/export_crtp_interface__rosidl_generator_pyExport-noconfig.cmake
[18.727s] -- Installing: /home/winni/rumstochern/isse_crtpdriver_ros/install/crtp_interface/share/crtp_interface/cmake/rosidl_cmake-extras.cmake
[18.728s] -- Up-to-date: /home/winni/rumstochern/isse_crtpdriver_ros/install/crtp_interface/share/crtp_interface/cmake/ament_cmake_export_dependencies-extras.cmake
[18.728s] -- Up-to-date: /home/winni/rumstochern/isse_crtpdriver_ros/install/crtp_interface/share/crtp_interface/cmake/ament_cmake_export_include_directories-extras.cmake
[18.728s] -- Up-to-date: /home/winni/rumstochern/isse_crtpdriver_ros/install/crtp_interface/share/crtp_interface/cmake/ament_cmake_export_libraries-extras.cmake
[18.728s] -- Up-to-date: /home/winni/rumstochern/isse_crtpdriver_ros/install/crtp_interface/share/crtp_interface/cmake/ament_cmake_export_targets-extras.cmake
[18.728s] -- Up-to-date: /home/winni/rumstochern/isse_crtpdriver_ros/install/crtp_interface/share/crtp_interface/cmake/rosidl_cmake_export_typesupport_targets-extras.cmake
[18.728s] -- Up-to-date: /home/winni/rumstochern/isse_crtpdriver_ros/install/crtp_interface/share/crtp_interface/cmake/rosidl_cmake_export_typesupport_libraries-extras.cmake
[18.728s] -- Up-to-date: /home/winni/rumstochern/isse_crtpdriver_ros/install/crtp_interface/share/crtp_interface/cmake/crtp_interfaceConfig.cmake
[18.728s] -- Up-to-date: /home/winni/rumstochern/isse_crtpdriver_ros/install/crtp_interface/share/crtp_interface/cmake/crtp_interfaceConfig-version.cmake
[18.728s] -- Up-to-date: /home/winni/rumstochern/isse_crtpdriver_ros/install/crtp_interface/share/crtp_interface/package.xml
[18.730s] Invoked command in '/home/winni/rumstochern/isse_crtpdriver_ros/build/crtp_interface' returned '0': CMAKE_PREFIX_PATH=${CMAKE_PREFIX_PATH}:/home/winni/ros2_humble/install/rqt_bag_plugins:/home/winni/ros2_humble/install/webots_ros2:/home/winni/ros2_humble/install/webots_ros2_universal_robot:/home/winni/ros2_humble/install/webots_ros2_turtlebot:/home/winni/ros2_humble/install/webots_ros2_tiago:/home/winni/ros2_humble/install/webots_ros2_epuck:/home/winni/ros2_humble/install/rqt_bag:/home/winni/ros2_humble/install/ros2bag:/home/winni/ros2_humble/install/webots_ros2_tests:/home/winni/ros2_humble/install/webots_ros2_tesla:/home/winni/ros2_humble/install/webots_ros2_mavic:/home/winni/ros2_humble/install/webots_ros2_importer:/home/winni/ros2_humble/install/tracetools_test:/home/winni/ros2_humble/install/tracetools_launch:/home/winni/ros2_humble/install/topic_monitor:/home/winni/ros2_humble/install/tf2_tools:/home/winni/ros2_humble/install/examples_tf2_py:/home/winni/ros2_humble/install/tf2_ros_py:/home/winni/ros2_humble/install/sros2:/home/winni/ros2_humble/install/rqt_topic:/home/winni/ros2_humble/install/rqt_srv:/home/winni/ros2_humble/install/rqt_shell:/home/winni/ros2_humble/install/rqt_service_caller:/home/winni/ros2_humble/install/rqt_reconfigure:/home/winni/ros2_humble/install/rqt_py_console:/home/winni/ros2_humble/install/rqt_publisher:/home/winni/ros2_humble/install/rqt_plot:/home/winni/ros2_humble/install/rqt_action:/home/winni/ros2_humble/install/rqt_msg:/home/winni/ros2_humble/install/rqt_console:/home/winni/ros2_humble/install/rqt:/home/winni/ros2_humble/install/rqt_graph:/home/winni/ros2_humble/install/rqt_gui_py:/home/winni/ros2_humble/install/rqt_gui:/home/winni/ros2_humble/install/ros2trace:/home/winni/ros2_humble/install/ros2topic:/home/winni/ros2_humble/install/ros2test:/home/winni/ros2_humble/install/ros2controlcli:/home/winni/ros2_humble/install/ros2component:/home/winni/ros2_humble/install/ros2param:/home/winni/ros2_humble/install/ros2lifecycle:/home/winni/ros2_humble/install/ros2service:/home/winni/ros2_humble/install/ros2run:/home/winni/ros2_humble/install/ros2launch:/home/winni/ros2_humble/install/ros2pkg:/home/winni/ros2_humble/install/ros2node:/home/winni/ros2_humble/install/ros2multicast:/home/winni/ros2_humble/install/ros2interface:/home/winni/ros2_humble/install/ros2doctor:/home/winni/ros2_humble/install/ros2action:/home/winni/ros2_humble/install/ros2cli:/home/winni/ros2_humble/install/quality_of_service_demo_py:/home/winni/ros2_humble/install/lifecycle_py:/home/winni/ros2_humble/install/launch_testing_ros:/home/winni/ros2_humble/install/launch_ros:/home/winni/ros2_humble/install/examples_rclpy_pointcloud_publisher:/home/winni/ros2_humble/install/examples_rclpy_minimal_subscriber:/home/winni/ros2_humble/install/examples_rclpy_minimal_service:/home/winni/ros2_humble/install/examples_rclpy_minimal_publisher:/home/winni/ros2_humble/install/examples_rclpy_minimal_client:/home/winni/ros2_humble/install/examples_rclpy_minimal_action_server:/home/winni/ros2_humble/install/examples_rclpy_minimal_action_client:/home/winni/ros2_humble/install/examples_rclpy_guard_conditions:/home/winni/ros2_humble/install/examples_rclpy_executors:/home/winni/ros2_humble/install/demo_nodes_py:/home/winni/ros2_humble/install/action_tutorials_py:/home/winni/ros2_humble/install/ament_uncrustify:/home/winni/ros2_humble/install/tracetools_trace:/home/winni/ros2_humble/install/tracetools_read:/home/winni/ros2_humble/install/tf_transformations:/home/winni/ros2_humble/install/test_tracetools_launch:/home/winni/ros2_humble/install/test_launch_ros:/home/winni/ros2_humble/install/sensor_msgs_py:/home/winni/ros2_humble/install/rpyutils:/home/winni/ros2_humble/install/rosidl_runtime_py:/home/winni/ros2_humble/install/rosidl_cli:/home/winni/ros2_humble/install/launch_pytest:/home/winni/ros2_humble/install/launch_testing:/home/winni/ros2_humble/install/launch_yaml:/home/winni/ros2_humble/install/launch_xml:/home/winni/ros2_humble/install/launch:/home/winni/ros2_humble/install/osrf_pycommon:/home/winni/ros2_humble/install/launch_testing_examples:/home/winni/ros2_humble/install/domain_coordinator:/home/winni/ros2_humble/install/ament_xmllint:/home/winni/ros2_humble/install/ament_pyflakes:/home/winni/ros2_humble/install/ament_pycodestyle:/home/winni/ros2_humble/install/ament_pep257:/home/winni/ros2_humble/install/ament_pclint:/home/winni/ros2_humble/install/ament_package:/home/winni/ros2_humble/install/ament_mypy:/home/winni/ros2_humble/install/ament_lint_cmake:/home/winni/ros2_humble/install/ament_flake8:/home/winni/ros2_humble/install/ament_copyright:/home/winni/ros2_humble/install/ament_lint:/home/winni/ros2_humble/install/ament_index_python:/home/winni/ros2_humble/install/ament_cpplint:/home/winni/ros2_humble/install/ament_cppcheck:/home/winni/ros2_humble/install/ament_clang_tidy:/home/winni/ros2_humble/install/ament_clang_format /usr/bin/cmake --install /home/winni/rumstochern/isse_crtpdriver_ros/build/crtp_interface
