running egg_info
writing ../../build/crtp_driver/crtp_driver.egg-info/PKG-INFO
writing dependency_links to ../../build/crtp_driver/crtp_driver.egg-info/dependency_links.txt
writing entry points to ../../build/crtp_driver/crtp_driver.egg-info/entry_points.txt
writing requirements to ../../build/crtp_driver/crtp_driver.egg-info/requires.txt
writing top-level names to ../../build/crtp_driver/crtp_driver.egg-info/top_level.txt
reading manifest file '../../build/crtp_driver/crtp_driver.egg-info/SOURCES.txt'
writing manifest file '../../build/crtp_driver/crtp_driver.egg-info/SOURCES.txt'
running build
running build_py
creating /home/winni/rumstochern/isse_crtpdriver_ros/build/crtp_driver/build/lib/cflib/utils
copying cflib/utils/callbacks.py -> /home/winni/rumstochern/isse_crtpdriver_ros/build/crtp_driver/build/lib/cflib/utils
copying cflib/utils/power_switch.py -> /home/winni/rumstochern/isse_crtpdriver_ros/build/crtp_driver/build/lib/cflib/utils
copying cflib/utils/__init__.py -> /home/winni/rumstochern/isse_crtpdriver_ros/build/crtp_driver/build/lib/cflib/utils
copying cflib/utils/uri_helper.py -> /home/winni/rumstochern/isse_crtpdriver_ros/build/crtp_driver/build/lib/cflib/utils
copying cflib/utils/multiranger.py -> /home/winni/rumstochern/isse_crtpdriver_ros/build/crtp_driver/build/lib/cflib/utils
copying cflib/utils/encoding.py -> /home/winni/rumstochern/isse_crtpdriver_ros/build/crtp_driver/build/lib/cflib/utils
creating /home/winni/rumstochern/isse_crtpdriver_ros/build/crtp_driver/build/lib/cflib/cpx
copying cflib/cpx/transports.py -> /home/winni/rumstochern/isse_crtpdriver_ros/build/crtp_driver/build/lib/cflib/cpx
copying cflib/cpx/__init__.py -> /home/winni/rumstochern/isse_crtpdriver_ros/build/crtp_driver/build/lib/cflib/cpx
running install
running install_lib
creating /home/winni/rumstochern/isse_crtpdriver_ros/install/crtp_driver/lib/python3.8/site-packages/cflib/utils
copying /home/winni/rumstochern/isse_crtpdriver_ros/build/crtp_driver/build/lib/cflib/utils/callbacks.py -> /home/winni/rumstochern/isse_crtpdriver_ros/install/crtp_driver/lib/python3.8/site-packages/cflib/utils
copying /home/winni/rumstochern/isse_crtpdriver_ros/build/crtp_driver/build/lib/cflib/utils/power_switch.py -> /home/winni/rumstochern/isse_crtpdriver_ros/install/crtp_driver/lib/python3.8/site-packages/cflib/utils
copying /home/winni/rumstochern/isse_crtpdriver_ros/build/crtp_driver/build/lib/cflib/utils/__init__.py -> /home/winni/rumstochern/isse_crtpdriver_ros/install/crtp_driver/lib/python3.8/site-packages/cflib/utils
copying /home/winni/rumstochern/isse_crtpdriver_ros/build/crtp_driver/build/lib/cflib/utils/uri_helper.py -> /home/winni/rumstochern/isse_crtpdriver_ros/install/crtp_driver/lib/python3.8/site-packages/cflib/utils
copying /home/winni/rumstochern/isse_crtpdriver_ros/build/crtp_driver/build/lib/cflib/utils/multiranger.py -> /home/winni/rumstochern/isse_crtpdriver_ros/install/crtp_driver/lib/python3.8/site-packages/cflib/utils
copying /home/winni/rumstochern/isse_crtpdriver_ros/build/crtp_driver/build/lib/cflib/utils/encoding.py -> /home/winni/rumstochern/isse_crtpdriver_ros/install/crtp_driver/lib/python3.8/site-packages/cflib/utils
creating /home/winni/rumstochern/isse_crtpdriver_ros/install/crtp_driver/lib/python3.8/site-packages/cflib/cpx
copying /home/winni/rumstochern/isse_crtpdriver_ros/build/crtp_driver/build/lib/cflib/cpx/transports.py -> /home/winni/rumstochern/isse_crtpdriver_ros/install/crtp_driver/lib/python3.8/site-packages/cflib/cpx
copying /home/winni/rumstochern/isse_crtpdriver_ros/build/crtp_driver/build/lib/cflib/cpx/__init__.py -> /home/winni/rumstochern/isse_crtpdriver_ros/install/crtp_driver/lib/python3.8/site-packages/cflib/cpx
byte-compiling /home/winni/rumstochern/isse_crtpdriver_ros/install/crtp_driver/lib/python3.8/site-packages/cflib/utils/callbacks.py to callbacks.cpython-38.pyc
byte-compiling /home/winni/rumstochern/isse_crtpdriver_ros/install/crtp_driver/lib/python3.8/site-packages/cflib/utils/power_switch.py to power_switch.cpython-38.pyc
byte-compiling /home/winni/rumstochern/isse_crtpdriver_ros/install/crtp_driver/lib/python3.8/site-packages/cflib/utils/__init__.py to __init__.cpython-38.pyc
byte-compiling /home/winni/rumstochern/isse_crtpdriver_ros/install/crtp_driver/lib/python3.8/site-packages/cflib/utils/uri_helper.py to uri_helper.cpython-38.pyc
byte-compiling /home/winni/rumstochern/isse_crtpdriver_ros/install/crtp_driver/lib/python3.8/site-packages/cflib/utils/multiranger.py to multiranger.cpython-38.pyc
byte-compiling /home/winni/rumstochern/isse_crtpdriver_ros/install/crtp_driver/lib/python3.8/site-packages/cflib/utils/encoding.py to encoding.cpython-38.pyc
byte-compiling /home/winni/rumstochern/isse_crtpdriver_ros/install/crtp_driver/lib/python3.8/site-packages/cflib/cpx/transports.py to transports.cpython-38.pyc
byte-compiling /home/winni/rumstochern/isse_crtpdriver_ros/install/crtp_driver/lib/python3.8/site-packages/cflib/cpx/__init__.py to __init__.cpython-38.pyc
running install_data
running install_egg_info
removing '/home/winni/rumstochern/isse_crtpdriver_ros/install/crtp_driver/lib/python3.8/site-packages/crtp_driver-0.0.0-py3.8.egg-info' (and everything under it)
Copying ../../build/crtp_driver/crtp_driver.egg-info to /home/winni/rumstochern/isse_crtpdriver_ros/install/crtp_driver/lib/python3.8/site-packages/crtp_driver-0.0.0-py3.8.egg-info
running install_scripts
Installing crazyradio script to /home/winni/rumstochern/isse_crtpdriver_ros/install/crtp_driver/lib/crtp_driver
writing list of installed files to '/home/winni/rumstochern/isse_crtpdriver_ros/build/crtp_driver/install.log'
