[0.223s] DEBUG:colcon:Command line arguments: ['/usr/bin/colcon', 'build']
[0.223s] DEBUG:colcon:Parsed command line arguments: Namespace(allow_overriding=[], ament_cmake_args=None, base_paths=['.'], build_base='build', catkin_cmake_args=None, catkin_skip_building_tests=False, cmake_args=None, cmake_clean_cache=False, cmake_clean_first=False, cmake_force_configure=False, cmake_target=None, cmake_target_skip_unavailable=False, continue_on_error=False, event_handlers=None, executor='parallel', ignore_user_meta=False, install_base='install', log_base=None, log_level=None, main=<bound method BuildVerb.main of <colcon_core.verb.build.BuildVerb object at 0x7ff47621fa30>>, merge_install=False, metas=['./colcon.meta'], packages_above=None, packages_above_and_dependencies=None, packages_above_depth=None, packages_end=None, packages_ignore=None, packages_ignore_regex=None, packages_select=None, packages_select_build_failed=False, packages_select_by_dep=None, packages_select_regex=None, packages_select_test_failures=False, packages_skip=None, packages_skip_build_finished=False, packages_skip_by_dep=None, packages_skip_regex=None, packages_skip_test_passed=False, packages_skip_up_to=None, packages_start=None, packages_up_to=None, packages_up_to_regex=None, parallel_workers=16, paths=None, symlink_install=False, test_result_base=None, verb_extension=<colcon_core.verb.build.BuildVerb object at 0x7ff47621fa30>, verb_name='build', verb_parser=<colcon_defaults.argument_parser.defaults.DefaultArgumentsDecorator object at 0x7ff47613a430>)
[0.391s] Level 1:colcon.colcon_core.package_discovery:discover_packages(colcon_meta) check parameters
[0.392s] Level 1:colcon.colcon_core.package_discovery:discover_packages(recursive) check parameters
[0.392s] Level 1:colcon.colcon_core.package_discovery:discover_packages(ignore) check parameters
[0.392s] Level 1:colcon.colcon_core.package_discovery:discover_packages(path) check parameters
[0.392s] Level 1:colcon.colcon_core.package_discovery:discover_packages(colcon_meta) discover
[0.392s] Level 1:colcon.colcon_core.package_discovery:discover_packages(recursive) discover
[0.392s] INFO:colcon.colcon_core.package_discovery:Crawling recursively for packages in '/home/winni/rumstochern/isse_crtpdriver_ros'
[0.392s] Level 1:colcon.colcon_core.package_identification:_identify(.) by extensions ['ignore', 'ignore_ament_install']
[0.392s] Level 1:colcon.colcon_core.package_identification:_identify(.) by extension 'ignore'
[0.392s] Level 1:colcon.colcon_core.package_identification:_identify(.) by extension 'ignore_ament_install'
[0.392s] Level 1:colcon.colcon_core.package_identification:_identify(.) by extensions ['colcon_pkg']
[0.392s] Level 1:colcon.colcon_core.package_identification:_identify(.) by extension 'colcon_pkg'
[0.392s] Level 1:colcon.colcon_core.package_identification:_identify(.) by extensions ['colcon_meta']
[0.392s] Level 1:colcon.colcon_core.package_identification:_identify(.) by extension 'colcon_meta'
[0.392s] Level 1:colcon.colcon_core.package_identification:_identify(.) by extensions ['ros']
[0.392s] Level 1:colcon.colcon_core.package_identification:_identify(.) by extension 'ros'
[0.405s] Level 1:colcon.colcon_core.package_identification:_identify(.) by extensions ['cmake', 'python']
[0.405s] Level 1:colcon.colcon_core.package_identification:_identify(.) by extension 'cmake'
[0.405s] Level 1:colcon.colcon_core.package_identification:_identify(.) by extension 'python'
[0.405s] Level 1:colcon.colcon_core.package_identification:_identify(.) by extensions ['python_setup_py']
[0.405s] Level 1:colcon.colcon_core.package_identification:_identify(.) by extension 'python_setup_py'
[0.405s] Level 1:colcon.colcon_core.package_identification:_identify(build) by extensions ['ignore', 'ignore_ament_install']
[0.405s] Level 1:colcon.colcon_core.package_identification:_identify(build) by extension 'ignore'
[0.405s] Level 1:colcon.colcon_core.package_identification:_identify(build) ignored
[0.405s] Level 1:colcon.colcon_core.package_identification:_identify(install) by extensions ['ignore', 'ignore_ament_install']
[0.405s] Level 1:colcon.colcon_core.package_identification:_identify(install) by extension 'ignore'
[0.405s] Level 1:colcon.colcon_core.package_identification:_identify(install) ignored
[0.405s] Level 1:colcon.colcon_core.package_identification:_identify(log) by extensions ['ignore', 'ignore_ament_install']
[0.405s] Level 1:colcon.colcon_core.package_identification:_identify(log) by extension 'ignore'
[0.405s] Level 1:colcon.colcon_core.package_identification:_identify(log) ignored
[0.405s] Level 1:colcon.colcon_core.package_identification:_identify(src) by extensions ['ignore', 'ignore_ament_install']
[0.406s] Level 1:colcon.colcon_core.package_identification:_identify(src) by extension 'ignore'
[0.406s] Level 1:colcon.colcon_core.package_identification:_identify(src) by extension 'ignore_ament_install'
[0.406s] Level 1:colcon.colcon_core.package_identification:_identify(src) by extensions ['colcon_pkg']
[0.406s] Level 1:colcon.colcon_core.package_identification:_identify(src) by extension 'colcon_pkg'
[0.406s] Level 1:colcon.colcon_core.package_identification:_identify(src) by extensions ['colcon_meta']
[0.406s] Level 1:colcon.colcon_core.package_identification:_identify(src) by extension 'colcon_meta'
[0.406s] Level 1:colcon.colcon_core.package_identification:_identify(src) by extensions ['ros']
[0.406s] Level 1:colcon.colcon_core.package_identification:_identify(src) by extension 'ros'
[0.406s] Level 1:colcon.colcon_core.package_identification:_identify(src) by extensions ['cmake', 'python']
[0.406s] Level 1:colcon.colcon_core.package_identification:_identify(src) by extension 'cmake'
[0.406s] Level 1:colcon.colcon_core.package_identification:_identify(src) by extension 'python'
[0.406s] Level 1:colcon.colcon_core.package_identification:_identify(src) by extensions ['python_setup_py']
[0.406s] Level 1:colcon.colcon_core.package_identification:_identify(src) by extension 'python_setup_py'
[0.406s] Level 1:colcon.colcon_core.package_identification:_identify(src/crtp_driver) by extensions ['ignore', 'ignore_ament_install']
[0.406s] Level 1:colcon.colcon_core.package_identification:_identify(src/crtp_driver) by extension 'ignore'
[0.406s] Level 1:colcon.colcon_core.package_identification:_identify(src/crtp_driver) by extension 'ignore_ament_install'
[0.406s] Level 1:colcon.colcon_core.package_identification:_identify(src/crtp_driver) by extensions ['colcon_pkg']
[0.406s] Level 1:colcon.colcon_core.package_identification:_identify(src/crtp_driver) by extension 'colcon_pkg'
[0.406s] Level 1:colcon.colcon_core.package_identification:_identify(src/crtp_driver) by extensions ['colcon_meta']
[0.406s] Level 1:colcon.colcon_core.package_identification:_identify(src/crtp_driver) by extension 'colcon_meta'
[0.406s] Level 1:colcon.colcon_core.package_identification:_identify(src/crtp_driver) by extensions ['ros']
[0.406s] Level 1:colcon.colcon_core.package_identification:_identify(src/crtp_driver) by extension 'ros'
[0.408s] DEBUG:colcon.colcon_core.package_identification:Package 'src/crtp_driver' with type 'ros.ament_python' and name 'crtp_driver'
[0.408s] Level 1:colcon.colcon_core.package_identification:_identify(src/crtp_interface) by extensions ['ignore', 'ignore_ament_install']
[0.408s] Level 1:colcon.colcon_core.package_identification:_identify(src/crtp_interface) by extension 'ignore'
[0.408s] Level 1:colcon.colcon_core.package_identification:_identify(src/crtp_interface) by extension 'ignore_ament_install'
[0.408s] Level 1:colcon.colcon_core.package_identification:_identify(src/crtp_interface) by extensions ['colcon_pkg']
[0.408s] Level 1:colcon.colcon_core.package_identification:_identify(src/crtp_interface) by extension 'colcon_pkg'
[0.408s] Level 1:colcon.colcon_core.package_identification:_identify(src/crtp_interface) by extensions ['colcon_meta']
[0.408s] Level 1:colcon.colcon_core.package_identification:_identify(src/crtp_interface) by extension 'colcon_meta'
[0.408s] Level 1:colcon.colcon_core.package_identification:_identify(src/crtp_interface) by extensions ['ros']
[0.408s] Level 1:colcon.colcon_core.package_identification:_identify(src/crtp_interface) by extension 'ros'
[0.409s] DEBUG:colcon.colcon_core.package_identification:Package 'src/crtp_interface' with type 'ros.ament_cmake' and name 'crtp_interface'
[0.409s] Level 1:colcon.colcon_core.package_discovery:discover_packages(recursive) using defaults
[0.409s] Level 1:colcon.colcon_core.package_discovery:discover_packages(ignore) discover
[0.409s] Level 1:colcon.colcon_core.package_discovery:discover_packages(ignore) using defaults
[0.409s] Level 1:colcon.colcon_core.package_discovery:discover_packages(path) discover
[0.409s] Level 1:colcon.colcon_core.package_discovery:discover_packages(path) using defaults
[0.433s] Level 1:colcon.colcon_core.package_discovery:discover_packages(prefix_path) check parameters
[0.433s] Level 1:colcon.colcon_core.package_discovery:discover_packages(prefix_path) discover
[0.440s] DEBUG:colcon.colcon_installed_package_information.package_discovery:Found 2 installed packages in /home/winni/rumstochern/isse_crtpdriver_ros/install
[0.446s] DEBUG:colcon.colcon_installed_package_information.package_discovery:Found 373 installed packages in /home/winni/ros2_humble/install
[0.448s] Level 1:colcon.colcon_core.package_discovery:discover_packages(prefix_path) using defaults
[0.466s] Level 5:colcon.colcon_core.verb:set package 'crtp_interface' build argument 'cmake_args' from command line to 'None'
[0.466s] Level 5:colcon.colcon_core.verb:set package 'crtp_interface' build argument 'cmake_target' from command line to 'None'
[0.466s] Level 5:colcon.colcon_core.verb:set package 'crtp_interface' build argument 'cmake_target_skip_unavailable' from command line to 'False'
[0.466s] Level 5:colcon.colcon_core.verb:set package 'crtp_interface' build argument 'cmake_clean_cache' from command line to 'False'
[0.466s] Level 5:colcon.colcon_core.verb:set package 'crtp_interface' build argument 'cmake_clean_first' from command line to 'False'
[0.466s] Level 5:colcon.colcon_core.verb:set package 'crtp_interface' build argument 'cmake_force_configure' from command line to 'False'
[0.466s] Level 5:colcon.colcon_core.verb:set package 'crtp_interface' build argument 'ament_cmake_args' from command line to 'None'
[0.466s] Level 5:colcon.colcon_core.verb:set package 'crtp_interface' build argument 'catkin_cmake_args' from command line to 'None'
[0.466s] Level 5:colcon.colcon_core.verb:set package 'crtp_interface' build argument 'catkin_skip_building_tests' from command line to 'False'
[0.466s] DEBUG:colcon.colcon_core.verb:Building package 'crtp_interface' with the following arguments: {'ament_cmake_args': None, 'build_base': '/home/winni/rumstochern/isse_crtpdriver_ros/build/crtp_interface', 'catkin_cmake_args': None, 'catkin_skip_building_tests': False, 'cmake_args': None, 'cmake_clean_cache': False, 'cmake_clean_first': False, 'cmake_force_configure': False, 'cmake_target': None, 'cmake_target_skip_unavailable': False, 'install_base': '/home/winni/rumstochern/isse_crtpdriver_ros/install/crtp_interface', 'merge_install': False, 'path': '/home/winni/rumstochern/isse_crtpdriver_ros/src/crtp_interface', 'symlink_install': False, 'test_result_base': None}
[0.466s] Level 5:colcon.colcon_core.verb:set package 'crtp_driver' build argument 'cmake_args' from command line to 'None'
[0.466s] Level 5:colcon.colcon_core.verb:set package 'crtp_driver' build argument 'cmake_target' from command line to 'None'
[0.466s] Level 5:colcon.colcon_core.verb:set package 'crtp_driver' build argument 'cmake_target_skip_unavailable' from command line to 'False'
[0.466s] Level 5:colcon.colcon_core.verb:set package 'crtp_driver' build argument 'cmake_clean_cache' from command line to 'False'
[0.466s] Level 5:colcon.colcon_core.verb:set package 'crtp_driver' build argument 'cmake_clean_first' from command line to 'False'
[0.466s] Level 5:colcon.colcon_core.verb:set package 'crtp_driver' build argument 'cmake_force_configure' from command line to 'False'
[0.466s] Level 5:colcon.colcon_core.verb:set package 'crtp_driver' build argument 'ament_cmake_args' from command line to 'None'
[0.466s] Level 5:colcon.colcon_core.verb:set package 'crtp_driver' build argument 'catkin_cmake_args' from command line to 'None'
[0.466s] Level 5:colcon.colcon_core.verb:set package 'crtp_driver' build argument 'catkin_skip_building_tests' from command line to 'False'
[0.466s] DEBUG:colcon.colcon_core.verb:Building package 'crtp_driver' with the following arguments: {'ament_cmake_args': None, 'build_base': '/home/winni/rumstochern/isse_crtpdriver_ros/build/crtp_driver', 'catkin_cmake_args': None, 'catkin_skip_building_tests': False, 'cmake_args': None, 'cmake_clean_cache': False, 'cmake_clean_first': False, 'cmake_force_configure': False, 'cmake_target': None, 'cmake_target_skip_unavailable': False, 'install_base': '/home/winni/rumstochern/isse_crtpdriver_ros/install/crtp_driver', 'merge_install': False, 'path': '/home/winni/rumstochern/isse_crtpdriver_ros/src/crtp_driver', 'symlink_install': False, 'test_result_base': None}
[0.467s] INFO:colcon.colcon_core.executor:Executing jobs using 'parallel' executor
[0.467s] DEBUG:colcon.colcon_parallel_executor.executor.parallel:run_until_complete
[0.467s] INFO:colcon.colcon_ros.task.ament_cmake.build:Building ROS package in '/home/winni/rumstochern/isse_crtpdriver_ros/src/crtp_interface' with build type 'ament_cmake'
[0.467s] INFO:colcon.colcon_cmake.task.cmake.build:Building CMake package in '/home/winni/rumstochern/isse_crtpdriver_ros/src/crtp_interface'
[0.471s] INFO:colcon.colcon_core.plugin_system:Skipping extension 'colcon_core.shell.bat': Not used on non-Windows systems
[0.471s] INFO:colcon.colcon_core.shell:Skip shell extension 'powershell' for command environment: Not usable outside of PowerShell
[0.471s] DEBUG:colcon.colcon_core.shell:Skip shell extension 'dsv' for command environment
[0.493s] DEBUG:colcon.colcon_core.event_handler.log_command:Invoking command in '/home/winni/rumstochern/isse_crtpdriver_ros/build/crtp_interface': CMAKE_PREFIX_PATH=${CMAKE_PREFIX_PATH}:/home/winni/ros2_humble/install/rqt_bag_plugins:/home/winni/ros2_humble/install/webots_ros2:/home/winni/ros2_humble/install/webots_ros2_universal_robot:/home/winni/ros2_humble/install/webots_ros2_turtlebot:/home/winni/ros2_humble/install/webots_ros2_tiago:/home/winni/ros2_humble/install/webots_ros2_epuck:/home/winni/ros2_humble/install/rqt_bag:/home/winni/ros2_humble/install/ros2bag:/home/winni/ros2_humble/install/webots_ros2_tests:/home/winni/ros2_humble/install/webots_ros2_tesla:/home/winni/ros2_humble/install/webots_ros2_mavic:/home/winni/ros2_humble/install/webots_ros2_importer:/home/winni/ros2_humble/install/tracetools_test:/home/winni/ros2_humble/install/tracetools_launch:/home/winni/ros2_humble/install/topic_monitor:/home/winni/ros2_humble/install/tf2_tools:/home/winni/ros2_humble/install/examples_tf2_py:/home/winni/ros2_humble/install/tf2_ros_py:/home/winni/ros2_humble/install/sros2:/home/winni/ros2_humble/install/rqt_topic:/home/winni/ros2_humble/install/rqt_srv:/home/winni/ros2_humble/install/rqt_shell:/home/winni/ros2_humble/install/rqt_service_caller:/home/winni/ros2_humble/install/rqt_reconfigure:/home/winni/ros2_humble/install/rqt_py_console:/home/winni/ros2_humble/install/rqt_publisher:/home/winni/ros2_humble/install/rqt_plot:/home/winni/ros2_humble/install/rqt_action:/home/winni/ros2_humble/install/rqt_msg:/home/winni/ros2_humble/install/rqt_console:/home/winni/ros2_humble/install/rqt:/home/winni/ros2_humble/install/rqt_graph:/home/winni/ros2_humble/install/rqt_gui_py:/home/winni/ros2_humble/install/rqt_gui:/home/winni/ros2_humble/install/ros2trace:/home/winni/ros2_humble/install/ros2topic:/home/winni/ros2_humble/install/ros2test:/home/winni/ros2_humble/install/ros2controlcli:/home/winni/ros2_humble/install/ros2component:/home/winni/ros2_humble/install/ros2param:/home/winni/ros2_humble/install/ros2lifecycle:/home/winni/ros2_humble/install/ros2service:/home/winni/ros2_humble/install/ros2run:/home/winni/ros2_humble/install/ros2launch:/home/winni/ros2_humble/install/ros2pkg:/home/winni/ros2_humble/install/ros2node:/home/winni/ros2_humble/install/ros2multicast:/home/winni/ros2_humble/install/ros2interface:/home/winni/ros2_humble/install/ros2doctor:/home/winni/ros2_humble/install/ros2action:/home/winni/ros2_humble/install/ros2cli:/home/winni/ros2_humble/install/quality_of_service_demo_py:/home/winni/ros2_humble/install/lifecycle_py:/home/winni/ros2_humble/install/launch_testing_ros:/home/winni/ros2_humble/install/launch_ros:/home/winni/ros2_humble/install/examples_rclpy_pointcloud_publisher:/home/winni/ros2_humble/install/examples_rclpy_minimal_subscriber:/home/winni/ros2_humble/install/examples_rclpy_minimal_service:/home/winni/ros2_humble/install/examples_rclpy_minimal_publisher:/home/winni/ros2_humble/install/examples_rclpy_minimal_client:/home/winni/ros2_humble/install/examples_rclpy_minimal_action_server:/home/winni/ros2_humble/install/examples_rclpy_minimal_action_client:/home/winni/ros2_humble/install/examples_rclpy_guard_conditions:/home/winni/ros2_humble/install/examples_rclpy_executors:/home/winni/ros2_humble/install/demo_nodes_py:/home/winni/ros2_humble/install/action_tutorials_py:/home/winni/ros2_humble/install/ament_uncrustify:/home/winni/ros2_humble/install/tracetools_trace:/home/winni/ros2_humble/install/tracetools_read:/home/winni/ros2_humble/install/tf_transformations:/home/winni/ros2_humble/install/test_tracetools_launch:/home/winni/ros2_humble/install/test_launch_ros:/home/winni/ros2_humble/install/sensor_msgs_py:/home/winni/ros2_humble/install/rpyutils:/home/winni/ros2_humble/install/rosidl_runtime_py:/home/winni/ros2_humble/install/rosidl_cli:/home/winni/ros2_humble/install/launch_pytest:/home/winni/ros2_humble/install/launch_testing:/home/winni/ros2_humble/install/launch_yaml:/home/winni/ros2_humble/install/launch_xml:/home/winni/ros2_humble/install/launch:/home/winni/ros2_humble/install/osrf_pycommon:/home/winni/ros2_humble/install/launch_testing_examples:/home/winni/ros2_humble/install/domain_coordinator:/home/winni/ros2_humble/install/ament_xmllint:/home/winni/ros2_humble/install/ament_pyflakes:/home/winni/ros2_humble/install/ament_pycodestyle:/home/winni/ros2_humble/install/ament_pep257:/home/winni/ros2_humble/install/ament_pclint:/home/winni/ros2_humble/install/ament_package:/home/winni/ros2_humble/install/ament_mypy:/home/winni/ros2_humble/install/ament_lint_cmake:/home/winni/ros2_humble/install/ament_flake8:/home/winni/ros2_humble/install/ament_copyright:/home/winni/ros2_humble/install/ament_lint:/home/winni/ros2_humble/install/ament_index_python:/home/winni/ros2_humble/install/ament_cpplint:/home/winni/ros2_humble/install/ament_cppcheck:/home/winni/ros2_humble/install/ament_clang_tidy:/home/winni/ros2_humble/install/ament_clang_format /usr/bin/cmake --build /home/winni/rumstochern/isse_crtpdriver_ros/build/crtp_interface -- -j16 -l16
[1.237s] DEBUG:colcon.colcon_core.event_handler.log_command:Invoked command in '/home/winni/rumstochern/isse_crtpdriver_ros/build/crtp_interface' returned '0': CMAKE_PREFIX_PATH=${CMAKE_PREFIX_PATH}:/home/winni/ros2_humble/install/rqt_bag_plugins:/home/winni/ros2_humble/install/webots_ros2:/home/winni/ros2_humble/install/webots_ros2_universal_robot:/home/winni/ros2_humble/install/webots_ros2_turtlebot:/home/winni/ros2_humble/install/webots_ros2_tiago:/home/winni/ros2_humble/install/webots_ros2_epuck:/home/winni/ros2_humble/install/rqt_bag:/home/winni/ros2_humble/install/ros2bag:/home/winni/ros2_humble/install/webots_ros2_tests:/home/winni/ros2_humble/install/webots_ros2_tesla:/home/winni/ros2_humble/install/webots_ros2_mavic:/home/winni/ros2_humble/install/webots_ros2_importer:/home/winni/ros2_humble/install/tracetools_test:/home/winni/ros2_humble/install/tracetools_launch:/home/winni/ros2_humble/install/topic_monitor:/home/winni/ros2_humble/install/tf2_tools:/home/winni/ros2_humble/install/examples_tf2_py:/home/winni/ros2_humble/install/tf2_ros_py:/home/winni/ros2_humble/install/sros2:/home/winni/ros2_humble/install/rqt_topic:/home/winni/ros2_humble/install/rqt_srv:/home/winni/ros2_humble/install/rqt_shell:/home/winni/ros2_humble/install/rqt_service_caller:/home/winni/ros2_humble/install/rqt_reconfigure:/home/winni/ros2_humble/install/rqt_py_console:/home/winni/ros2_humble/install/rqt_publisher:/home/winni/ros2_humble/install/rqt_plot:/home/winni/ros2_humble/install/rqt_action:/home/winni/ros2_humble/install/rqt_msg:/home/winni/ros2_humble/install/rqt_console:/home/winni/ros2_humble/install/rqt:/home/winni/ros2_humble/install/rqt_graph:/home/winni/ros2_humble/install/rqt_gui_py:/home/winni/ros2_humble/install/rqt_gui:/home/winni/ros2_humble/install/ros2trace:/home/winni/ros2_humble/install/ros2topic:/home/winni/ros2_humble/install/ros2test:/home/winni/ros2_humble/install/ros2controlcli:/home/winni/ros2_humble/install/ros2component:/home/winni/ros2_humble/install/ros2param:/home/winni/ros2_humble/install/ros2lifecycle:/home/winni/ros2_humble/install/ros2service:/home/winni/ros2_humble/install/ros2run:/home/winni/ros2_humble/install/ros2launch:/home/winni/ros2_humble/install/ros2pkg:/home/winni/ros2_humble/install/ros2node:/home/winni/ros2_humble/install/ros2multicast:/home/winni/ros2_humble/install/ros2interface:/home/winni/ros2_humble/install/ros2doctor:/home/winni/ros2_humble/install/ros2action:/home/winni/ros2_humble/install/ros2cli:/home/winni/ros2_humble/install/quality_of_service_demo_py:/home/winni/ros2_humble/install/lifecycle_py:/home/winni/ros2_humble/install/launch_testing_ros:/home/winni/ros2_humble/install/launch_ros:/home/winni/ros2_humble/install/examples_rclpy_pointcloud_publisher:/home/winni/ros2_humble/install/examples_rclpy_minimal_subscriber:/home/winni/ros2_humble/install/examples_rclpy_minimal_service:/home/winni/ros2_humble/install/examples_rclpy_minimal_publisher:/home/winni/ros2_humble/install/examples_rclpy_minimal_client:/home/winni/ros2_humble/install/examples_rclpy_minimal_action_server:/home/winni/ros2_humble/install/examples_rclpy_minimal_action_client:/home/winni/ros2_humble/install/examples_rclpy_guard_conditions:/home/winni/ros2_humble/install/examples_rclpy_executors:/home/winni/ros2_humble/install/demo_nodes_py:/home/winni/ros2_humble/install/action_tutorials_py:/home/winni/ros2_humble/install/ament_uncrustify:/home/winni/ros2_humble/install/tracetools_trace:/home/winni/ros2_humble/install/tracetools_read:/home/winni/ros2_humble/install/tf_transformations:/home/winni/ros2_humble/install/test_tracetools_launch:/home/winni/ros2_humble/install/test_launch_ros:/home/winni/ros2_humble/install/sensor_msgs_py:/home/winni/ros2_humble/install/rpyutils:/home/winni/ros2_humble/install/rosidl_runtime_py:/home/winni/ros2_humble/install/rosidl_cli:/home/winni/ros2_humble/install/launch_pytest:/home/winni/ros2_humble/install/launch_testing:/home/winni/ros2_humble/install/launch_yaml:/home/winni/ros2_humble/install/launch_xml:/home/winni/ros2_humble/install/launch:/home/winni/ros2_humble/install/osrf_pycommon:/home/winni/ros2_humble/install/launch_testing_examples:/home/winni/ros2_humble/install/domain_coordinator:/home/winni/ros2_humble/install/ament_xmllint:/home/winni/ros2_humble/install/ament_pyflakes:/home/winni/ros2_humble/install/ament_pycodestyle:/home/winni/ros2_humble/install/ament_pep257:/home/winni/ros2_humble/install/ament_pclint:/home/winni/ros2_humble/install/ament_package:/home/winni/ros2_humble/install/ament_mypy:/home/winni/ros2_humble/install/ament_lint_cmake:/home/winni/ros2_humble/install/ament_flake8:/home/winni/ros2_humble/install/ament_copyright:/home/winni/ros2_humble/install/ament_lint:/home/winni/ros2_humble/install/ament_index_python:/home/winni/ros2_humble/install/ament_cpplint:/home/winni/ros2_humble/install/ament_cppcheck:/home/winni/ros2_humble/install/ament_clang_tidy:/home/winni/ros2_humble/install/ament_clang_format /usr/bin/cmake --build /home/winni/rumstochern/isse_crtpdriver_ros/build/crtp_interface -- -j16 -l16
[1.457s] DEBUG:colcon.colcon_core.event_handler.log_command:Invoking command in '/home/winni/rumstochern/isse_crtpdriver_ros/build/crtp_interface': CMAKE_PREFIX_PATH=${CMAKE_PREFIX_PATH}:/home/winni/ros2_humble/install/rqt_bag_plugins:/home/winni/ros2_humble/install/webots_ros2:/home/winni/ros2_humble/install/webots_ros2_universal_robot:/home/winni/ros2_humble/install/webots_ros2_turtlebot:/home/winni/ros2_humble/install/webots_ros2_tiago:/home/winni/ros2_humble/install/webots_ros2_epuck:/home/winni/ros2_humble/install/rqt_bag:/home/winni/ros2_humble/install/ros2bag:/home/winni/ros2_humble/install/webots_ros2_tests:/home/winni/ros2_humble/install/webots_ros2_tesla:/home/winni/ros2_humble/install/webots_ros2_mavic:/home/winni/ros2_humble/install/webots_ros2_importer:/home/winni/ros2_humble/install/tracetools_test:/home/winni/ros2_humble/install/tracetools_launch:/home/winni/ros2_humble/install/topic_monitor:/home/winni/ros2_humble/install/tf2_tools:/home/winni/ros2_humble/install/examples_tf2_py:/home/winni/ros2_humble/install/tf2_ros_py:/home/winni/ros2_humble/install/sros2:/home/winni/ros2_humble/install/rqt_topic:/home/winni/ros2_humble/install/rqt_srv:/home/winni/ros2_humble/install/rqt_shell:/home/winni/ros2_humble/install/rqt_service_caller:/home/winni/ros2_humble/install/rqt_reconfigure:/home/winni/ros2_humble/install/rqt_py_console:/home/winni/ros2_humble/install/rqt_publisher:/home/winni/ros2_humble/install/rqt_plot:/home/winni/ros2_humble/install/rqt_action:/home/winni/ros2_humble/install/rqt_msg:/home/winni/ros2_humble/install/rqt_console:/home/winni/ros2_humble/install/rqt:/home/winni/ros2_humble/install/rqt_graph:/home/winni/ros2_humble/install/rqt_gui_py:/home/winni/ros2_humble/install/rqt_gui:/home/winni/ros2_humble/install/ros2trace:/home/winni/ros2_humble/install/ros2topic:/home/winni/ros2_humble/install/ros2test:/home/winni/ros2_humble/install/ros2controlcli:/home/winni/ros2_humble/install/ros2component:/home/winni/ros2_humble/install/ros2param:/home/winni/ros2_humble/install/ros2lifecycle:/home/winni/ros2_humble/install/ros2service:/home/winni/ros2_humble/install/ros2run:/home/winni/ros2_humble/install/ros2launch:/home/winni/ros2_humble/install/ros2pkg:/home/winni/ros2_humble/install/ros2node:/home/winni/ros2_humble/install/ros2multicast:/home/winni/ros2_humble/install/ros2interface:/home/winni/ros2_humble/install/ros2doctor:/home/winni/ros2_humble/install/ros2action:/home/winni/ros2_humble/install/ros2cli:/home/winni/ros2_humble/install/quality_of_service_demo_py:/home/winni/ros2_humble/install/lifecycle_py:/home/winni/ros2_humble/install/launch_testing_ros:/home/winni/ros2_humble/install/launch_ros:/home/winni/ros2_humble/install/examples_rclpy_pointcloud_publisher:/home/winni/ros2_humble/install/examples_rclpy_minimal_subscriber:/home/winni/ros2_humble/install/examples_rclpy_minimal_service:/home/winni/ros2_humble/install/examples_rclpy_minimal_publisher:/home/winni/ros2_humble/install/examples_rclpy_minimal_client:/home/winni/ros2_humble/install/examples_rclpy_minimal_action_server:/home/winni/ros2_humble/install/examples_rclpy_minimal_action_client:/home/winni/ros2_humble/install/examples_rclpy_guard_conditions:/home/winni/ros2_humble/install/examples_rclpy_executors:/home/winni/ros2_humble/install/demo_nodes_py:/home/winni/ros2_humble/install/action_tutorials_py:/home/winni/ros2_humble/install/ament_uncrustify:/home/winni/ros2_humble/install/tracetools_trace:/home/winni/ros2_humble/install/tracetools_read:/home/winni/ros2_humble/install/tf_transformations:/home/winni/ros2_humble/install/test_tracetools_launch:/home/winni/ros2_humble/install/test_launch_ros:/home/winni/ros2_humble/install/sensor_msgs_py:/home/winni/ros2_humble/install/rpyutils:/home/winni/ros2_humble/install/rosidl_runtime_py:/home/winni/ros2_humble/install/rosidl_cli:/home/winni/ros2_humble/install/launch_pytest:/home/winni/ros2_humble/install/launch_testing:/home/winni/ros2_humble/install/launch_yaml:/home/winni/ros2_humble/install/launch_xml:/home/winni/ros2_humble/install/launch:/home/winni/ros2_humble/install/osrf_pycommon:/home/winni/ros2_humble/install/launch_testing_examples:/home/winni/ros2_humble/install/domain_coordinator:/home/winni/ros2_humble/install/ament_xmllint:/home/winni/ros2_humble/install/ament_pyflakes:/home/winni/ros2_humble/install/ament_pycodestyle:/home/winni/ros2_humble/install/ament_pep257:/home/winni/ros2_humble/install/ament_pclint:/home/winni/ros2_humble/install/ament_package:/home/winni/ros2_humble/install/ament_mypy:/home/winni/ros2_humble/install/ament_lint_cmake:/home/winni/ros2_humble/install/ament_flake8:/home/winni/ros2_humble/install/ament_copyright:/home/winni/ros2_humble/install/ament_lint:/home/winni/ros2_humble/install/ament_index_python:/home/winni/ros2_humble/install/ament_cpplint:/home/winni/ros2_humble/install/ament_cppcheck:/home/winni/ros2_humble/install/ament_clang_tidy:/home/winni/ros2_humble/install/ament_clang_format /usr/bin/cmake --install /home/winni/rumstochern/isse_crtpdriver_ros/build/crtp_interface
[1.821s] Level 1:colcon.colcon_core.environment:create_environment_scripts_only(crtp_interface)
[1.822s] DEBUG:colcon.colcon_core.event_handler.log_command:Invoked command in '/home/winni/rumstochern/isse_crtpdriver_ros/build/crtp_interface' returned '0': CMAKE_PREFIX_PATH=${CMAKE_PREFIX_PATH}:/home/winni/ros2_humble/install/rqt_bag_plugins:/home/winni/ros2_humble/install/webots_ros2:/home/winni/ros2_humble/install/webots_ros2_universal_robot:/home/winni/ros2_humble/install/webots_ros2_turtlebot:/home/winni/ros2_humble/install/webots_ros2_tiago:/home/winni/ros2_humble/install/webots_ros2_epuck:/home/winni/ros2_humble/install/rqt_bag:/home/winni/ros2_humble/install/ros2bag:/home/winni/ros2_humble/install/webots_ros2_tests:/home/winni/ros2_humble/install/webots_ros2_tesla:/home/winni/ros2_humble/install/webots_ros2_mavic:/home/winni/ros2_humble/install/webots_ros2_importer:/home/winni/ros2_humble/install/tracetools_test:/home/winni/ros2_humble/install/tracetools_launch:/home/winni/ros2_humble/install/topic_monitor:/home/winni/ros2_humble/install/tf2_tools:/home/winni/ros2_humble/install/examples_tf2_py:/home/winni/ros2_humble/install/tf2_ros_py:/home/winni/ros2_humble/install/sros2:/home/winni/ros2_humble/install/rqt_topic:/home/winni/ros2_humble/install/rqt_srv:/home/winni/ros2_humble/install/rqt_shell:/home/winni/ros2_humble/install/rqt_service_caller:/home/winni/ros2_humble/install/rqt_reconfigure:/home/winni/ros2_humble/install/rqt_py_console:/home/winni/ros2_humble/install/rqt_publisher:/home/winni/ros2_humble/install/rqt_plot:/home/winni/ros2_humble/install/rqt_action:/home/winni/ros2_humble/install/rqt_msg:/home/winni/ros2_humble/install/rqt_console:/home/winni/ros2_humble/install/rqt:/home/winni/ros2_humble/install/rqt_graph:/home/winni/ros2_humble/install/rqt_gui_py:/home/winni/ros2_humble/install/rqt_gui:/home/winni/ros2_humble/install/ros2trace:/home/winni/ros2_humble/install/ros2topic:/home/winni/ros2_humble/install/ros2test:/home/winni/ros2_humble/install/ros2controlcli:/home/winni/ros2_humble/install/ros2component:/home/winni/ros2_humble/install/ros2param:/home/winni/ros2_humble/install/ros2lifecycle:/home/winni/ros2_humble/install/ros2service:/home/winni/ros2_humble/install/ros2run:/home/winni/ros2_humble/install/ros2launch:/home/winni/ros2_humble/install/ros2pkg:/home/winni/ros2_humble/install/ros2node:/home/winni/ros2_humble/install/ros2multicast:/home/winni/ros2_humble/install/ros2interface:/home/winni/ros2_humble/install/ros2doctor:/home/winni/ros2_humble/install/ros2action:/home/winni/ros2_humble/install/ros2cli:/home/winni/ros2_humble/install/quality_of_service_demo_py:/home/winni/ros2_humble/install/lifecycle_py:/home/winni/ros2_humble/install/launch_testing_ros:/home/winni/ros2_humble/install/launch_ros:/home/winni/ros2_humble/install/examples_rclpy_pointcloud_publisher:/home/winni/ros2_humble/install/examples_rclpy_minimal_subscriber:/home/winni/ros2_humble/install/examples_rclpy_minimal_service:/home/winni/ros2_humble/install/examples_rclpy_minimal_publisher:/home/winni/ros2_humble/install/examples_rclpy_minimal_client:/home/winni/ros2_humble/install/examples_rclpy_minimal_action_server:/home/winni/ros2_humble/install/examples_rclpy_minimal_action_client:/home/winni/ros2_humble/install/examples_rclpy_guard_conditions:/home/winni/ros2_humble/install/examples_rclpy_executors:/home/winni/ros2_humble/install/demo_nodes_py:/home/winni/ros2_humble/install/action_tutorials_py:/home/winni/ros2_humble/install/ament_uncrustify:/home/winni/ros2_humble/install/tracetools_trace:/home/winni/ros2_humble/install/tracetools_read:/home/winni/ros2_humble/install/tf_transformations:/home/winni/ros2_humble/install/test_tracetools_launch:/home/winni/ros2_humble/install/test_launch_ros:/home/winni/ros2_humble/install/sensor_msgs_py:/home/winni/ros2_humble/install/rpyutils:/home/winni/ros2_humble/install/rosidl_runtime_py:/home/winni/ros2_humble/install/rosidl_cli:/home/winni/ros2_humble/install/launch_pytest:/home/winni/ros2_humble/install/launch_testing:/home/winni/ros2_humble/install/launch_yaml:/home/winni/ros2_humble/install/launch_xml:/home/winni/ros2_humble/install/launch:/home/winni/ros2_humble/install/osrf_pycommon:/home/winni/ros2_humble/install/launch_testing_examples:/home/winni/ros2_humble/install/domain_coordinator:/home/winni/ros2_humble/install/ament_xmllint:/home/winni/ros2_humble/install/ament_pyflakes:/home/winni/ros2_humble/install/ament_pycodestyle:/home/winni/ros2_humble/install/ament_pep257:/home/winni/ros2_humble/install/ament_pclint:/home/winni/ros2_humble/install/ament_package:/home/winni/ros2_humble/install/ament_mypy:/home/winni/ros2_humble/install/ament_lint_cmake:/home/winni/ros2_humble/install/ament_flake8:/home/winni/ros2_humble/install/ament_copyright:/home/winni/ros2_humble/install/ament_lint:/home/winni/ros2_humble/install/ament_index_python:/home/winni/ros2_humble/install/ament_cpplint:/home/winni/ros2_humble/install/ament_cppcheck:/home/winni/ros2_humble/install/ament_clang_tidy:/home/winni/ros2_humble/install/ament_clang_format /usr/bin/cmake --install /home/winni/rumstochern/isse_crtpdriver_ros/build/crtp_interface
[1.826s] Level 1:colcon.colcon_core.environment:checking '/home/winni/rumstochern/isse_crtpdriver_ros/install/crtp_interface' for CMake module files
[1.827s] Level 1:colcon.colcon_core.environment:checking '/home/winni/rumstochern/isse_crtpdriver_ros/install/crtp_interface' for CMake config files
[1.827s] Level 1:colcon.colcon_core.shell:create_environment_hook('crtp_interface', 'cmake_prefix_path')
[1.828s] INFO:colcon.colcon_core.shell:Creating environment hook '/home/winni/rumstochern/isse_crtpdriver_ros/install/crtp_interface/share/crtp_interface/hook/cmake_prefix_path.ps1'
[1.828s] INFO:colcon.colcon_core.shell:Creating environment descriptor '/home/winni/rumstochern/isse_crtpdriver_ros/install/crtp_interface/share/crtp_interface/hook/cmake_prefix_path.dsv'
[1.828s] INFO:colcon.colcon_core.shell:Creating environment hook '/home/winni/rumstochern/isse_crtpdriver_ros/install/crtp_interface/share/crtp_interface/hook/cmake_prefix_path.sh'
[1.829s] Level 1:colcon.colcon_core.environment:checking '/home/winni/rumstochern/isse_crtpdriver_ros/install/crtp_interface/lib'
[1.829s] Level 1:colcon.colcon_core.shell:create_environment_hook('crtp_interface', 'ld_library_path_lib')
[1.829s] INFO:colcon.colcon_core.shell:Creating environment hook '/home/winni/rumstochern/isse_crtpdriver_ros/install/crtp_interface/share/crtp_interface/hook/ld_library_path_lib.ps1'
[1.829s] INFO:colcon.colcon_core.shell:Creating environment descriptor '/home/winni/rumstochern/isse_crtpdriver_ros/install/crtp_interface/share/crtp_interface/hook/ld_library_path_lib.dsv'
[1.830s] INFO:colcon.colcon_core.shell:Creating environment hook '/home/winni/rumstochern/isse_crtpdriver_ros/install/crtp_interface/share/crtp_interface/hook/ld_library_path_lib.sh'
[1.830s] Level 1:colcon.colcon_core.environment:checking '/home/winni/rumstochern/isse_crtpdriver_ros/install/crtp_interface/bin'
[1.830s] Level 1:colcon.colcon_core.environment:checking '/home/winni/rumstochern/isse_crtpdriver_ros/install/crtp_interface/lib/pkgconfig/crtp_interface.pc'
[1.832s] Level 1:colcon.colcon_core.environment:checking '/home/winni/rumstochern/isse_crtpdriver_ros/install/crtp_interface/lib/python3.8/site-packages'
[1.832s] Level 1:colcon.colcon_core.shell:create_environment_hook('crtp_interface', 'pythonpath')
[1.832s] INFO:colcon.colcon_core.shell:Creating environment hook '/home/winni/rumstochern/isse_crtpdriver_ros/install/crtp_interface/share/crtp_interface/hook/pythonpath.ps1'
[1.832s] INFO:colcon.colcon_core.shell:Creating environment descriptor '/home/winni/rumstochern/isse_crtpdriver_ros/install/crtp_interface/share/crtp_interface/hook/pythonpath.dsv'
[1.833s] INFO:colcon.colcon_core.shell:Creating environment hook '/home/winni/rumstochern/isse_crtpdriver_ros/install/crtp_interface/share/crtp_interface/hook/pythonpath.sh'
[1.833s] Level 1:colcon.colcon_core.environment:checking '/home/winni/rumstochern/isse_crtpdriver_ros/install/crtp_interface/bin'
[1.833s] INFO:colcon.colcon_core.shell:Creating package script '/home/winni/rumstochern/isse_crtpdriver_ros/install/crtp_interface/share/crtp_interface/package.ps1'
[1.834s] INFO:colcon.colcon_core.shell:Creating package descriptor '/home/winni/rumstochern/isse_crtpdriver_ros/install/crtp_interface/share/crtp_interface/package.dsv'
[1.834s] INFO:colcon.colcon_core.shell:Creating package script '/home/winni/rumstochern/isse_crtpdriver_ros/install/crtp_interface/share/crtp_interface/package.sh'
[1.835s] INFO:colcon.colcon_core.shell:Creating package script '/home/winni/rumstochern/isse_crtpdriver_ros/install/crtp_interface/share/crtp_interface/package.bash'
[1.835s] INFO:colcon.colcon_core.shell:Creating package script '/home/winni/rumstochern/isse_crtpdriver_ros/install/crtp_interface/share/crtp_interface/package.zsh'
[1.836s] Level 1:colcon.colcon_core.environment:create_file_with_runtime_dependencies(/home/winni/rumstochern/isse_crtpdriver_ros/install/crtp_interface/share/colcon-core/packages/crtp_interface)
[2.034s] Level 1:colcon.colcon_core.environment:create_environment_scripts_only(crtp_interface)
[2.034s] Level 1:colcon.colcon_core.environment:checking '/home/winni/rumstochern/isse_crtpdriver_ros/install/crtp_interface' for CMake module files
[2.035s] Level 1:colcon.colcon_core.environment:checking '/home/winni/rumstochern/isse_crtpdriver_ros/install/crtp_interface' for CMake config files
[2.035s] Level 1:colcon.colcon_core.shell:create_environment_hook('crtp_interface', 'cmake_prefix_path')
[2.035s] INFO:colcon.colcon_core.shell:Creating environment hook '/home/winni/rumstochern/isse_crtpdriver_ros/install/crtp_interface/share/crtp_interface/hook/cmake_prefix_path.ps1'
[2.036s] INFO:colcon.colcon_core.shell:Creating environment descriptor '/home/winni/rumstochern/isse_crtpdriver_ros/install/crtp_interface/share/crtp_interface/hook/cmake_prefix_path.dsv'
[2.036s] INFO:colcon.colcon_core.shell:Creating environment hook '/home/winni/rumstochern/isse_crtpdriver_ros/install/crtp_interface/share/crtp_interface/hook/cmake_prefix_path.sh'
[2.036s] Level 1:colcon.colcon_core.environment:checking '/home/winni/rumstochern/isse_crtpdriver_ros/install/crtp_interface/lib'
[2.036s] Level 1:colcon.colcon_core.shell:create_environment_hook('crtp_interface', 'ld_library_path_lib')
[2.037s] INFO:colcon.colcon_core.shell:Creating environment hook '/home/winni/rumstochern/isse_crtpdriver_ros/install/crtp_interface/share/crtp_interface/hook/ld_library_path_lib.ps1'
[2.037s] INFO:colcon.colcon_core.shell:Creating environment descriptor '/home/winni/rumstochern/isse_crtpdriver_ros/install/crtp_interface/share/crtp_interface/hook/ld_library_path_lib.dsv'
[2.038s] INFO:colcon.colcon_core.shell:Creating environment hook '/home/winni/rumstochern/isse_crtpdriver_ros/install/crtp_interface/share/crtp_interface/hook/ld_library_path_lib.sh'
[2.038s] Level 1:colcon.colcon_core.environment:checking '/home/winni/rumstochern/isse_crtpdriver_ros/install/crtp_interface/bin'
[2.038s] Level 1:colcon.colcon_core.environment:checking '/home/winni/rumstochern/isse_crtpdriver_ros/install/crtp_interface/lib/pkgconfig/crtp_interface.pc'
[2.038s] Level 1:colcon.colcon_core.environment:checking '/home/winni/rumstochern/isse_crtpdriver_ros/install/crtp_interface/lib/python3.8/site-packages'
[2.038s] Level 1:colcon.colcon_core.shell:create_environment_hook('crtp_interface', 'pythonpath')
[2.039s] INFO:colcon.colcon_core.shell:Creating environment hook '/home/winni/rumstochern/isse_crtpdriver_ros/install/crtp_interface/share/crtp_interface/hook/pythonpath.ps1'
[2.039s] INFO:colcon.colcon_core.shell:Creating environment descriptor '/home/winni/rumstochern/isse_crtpdriver_ros/install/crtp_interface/share/crtp_interface/hook/pythonpath.dsv'
[2.039s] INFO:colcon.colcon_core.shell:Creating environment hook '/home/winni/rumstochern/isse_crtpdriver_ros/install/crtp_interface/share/crtp_interface/hook/pythonpath.sh'
[2.039s] Level 1:colcon.colcon_core.environment:checking '/home/winni/rumstochern/isse_crtpdriver_ros/install/crtp_interface/bin'
[2.040s] INFO:colcon.colcon_core.shell:Creating package script '/home/winni/rumstochern/isse_crtpdriver_ros/install/crtp_interface/share/crtp_interface/package.ps1'
[2.040s] INFO:colcon.colcon_core.shell:Creating package descriptor '/home/winni/rumstochern/isse_crtpdriver_ros/install/crtp_interface/share/crtp_interface/package.dsv'
[2.040s] INFO:colcon.colcon_core.shell:Creating package script '/home/winni/rumstochern/isse_crtpdriver_ros/install/crtp_interface/share/crtp_interface/package.sh'
[2.041s] INFO:colcon.colcon_core.shell:Creating package script '/home/winni/rumstochern/isse_crtpdriver_ros/install/crtp_interface/share/crtp_interface/package.bash'
[2.041s] INFO:colcon.colcon_core.shell:Creating package script '/home/winni/rumstochern/isse_crtpdriver_ros/install/crtp_interface/share/crtp_interface/package.zsh'
[2.041s] Level 1:colcon.colcon_core.environment:create_file_with_runtime_dependencies(/home/winni/rumstochern/isse_crtpdriver_ros/install/crtp_interface/share/colcon-core/packages/crtp_interface)
[2.041s] INFO:colcon.colcon_ros.task.ament_python.build:Building ROS package in '/home/winni/rumstochern/isse_crtpdriver_ros/src/crtp_driver' with build type 'ament_python'
[2.042s] Level 1:colcon.colcon_core.shell:create_environment_hook('crtp_driver', 'ament_prefix_path')
[2.042s] INFO:colcon.colcon_core.shell:Creating environment hook '/home/winni/rumstochern/isse_crtpdriver_ros/install/crtp_driver/share/crtp_driver/hook/ament_prefix_path.ps1'
[2.042s] INFO:colcon.colcon_core.shell:Creating environment descriptor '/home/winni/rumstochern/isse_crtpdriver_ros/install/crtp_driver/share/crtp_driver/hook/ament_prefix_path.dsv'
[2.042s] INFO:colcon.colcon_core.shell:Creating environment hook '/home/winni/rumstochern/isse_crtpdriver_ros/install/crtp_driver/share/crtp_driver/hook/ament_prefix_path.sh'
[2.043s] INFO:colcon.colcon_core.shell:Skip shell extension 'powershell' for command environment: Not usable outside of PowerShell
[2.043s] DEBUG:colcon.colcon_core.shell:Skip shell extension 'dsv' for command environment
[2.630s] INFO:colcon.colcon_core.task.python.build:Building Python package in '/home/winni/rumstochern/isse_crtpdriver_ros/src/crtp_driver'
[2.631s] INFO:colcon.colcon_core.shell:Skip shell extension 'powershell' for command environment: Not usable outside of PowerShell
[2.631s] DEBUG:colcon.colcon_core.shell:Skip shell extension 'dsv' for command environment
[3.378s] DEBUG:colcon.colcon_core.event_handler.log_command:Invoking command in '/home/winni/rumstochern/isse_crtpdriver_ros/src/crtp_driver': AMENT_PREFIX_PATH=/home/winni/rumstochern/isse_crtpdriver_ros/install/crtp_interface:${AMENT_PREFIX_PATH} CMAKE_PREFIX_PATH=/home/winni/rumstochern/isse_crtpdriver_ros/install/crtp_interface:${CMAKE_PREFIX_PATH} LD_LIBRARY_PATH=/home/winni/rumstochern/isse_crtpdriver_ros/install/crtp_interface/lib:${LD_LIBRARY_PATH} PYTHONPATH=/home/winni/rumstochern/isse_crtpdriver_ros/build/crtp_driver/prefix_override:/home/winni/rumstochern/isse_crtpdriver_ros/install/crtp_driver/lib/python3.8/site-packages:/home/winni/rumstochern/isse_crtpdriver_ros/install/crtp_interface/lib/python3.8/site-packages:${PYTHONPATH} /usr/bin/python3 -W ignore:setup.py install is deprecated setup.py egg_info --egg-base ../../build/crtp_driver build --build-base /home/winni/rumstochern/isse_crtpdriver_ros/build/crtp_driver/build install --record /home/winni/rumstochern/isse_crtpdriver_ros/build/crtp_driver/install.log --single-version-externally-managed install_data
[3.979s] Level 1:colcon.colcon_core.environment:checking '/home/winni/rumstochern/isse_crtpdriver_ros/install/crtp_driver' for CMake module files
[3.979s] DEBUG:colcon.colcon_core.event_handler.log_command:Invoked command in '/home/winni/rumstochern/isse_crtpdriver_ros/src/crtp_driver' returned '0': AMENT_PREFIX_PATH=/home/winni/rumstochern/isse_crtpdriver_ros/install/crtp_interface:${AMENT_PREFIX_PATH} CMAKE_PREFIX_PATH=/home/winni/rumstochern/isse_crtpdriver_ros/install/crtp_interface:${CMAKE_PREFIX_PATH} LD_LIBRARY_PATH=/home/winni/rumstochern/isse_crtpdriver_ros/install/crtp_interface/lib:${LD_LIBRARY_PATH} PYTHONPATH=/home/winni/rumstochern/isse_crtpdriver_ros/build/crtp_driver/prefix_override:/home/winni/rumstochern/isse_crtpdriver_ros/install/crtp_driver/lib/python3.8/site-packages:/home/winni/rumstochern/isse_crtpdriver_ros/install/crtp_interface/lib/python3.8/site-packages:${PYTHONPATH} /usr/bin/python3 -W ignore:setup.py install is deprecated setup.py egg_info --egg-base ../../build/crtp_driver build --build-base /home/winni/rumstochern/isse_crtpdriver_ros/build/crtp_driver/build install --record /home/winni/rumstochern/isse_crtpdriver_ros/build/crtp_driver/install.log --single-version-externally-managed install_data
[3.979s] Level 1:colcon.colcon_core.environment:checking '/home/winni/rumstochern/isse_crtpdriver_ros/install/crtp_driver' for CMake config files
[3.980s] Level 1:colcon.colcon_core.environment:checking '/home/winni/rumstochern/isse_crtpdriver_ros/install/crtp_driver/lib'
[3.980s] Level 1:colcon.colcon_core.environment:checking '/home/winni/rumstochern/isse_crtpdriver_ros/install/crtp_driver/bin'
[3.980s] Level 1:colcon.colcon_core.environment:checking '/home/winni/rumstochern/isse_crtpdriver_ros/install/crtp_driver/lib/pkgconfig/crtp_driver.pc'
[3.980s] Level 1:colcon.colcon_core.environment:checking '/home/winni/rumstochern/isse_crtpdriver_ros/install/crtp_driver/lib/python3.8/site-packages'
[3.980s] Level 1:colcon.colcon_core.shell:create_environment_hook('crtp_driver', 'pythonpath')
[3.980s] INFO:colcon.colcon_core.shell:Creating environment hook '/home/winni/rumstochern/isse_crtpdriver_ros/install/crtp_driver/share/crtp_driver/hook/pythonpath.ps1'
[3.981s] INFO:colcon.colcon_core.shell:Creating environment descriptor '/home/winni/rumstochern/isse_crtpdriver_ros/install/crtp_driver/share/crtp_driver/hook/pythonpath.dsv'
[3.981s] INFO:colcon.colcon_core.shell:Creating environment hook '/home/winni/rumstochern/isse_crtpdriver_ros/install/crtp_driver/share/crtp_driver/hook/pythonpath.sh'
[3.981s] Level 1:colcon.colcon_core.environment:checking '/home/winni/rumstochern/isse_crtpdriver_ros/install/crtp_driver/bin'
[3.981s] Level 1:colcon.colcon_core.environment:create_environment_scripts_only(crtp_driver)
[3.982s] INFO:colcon.colcon_core.shell:Creating package script '/home/winni/rumstochern/isse_crtpdriver_ros/install/crtp_driver/share/crtp_driver/package.ps1'
[3.982s] INFO:colcon.colcon_core.shell:Creating package descriptor '/home/winni/rumstochern/isse_crtpdriver_ros/install/crtp_driver/share/crtp_driver/package.dsv'
[3.982s] INFO:colcon.colcon_core.shell:Creating package script '/home/winni/rumstochern/isse_crtpdriver_ros/install/crtp_driver/share/crtp_driver/package.sh'
[3.982s] INFO:colcon.colcon_core.shell:Creating package script '/home/winni/rumstochern/isse_crtpdriver_ros/install/crtp_driver/share/crtp_driver/package.bash'
[3.983s] INFO:colcon.colcon_core.shell:Creating package script '/home/winni/rumstochern/isse_crtpdriver_ros/install/crtp_driver/share/crtp_driver/package.zsh'
[3.983s] Level 1:colcon.colcon_core.environment:create_file_with_runtime_dependencies(/home/winni/rumstochern/isse_crtpdriver_ros/install/crtp_driver/share/colcon-core/packages/crtp_driver)
[3.983s] DEBUG:colcon.colcon_parallel_executor.executor.parallel:closing loop
[3.983s] DEBUG:colcon.colcon_parallel_executor.executor.parallel:loop closed
[3.983s] DEBUG:colcon.colcon_parallel_executor.executor.parallel:run_until_complete finished with '0'
[3.983s] DEBUG:colcon.colcon_core.event_reactor:joining thread
[3.992s] INFO:colcon.colcon_core.plugin_system:Skipping extension 'colcon_notification.desktop_notification.terminal_notifier': Not used on non-Darwin systems
[3.992s] INFO:colcon.colcon_core.plugin_system:Skipping extension 'colcon_notification.desktop_notification.win32': Not used on non-Windows systems
[3.992s] INFO:colcon.colcon_notification.desktop_notification:Sending desktop notification using 'notify2'
[4.001s] DEBUG:colcon.colcon_core.event_reactor:joined thread
[4.001s] INFO:colcon.colcon_core.shell:Creating prefix script '/home/winni/rumstochern/isse_crtpdriver_ros/install/local_setup.ps1'
[4.002s] INFO:colcon.colcon_core.shell:Creating prefix util module '/home/winni/rumstochern/isse_crtpdriver_ros/install/_local_setup_util_ps1.py'
[4.003s] INFO:colcon.colcon_core.shell:Creating prefix chain script '/home/winni/rumstochern/isse_crtpdriver_ros/install/setup.ps1'
[4.011s] INFO:colcon.colcon_core.shell:Creating prefix script '/home/winni/rumstochern/isse_crtpdriver_ros/install/local_setup.sh'
[4.012s] INFO:colcon.colcon_core.shell:Creating prefix util module '/home/winni/rumstochern/isse_crtpdriver_ros/install/_local_setup_util_sh.py'
[4.012s] INFO:colcon.colcon_core.shell:Creating prefix chain script '/home/winni/rumstochern/isse_crtpdriver_ros/install/setup.sh'
[4.019s] INFO:colcon.colcon_core.shell:Creating prefix script '/home/winni/rumstochern/isse_crtpdriver_ros/install/local_setup.bash'
[4.019s] INFO:colcon.colcon_core.shell:Creating prefix chain script '/home/winni/rumstochern/isse_crtpdriver_ros/install/setup.bash'
[4.026s] INFO:colcon.colcon_core.shell:Creating prefix script '/home/winni/rumstochern/isse_crtpdriver_ros/install/local_setup.zsh'
[4.026s] INFO:colcon.colcon_core.shell:Creating prefix chain script '/home/winni/rumstochern/isse_crtpdriver_ros/install/setup.zsh'
