[0.588s] Invoking command in '/home/winni/rumstochern/isse_crtpdriver_ros/build/crtp_interface': CMAKE_PREFIX_PATH=${CMAKE_PREFIX_PATH}:/home/winni/ros2_humble/install/rqt_bag_plugins:/home/winni/ros2_humble/install/webots_ros2:/home/winni/ros2_humble/install/webots_ros2_universal_robot:/home/winni/ros2_humble/install/webots_ros2_turtlebot:/home/winni/ros2_humble/install/webots_ros2_tiago:/home/winni/ros2_humble/install/webots_ros2_epuck:/home/winni/ros2_humble/install/rqt_bag:/home/winni/ros2_humble/install/ros2bag:/home/winni/ros2_humble/install/webots_ros2_tests:/home/winni/ros2_humble/install/webots_ros2_tesla:/home/winni/ros2_humble/install/webots_ros2_mavic:/home/winni/ros2_humble/install/webots_ros2_importer:/home/winni/ros2_humble/install/tracetools_test:/home/winni/ros2_humble/install/tracetools_launch:/home/winni/ros2_humble/install/topic_monitor:/home/winni/ros2_humble/install/tf2_tools:/home/winni/ros2_humble/install/examples_tf2_py:/home/winni/ros2_humble/install/tf2_ros_py:/home/winni/ros2_humble/install/sros2:/home/winni/ros2_humble/install/rqt_topic:/home/winni/ros2_humble/install/rqt_srv:/home/winni/ros2_humble/install/rqt_shell:/home/winni/ros2_humble/install/rqt_service_caller:/home/winni/ros2_humble/install/rqt_reconfigure:/home/winni/ros2_humble/install/rqt_py_console:/home/winni/ros2_humble/install/rqt_publisher:/home/winni/ros2_humble/install/rqt_plot:/home/winni/ros2_humble/install/rqt_action:/home/winni/ros2_humble/install/rqt_msg:/home/winni/ros2_humble/install/rqt_console:/home/winni/ros2_humble/install/rqt:/home/winni/ros2_humble/install/rqt_graph:/home/winni/ros2_humble/install/rqt_gui_py:/home/winni/ros2_humble/install/rqt_gui:/home/winni/ros2_humble/install/ros2trace:/home/winni/ros2_humble/install/ros2topic:/home/winni/ros2_humble/install/ros2test:/home/winni/ros2_humble/install/ros2controlcli:/home/winni/ros2_humble/install/ros2component:/home/winni/ros2_humble/install/ros2param:/home/winni/ros2_humble/install/ros2lifecycle:/home/winni/ros2_humble/install/ros2service:/home/winni/ros2_humble/install/ros2run:/home/winni/ros2_humble/install/ros2launch:/home/winni/ros2_humble/install/ros2pkg:/home/winni/ros2_humble/install/ros2node:/home/winni/ros2_humble/install/ros2multicast:/home/winni/ros2_humble/install/ros2interface:/home/winni/ros2_humble/install/ros2doctor:/home/winni/ros2_humble/install/ros2action:/home/winni/ros2_humble/install/ros2cli:/home/winni/ros2_humble/install/quality_of_service_demo_py:/home/winni/ros2_humble/install/lifecycle_py:/home/winni/ros2_humble/install/launch_testing_ros:/home/winni/ros2_humble/install/launch_ros:/home/winni/ros2_humble/install/examples_rclpy_pointcloud_publisher:/home/winni/ros2_humble/install/examples_rclpy_minimal_subscriber:/home/winni/ros2_humble/install/examples_rclpy_minimal_service:/home/winni/ros2_humble/install/examples_rclpy_minimal_publisher:/home/winni/ros2_humble/install/examples_rclpy_minimal_client:/home/winni/ros2_humble/install/examples_rclpy_minimal_action_server:/home/winni/ros2_humble/install/examples_rclpy_minimal_action_client:/home/winni/ros2_humble/install/examples_rclpy_guard_conditions:/home/winni/ros2_humble/install/examples_rclpy_executors:/home/winni/ros2_humble/install/demo_nodes_py:/home/winni/ros2_humble/install/action_tutorials_py:/home/winni/ros2_humble/install/ament_uncrustify:/home/winni/ros2_humble/install/tracetools_trace:/home/winni/ros2_humble/install/tracetools_read:/home/winni/ros2_humble/install/tf_transformations:/home/winni/ros2_humble/install/test_tracetools_launch:/home/winni/ros2_humble/install/test_launch_ros:/home/winni/ros2_humble/install/sensor_msgs_py:/home/winni/ros2_humble/install/rpyutils:/home/winni/ros2_humble/install/rosidl_runtime_py:/home/winni/ros2_humble/install/rosidl_cli:/home/winni/ros2_humble/install/launch_pytest:/home/winni/ros2_humble/install/launch_testing:/home/winni/ros2_humble/install/launch_yaml:/home/winni/ros2_humble/install/launch_xml:/home/winni/ros2_humble/install/launch:/home/winni/ros2_humble/install/osrf_pycommon:/home/winni/ros2_humble/install/launch_testing_examples:/home/winni/ros2_humble/install/domain_coordinator:/home/winni/ros2_humble/install/ament_xmllint:/home/winni/ros2_humble/install/ament_pyflakes:/home/winni/ros2_humble/install/ament_pycodestyle:/home/winni/ros2_humble/install/ament_pep257:/home/winni/ros2_humble/install/ament_pclint:/home/winni/ros2_humble/install/ament_package:/home/winni/ros2_humble/install/ament_mypy:/home/winni/ros2_humble/install/ament_lint_cmake:/home/winni/ros2_humble/install/ament_flake8:/home/winni/ros2_humble/install/ament_copyright:/home/winni/ros2_humble/install/ament_lint:/home/winni/ros2_humble/install/ament_index_python:/home/winni/ros2_humble/install/ament_cpplint:/home/winni/ros2_humble/install/ament_cppcheck:/home/winni/ros2_humble/install/ament_clang_tidy:/home/winni/ros2_humble/install/ament_clang_format /usr/bin/cmake --build /home/winni/rumstochern/isse_crtpdriver_ros/build/crtp_interface -- -j16 -l16
[0.666s] [ 10%] Built target crtp_interface__rosidl_generator_c
[0.667s] [ 12%] Built target crtp_interface__cpp
[0.681s] [ 12%] Built target ament_cmake_python_copy_crtp_interface
[0.697s] [ 34%] Built target crtp_interface__rosidl_typesupport_c
[0.697s] [ 34%] Built target crtp_interface__rosidl_typesupport_cpp
[0.697s] [ 44%] Built target crtp_interface__rosidl_typesupport_fastrtps_c
[0.697s] [ 55%] Built target crtp_interface__rosidl_typesupport_introspection_c
[0.698s] [ 65%] Built target crtp_interface__rosidl_typesupport_introspection_cpp
[0.700s] [ 76%] Built target crtp_interface__rosidl_typesupport_fastrtps_cpp
[0.732s] [ 76%] Built target crtp_interface
[0.765s] [ 78%] Built target crtp_interface__py
[0.803s] [ 87%] Built target crtp_interface__rosidl_generator_py
[0.840s] [ 95%] Built target crtp_interface__rosidl_typesupport_c__pyext
[0.840s] [ 95%] Built target crtp_interface__rosidl_typesupport_fastrtps_c__pyext
[0.841s] [100%] Built target crtp_interface__rosidl_typesupport_introspection_c__pyext
[1.236s] running egg_info
[1.236s] writing crtp_interface.egg-info/PKG-INFO
[1.236s] writing dependency_links to crtp_interface.egg-info/dependency_links.txt
[1.236s] writing top-level names to crtp_interface.egg-info/top_level.txt
[1.266s] reading manifest file 'crtp_interface.egg-info/SOURCES.txt'
[1.266s] writing manifest file 'crtp_interface.egg-info/SOURCES.txt'
[1.290s] [100%] Built target ament_cmake_python_build_crtp_interface_egg
[1.305s] Invoked command in '/home/winni/rumstochern/isse_crtpdriver_ros/build/crtp_interface' returned '0': CMAKE_PREFIX_PATH=${CMAKE_PREFIX_PATH}:/home/winni/ros2_humble/install/rqt_bag_plugins:/home/winni/ros2_humble/install/webots_ros2:/home/winni/ros2_humble/install/webots_ros2_universal_robot:/home/winni/ros2_humble/install/webots_ros2_turtlebot:/home/winni/ros2_humble/install/webots_ros2_tiago:/home/winni/ros2_humble/install/webots_ros2_epuck:/home/winni/ros2_humble/install/rqt_bag:/home/winni/ros2_humble/install/ros2bag:/home/winni/ros2_humble/install/webots_ros2_tests:/home/winni/ros2_humble/install/webots_ros2_tesla:/home/winni/ros2_humble/install/webots_ros2_mavic:/home/winni/ros2_humble/install/webots_ros2_importer:/home/winni/ros2_humble/install/tracetools_test:/home/winni/ros2_humble/install/tracetools_launch:/home/winni/ros2_humble/install/topic_monitor:/home/winni/ros2_humble/install/tf2_tools:/home/winni/ros2_humble/install/examples_tf2_py:/home/winni/ros2_humble/install/tf2_ros_py:/home/winni/ros2_humble/install/sros2:/home/winni/ros2_humble/install/rqt_topic:/home/winni/ros2_humble/install/rqt_srv:/home/winni/ros2_humble/install/rqt_shell:/home/winni/ros2_humble/install/rqt_service_caller:/home/winni/ros2_humble/install/rqt_reconfigure:/home/winni/ros2_humble/install/rqt_py_console:/home/winni/ros2_humble/install/rqt_publisher:/home/winni/ros2_humble/install/rqt_plot:/home/winni/ros2_humble/install/rqt_action:/home/winni/ros2_humble/install/rqt_msg:/home/winni/ros2_humble/install/rqt_console:/home/winni/ros2_humble/install/rqt:/home/winni/ros2_humble/install/rqt_graph:/home/winni/ros2_humble/install/rqt_gui_py:/home/winni/ros2_humble/install/rqt_gui:/home/winni/ros2_humble/install/ros2trace:/home/winni/ros2_humble/install/ros2topic:/home/winni/ros2_humble/install/ros2test:/home/winni/ros2_humble/install/ros2controlcli:/home/winni/ros2_humble/install/ros2component:/home/winni/ros2_humble/install/ros2param:/home/winni/ros2_humble/install/ros2lifecycle:/home/winni/ros2_humble/install/ros2service:/home/winni/ros2_humble/install/ros2run:/home/winni/ros2_humble/install/ros2launch:/home/winni/ros2_humble/install/ros2pkg:/home/winni/ros2_humble/install/ros2node:/home/winni/ros2_humble/install/ros2multicast:/home/winni/ros2_humble/install/ros2interface:/home/winni/ros2_humble/install/ros2doctor:/home/winni/ros2_humble/install/ros2action:/home/winni/ros2_humble/install/ros2cli:/home/winni/ros2_humble/install/quality_of_service_demo_py:/home/winni/ros2_humble/install/lifecycle_py:/home/winni/ros2_humble/install/launch_testing_ros:/home/winni/ros2_humble/install/launch_ros:/home/winni/ros2_humble/install/examples_rclpy_pointcloud_publisher:/home/winni/ros2_humble/install/examples_rclpy_minimal_subscriber:/home/winni/ros2_humble/install/examples_rclpy_minimal_service:/home/winni/ros2_humble/install/examples_rclpy_minimal_publisher:/home/winni/ros2_humble/install/examples_rclpy_minimal_client:/home/winni/ros2_humble/install/examples_rclpy_minimal_action_server:/home/winni/ros2_humble/install/examples_rclpy_minimal_action_client:/home/winni/ros2_humble/install/examples_rclpy_guard_conditions:/home/winni/ros2_humble/install/examples_rclpy_executors:/home/winni/ros2_humble/install/demo_nodes_py:/home/winni/ros2_humble/install/action_tutorials_py:/home/winni/ros2_humble/install/ament_uncrustify:/home/winni/ros2_humble/install/tracetools_trace:/home/winni/ros2_humble/install/tracetools_read:/home/winni/ros2_humble/install/tf_transformations:/home/winni/ros2_humble/install/test_tracetools_launch:/home/winni/ros2_humble/install/test_launch_ros:/home/winni/ros2_humble/install/sensor_msgs_py:/home/winni/ros2_humble/install/rpyutils:/home/winni/ros2_humble/install/rosidl_runtime_py:/home/winni/ros2_humble/install/rosidl_cli:/home/winni/ros2_humble/install/launch_pytest:/home/winni/ros2_humble/install/launch_testing:/home/winni/ros2_humble/install/launch_yaml:/home/winni/ros2_humble/install/launch_xml:/home/winni/ros2_humble/install/launch:/home/winni/ros2_humble/install/osrf_pycommon:/home/winni/ros2_humble/install/launch_testing_examples:/home/winni/ros2_humble/install/domain_coordinator:/home/winni/ros2_humble/install/ament_xmllint:/home/winni/ros2_humble/install/ament_pyflakes:/home/winni/ros2_humble/install/ament_pycodestyle:/home/winni/ros2_humble/install/ament_pep257:/home/winni/ros2_humble/install/ament_pclint:/home/winni/ros2_humble/install/ament_package:/home/winni/ros2_humble/install/ament_mypy:/home/winni/ros2_humble/install/ament_lint_cmake:/home/winni/ros2_humble/install/ament_flake8:/home/winni/ros2_humble/install/ament_copyright:/home/winni/ros2_humble/install/ament_lint:/home/winni/ros2_humble/install/ament_index_python:/home/winni/ros2_humble/install/ament_cpplint:/home/winni/ros2_humble/install/ament_cppcheck:/home/winni/ros2_humble/install/ament_clang_tidy:/home/winni/ros2_humble/install/ament_clang_format /usr/bin/cmake --build /home/winni/rumstochern/isse_crtpdriver_ros/build/crtp_interface -- -j16 -l16
[1.522s] Invoking command in '/home/winni/rumstochern/isse_crtpdriver_ros/build/crtp_interface': CMAKE_PREFIX_PATH=${CMAKE_PREFIX_PATH}:/home/winni/ros2_humble/install/rqt_bag_plugins:/home/winni/ros2_humble/install/webots_ros2:/home/winni/ros2_humble/install/webots_ros2_universal_robot:/home/winni/ros2_humble/install/webots_ros2_turtlebot:/home/winni/ros2_humble/install/webots_ros2_tiago:/home/winni/ros2_humble/install/webots_ros2_epuck:/home/winni/ros2_humble/install/rqt_bag:/home/winni/ros2_humble/install/ros2bag:/home/winni/ros2_humble/install/webots_ros2_tests:/home/winni/ros2_humble/install/webots_ros2_tesla:/home/winni/ros2_humble/install/webots_ros2_mavic:/home/winni/ros2_humble/install/webots_ros2_importer:/home/winni/ros2_humble/install/tracetools_test:/home/winni/ros2_humble/install/tracetools_launch:/home/winni/ros2_humble/install/topic_monitor:/home/winni/ros2_humble/install/tf2_tools:/home/winni/ros2_humble/install/examples_tf2_py:/home/winni/ros2_humble/install/tf2_ros_py:/home/winni/ros2_humble/install/sros2:/home/winni/ros2_humble/install/rqt_topic:/home/winni/ros2_humble/install/rqt_srv:/home/winni/ros2_humble/install/rqt_shell:/home/winni/ros2_humble/install/rqt_service_caller:/home/winni/ros2_humble/install/rqt_reconfigure:/home/winni/ros2_humble/install/rqt_py_console:/home/winni/ros2_humble/install/rqt_publisher:/home/winni/ros2_humble/install/rqt_plot:/home/winni/ros2_humble/install/rqt_action:/home/winni/ros2_humble/install/rqt_msg:/home/winni/ros2_humble/install/rqt_console:/home/winni/ros2_humble/install/rqt:/home/winni/ros2_humble/install/rqt_graph:/home/winni/ros2_humble/install/rqt_gui_py:/home/winni/ros2_humble/install/rqt_gui:/home/winni/ros2_humble/install/ros2trace:/home/winni/ros2_humble/install/ros2topic:/home/winni/ros2_humble/install/ros2test:/home/winni/ros2_humble/install/ros2controlcli:/home/winni/ros2_humble/install/ros2component:/home/winni/ros2_humble/install/ros2param:/home/winni/ros2_humble/install/ros2lifecycle:/home/winni/ros2_humble/install/ros2service:/home/winni/ros2_humble/install/ros2run:/home/winni/ros2_humble/install/ros2launch:/home/winni/ros2_humble/install/ros2pkg:/home/winni/ros2_humble/install/ros2node:/home/winni/ros2_humble/install/ros2multicast:/home/winni/ros2_humble/install/ros2interface:/home/winni/ros2_humble/install/ros2doctor:/home/winni/ros2_humble/install/ros2action:/home/winni/ros2_humble/install/ros2cli:/home/winni/ros2_humble/install/quality_of_service_demo_py:/home/winni/ros2_humble/install/lifecycle_py:/home/winni/ros2_humble/install/launch_testing_ros:/home/winni/ros2_humble/install/launch_ros:/home/winni/ros2_humble/install/examples_rclpy_pointcloud_publisher:/home/winni/ros2_humble/install/examples_rclpy_minimal_subscriber:/home/winni/ros2_humble/install/examples_rclpy_minimal_service:/home/winni/ros2_humble/install/examples_rclpy_minimal_publisher:/home/winni/ros2_humble/install/examples_rclpy_minimal_client:/home/winni/ros2_humble/install/examples_rclpy_minimal_action_server:/home/winni/ros2_humble/install/examples_rclpy_minimal_action_client:/home/winni/ros2_humble/install/examples_rclpy_guard_conditions:/home/winni/ros2_humble/install/examples_rclpy_executors:/home/winni/ros2_humble/install/demo_nodes_py:/home/winni/ros2_humble/install/action_tutorials_py:/home/winni/ros2_humble/install/ament_uncrustify:/home/winni/ros2_humble/install/tracetools_trace:/home/winni/ros2_humble/install/tracetools_read:/home/winni/ros2_humble/install/tf_transformations:/home/winni/ros2_humble/install/test_tracetools_launch:/home/winni/ros2_humble/install/test_launch_ros:/home/winni/ros2_humble/install/sensor_msgs_py:/home/winni/ros2_humble/install/rpyutils:/home/winni/ros2_humble/install/rosidl_runtime_py:/home/winni/ros2_humble/install/rosidl_cli:/home/winni/ros2_humble/install/launch_pytest:/home/winni/ros2_humble/install/launch_testing:/home/winni/ros2_humble/install/launch_yaml:/home/winni/ros2_humble/install/launch_xml:/home/winni/ros2_humble/install/launch:/home/winni/ros2_humble/install/osrf_pycommon:/home/winni/ros2_humble/install/launch_testing_examples:/home/winni/ros2_humble/install/domain_coordinator:/home/winni/ros2_humble/install/ament_xmllint:/home/winni/ros2_humble/install/ament_pyflakes:/home/winni/ros2_humble/install/ament_pycodestyle:/home/winni/ros2_humble/install/ament_pep257:/home/winni/ros2_humble/install/ament_pclint:/home/winni/ros2_humble/install/ament_package:/home/winni/ros2_humble/install/ament_mypy:/home/winni/ros2_humble/install/ament_lint_cmake:/home/winni/ros2_humble/install/ament_flake8:/home/winni/ros2_humble/install/ament_copyright:/home/winni/ros2_humble/install/ament_lint:/home/winni/ros2_humble/install/ament_index_python:/home/winni/ros2_humble/install/ament_cpplint:/home/winni/ros2_humble/install/ament_cppcheck:/home/winni/ros2_humble/install/ament_clang_tidy:/home/winni/ros2_humble/install/ament_clang_format /usr/bin/cmake --install /home/winni/rumstochern/isse_crtpdriver_ros/build/crtp_interface
[1.534s] -- Install configuration: ""
[1.535s] -- Up-to-date: /home/winni/rumstochern/isse_crtpdriver_ros/install/crtp_interface/share/ament_index/resource_index/rosidl_interfaces/crtp_interface
[1.535s] -- Up-to-date: /home/winni/rumstochern/isse_crtpdriver_ros/install/crtp_interface/include/crtp_interface/crtp_interface
[1.535s] -- Up-to-date: /home/winni/rumstochern/isse_crtpdriver_ros/install/crtp_interface/include/crtp_interface/crtp_interface/msg
[1.535s] -- Up-to-date: /home/winni/rumstochern/isse_crtpdriver_ros/install/crtp_interface/include/crtp_interface/crtp_interface/msg/crtp_packet.h
[1.535s] -- Up-to-date: /home/winni/rumstochern/isse_crtpdriver_ros/install/crtp_interface/include/crtp_interface/crtp_interface/msg/crtp_response.h
[1.535s] -- Up-to-date: /home/winni/rumstochern/isse_crtpdriver_ros/install/crtp_interface/include/crtp_interface/crtp_interface/msg/detail
[1.535s] -- Up-to-date: /home/winni/rumstochern/isse_crtpdriver_ros/install/crtp_interface/include/crtp_interface/crtp_interface/msg/detail/crtp_packet__functions.h
[1.535s] -- Up-to-date: /home/winni/rumstochern/isse_crtpdriver_ros/install/crtp_interface/include/crtp_interface/crtp_interface/msg/detail/crtp_response__type_support.h
[1.535s] -- Up-to-date: /home/winni/rumstochern/isse_crtpdriver_ros/install/crtp_interface/include/crtp_interface/crtp_interface/msg/detail/crtp_packet__functions.c
[1.535s] -- Up-to-date: /home/winni/rumstochern/isse_crtpdriver_ros/install/crtp_interface/include/crtp_interface/crtp_interface/msg/detail/crtp_response__functions.h
[1.535s] -- Up-to-date: /home/winni/rumstochern/isse_crtpdriver_ros/install/crtp_interface/include/crtp_interface/crtp_interface/msg/detail/crtp_packet__type_support.h
[1.535s] -- Up-to-date: /home/winni/rumstochern/isse_crtpdriver_ros/install/crtp_interface/include/crtp_interface/crtp_interface/msg/detail/crtp_response__struct.h
[1.535s] -- Up-to-date: /home/winni/rumstochern/isse_crtpdriver_ros/install/crtp_interface/include/crtp_interface/crtp_interface/msg/detail/crtp_response__functions.c
[1.535s] -- Up-to-date: /home/winni/rumstochern/isse_crtpdriver_ros/install/crtp_interface/include/crtp_interface/crtp_interface/msg/detail/crtp_packet__struct.h
[1.536s] -- Up-to-date: /home/winni/rumstochern/isse_crtpdriver_ros/install/crtp_interface/include/crtp_interface/crtp_interface/msg/rosidl_generator_c__visibility_control.h
[1.536s] -- Up-to-date: /home/winni/rumstochern/isse_crtpdriver_ros/install/crtp_interface/include/crtp_interface/crtp_interface/srv
[1.536s] -- Up-to-date: /home/winni/rumstochern/isse_crtpdriver_ros/install/crtp_interface/include/crtp_interface/crtp_interface/srv/detail
[1.536s] -- Up-to-date: /home/winni/rumstochern/isse_crtpdriver_ros/install/crtp_interface/include/crtp_interface/crtp_interface/srv/detail/crtp_packet_send__struct.h
[1.536s] -- Up-to-date: /home/winni/rumstochern/isse_crtpdriver_ros/install/crtp_interface/include/crtp_interface/crtp_interface/srv/detail/crtp_packet_send__functions.c
[1.536s] -- Up-to-date: /home/winni/rumstochern/isse_crtpdriver_ros/install/crtp_interface/include/crtp_interface/crtp_interface/srv/detail/crtp_packet_send__functions.h
[1.536s] -- Up-to-date: /home/winni/rumstochern/isse_crtpdriver_ros/install/crtp_interface/include/crtp_interface/crtp_interface/srv/detail/crtp_packet_send__type_support.h
[1.536s] -- Up-to-date: /home/winni/rumstochern/isse_crtpdriver_ros/install/crtp_interface/include/crtp_interface/crtp_interface/srv/crtp_packet_send.h
[1.536s] -- Up-to-date: /home/winni/rumstochern/isse_crtpdriver_ros/install/crtp_interface/share/crtp_interface/environment/library_path.sh
[1.536s] -- Up-to-date: /home/winni/rumstochern/isse_crtpdriver_ros/install/crtp_interface/share/crtp_interface/environment/library_path.dsv
[1.536s] -- Up-to-date: /home/winni/rumstochern/isse_crtpdriver_ros/install/crtp_interface/lib/libcrtp_interface__rosidl_generator_c.so
[1.536s] -- Up-to-date: /home/winni/rumstochern/isse_crtpdriver_ros/install/crtp_interface/include/crtp_interface/crtp_interface
[1.536s] -- Up-to-date: /home/winni/rumstochern/isse_crtpdriver_ros/install/crtp_interface/include/crtp_interface/crtp_interface/msg
[1.536s] -- Up-to-date: /home/winni/rumstochern/isse_crtpdriver_ros/install/crtp_interface/include/crtp_interface/crtp_interface/msg/rosidl_typesupport_introspection_c__visibility_control.h
[1.536s] -- Up-to-date: /home/winni/rumstochern/isse_crtpdriver_ros/install/crtp_interface/include/crtp_interface/crtp_interface/msg/detail
[1.536s] -- Up-to-date: /home/winni/rumstochern/isse_crtpdriver_ros/install/crtp_interface/include/crtp_interface/crtp_interface/msg/detail/crtp_response__rosidl_typesupport_introspection_c.h
[1.536s] -- Up-to-date: /home/winni/rumstochern/isse_crtpdriver_ros/install/crtp_interface/include/crtp_interface/crtp_interface/msg/detail/crtp_packet__rosidl_typesupport_introspection_c.h
[1.537s] -- Up-to-date: /home/winni/rumstochern/isse_crtpdriver_ros/install/crtp_interface/include/crtp_interface/crtp_interface/msg/detail/crtp_response__type_support.c
[1.537s] -- Up-to-date: /home/winni/rumstochern/isse_crtpdriver_ros/install/crtp_interface/include/crtp_interface/crtp_interface/msg/detail/crtp_packet__type_support.c
[1.537s] -- Up-to-date: /home/winni/rumstochern/isse_crtpdriver_ros/install/crtp_interface/include/crtp_interface/crtp_interface/srv
[1.537s] -- Up-to-date: /home/winni/rumstochern/isse_crtpdriver_ros/install/crtp_interface/include/crtp_interface/crtp_interface/srv/detail
[1.537s] -- Up-to-date: /home/winni/rumstochern/isse_crtpdriver_ros/install/crtp_interface/include/crtp_interface/crtp_interface/srv/detail/crtp_packet_send__type_support.c
[1.537s] -- Up-to-date: /home/winni/rumstochern/isse_crtpdriver_ros/install/crtp_interface/include/crtp_interface/crtp_interface/srv/detail/crtp_packet_send__rosidl_typesupport_introspection_c.h
[1.537s] -- Up-to-date: /home/winni/rumstochern/isse_crtpdriver_ros/install/crtp_interface/lib/libcrtp_interface__rosidl_typesupport_introspection_c.so
[1.537s] -- Up-to-date: /home/winni/rumstochern/isse_crtpdriver_ros/install/crtp_interface/include/crtp_interface/crtp_interface
[1.537s] -- Up-to-date: /home/winni/rumstochern/isse_crtpdriver_ros/install/crtp_interface/include/crtp_interface/crtp_interface/msg
[1.537s] -- Up-to-date: /home/winni/rumstochern/isse_crtpdriver_ros/install/crtp_interface/include/crtp_interface/crtp_interface/msg/rosidl_typesupport_fastrtps_c__visibility_control.h
[1.537s] -- Up-to-date: /home/winni/rumstochern/isse_crtpdriver_ros/install/crtp_interface/include/crtp_interface/crtp_interface/msg/detail
[1.537s] -- Up-to-date: /home/winni/rumstochern/isse_crtpdriver_ros/install/crtp_interface/include/crtp_interface/crtp_interface/msg/detail/crtp_packet__rosidl_typesupport_fastrtps_c.h
[1.537s] -- Up-to-date: /home/winni/rumstochern/isse_crtpdriver_ros/install/crtp_interface/include/crtp_interface/crtp_interface/msg/detail/crtp_response__rosidl_typesupport_fastrtps_c.h
[1.537s] -- Up-to-date: /home/winni/rumstochern/isse_crtpdriver_ros/install/crtp_interface/include/crtp_interface/crtp_interface/srv
[1.537s] -- Up-to-date: /home/winni/rumstochern/isse_crtpdriver_ros/install/crtp_interface/include/crtp_interface/crtp_interface/srv/detail
[1.537s] -- Up-to-date: /home/winni/rumstochern/isse_crtpdriver_ros/install/crtp_interface/include/crtp_interface/crtp_interface/srv/detail/crtp_packet_send__rosidl_typesupport_fastrtps_c.h
[1.537s] -- Up-to-date: /home/winni/rumstochern/isse_crtpdriver_ros/install/crtp_interface/lib/libcrtp_interface__rosidl_typesupport_fastrtps_c.so
[1.537s] -- Up-to-date: /home/winni/rumstochern/isse_crtpdriver_ros/install/crtp_interface/lib/libcrtp_interface__rosidl_typesupport_c.so
[1.538s] -- Up-to-date: /home/winni/rumstochern/isse_crtpdriver_ros/install/crtp_interface/include/crtp_interface/crtp_interface
[1.538s] -- Up-to-date: /home/winni/rumstochern/isse_crtpdriver_ros/install/crtp_interface/include/crtp_interface/crtp_interface/msg
[1.538s] -- Up-to-date: /home/winni/rumstochern/isse_crtpdriver_ros/install/crtp_interface/include/crtp_interface/crtp_interface/msg/crtp_packet.hpp
[1.538s] -- Up-to-date: /home/winni/rumstochern/isse_crtpdriver_ros/install/crtp_interface/include/crtp_interface/crtp_interface/msg/crtp_response.hpp
[1.538s] -- Up-to-date: /home/winni/rumstochern/isse_crtpdriver_ros/install/crtp_interface/include/crtp_interface/crtp_interface/msg/detail
[1.538s] -- Up-to-date: /home/winni/rumstochern/isse_crtpdriver_ros/install/crtp_interface/include/crtp_interface/crtp_interface/msg/detail/crtp_response__builder.hpp
[1.538s] -- Up-to-date: /home/winni/rumstochern/isse_crtpdriver_ros/install/crtp_interface/include/crtp_interface/crtp_interface/msg/detail/crtp_response__struct.hpp
[1.538s] -- Up-to-date: /home/winni/rumstochern/isse_crtpdriver_ros/install/crtp_interface/include/crtp_interface/crtp_interface/msg/detail/crtp_packet__traits.hpp
[1.538s] -- Up-to-date: /home/winni/rumstochern/isse_crtpdriver_ros/install/crtp_interface/include/crtp_interface/crtp_interface/msg/detail/crtp_response__traits.hpp
[1.538s] -- Up-to-date: /home/winni/rumstochern/isse_crtpdriver_ros/install/crtp_interface/include/crtp_interface/crtp_interface/msg/detail/crtp_packet__builder.hpp
[1.538s] -- Up-to-date: /home/winni/rumstochern/isse_crtpdriver_ros/install/crtp_interface/include/crtp_interface/crtp_interface/msg/detail/crtp_packet__struct.hpp
[1.538s] -- Up-to-date: /home/winni/rumstochern/isse_crtpdriver_ros/install/crtp_interface/include/crtp_interface/crtp_interface/srv
[1.538s] -- Up-to-date: /home/winni/rumstochern/isse_crtpdriver_ros/install/crtp_interface/include/crtp_interface/crtp_interface/srv/detail
[1.538s] -- Up-to-date: /home/winni/rumstochern/isse_crtpdriver_ros/install/crtp_interface/include/crtp_interface/crtp_interface/srv/detail/crtp_packet_send__traits.hpp
[1.538s] -- Up-to-date: /home/winni/rumstochern/isse_crtpdriver_ros/install/crtp_interface/include/crtp_interface/crtp_interface/srv/detail/crtp_packet_send__builder.hpp
[1.538s] -- Up-to-date: /home/winni/rumstochern/isse_crtpdriver_ros/install/crtp_interface/include/crtp_interface/crtp_interface/srv/detail/crtp_packet_send__struct.hpp
[1.538s] -- Up-to-date: /home/winni/rumstochern/isse_crtpdriver_ros/install/crtp_interface/include/crtp_interface/crtp_interface/srv/crtp_packet_send.hpp
[1.538s] -- Up-to-date: /home/winni/rumstochern/isse_crtpdriver_ros/install/crtp_interface/include/crtp_interface/crtp_interface
[1.539s] -- Up-to-date: /home/winni/rumstochern/isse_crtpdriver_ros/install/crtp_interface/include/crtp_interface/crtp_interface/msg
[1.539s] -- Up-to-date: /home/winni/rumstochern/isse_crtpdriver_ros/install/crtp_interface/include/crtp_interface/crtp_interface/msg/detail
[1.539s] -- Up-to-date: /home/winni/rumstochern/isse_crtpdriver_ros/install/crtp_interface/include/crtp_interface/crtp_interface/msg/detail/crtp_response__type_support.cpp
[1.539s] -- Up-to-date: /home/winni/rumstochern/isse_crtpdriver_ros/install/crtp_interface/include/crtp_interface/crtp_interface/msg/detail/crtp_response__rosidl_typesupport_introspection_cpp.hpp
[1.539s] -- Up-to-date: /home/winni/rumstochern/isse_crtpdriver_ros/install/crtp_interface/include/crtp_interface/crtp_interface/msg/detail/crtp_packet__type_support.cpp
[1.539s] -- Up-to-date: /home/winni/rumstochern/isse_crtpdriver_ros/install/crtp_interface/include/crtp_interface/crtp_interface/msg/detail/crtp_packet__rosidl_typesupport_introspection_cpp.hpp
[1.539s] -- Up-to-date: /home/winni/rumstochern/isse_crtpdriver_ros/install/crtp_interface/include/crtp_interface/crtp_interface/srv
[1.539s] -- Up-to-date: /home/winni/rumstochern/isse_crtpdriver_ros/install/crtp_interface/include/crtp_interface/crtp_interface/srv/detail
[1.539s] -- Up-to-date: /home/winni/rumstochern/isse_crtpdriver_ros/install/crtp_interface/include/crtp_interface/crtp_interface/srv/detail/crtp_packet_send__rosidl_typesupport_introspection_cpp.hpp
[1.539s] -- Up-to-date: /home/winni/rumstochern/isse_crtpdriver_ros/install/crtp_interface/include/crtp_interface/crtp_interface/srv/detail/crtp_packet_send__type_support.cpp
[1.539s] -- Up-to-date: /home/winni/rumstochern/isse_crtpdriver_ros/install/crtp_interface/lib/libcrtp_interface__rosidl_typesupport_introspection_cpp.so
[1.539s] -- Up-to-date: /home/winni/rumstochern/isse_crtpdriver_ros/install/crtp_interface/include/crtp_interface/crtp_interface
[1.539s] -- Up-to-date: /home/winni/rumstochern/isse_crtpdriver_ros/install/crtp_interface/include/crtp_interface/crtp_interface/msg
[1.539s] -- Up-to-date: /home/winni/rumstochern/isse_crtpdriver_ros/install/crtp_interface/include/crtp_interface/crtp_interface/msg/detail
[1.539s] -- Up-to-date: /home/winni/rumstochern/isse_crtpdriver_ros/install/crtp_interface/include/crtp_interface/crtp_interface/msg/detail/crtp_packet__rosidl_typesupport_fastrtps_cpp.hpp
[1.539s] -- Up-to-date: /home/winni/rumstochern/isse_crtpdriver_ros/install/crtp_interface/include/crtp_interface/crtp_interface/msg/detail/crtp_response__rosidl_typesupport_fastrtps_cpp.hpp
[1.539s] -- Up-to-date: /home/winni/rumstochern/isse_crtpdriver_ros/install/crtp_interface/include/crtp_interface/crtp_interface/msg/detail/dds_fastrtps
[1.539s] -- Up-to-date: /home/winni/rumstochern/isse_crtpdriver_ros/install/crtp_interface/include/crtp_interface/crtp_interface/msg/rosidl_typesupport_fastrtps_cpp__visibility_control.h
[1.539s] -- Up-to-date: /home/winni/rumstochern/isse_crtpdriver_ros/install/crtp_interface/include/crtp_interface/crtp_interface/srv
[1.539s] -- Up-to-date: /home/winni/rumstochern/isse_crtpdriver_ros/install/crtp_interface/include/crtp_interface/crtp_interface/srv/detail
[1.540s] -- Up-to-date: /home/winni/rumstochern/isse_crtpdriver_ros/install/crtp_interface/include/crtp_interface/crtp_interface/srv/detail/crtp_packet_send__rosidl_typesupport_fastrtps_cpp.hpp
[1.540s] -- Up-to-date: /home/winni/rumstochern/isse_crtpdriver_ros/install/crtp_interface/include/crtp_interface/crtp_interface/srv/detail/dds_fastrtps
[1.540s] -- Up-to-date: /home/winni/rumstochern/isse_crtpdriver_ros/install/crtp_interface/lib/libcrtp_interface__rosidl_typesupport_fastrtps_cpp.so
[1.540s] -- Up-to-date: /home/winni/rumstochern/isse_crtpdriver_ros/install/crtp_interface/lib/libcrtp_interface__rosidl_typesupport_cpp.so
[1.540s] -- Up-to-date: /home/winni/rumstochern/isse_crtpdriver_ros/install/crtp_interface/share/crtp_interface/environment/pythonpath.sh
[1.540s] -- Up-to-date: /home/winni/rumstochern/isse_crtpdriver_ros/install/crtp_interface/share/crtp_interface/environment/pythonpath.dsv
[1.540s] -- Up-to-date: /home/winni/rumstochern/isse_crtpdriver_ros/install/crtp_interface/lib/python3.8/site-packages/crtp_interface-0.0.0-py3.8.egg-info
[1.540s] -- Installing: /home/winni/rumstochern/isse_crtpdriver_ros/install/crtp_interface/lib/python3.8/site-packages/crtp_interface-0.0.0-py3.8.egg-info/dependency_links.txt
[1.540s] -- Installing: /home/winni/rumstochern/isse_crtpdriver_ros/install/crtp_interface/lib/python3.8/site-packages/crtp_interface-0.0.0-py3.8.egg-info/PKG-INFO
[1.540s] -- Installing: /home/winni/rumstochern/isse_crtpdriver_ros/install/crtp_interface/lib/python3.8/site-packages/crtp_interface-0.0.0-py3.8.egg-info/SOURCES.txt
[1.540s] -- Installing: /home/winni/rumstochern/isse_crtpdriver_ros/install/crtp_interface/lib/python3.8/site-packages/crtp_interface-0.0.0-py3.8.egg-info/top_level.txt
[1.540s] -- Up-to-date: /home/winni/rumstochern/isse_crtpdriver_ros/install/crtp_interface/lib/python3.8/site-packages/crtp_interface
[1.540s] -- Up-to-date: /home/winni/rumstochern/isse_crtpdriver_ros/install/crtp_interface/lib/python3.8/site-packages/crtp_interface/crtp_interface_s__rosidl_typesupport_fastrtps_c.cpython-38-x86_64-linux-gnu.so
[1.540s] -- Up-to-date: /home/winni/rumstochern/isse_crtpdriver_ros/install/crtp_interface/lib/python3.8/site-packages/crtp_interface/_crtp_interface_s.ep.rosidl_typesupport_fastrtps_c.c
[1.540s] -- Up-to-date: /home/winni/rumstochern/isse_crtpdriver_ros/install/crtp_interface/lib/python3.8/site-packages/crtp_interface/libcrtp_interface__rosidl_generator_py.so
[1.540s] -- Up-to-date: /home/winni/rumstochern/isse_crtpdriver_ros/install/crtp_interface/lib/python3.8/site-packages/crtp_interface/__init__.py
[1.540s] -- Up-to-date: /home/winni/rumstochern/isse_crtpdriver_ros/install/crtp_interface/lib/python3.8/site-packages/crtp_interface/msg
[1.540s] -- Up-to-date: /home/winni/rumstochern/isse_crtpdriver_ros/install/crtp_interface/lib/python3.8/site-packages/crtp_interface/msg/_crtp_packet_s.c
[1.540s] -- Up-to-date: /home/winni/rumstochern/isse_crtpdriver_ros/install/crtp_interface/lib/python3.8/site-packages/crtp_interface/msg/__init__.py
[1.540s] -- Up-to-date: /home/winni/rumstochern/isse_crtpdriver_ros/install/crtp_interface/lib/python3.8/site-packages/crtp_interface/msg/_crtp_response_s.c
[1.540s] -- Up-to-date: /home/winni/rumstochern/isse_crtpdriver_ros/install/crtp_interface/lib/python3.8/site-packages/crtp_interface/msg/_crtp_response.py
[1.540s] -- Up-to-date: /home/winni/rumstochern/isse_crtpdriver_ros/install/crtp_interface/lib/python3.8/site-packages/crtp_interface/msg/_crtp_packet.py
[1.541s] -- Up-to-date: /home/winni/rumstochern/isse_crtpdriver_ros/install/crtp_interface/lib/python3.8/site-packages/crtp_interface/crtp_interface_s__rosidl_typesupport_introspection_c.cpython-38-x86_64-linux-gnu.so
[1.541s] -- Up-to-date: /home/winni/rumstochern/isse_crtpdriver_ros/install/crtp_interface/lib/python3.8/site-packages/crtp_interface/_crtp_interface_s.ep.rosidl_typesupport_introspection_c.c
[1.541s] -- Up-to-date: /home/winni/rumstochern/isse_crtpdriver_ros/install/crtp_interface/lib/python3.8/site-packages/crtp_interface/srv
[1.541s] -- Up-to-date: /home/winni/rumstochern/isse_crtpdriver_ros/install/crtp_interface/lib/python3.8/site-packages/crtp_interface/srv/_crtp_packet_send_s.c
[1.541s] -- Up-to-date: /home/winni/rumstochern/isse_crtpdriver_ros/install/crtp_interface/lib/python3.8/site-packages/crtp_interface/srv/__init__.py
[1.541s] -- Up-to-date: /home/winni/rumstochern/isse_crtpdriver_ros/install/crtp_interface/lib/python3.8/site-packages/crtp_interface/srv/_crtp_packet_send.py
[1.541s] -- Up-to-date: /home/winni/rumstochern/isse_crtpdriver_ros/install/crtp_interface/lib/python3.8/site-packages/crtp_interface/crtp_interface_s__rosidl_typesupport_c.cpython-38-x86_64-linux-gnu.so
[1.541s] -- Up-to-date: /home/winni/rumstochern/isse_crtpdriver_ros/install/crtp_interface/lib/python3.8/site-packages/crtp_interface/_crtp_interface_s.ep.rosidl_typesupport_c.c
[1.870s] Listing '/home/winni/rumstochern/isse_crtpdriver_ros/install/crtp_interface/lib/python3.8/site-packages/crtp_interface'...
[1.870s] Listing '/home/winni/rumstochern/isse_crtpdriver_ros/install/crtp_interface/lib/python3.8/site-packages/crtp_interface/msg'...
[1.870s] Listing '/home/winni/rumstochern/isse_crtpdriver_ros/install/crtp_interface/lib/python3.8/site-packages/crtp_interface/srv'...
[1.872s] -- Up-to-date: /home/winni/rumstochern/isse_crtpdriver_ros/install/crtp_interface/lib/python3.8/site-packages/crtp_interface/crtp_interface_s__rosidl_typesupport_introspection_c.cpython-38-x86_64-linux-gnu.so
[1.873s] -- Up-to-date: /home/winni/rumstochern/isse_crtpdriver_ros/install/crtp_interface/lib/python3.8/site-packages/crtp_interface/crtp_interface_s__rosidl_typesupport_fastrtps_c.cpython-38-x86_64-linux-gnu.so
[1.873s] -- Up-to-date: /home/winni/rumstochern/isse_crtpdriver_ros/install/crtp_interface/lib/python3.8/site-packages/crtp_interface/crtp_interface_s__rosidl_typesupport_c.cpython-38-x86_64-linux-gnu.so
[1.874s] -- Up-to-date: /home/winni/rumstochern/isse_crtpdriver_ros/install/crtp_interface/lib/libcrtp_interface__rosidl_generator_py.so
[1.874s] -- Up-to-date: /home/winni/rumstochern/isse_crtpdriver_ros/install/crtp_interface/share/crtp_interface/msg/CrtpPacket.idl
[1.874s] -- Up-to-date: /home/winni/rumstochern/isse_crtpdriver_ros/install/crtp_interface/share/crtp_interface/msg/CrtpResponse.idl
[1.874s] -- Up-to-date: /home/winni/rumstochern/isse_crtpdriver_ros/install/crtp_interface/share/crtp_interface/srv/CrtpPacketSend.idl
[1.874s] -- Up-to-date: /home/winni/rumstochern/isse_crtpdriver_ros/install/crtp_interface/share/crtp_interface/msg/CrtpPacket.msg
[1.874s] -- Up-to-date: /home/winni/rumstochern/isse_crtpdriver_ros/install/crtp_interface/share/crtp_interface/msg/CrtpResponse.msg
[1.875s] -- Up-to-date: /home/winni/rumstochern/isse_crtpdriver_ros/install/crtp_interface/share/crtp_interface/srv/CrtpPacketSend.srv
[1.875s] -- Up-to-date: /home/winni/rumstochern/isse_crtpdriver_ros/install/crtp_interface/share/crtp_interface/srv/CrtpPacketSend_Request.msg
[1.875s] -- Up-to-date: /home/winni/rumstochern/isse_crtpdriver_ros/install/crtp_interface/share/crtp_interface/srv/CrtpPacketSend_Response.msg
[1.875s] -- Up-to-date: /home/winni/rumstochern/isse_crtpdriver_ros/install/crtp_interface/share/ament_index/resource_index/package_run_dependencies/crtp_interface
[1.875s] -- Up-to-date: /home/winni/rumstochern/isse_crtpdriver_ros/install/crtp_interface/share/ament_index/resource_index/parent_prefix_path/crtp_interface
[1.875s] -- Up-to-date: /home/winni/rumstochern/isse_crtpdriver_ros/install/crtp_interface/share/crtp_interface/environment/ament_prefix_path.dsv
[1.875s] -- Up-to-date: /home/winni/rumstochern/isse_crtpdriver_ros/install/crtp_interface/share/crtp_interface/environment/path.dsv
[1.875s] -- Up-to-date: /home/winni/rumstochern/isse_crtpdriver_ros/install/crtp_interface/share/crtp_interface/local_setup.bash
[1.875s] -- Up-to-date: /home/winni/rumstochern/isse_crtpdriver_ros/install/crtp_interface/share/crtp_interface/local_setup.sh
[1.875s] -- Up-to-date: /home/winni/rumstochern/isse_crtpdriver_ros/install/crtp_interface/share/crtp_interface/local_setup.zsh
[1.875s] -- Up-to-date: /home/winni/rumstochern/isse_crtpdriver_ros/install/crtp_interface/share/crtp_interface/local_setup.dsv
[1.875s] -- Installing: /home/winni/rumstochern/isse_crtpdriver_ros/install/crtp_interface/share/crtp_interface/package.dsv
[1.875s] -- Up-to-date: /home/winni/rumstochern/isse_crtpdriver_ros/install/crtp_interface/share/ament_index/resource_index/packages/crtp_interface
[1.876s] -- Up-to-date: /home/winni/rumstochern/isse_crtpdriver_ros/install/crtp_interface/share/crtp_interface/cmake/export_crtp_interface__rosidl_generator_cExport.cmake
[1.876s] -- Up-to-date: /home/winni/rumstochern/isse_crtpdriver_ros/install/crtp_interface/share/crtp_interface/cmake/export_crtp_interface__rosidl_generator_cExport-noconfig.cmake
[1.876s] -- Up-to-date: /home/winni/rumstochern/isse_crtpdriver_ros/install/crtp_interface/share/crtp_interface/cmake/crtp_interface__rosidl_typesupport_introspection_cExport.cmake
[1.876s] -- Up-to-date: /home/winni/rumstochern/isse_crtpdriver_ros/install/crtp_interface/share/crtp_interface/cmake/crtp_interface__rosidl_typesupport_introspection_cExport-noconfig.cmake
[1.876s] -- Up-to-date: /home/winni/rumstochern/isse_crtpdriver_ros/install/crtp_interface/share/crtp_interface/cmake/export_crtp_interface__rosidl_typesupport_fastrtps_cExport.cmake
[1.876s] -- Up-to-date: /home/winni/rumstochern/isse_crtpdriver_ros/install/crtp_interface/share/crtp_interface/cmake/export_crtp_interface__rosidl_typesupport_fastrtps_cExport-noconfig.cmake
[1.876s] -- Up-to-date: /home/winni/rumstochern/isse_crtpdriver_ros/install/crtp_interface/share/crtp_interface/cmake/crtp_interface__rosidl_typesupport_cExport.cmake
[1.876s] -- Up-to-date: /home/winni/rumstochern/isse_crtpdriver_ros/install/crtp_interface/share/crtp_interface/cmake/crtp_interface__rosidl_typesupport_cExport-noconfig.cmake
[1.876s] -- Up-to-date: /home/winni/rumstochern/isse_crtpdriver_ros/install/crtp_interface/share/crtp_interface/cmake/export_crtp_interface__rosidl_generator_cppExport.cmake
[1.876s] -- Up-to-date: /home/winni/rumstochern/isse_crtpdriver_ros/install/crtp_interface/share/crtp_interface/cmake/crtp_interface__rosidl_typesupport_introspection_cppExport.cmake
[1.876s] -- Up-to-date: /home/winni/rumstochern/isse_crtpdriver_ros/install/crtp_interface/share/crtp_interface/cmake/crtp_interface__rosidl_typesupport_introspection_cppExport-noconfig.cmake
[1.876s] -- Up-to-date: /home/winni/rumstochern/isse_crtpdriver_ros/install/crtp_interface/share/crtp_interface/cmake/export_crtp_interface__rosidl_typesupport_fastrtps_cppExport.cmake
[1.876s] -- Up-to-date: /home/winni/rumstochern/isse_crtpdriver_ros/install/crtp_interface/share/crtp_interface/cmake/export_crtp_interface__rosidl_typesupport_fastrtps_cppExport-noconfig.cmake
[1.877s] -- Up-to-date: /home/winni/rumstochern/isse_crtpdriver_ros/install/crtp_interface/share/crtp_interface/cmake/crtp_interface__rosidl_typesupport_cppExport.cmake
[1.877s] -- Up-to-date: /home/winni/rumstochern/isse_crtpdriver_ros/install/crtp_interface/share/crtp_interface/cmake/crtp_interface__rosidl_typesupport_cppExport-noconfig.cmake
[1.877s] -- Up-to-date: /home/winni/rumstochern/isse_crtpdriver_ros/install/crtp_interface/share/crtp_interface/cmake/export_crtp_interface__rosidl_generator_pyExport.cmake
[1.877s] -- Up-to-date: /home/winni/rumstochern/isse_crtpdriver_ros/install/crtp_interface/share/crtp_interface/cmake/export_crtp_interface__rosidl_generator_pyExport-noconfig.cmake
[1.877s] -- Up-to-date: /home/winni/rumstochern/isse_crtpdriver_ros/install/crtp_interface/share/crtp_interface/cmake/rosidl_cmake-extras.cmake
[1.877s] -- Up-to-date: /home/winni/rumstochern/isse_crtpdriver_ros/install/crtp_interface/share/crtp_interface/cmake/ament_cmake_export_dependencies-extras.cmake
[1.877s] -- Up-to-date: /home/winni/rumstochern/isse_crtpdriver_ros/install/crtp_interface/share/crtp_interface/cmake/ament_cmake_export_include_directories-extras.cmake
[1.877s] -- Up-to-date: /home/winni/rumstochern/isse_crtpdriver_ros/install/crtp_interface/share/crtp_interface/cmake/ament_cmake_export_libraries-extras.cmake
[1.877s] -- Up-to-date: /home/winni/rumstochern/isse_crtpdriver_ros/install/crtp_interface/share/crtp_interface/cmake/ament_cmake_export_targets-extras.cmake
[1.877s] -- Up-to-date: /home/winni/rumstochern/isse_crtpdriver_ros/install/crtp_interface/share/crtp_interface/cmake/rosidl_cmake_export_typesupport_targets-extras.cmake
[1.877s] -- Up-to-date: /home/winni/rumstochern/isse_crtpdriver_ros/install/crtp_interface/share/crtp_interface/cmake/rosidl_cmake_export_typesupport_libraries-extras.cmake
[1.877s] -- Up-to-date: /home/winni/rumstochern/isse_crtpdriver_ros/install/crtp_interface/share/crtp_interface/cmake/crtp_interfaceConfig.cmake
[1.877s] -- Up-to-date: /home/winni/rumstochern/isse_crtpdriver_ros/install/crtp_interface/share/crtp_interface/cmake/crtp_interfaceConfig-version.cmake
[1.877s] -- Up-to-date: /home/winni/rumstochern/isse_crtpdriver_ros/install/crtp_interface/share/crtp_interface/package.xml
[1.880s] Invoked command in '/home/winni/rumstochern/isse_crtpdriver_ros/build/crtp_interface' returned '0': CMAKE_PREFIX_PATH=${CMAKE_PREFIX_PATH}:/home/winni/ros2_humble/install/rqt_bag_plugins:/home/winni/ros2_humble/install/webots_ros2:/home/winni/ros2_humble/install/webots_ros2_universal_robot:/home/winni/ros2_humble/install/webots_ros2_turtlebot:/home/winni/ros2_humble/install/webots_ros2_tiago:/home/winni/ros2_humble/install/webots_ros2_epuck:/home/winni/ros2_humble/install/rqt_bag:/home/winni/ros2_humble/install/ros2bag:/home/winni/ros2_humble/install/webots_ros2_tests:/home/winni/ros2_humble/install/webots_ros2_tesla:/home/winni/ros2_humble/install/webots_ros2_mavic:/home/winni/ros2_humble/install/webots_ros2_importer:/home/winni/ros2_humble/install/tracetools_test:/home/winni/ros2_humble/install/tracetools_launch:/home/winni/ros2_humble/install/topic_monitor:/home/winni/ros2_humble/install/tf2_tools:/home/winni/ros2_humble/install/examples_tf2_py:/home/winni/ros2_humble/install/tf2_ros_py:/home/winni/ros2_humble/install/sros2:/home/winni/ros2_humble/install/rqt_topic:/home/winni/ros2_humble/install/rqt_srv:/home/winni/ros2_humble/install/rqt_shell:/home/winni/ros2_humble/install/rqt_service_caller:/home/winni/ros2_humble/install/rqt_reconfigure:/home/winni/ros2_humble/install/rqt_py_console:/home/winni/ros2_humble/install/rqt_publisher:/home/winni/ros2_humble/install/rqt_plot:/home/winni/ros2_humble/install/rqt_action:/home/winni/ros2_humble/install/rqt_msg:/home/winni/ros2_humble/install/rqt_console:/home/winni/ros2_humble/install/rqt:/home/winni/ros2_humble/install/rqt_graph:/home/winni/ros2_humble/install/rqt_gui_py:/home/winni/ros2_humble/install/rqt_gui:/home/winni/ros2_humble/install/ros2trace:/home/winni/ros2_humble/install/ros2topic:/home/winni/ros2_humble/install/ros2test:/home/winni/ros2_humble/install/ros2controlcli:/home/winni/ros2_humble/install/ros2component:/home/winni/ros2_humble/install/ros2param:/home/winni/ros2_humble/install/ros2lifecycle:/home/winni/ros2_humble/install/ros2service:/home/winni/ros2_humble/install/ros2run:/home/winni/ros2_humble/install/ros2launch:/home/winni/ros2_humble/install/ros2pkg:/home/winni/ros2_humble/install/ros2node:/home/winni/ros2_humble/install/ros2multicast:/home/winni/ros2_humble/install/ros2interface:/home/winni/ros2_humble/install/ros2doctor:/home/winni/ros2_humble/install/ros2action:/home/winni/ros2_humble/install/ros2cli:/home/winni/ros2_humble/install/quality_of_service_demo_py:/home/winni/ros2_humble/install/lifecycle_py:/home/winni/ros2_humble/install/launch_testing_ros:/home/winni/ros2_humble/install/launch_ros:/home/winni/ros2_humble/install/examples_rclpy_pointcloud_publisher:/home/winni/ros2_humble/install/examples_rclpy_minimal_subscriber:/home/winni/ros2_humble/install/examples_rclpy_minimal_service:/home/winni/ros2_humble/install/examples_rclpy_minimal_publisher:/home/winni/ros2_humble/install/examples_rclpy_minimal_client:/home/winni/ros2_humble/install/examples_rclpy_minimal_action_server:/home/winni/ros2_humble/install/examples_rclpy_minimal_action_client:/home/winni/ros2_humble/install/examples_rclpy_guard_conditions:/home/winni/ros2_humble/install/examples_rclpy_executors:/home/winni/ros2_humble/install/demo_nodes_py:/home/winni/ros2_humble/install/action_tutorials_py:/home/winni/ros2_humble/install/ament_uncrustify:/home/winni/ros2_humble/install/tracetools_trace:/home/winni/ros2_humble/install/tracetools_read:/home/winni/ros2_humble/install/tf_transformations:/home/winni/ros2_humble/install/test_tracetools_launch:/home/winni/ros2_humble/install/test_launch_ros:/home/winni/ros2_humble/install/sensor_msgs_py:/home/winni/ros2_humble/install/rpyutils:/home/winni/ros2_humble/install/rosidl_runtime_py:/home/winni/ros2_humble/install/rosidl_cli:/home/winni/ros2_humble/install/launch_pytest:/home/winni/ros2_humble/install/launch_testing:/home/winni/ros2_humble/install/launch_yaml:/home/winni/ros2_humble/install/launch_xml:/home/winni/ros2_humble/install/launch:/home/winni/ros2_humble/install/osrf_pycommon:/home/winni/ros2_humble/install/launch_testing_examples:/home/winni/ros2_humble/install/domain_coordinator:/home/winni/ros2_humble/install/ament_xmllint:/home/winni/ros2_humble/install/ament_pyflakes:/home/winni/ros2_humble/install/ament_pycodestyle:/home/winni/ros2_humble/install/ament_pep257:/home/winni/ros2_humble/install/ament_pclint:/home/winni/ros2_humble/install/ament_package:/home/winni/ros2_humble/install/ament_mypy:/home/winni/ros2_humble/install/ament_lint_cmake:/home/winni/ros2_humble/install/ament_flake8:/home/winni/ros2_humble/install/ament_copyright:/home/winni/ros2_humble/install/ament_lint:/home/winni/ros2_humble/install/ament_index_python:/home/winni/ros2_humble/install/ament_cpplint:/home/winni/ros2_humble/install/ament_cppcheck:/home/winni/ros2_humble/install/ament_clang_tidy:/home/winni/ros2_humble/install/ament_clang_format /usr/bin/cmake --install /home/winni/rumstochern/isse_crtpdriver_ros/build/crtp_interface
