running egg_info
creating ../../build/crtp_driver/crtp_driver.egg-info
writing ../../build/crtp_driver/crtp_driver.egg-info/PKG-INFO
writing dependency_links to ../../build/crtp_driver/crtp_driver.egg-info/dependency_links.txt
writing entry points to ../../build/crtp_driver/crtp_driver.egg-info/entry_points.txt
writing requirements to ../../build/crtp_driver/crtp_driver.egg-info/requires.txt
writing top-level names to ../../build/crtp_driver/crtp_driver.egg-info/top_level.txt
writing manifest file '../../build/crtp_driver/crtp_driver.egg-info/SOURCES.txt'
reading manifest file '../../build/crtp_driver/crtp_driver.egg-info/SOURCES.txt'
writing manifest file '../../build/crtp_driver/crtp_driver.egg-info/SOURCES.txt'
running build
running build_py
creating /home/winni/rumstochern/isse_crtpdriver_ros/build/crtp_driver/build
creating /home/winni/rumstochern/isse_crtpdriver_ros/build/crtp_driver/build/lib
creating /home/winni/rumstochern/isse_crtpdriver_ros/build/crtp_driver/build/lib/crtp_driver
copying crtp_driver/__init__.py -> /home/winni/rumstochern/isse_crtpdriver_ros/build/crtp_driver/build/lib/crtp_driver
copying crtp_driver/crazyradio_node.py -> /home/winni/rumstochern/isse_crtpdriver_ros/build/crtp_driver/build/lib/crtp_driver
running install
running install_lib
creating /home/winni/rumstochern/isse_crtpdriver_ros/install/crtp_driver/lib/python3.8/site-packages/crtp_driver
copying /home/winni/rumstochern/isse_crtpdriver_ros/build/crtp_driver/build/lib/crtp_driver/__init__.py -> /home/winni/rumstochern/isse_crtpdriver_ros/install/crtp_driver/lib/python3.8/site-packages/crtp_driver
copying /home/winni/rumstochern/isse_crtpdriver_ros/build/crtp_driver/build/lib/crtp_driver/crazyradio_node.py -> /home/winni/rumstochern/isse_crtpdriver_ros/install/crtp_driver/lib/python3.8/site-packages/crtp_driver
byte-compiling /home/winni/rumstochern/isse_crtpdriver_ros/install/crtp_driver/lib/python3.8/site-packages/crtp_driver/__init__.py to __init__.cpython-38.pyc
byte-compiling /home/winni/rumstochern/isse_crtpdriver_ros/install/crtp_driver/lib/python3.8/site-packages/crtp_driver/crazyradio_node.py to crazyradio_node.cpython-38.pyc
running install_data
copying package.xml -> /home/winni/rumstochern/isse_crtpdriver_ros/install/crtp_driver/share/crtp_driver
creating /home/winni/rumstochern/isse_crtpdriver_ros/install/crtp_driver/share/ament_index
creating /home/winni/rumstochern/isse_crtpdriver_ros/install/crtp_driver/share/ament_index/resource_index
creating /home/winni/rumstochern/isse_crtpdriver_ros/install/crtp_driver/share/ament_index/resource_index/packages
copying resource/crtp_driver -> /home/winni/rumstochern/isse_crtpdriver_ros/install/crtp_driver/share/ament_index/resource_index/packages
creating /home/winni/rumstochern/isse_crtpdriver_ros/install/crtp_driver/share/crtp_driver/launch
copying launch/crazyradio.launch.py -> /home/winni/rumstochern/isse_crtpdriver_ros/install/crtp_driver/share/crtp_driver/launch
running install_egg_info
Copying ../../build/crtp_driver/crtp_driver.egg-info to /home/winni/rumstochern/isse_crtpdriver_ros/install/crtp_driver/lib/python3.8/site-packages/crtp_driver-0.0.0-py3.8.egg-info
running install_scripts
Installing crazyradio script to /home/winni/rumstochern/isse_crtpdriver_ros/install/crtp_driver/lib/crtp_driver
writing list of installed files to '/home/winni/rumstochern/isse_crtpdriver_ros/build/crtp_driver/install.log'
