[1.344s] Invoking command in '/home/winni/rumstochern/isse_crtpdriver_ros/src/crtp_driver': PYTHONPATH=/home/winni/rumstochern/isse_crtpdriver_ros/build/crtp_driver/prefix_override:/home/winni/rumstochern/isse_crtpdriver_ros/install/crtp_driver/lib/python3.8/site-packages:${PYTHONPATH} /usr/bin/python3 -W ignore:setup.py install is deprecated setup.py egg_info --egg-base ../../build/crtp_driver build --build-base /home/winni/rumstochern/isse_crtpdriver_ros/build/crtp_driver/build install --record /home/winni/rumstochern/isse_crtpdriver_ros/build/crtp_driver/install.log --single-version-externally-managed install_data
[1.884s] running egg_info
[1.884s] writing ../../build/crtp_driver/crtp_driver.egg-info/PKG-INFO
[1.884s] writing dependency_links to ../../build/crtp_driver/crtp_driver.egg-info/dependency_links.txt
[1.884s] writing entry points to ../../build/crtp_driver/crtp_driver.egg-info/entry_points.txt
[1.884s] writing requirements to ../../build/crtp_driver/crtp_driver.egg-info/requires.txt
[1.884s] writing top-level names to ../../build/crtp_driver/crtp_driver.egg-info/top_level.txt
[1.914s] reading manifest file '../../build/crtp_driver/crtp_driver.egg-info/SOURCES.txt'
[1.915s] writing manifest file '../../build/crtp_driver/crtp_driver.egg-info/SOURCES.txt'
[1.915s] running build
[1.915s] running build_py
[1.915s] copying cflib/drivers/crazyradio.py -> /home/winni/rumstochern/isse_crtpdriver_ros/build/crtp_driver/build/lib/cflib/drivers
[1.916s] running install
[1.918s] running install_lib
[1.918s] copying /home/winni/rumstochern/isse_crtpdriver_ros/build/crtp_driver/build/lib/cflib/drivers/crazyradio.py -> /home/winni/rumstochern/isse_crtpdriver_ros/install/crtp_driver/lib/python3.8/site-packages/cflib/drivers
[1.920s] byte-compiling /home/winni/rumstochern/isse_crtpdriver_ros/install/crtp_driver/lib/python3.8/site-packages/cflib/drivers/crazyradio.py to crazyradio.cpython-38.pyc
[1.922s] running install_data
[1.922s] running install_egg_info
[1.924s] removing '/home/winni/rumstochern/isse_crtpdriver_ros/install/crtp_driver/lib/python3.8/site-packages/crtp_driver-0.0.0-py3.8.egg-info' (and everything under it)
[1.925s] Copying ../../build/crtp_driver/crtp_driver.egg-info to /home/winni/rumstochern/isse_crtpdriver_ros/install/crtp_driver/lib/python3.8/site-packages/crtp_driver-0.0.0-py3.8.egg-info
[1.925s] running install_scripts
[1.943s] Installing crazyradio script to /home/winni/rumstochern/isse_crtpdriver_ros/install/crtp_driver/lib/crtp_driver
[1.943s] writing list of installed files to '/home/winni/rumstochern/isse_crtpdriver_ros/build/crtp_driver/install.log'
[1.954s] Invoked command in '/home/winni/rumstochern/isse_crtpdriver_ros/src/crtp_driver' returned '0': PYTHONPATH=/home/winni/rumstochern/isse_crtpdriver_ros/build/crtp_driver/prefix_override:/home/winni/rumstochern/isse_crtpdriver_ros/install/crtp_driver/lib/python3.8/site-packages:${PYTHONPATH} /usr/bin/python3 -W ignore:setup.py install is deprecated setup.py egg_info --egg-base ../../build/crtp_driver build --build-base /home/winni/rumstochern/isse_crtpdriver_ros/build/crtp_driver/build install --record /home/winni/rumstochern/isse_crtpdriver_ros/build/crtp_driver/install.log --single-version-externally-managed install_data
