-- Found ament_cmake: 1.3.8 (/home/winni/ros2_humble/install/ament_cmake/share/ament_cmake/cmake)
-- Found rosidl_default_generators: 1.2.0 (/home/winni/ros2_humble/install/rosidl_default_generators/share/rosidl_default_generators/cmake)
-- Using all available rosidl_typesupport_c: rosidl_typesupport_introspection_c;rosidl_typesupport_fastrtps_c
-- Found rosidl_adapter: 3.1.5 (/home/winni/ros2_humble/install/rosidl_adapter/share/rosidl_adapter/cmake)
-- Using all available rosidl_typesupport_cpp: rosidl_typesupport_introspection_cpp;rosidl_typesupport_fastrtps_cpp
-- Found std_msgs: 4.2.3 (/home/winni/ros2_humble/install/std_msgs/share/std_msgs/cmake)
-- Found ament_cmake_ros: 0.10.0 (/home/winni/ros2_humble/install/ament_cmake_ros/share/ament_cmake_ros/cmake)
-- Using all available rosidl_typesupport_c: rosidl_typesupport_introspection_c;rosidl_typesupport_fastrtps_c
-- Using all available rosidl_typesupport_cpp: rosidl_typesupport_introspection_cpp;rosidl_typesupport_fastrtps_cpp
-- Found python_cmake_module: 0.10.0 (/home/winni/ros2_humble/install/python_cmake_module/share/python_cmake_module/cmake)
-- Using PYTHON_EXECUTABLE: /usr/bin/python3
-- Using PYTHON_INCLUDE_DIRS: /usr/include/python3.8
-- Using PYTHON_LIBRARIES: /usr/lib/x86_64-linux-gnu/libpython3.8.so
-- Found ament_lint_auto: 0.12.10 (/home/winni/ros2_humble/install/ament_lint_auto/share/ament_lint_auto/cmake)
-- Added test 'lint_cmake' to check CMake code style
-- Added test 'xmllint' to check XML markup files
-- Configuring done
-- Generating done
-- Build files have been written to: /home/winni/rumstochern/isse_crtpdriver_ros/build/crtp_interface
[  1%] [34m[1mGenerating C code for ROS interfaces[0m
[  3%] [34m[1mGenerating C++ code for ROS interfaces[0m
[  3%] Built target ament_cmake_python_copy_crtp_interface
running egg_info
writing crtp_interface.egg-info/PKG-INFO
writing dependency_links to crtp_interface.egg-info/dependency_links.txt
writing top-level names to crtp_interface.egg-info/top_level.txt
[35m[1mScanning dependencies of target crtp_interface__rosidl_generator_c[0m
reading manifest file 'crtp_interface.egg-info/SOURCES.txt'
writing manifest file 'crtp_interface.egg-info/SOURCES.txt'
[  3%] Built target crtp_interface__cpp
[  5%] [32mBuilding C object CMakeFiles/crtp_interface__rosidl_generator_c.dir/rosidl_generator_c/crtp_interface/msg/detail/crtp_response__functions.c.o[0m
[  7%] [32mBuilding C object CMakeFiles/crtp_interface__rosidl_generator_c.dir/rosidl_generator_c/crtp_interface/msg/detail/crtp_packet__functions.c.o[0m
[  9%] [32mBuilding C object CMakeFiles/crtp_interface__rosidl_generator_c.dir/rosidl_generator_c/crtp_interface/msg/detail/set_autoping__functions.c.o[0m
[ 10%] [32mBuilding C object CMakeFiles/crtp_interface__rosidl_generator_c.dir/rosidl_generator_c/crtp_interface/srv/detail/crtp_packet_send__functions.c.o[0m
[ 14%] [34m[1mGenerating C++ introspection for ROS interfaces[0m
[ 14%] [34m[1mGenerating C++ type support for eProsima Fast-RTPS[0m
[ 16%] [34m[1mGenerating C++ type support dispatch for ROS interfaces[0m
[ 16%] Built target ament_cmake_python_build_crtp_interface_egg
[ 18%] [32m[1mLinking C shared library libcrtp_interface__rosidl_generator_c.so[0m
[ 18%] Built target crtp_interface__rosidl_generator_c
[ 23%] [34m[1mGenerating C type support for eProsima Fast-RTPS[0m
[ 23%] [34m[1mGenerating C introspection for ROS interfaces[0m
[ 23%] [34m[1mGenerating C type support dispatch for ROS interfaces[0m
[35m[1mScanning dependencies of target crtp_interface__rosidl_typesupport_cpp[0m
[35m[1mScanning dependencies of target crtp_interface__rosidl_typesupport_introspection_cpp[0m
[ 25%] [32mBuilding CXX object CMakeFiles/crtp_interface__rosidl_typesupport_cpp.dir/rosidl_typesupport_cpp/crtp_interface/srv/crtp_packet_send__type_support.cpp.o[0m
[ 27%] [32mBuilding CXX object CMakeFiles/crtp_interface__rosidl_typesupport_cpp.dir/rosidl_typesupport_cpp/crtp_interface/msg/crtp_packet__type_support.cpp.o[0m
[35m[1mScanning dependencies of target crtp_interface__rosidl_typesupport_fastrtps_cpp[0m
[ 29%] [32mBuilding CXX object CMakeFiles/crtp_interface__rosidl_typesupport_cpp.dir/rosidl_typesupport_cpp/crtp_interface/msg/crtp_response__type_support.cpp.o[0m
[ 30%] [32mBuilding CXX object CMakeFiles/crtp_interface__rosidl_typesupport_cpp.dir/rosidl_typesupport_cpp/crtp_interface/msg/set_autoping__type_support.cpp.o[0m
[ 34%] [32mBuilding CXX object CMakeFiles/crtp_interface__rosidl_typesupport_introspection_cpp.dir/rosidl_typesupport_introspection_cpp/crtp_interface/msg/detail/set_autoping__type_support.cpp.o[0m
[ 34%] [32mBuilding CXX object CMakeFiles/crtp_interface__rosidl_typesupport_introspection_cpp.dir/rosidl_typesupport_introspection_cpp/crtp_interface/srv/detail/crtp_packet_send__type_support.cpp.o[0m
[ 36%] [32mBuilding CXX object CMakeFiles/crtp_interface__rosidl_typesupport_introspection_cpp.dir/rosidl_typesupport_introspection_cpp/crtp_interface/msg/detail/crtp_packet__type_support.cpp.o[0m
[ 38%] [32mBuilding CXX object CMakeFiles/crtp_interface__rosidl_typesupport_introspection_cpp.dir/rosidl_typesupport_introspection_cpp/crtp_interface/msg/detail/crtp_response__type_support.cpp.o[0m
[ 40%] [32mBuilding CXX object CMakeFiles/crtp_interface__rosidl_typesupport_fastrtps_cpp.dir/rosidl_typesupport_fastrtps_cpp/crtp_interface/msg/detail/dds_fastrtps/crtp_packet__type_support.cpp.o[0m
[ 41%] [32mBuilding CXX object CMakeFiles/crtp_interface__rosidl_typesupport_fastrtps_cpp.dir/rosidl_typesupport_fastrtps_cpp/crtp_interface/msg/detail/dds_fastrtps/crtp_response__type_support.cpp.o[0m
[ 43%] [32mBuilding CXX object CMakeFiles/crtp_interface__rosidl_typesupport_fastrtps_cpp.dir/rosidl_typesupport_fastrtps_cpp/crtp_interface/msg/detail/dds_fastrtps/set_autoping__type_support.cpp.o[0m
[ 45%] [32mBuilding CXX object CMakeFiles/crtp_interface__rosidl_typesupport_fastrtps_cpp.dir/rosidl_typesupport_fastrtps_cpp/crtp_interface/srv/detail/dds_fastrtps/crtp_packet_send__type_support.cpp.o[0m
[35m[1mScanning dependencies of target crtp_interface__rosidl_typesupport_c[0m
[ 47%] [32mBuilding CXX object CMakeFiles/crtp_interface__rosidl_typesupport_c.dir/rosidl_typesupport_c/crtp_interface/msg/crtp_packet__type_support.cpp.o[0m
[ 49%] [32mBuilding CXX object CMakeFiles/crtp_interface__rosidl_typesupport_c.dir/rosidl_typesupport_c/crtp_interface/msg/crtp_response__type_support.cpp.o[0m
[ 50%] [32mBuilding CXX object CMakeFiles/crtp_interface__rosidl_typesupport_c.dir/rosidl_typesupport_c/crtp_interface/srv/crtp_packet_send__type_support.cpp.o[0m
[ 52%] [32mBuilding CXX object CMakeFiles/crtp_interface__rosidl_typesupport_c.dir/rosidl_typesupport_c/crtp_interface/msg/set_autoping__type_support.cpp.o[0m
[35m[1mScanning dependencies of target crtp_interface__rosidl_typesupport_introspection_c[0m
[ 54%] [32m[1mLinking CXX shared library libcrtp_interface__rosidl_typesupport_c.so[0m
[ 56%] [32m[1mLinking CXX shared library libcrtp_interface__rosidl_typesupport_cpp.so[0m
[35m[1mScanning dependencies of target crtp_interface__rosidl_typesupport_fastrtps_c[0m
[ 58%] [32mBuilding C object CMakeFiles/crtp_interface__rosidl_typesupport_introspection_c.dir/rosidl_typesupport_introspection_c/crtp_interface/msg/detail/crtp_packet__type_support.c.o[0m
[ 60%] [32mBuilding C object CMakeFiles/crtp_interface__rosidl_typesupport_introspection_c.dir/rosidl_typesupport_introspection_c/crtp_interface/msg/detail/set_autoping__type_support.c.o[0m
[ 61%] [32mBuilding C object CMakeFiles/crtp_interface__rosidl_typesupport_introspection_c.dir/rosidl_typesupport_introspection_c/crtp_interface/srv/detail/crtp_packet_send__type_support.c.o[0m
[ 63%] [32mBuilding C object CMakeFiles/crtp_interface__rosidl_typesupport_introspection_c.dir/rosidl_typesupport_introspection_c/crtp_interface/msg/detail/crtp_response__type_support.c.o[0m
[ 65%] [32mBuilding CXX object CMakeFiles/crtp_interface__rosidl_typesupport_fastrtps_c.dir/rosidl_typesupport_fastrtps_c/crtp_interface/msg/detail/crtp_response__type_support_c.cpp.o[0m
[ 67%] [32mBuilding CXX object CMakeFiles/crtp_interface__rosidl_typesupport_fastrtps_c.dir/rosidl_typesupport_fastrtps_c/crtp_interface/msg/detail/crtp_packet__type_support_c.cpp.o[0m
[ 69%] [32mBuilding CXX object CMakeFiles/crtp_interface__rosidl_typesupport_fastrtps_c.dir/rosidl_typesupport_fastrtps_c/crtp_interface/msg/detail/set_autoping__type_support_c.cpp.o[0m
[ 69%] Built target crtp_interface__rosidl_typesupport_c
[ 70%] [32mBuilding CXX object CMakeFiles/crtp_interface__rosidl_typesupport_fastrtps_c.dir/rosidl_typesupport_fastrtps_c/crtp_interface/srv/detail/crtp_packet_send__type_support_c.cpp.o[0m
[ 72%] [32m[1mLinking C shared library libcrtp_interface__rosidl_typesupport_introspection_c.so[0m
[ 72%] Built target crtp_interface__rosidl_typesupport_cpp
[ 74%] [32m[1mLinking CXX shared library libcrtp_interface__rosidl_typesupport_introspection_cpp.so[0m
[ 74%] Built target crtp_interface__rosidl_typesupport_introspection_c
[ 76%] [32m[1mLinking CXX shared library libcrtp_interface__rosidl_typesupport_fastrtps_cpp.so[0m
[ 76%] Built target crtp_interface__rosidl_typesupport_introspection_cpp
[ 76%] Built target crtp_interface__rosidl_typesupport_fastrtps_cpp
[ 78%] [32m[1mLinking CXX shared library libcrtp_interface__rosidl_typesupport_fastrtps_c.so[0m
[ 78%] Built target crtp_interface__rosidl_typesupport_fastrtps_c
[ 78%] Built target crtp_interface
[ 80%] [34m[1mGenerating Python code for ROS interfaces[0m
[ 80%] Built target crtp_interface__py
[35m[1mScanning dependencies of target crtp_interface__rosidl_generator_py[0m
[ 87%] [32mBuilding C object CMakeFiles/crtp_interface__rosidl_generator_py.dir/rosidl_generator_py/crtp_interface/srv/_crtp_packet_send_s.c.o[0m
[ 87%] [32mBuilding C object CMakeFiles/crtp_interface__rosidl_generator_py.dir/rosidl_generator_py/crtp_interface/msg/_set_autoping_s.c.o[0m
[ 87%] [32mBuilding C object CMakeFiles/crtp_interface__rosidl_generator_py.dir/rosidl_generator_py/crtp_interface/msg/_crtp_response_s.c.o[0m
[ 87%] [32mBuilding C object CMakeFiles/crtp_interface__rosidl_generator_py.dir/rosidl_generator_py/crtp_interface/msg/_crtp_packet_s.c.o[0m
[ 89%] [32m[1mLinking C shared library rosidl_generator_py/crtp_interface/libcrtp_interface__rosidl_generator_py.so[0m
[ 89%] Built target crtp_interface__rosidl_generator_py
[35m[1mScanning dependencies of target crtp_interface__rosidl_typesupport_fastrtps_c__pyext[0m
[35m[1mScanning dependencies of target crtp_interface__rosidl_typesupport_introspection_c__pyext[0m
[35m[1mScanning dependencies of target crtp_interface__rosidl_typesupport_c__pyext[0m
[ 94%] [32mBuilding C object CMakeFiles/crtp_interface__rosidl_typesupport_fastrtps_c__pyext.dir/rosidl_generator_py/crtp_interface/_crtp_interface_s.ep.rosidl_typesupport_fastrtps_c.c.o[0m
[ 94%] [32mBuilding C object CMakeFiles/crtp_interface__rosidl_typesupport_c__pyext.dir/rosidl_generator_py/crtp_interface/_crtp_interface_s.ep.rosidl_typesupport_c.c.o[0m
[ 94%] [32mBuilding C object CMakeFiles/crtp_interface__rosidl_typesupport_introspection_c__pyext.dir/rosidl_generator_py/crtp_interface/_crtp_interface_s.ep.rosidl_typesupport_introspection_c.c.o[0m
[100%] [32m[1mLinking C shared library rosidl_generator_py/crtp_interface/crtp_interface_s__rosidl_typesupport_introspection_c.cpython-38-x86_64-linux-gnu.so[0m
[100%] [32m[1mLinking C shared library rosidl_generator_py/crtp_interface/crtp_interface_s__rosidl_typesupport_c.cpython-38-x86_64-linux-gnu.so[0m
[100%] [32m[1mLinking C shared library rosidl_generator_py/crtp_interface/crtp_interface_s__rosidl_typesupport_fastrtps_c.cpython-38-x86_64-linux-gnu.so[0m
[100%] Built target crtp_interface__rosidl_typesupport_fastrtps_c__pyext
[100%] Built target crtp_interface__rosidl_typesupport_c__pyext
[100%] Built target crtp_interface__rosidl_typesupport_introspection_c__pyext
-- Install configuration: ""
-- Up-to-date: /home/winni/rumstochern/isse_crtpdriver_ros/install/crtp_interface/share/ament_index/resource_index/rosidl_interfaces/crtp_interface
-- Up-to-date: /home/winni/rumstochern/isse_crtpdriver_ros/install/crtp_interface/include/crtp_interface/crtp_interface
-- Up-to-date: /home/winni/rumstochern/isse_crtpdriver_ros/install/crtp_interface/include/crtp_interface/crtp_interface/msg
-- Installing: /home/winni/rumstochern/isse_crtpdriver_ros/install/crtp_interface/include/crtp_interface/crtp_interface/msg/crtp_packet.h
-- Installing: /home/winni/rumstochern/isse_crtpdriver_ros/install/crtp_interface/include/crtp_interface/crtp_interface/msg/crtp_response.h
-- Up-to-date: /home/winni/rumstochern/isse_crtpdriver_ros/install/crtp_interface/include/crtp_interface/crtp_interface/msg/detail
-- Installing: /home/winni/rumstochern/isse_crtpdriver_ros/install/crtp_interface/include/crtp_interface/crtp_interface/msg/detail/crtp_packet__functions.h
-- Installing: /home/winni/rumstochern/isse_crtpdriver_ros/install/crtp_interface/include/crtp_interface/crtp_interface/msg/detail/set_autoping__struct.h
-- Installing: /home/winni/rumstochern/isse_crtpdriver_ros/install/crtp_interface/include/crtp_interface/crtp_interface/msg/detail/set_autoping__functions.h
-- Installing: /home/winni/rumstochern/isse_crtpdriver_ros/install/crtp_interface/include/crtp_interface/crtp_interface/msg/detail/crtp_response__type_support.h
-- Installing: /home/winni/rumstochern/isse_crtpdriver_ros/install/crtp_interface/include/crtp_interface/crtp_interface/msg/detail/crtp_packet__functions.c
-- Installing: /home/winni/rumstochern/isse_crtpdriver_ros/install/crtp_interface/include/crtp_interface/crtp_interface/msg/detail/crtp_response__functions.h
-- Installing: /home/winni/rumstochern/isse_crtpdriver_ros/install/crtp_interface/include/crtp_interface/crtp_interface/msg/detail/crtp_packet__type_support.h
-- Installing: /home/winni/rumstochern/isse_crtpdriver_ros/install/crtp_interface/include/crtp_interface/crtp_interface/msg/detail/crtp_response__struct.h
-- Installing: /home/winni/rumstochern/isse_crtpdriver_ros/install/crtp_interface/include/crtp_interface/crtp_interface/msg/detail/set_autoping__type_support.h
-- Installing: /home/winni/rumstochern/isse_crtpdriver_ros/install/crtp_interface/include/crtp_interface/crtp_interface/msg/detail/set_autoping__functions.c
-- Installing: /home/winni/rumstochern/isse_crtpdriver_ros/install/crtp_interface/include/crtp_interface/crtp_interface/msg/detail/crtp_response__functions.c
-- Installing: /home/winni/rumstochern/isse_crtpdriver_ros/install/crtp_interface/include/crtp_interface/crtp_interface/msg/detail/crtp_packet__struct.h
-- Up-to-date: /home/winni/rumstochern/isse_crtpdriver_ros/install/crtp_interface/include/crtp_interface/crtp_interface/msg/rosidl_generator_c__visibility_control.h
-- Installing: /home/winni/rumstochern/isse_crtpdriver_ros/install/crtp_interface/include/crtp_interface/crtp_interface/msg/set_autoping.h
-- Up-to-date: /home/winni/rumstochern/isse_crtpdriver_ros/install/crtp_interface/include/crtp_interface/crtp_interface/srv
-- Up-to-date: /home/winni/rumstochern/isse_crtpdriver_ros/install/crtp_interface/include/crtp_interface/crtp_interface/srv/detail
-- Installing: /home/winni/rumstochern/isse_crtpdriver_ros/install/crtp_interface/include/crtp_interface/crtp_interface/srv/detail/crtp_packet_send__struct.h
-- Installing: /home/winni/rumstochern/isse_crtpdriver_ros/install/crtp_interface/include/crtp_interface/crtp_interface/srv/detail/crtp_packet_send__functions.c
-- Installing: /home/winni/rumstochern/isse_crtpdriver_ros/install/crtp_interface/include/crtp_interface/crtp_interface/srv/detail/crtp_packet_send__functions.h
-- Installing: /home/winni/rumstochern/isse_crtpdriver_ros/install/crtp_interface/include/crtp_interface/crtp_interface/srv/detail/crtp_packet_send__type_support.h
-- Installing: /home/winni/rumstochern/isse_crtpdriver_ros/install/crtp_interface/include/crtp_interface/crtp_interface/srv/crtp_packet_send.h
-- Up-to-date: /home/winni/rumstochern/isse_crtpdriver_ros/install/crtp_interface/share/crtp_interface/environment/library_path.sh
-- Installing: /home/winni/rumstochern/isse_crtpdriver_ros/install/crtp_interface/share/crtp_interface/environment/library_path.dsv
-- Installing: /home/winni/rumstochern/isse_crtpdriver_ros/install/crtp_interface/lib/libcrtp_interface__rosidl_generator_c.so
-- Set runtime path of "/home/winni/rumstochern/isse_crtpdriver_ros/install/crtp_interface/lib/libcrtp_interface__rosidl_generator_c.so" to ""
-- Up-to-date: /home/winni/rumstochern/isse_crtpdriver_ros/install/crtp_interface/include/crtp_interface/crtp_interface
-- Up-to-date: /home/winni/rumstochern/isse_crtpdriver_ros/install/crtp_interface/include/crtp_interface/crtp_interface/msg
-- Up-to-date: /home/winni/rumstochern/isse_crtpdriver_ros/install/crtp_interface/include/crtp_interface/crtp_interface/msg/rosidl_typesupport_introspection_c__visibility_control.h
-- Up-to-date: /home/winni/rumstochern/isse_crtpdriver_ros/install/crtp_interface/include/crtp_interface/crtp_interface/msg/detail
-- Installing: /home/winni/rumstochern/isse_crtpdriver_ros/install/crtp_interface/include/crtp_interface/crtp_interface/msg/detail/set_autoping__rosidl_typesupport_introspection_c.h
-- Installing: /home/winni/rumstochern/isse_crtpdriver_ros/install/crtp_interface/include/crtp_interface/crtp_interface/msg/detail/crtp_response__rosidl_typesupport_introspection_c.h
-- Installing: /home/winni/rumstochern/isse_crtpdriver_ros/install/crtp_interface/include/crtp_interface/crtp_interface/msg/detail/crtp_packet__rosidl_typesupport_introspection_c.h
-- Installing: /home/winni/rumstochern/isse_crtpdriver_ros/install/crtp_interface/include/crtp_interface/crtp_interface/msg/detail/crtp_response__type_support.c
-- Installing: /home/winni/rumstochern/isse_crtpdriver_ros/install/crtp_interface/include/crtp_interface/crtp_interface/msg/detail/crtp_packet__type_support.c
-- Installing: /home/winni/rumstochern/isse_crtpdriver_ros/install/crtp_interface/include/crtp_interface/crtp_interface/msg/detail/set_autoping__type_support.c
-- Up-to-date: /home/winni/rumstochern/isse_crtpdriver_ros/install/crtp_interface/include/crtp_interface/crtp_interface/srv
-- Up-to-date: /home/winni/rumstochern/isse_crtpdriver_ros/install/crtp_interface/include/crtp_interface/crtp_interface/srv/detail
-- Installing: /home/winni/rumstochern/isse_crtpdriver_ros/install/crtp_interface/include/crtp_interface/crtp_interface/srv/detail/crtp_packet_send__type_support.c
-- Installing: /home/winni/rumstochern/isse_crtpdriver_ros/install/crtp_interface/include/crtp_interface/crtp_interface/srv/detail/crtp_packet_send__rosidl_typesupport_introspection_c.h
-- Installing: /home/winni/rumstochern/isse_crtpdriver_ros/install/crtp_interface/lib/libcrtp_interface__rosidl_typesupport_introspection_c.so
-- Set runtime path of "/home/winni/rumstochern/isse_crtpdriver_ros/install/crtp_interface/lib/libcrtp_interface__rosidl_typesupport_introspection_c.so" to ""
-- Up-to-date: /home/winni/rumstochern/isse_crtpdriver_ros/install/crtp_interface/include/crtp_interface/crtp_interface
-- Up-to-date: /home/winni/rumstochern/isse_crtpdriver_ros/install/crtp_interface/include/crtp_interface/crtp_interface/msg
-- Up-to-date: /home/winni/rumstochern/isse_crtpdriver_ros/install/crtp_interface/include/crtp_interface/crtp_interface/msg/rosidl_typesupport_fastrtps_c__visibility_control.h
-- Up-to-date: /home/winni/rumstochern/isse_crtpdriver_ros/install/crtp_interface/include/crtp_interface/crtp_interface/msg/detail
-- Installing: /home/winni/rumstochern/isse_crtpdriver_ros/install/crtp_interface/include/crtp_interface/crtp_interface/msg/detail/crtp_packet__rosidl_typesupport_fastrtps_c.h
-- Installing: /home/winni/rumstochern/isse_crtpdriver_ros/install/crtp_interface/include/crtp_interface/crtp_interface/msg/detail/set_autoping__rosidl_typesupport_fastrtps_c.h
-- Installing: /home/winni/rumstochern/isse_crtpdriver_ros/install/crtp_interface/include/crtp_interface/crtp_interface/msg/detail/crtp_response__rosidl_typesupport_fastrtps_c.h
-- Up-to-date: /home/winni/rumstochern/isse_crtpdriver_ros/install/crtp_interface/include/crtp_interface/crtp_interface/srv
-- Up-to-date: /home/winni/rumstochern/isse_crtpdriver_ros/install/crtp_interface/include/crtp_interface/crtp_interface/srv/detail
-- Installing: /home/winni/rumstochern/isse_crtpdriver_ros/install/crtp_interface/include/crtp_interface/crtp_interface/srv/detail/crtp_packet_send__rosidl_typesupport_fastrtps_c.h
-- Installing: /home/winni/rumstochern/isse_crtpdriver_ros/install/crtp_interface/lib/libcrtp_interface__rosidl_typesupport_fastrtps_c.so
-- Set runtime path of "/home/winni/rumstochern/isse_crtpdriver_ros/install/crtp_interface/lib/libcrtp_interface__rosidl_typesupport_fastrtps_c.so" to ""
-- Installing: /home/winni/rumstochern/isse_crtpdriver_ros/install/crtp_interface/lib/libcrtp_interface__rosidl_typesupport_c.so
-- Set runtime path of "/home/winni/rumstochern/isse_crtpdriver_ros/install/crtp_interface/lib/libcrtp_interface__rosidl_typesupport_c.so" to ""
-- Up-to-date: /home/winni/rumstochern/isse_crtpdriver_ros/install/crtp_interface/include/crtp_interface/crtp_interface
-- Up-to-date: /home/winni/rumstochern/isse_crtpdriver_ros/install/crtp_interface/include/crtp_interface/crtp_interface/msg
-- Installing: /home/winni/rumstochern/isse_crtpdriver_ros/install/crtp_interface/include/crtp_interface/crtp_interface/msg/crtp_packet.hpp
-- Installing: /home/winni/rumstochern/isse_crtpdriver_ros/install/crtp_interface/include/crtp_interface/crtp_interface/msg/crtp_response.hpp
-- Up-to-date: /home/winni/rumstochern/isse_crtpdriver_ros/install/crtp_interface/include/crtp_interface/crtp_interface/msg/detail
-- Installing: /home/winni/rumstochern/isse_crtpdriver_ros/install/crtp_interface/include/crtp_interface/crtp_interface/msg/detail/crtp_response__builder.hpp
-- Installing: /home/winni/rumstochern/isse_crtpdriver_ros/install/crtp_interface/include/crtp_interface/crtp_interface/msg/detail/crtp_response__struct.hpp
-- Installing: /home/winni/rumstochern/isse_crtpdriver_ros/install/crtp_interface/include/crtp_interface/crtp_interface/msg/detail/crtp_packet__traits.hpp
-- Installing: /home/winni/rumstochern/isse_crtpdriver_ros/install/crtp_interface/include/crtp_interface/crtp_interface/msg/detail/set_autoping__struct.hpp
-- Installing: /home/winni/rumstochern/isse_crtpdriver_ros/install/crtp_interface/include/crtp_interface/crtp_interface/msg/detail/set_autoping__traits.hpp
-- Installing: /home/winni/rumstochern/isse_crtpdriver_ros/install/crtp_interface/include/crtp_interface/crtp_interface/msg/detail/set_autoping__builder.hpp
-- Installing: /home/winni/rumstochern/isse_crtpdriver_ros/install/crtp_interface/include/crtp_interface/crtp_interface/msg/detail/crtp_response__traits.hpp
-- Installing: /home/winni/rumstochern/isse_crtpdriver_ros/install/crtp_interface/include/crtp_interface/crtp_interface/msg/detail/crtp_packet__builder.hpp
-- Installing: /home/winni/rumstochern/isse_crtpdriver_ros/install/crtp_interface/include/crtp_interface/crtp_interface/msg/detail/crtp_packet__struct.hpp
-- Installing: /home/winni/rumstochern/isse_crtpdriver_ros/install/crtp_interface/include/crtp_interface/crtp_interface/msg/set_autoping.hpp
-- Up-to-date: /home/winni/rumstochern/isse_crtpdriver_ros/install/crtp_interface/include/crtp_interface/crtp_interface/srv
-- Up-to-date: /home/winni/rumstochern/isse_crtpdriver_ros/install/crtp_interface/include/crtp_interface/crtp_interface/srv/detail
-- Installing: /home/winni/rumstochern/isse_crtpdriver_ros/install/crtp_interface/include/crtp_interface/crtp_interface/srv/detail/crtp_packet_send__traits.hpp
-- Installing: /home/winni/rumstochern/isse_crtpdriver_ros/install/crtp_interface/include/crtp_interface/crtp_interface/srv/detail/crtp_packet_send__builder.hpp
-- Installing: /home/winni/rumstochern/isse_crtpdriver_ros/install/crtp_interface/include/crtp_interface/crtp_interface/srv/detail/crtp_packet_send__struct.hpp
-- Installing: /home/winni/rumstochern/isse_crtpdriver_ros/install/crtp_interface/include/crtp_interface/crtp_interface/srv/crtp_packet_send.hpp
-- Up-to-date: /home/winni/rumstochern/isse_crtpdriver_ros/install/crtp_interface/include/crtp_interface/crtp_interface
-- Up-to-date: /home/winni/rumstochern/isse_crtpdriver_ros/install/crtp_interface/include/crtp_interface/crtp_interface/msg
-- Up-to-date: /home/winni/rumstochern/isse_crtpdriver_ros/install/crtp_interface/include/crtp_interface/crtp_interface/msg/detail
-- Installing: /home/winni/rumstochern/isse_crtpdriver_ros/install/crtp_interface/include/crtp_interface/crtp_interface/msg/detail/set_autoping__rosidl_typesupport_introspection_cpp.hpp
-- Installing: /home/winni/rumstochern/isse_crtpdriver_ros/install/crtp_interface/include/crtp_interface/crtp_interface/msg/detail/crtp_response__type_support.cpp
-- Installing: /home/winni/rumstochern/isse_crtpdriver_ros/install/crtp_interface/include/crtp_interface/crtp_interface/msg/detail/crtp_response__rosidl_typesupport_introspection_cpp.hpp
-- Installing: /home/winni/rumstochern/isse_crtpdriver_ros/install/crtp_interface/include/crtp_interface/crtp_interface/msg/detail/set_autoping__type_support.cpp
-- Installing: /home/winni/rumstochern/isse_crtpdriver_ros/install/crtp_interface/include/crtp_interface/crtp_interface/msg/detail/crtp_packet__type_support.cpp
-- Installing: /home/winni/rumstochern/isse_crtpdriver_ros/install/crtp_interface/include/crtp_interface/crtp_interface/msg/detail/crtp_packet__rosidl_typesupport_introspection_cpp.hpp
-- Up-to-date: /home/winni/rumstochern/isse_crtpdriver_ros/install/crtp_interface/include/crtp_interface/crtp_interface/srv
-- Up-to-date: /home/winni/rumstochern/isse_crtpdriver_ros/install/crtp_interface/include/crtp_interface/crtp_interface/srv/detail
-- Installing: /home/winni/rumstochern/isse_crtpdriver_ros/install/crtp_interface/include/crtp_interface/crtp_interface/srv/detail/crtp_packet_send__rosidl_typesupport_introspection_cpp.hpp
-- Installing: /home/winni/rumstochern/isse_crtpdriver_ros/install/crtp_interface/include/crtp_interface/crtp_interface/srv/detail/crtp_packet_send__type_support.cpp
-- Installing: /home/winni/rumstochern/isse_crtpdriver_ros/install/crtp_interface/lib/libcrtp_interface__rosidl_typesupport_introspection_cpp.so
-- Set runtime path of "/home/winni/rumstochern/isse_crtpdriver_ros/install/crtp_interface/lib/libcrtp_interface__rosidl_typesupport_introspection_cpp.so" to ""
-- Up-to-date: /home/winni/rumstochern/isse_crtpdriver_ros/install/crtp_interface/include/crtp_interface/crtp_interface
-- Up-to-date: /home/winni/rumstochern/isse_crtpdriver_ros/install/crtp_interface/include/crtp_interface/crtp_interface/msg
-- Up-to-date: /home/winni/rumstochern/isse_crtpdriver_ros/install/crtp_interface/include/crtp_interface/crtp_interface/msg/detail
-- Installing: /home/winni/rumstochern/isse_crtpdriver_ros/install/crtp_interface/include/crtp_interface/crtp_interface/msg/detail/crtp_packet__rosidl_typesupport_fastrtps_cpp.hpp
-- Installing: /home/winni/rumstochern/isse_crtpdriver_ros/install/crtp_interface/include/crtp_interface/crtp_interface/msg/detail/set_autoping__rosidl_typesupport_fastrtps_cpp.hpp
-- Installing: /home/winni/rumstochern/isse_crtpdriver_ros/install/crtp_interface/include/crtp_interface/crtp_interface/msg/detail/crtp_response__rosidl_typesupport_fastrtps_cpp.hpp
-- Up-to-date: /home/winni/rumstochern/isse_crtpdriver_ros/install/crtp_interface/include/crtp_interface/crtp_interface/msg/detail/dds_fastrtps
-- Up-to-date: /home/winni/rumstochern/isse_crtpdriver_ros/install/crtp_interface/include/crtp_interface/crtp_interface/msg/rosidl_typesupport_fastrtps_cpp__visibility_control.h
-- Up-to-date: /home/winni/rumstochern/isse_crtpdriver_ros/install/crtp_interface/include/crtp_interface/crtp_interface/srv
-- Up-to-date: /home/winni/rumstochern/isse_crtpdriver_ros/install/crtp_interface/include/crtp_interface/crtp_interface/srv/detail
-- Installing: /home/winni/rumstochern/isse_crtpdriver_ros/install/crtp_interface/include/crtp_interface/crtp_interface/srv/detail/crtp_packet_send__rosidl_typesupport_fastrtps_cpp.hpp
-- Up-to-date: /home/winni/rumstochern/isse_crtpdriver_ros/install/crtp_interface/include/crtp_interface/crtp_interface/srv/detail/dds_fastrtps
-- Installing: /home/winni/rumstochern/isse_crtpdriver_ros/install/crtp_interface/lib/libcrtp_interface__rosidl_typesupport_fastrtps_cpp.so
-- Set runtime path of "/home/winni/rumstochern/isse_crtpdriver_ros/install/crtp_interface/lib/libcrtp_interface__rosidl_typesupport_fastrtps_cpp.so" to ""
-- Installing: /home/winni/rumstochern/isse_crtpdriver_ros/install/crtp_interface/lib/libcrtp_interface__rosidl_typesupport_cpp.so
-- Set runtime path of "/home/winni/rumstochern/isse_crtpdriver_ros/install/crtp_interface/lib/libcrtp_interface__rosidl_typesupport_cpp.so" to ""
-- Up-to-date: /home/winni/rumstochern/isse_crtpdriver_ros/install/crtp_interface/share/crtp_interface/environment/pythonpath.sh
-- Installing: /home/winni/rumstochern/isse_crtpdriver_ros/install/crtp_interface/share/crtp_interface/environment/pythonpath.dsv
-- Up-to-date: /home/winni/rumstochern/isse_crtpdriver_ros/install/crtp_interface/lib/python3.8/site-packages/crtp_interface-0.0.0-py3.8.egg-info
-- Installing: /home/winni/rumstochern/isse_crtpdriver_ros/install/crtp_interface/lib/python3.8/site-packages/crtp_interface-0.0.0-py3.8.egg-info/dependency_links.txt
-- Installing: /home/winni/rumstochern/isse_crtpdriver_ros/install/crtp_interface/lib/python3.8/site-packages/crtp_interface-0.0.0-py3.8.egg-info/PKG-INFO
-- Installing: /home/winni/rumstochern/isse_crtpdriver_ros/install/crtp_interface/lib/python3.8/site-packages/crtp_interface-0.0.0-py3.8.egg-info/SOURCES.txt
-- Installing: /home/winni/rumstochern/isse_crtpdriver_ros/install/crtp_interface/lib/python3.8/site-packages/crtp_interface-0.0.0-py3.8.egg-info/top_level.txt
-- Up-to-date: /home/winni/rumstochern/isse_crtpdriver_ros/install/crtp_interface/lib/python3.8/site-packages/crtp_interface
-- Installing: /home/winni/rumstochern/isse_crtpdriver_ros/install/crtp_interface/lib/python3.8/site-packages/crtp_interface/crtp_interface_s__rosidl_typesupport_fastrtps_c.cpython-38-x86_64-linux-gnu.so
-- Installing: /home/winni/rumstochern/isse_crtpdriver_ros/install/crtp_interface/lib/python3.8/site-packages/crtp_interface/_crtp_interface_s.ep.rosidl_typesupport_fastrtps_c.c
-- Installing: /home/winni/rumstochern/isse_crtpdriver_ros/install/crtp_interface/lib/python3.8/site-packages/crtp_interface/libcrtp_interface__rosidl_generator_py.so
-- Installing: /home/winni/rumstochern/isse_crtpdriver_ros/install/crtp_interface/lib/python3.8/site-packages/crtp_interface/__init__.py
-- Up-to-date: /home/winni/rumstochern/isse_crtpdriver_ros/install/crtp_interface/lib/python3.8/site-packages/crtp_interface/msg
-- Installing: /home/winni/rumstochern/isse_crtpdriver_ros/install/crtp_interface/lib/python3.8/site-packages/crtp_interface/msg/_set_autoping.py
-- Installing: /home/winni/rumstochern/isse_crtpdriver_ros/install/crtp_interface/lib/python3.8/site-packages/crtp_interface/msg/_set_autoping_s.c
-- Installing: /home/winni/rumstochern/isse_crtpdriver_ros/install/crtp_interface/lib/python3.8/site-packages/crtp_interface/msg/_crtp_packet_s.c
-- Installing: /home/winni/rumstochern/isse_crtpdriver_ros/install/crtp_interface/lib/python3.8/site-packages/crtp_interface/msg/__init__.py
-- Installing: /home/winni/rumstochern/isse_crtpdriver_ros/install/crtp_interface/lib/python3.8/site-packages/crtp_interface/msg/_crtp_response_s.c
-- Installing: /home/winni/rumstochern/isse_crtpdriver_ros/install/crtp_interface/lib/python3.8/site-packages/crtp_interface/msg/_crtp_response.py
-- Installing: /home/winni/rumstochern/isse_crtpdriver_ros/install/crtp_interface/lib/python3.8/site-packages/crtp_interface/msg/_crtp_packet.py
-- Installing: /home/winni/rumstochern/isse_crtpdriver_ros/install/crtp_interface/lib/python3.8/site-packages/crtp_interface/crtp_interface_s__rosidl_typesupport_introspection_c.cpython-38-x86_64-linux-gnu.so
-- Installing: /home/winni/rumstochern/isse_crtpdriver_ros/install/crtp_interface/lib/python3.8/site-packages/crtp_interface/_crtp_interface_s.ep.rosidl_typesupport_introspection_c.c
-- Up-to-date: /home/winni/rumstochern/isse_crtpdriver_ros/install/crtp_interface/lib/python3.8/site-packages/crtp_interface/srv
-- Installing: /home/winni/rumstochern/isse_crtpdriver_ros/install/crtp_interface/lib/python3.8/site-packages/crtp_interface/srv/_crtp_packet_send_s.c
-- Installing: /home/winni/rumstochern/isse_crtpdriver_ros/install/crtp_interface/lib/python3.8/site-packages/crtp_interface/srv/__init__.py
-- Installing: /home/winni/rumstochern/isse_crtpdriver_ros/install/crtp_interface/lib/python3.8/site-packages/crtp_interface/srv/_crtp_packet_send.py
-- Installing: /home/winni/rumstochern/isse_crtpdriver_ros/install/crtp_interface/lib/python3.8/site-packages/crtp_interface/crtp_interface_s__rosidl_typesupport_c.cpython-38-x86_64-linux-gnu.so
-- Installing: /home/winni/rumstochern/isse_crtpdriver_ros/install/crtp_interface/lib/python3.8/site-packages/crtp_interface/_crtp_interface_s.ep.rosidl_typesupport_c.c
Listing '/home/winni/rumstochern/isse_crtpdriver_ros/install/crtp_interface/lib/python3.8/site-packages/crtp_interface'...
Compiling '/home/winni/rumstochern/isse_crtpdriver_ros/install/crtp_interface/lib/python3.8/site-packages/crtp_interface/__init__.py'...
Listing '/home/winni/rumstochern/isse_crtpdriver_ros/install/crtp_interface/lib/python3.8/site-packages/crtp_interface/msg'...
Compiling '/home/winni/rumstochern/isse_crtpdriver_ros/install/crtp_interface/lib/python3.8/site-packages/crtp_interface/msg/__init__.py'...
Compiling '/home/winni/rumstochern/isse_crtpdriver_ros/install/crtp_interface/lib/python3.8/site-packages/crtp_interface/msg/_crtp_packet.py'...
Compiling '/home/winni/rumstochern/isse_crtpdriver_ros/install/crtp_interface/lib/python3.8/site-packages/crtp_interface/msg/_crtp_response.py'...
Compiling '/home/winni/rumstochern/isse_crtpdriver_ros/install/crtp_interface/lib/python3.8/site-packages/crtp_interface/msg/_set_autoping.py'...
Listing '/home/winni/rumstochern/isse_crtpdriver_ros/install/crtp_interface/lib/python3.8/site-packages/crtp_interface/srv'...
Compiling '/home/winni/rumstochern/isse_crtpdriver_ros/install/crtp_interface/lib/python3.8/site-packages/crtp_interface/srv/__init__.py'...
Compiling '/home/winni/rumstochern/isse_crtpdriver_ros/install/crtp_interface/lib/python3.8/site-packages/crtp_interface/srv/_crtp_packet_send.py'...
-- Installing: /home/winni/rumstochern/isse_crtpdriver_ros/install/crtp_interface/lib/python3.8/site-packages/crtp_interface/crtp_interface_s__rosidl_typesupport_introspection_c.cpython-38-x86_64-linux-gnu.so
-- Set runtime path of "/home/winni/rumstochern/isse_crtpdriver_ros/install/crtp_interface/lib/python3.8/site-packages/crtp_interface/crtp_interface_s__rosidl_typesupport_introspection_c.cpython-38-x86_64-linux-gnu.so" to ""
-- Installing: /home/winni/rumstochern/isse_crtpdriver_ros/install/crtp_interface/lib/python3.8/site-packages/crtp_interface/crtp_interface_s__rosidl_typesupport_fastrtps_c.cpython-38-x86_64-linux-gnu.so
-- Set runtime path of "/home/winni/rumstochern/isse_crtpdriver_ros/install/crtp_interface/lib/python3.8/site-packages/crtp_interface/crtp_interface_s__rosidl_typesupport_fastrtps_c.cpython-38-x86_64-linux-gnu.so" to ""
-- Installing: /home/winni/rumstochern/isse_crtpdriver_ros/install/crtp_interface/lib/python3.8/site-packages/crtp_interface/crtp_interface_s__rosidl_typesupport_c.cpython-38-x86_64-linux-gnu.so
-- Set runtime path of "/home/winni/rumstochern/isse_crtpdriver_ros/install/crtp_interface/lib/python3.8/site-packages/crtp_interface/crtp_interface_s__rosidl_typesupport_c.cpython-38-x86_64-linux-gnu.so" to ""
-- Installing: /home/winni/rumstochern/isse_crtpdriver_ros/install/crtp_interface/lib/libcrtp_interface__rosidl_generator_py.so
-- Set runtime path of "/home/winni/rumstochern/isse_crtpdriver_ros/install/crtp_interface/lib/libcrtp_interface__rosidl_generator_py.so" to ""
-- Installing: /home/winni/rumstochern/isse_crtpdriver_ros/install/crtp_interface/share/crtp_interface/msg/CrtpPacket.idl
-- Up-to-date: /home/winni/rumstochern/isse_crtpdriver_ros/install/crtp_interface/share/crtp_interface/msg/CrtpResponse.idl
-- Up-to-date: /home/winni/rumstochern/isse_crtpdriver_ros/install/crtp_interface/share/crtp_interface/msg/SetAutoping.idl
-- Up-to-date: /home/winni/rumstochern/isse_crtpdriver_ros/install/crtp_interface/share/crtp_interface/srv/CrtpPacketSend.idl
-- Installing: /home/winni/rumstochern/isse_crtpdriver_ros/install/crtp_interface/share/crtp_interface/msg/CrtpPacket.msg
-- Up-to-date: /home/winni/rumstochern/isse_crtpdriver_ros/install/crtp_interface/share/crtp_interface/msg/CrtpResponse.msg
-- Up-to-date: /home/winni/rumstochern/isse_crtpdriver_ros/install/crtp_interface/share/crtp_interface/msg/SetAutoping.msg
-- Up-to-date: /home/winni/rumstochern/isse_crtpdriver_ros/install/crtp_interface/share/crtp_interface/srv/CrtpPacketSend.srv
-- Up-to-date: /home/winni/rumstochern/isse_crtpdriver_ros/install/crtp_interface/share/crtp_interface/srv/CrtpPacketSend_Request.msg
-- Up-to-date: /home/winni/rumstochern/isse_crtpdriver_ros/install/crtp_interface/share/crtp_interface/srv/CrtpPacketSend_Response.msg
-- Up-to-date: /home/winni/rumstochern/isse_crtpdriver_ros/install/crtp_interface/share/ament_index/resource_index/package_run_dependencies/crtp_interface
-- Up-to-date: /home/winni/rumstochern/isse_crtpdriver_ros/install/crtp_interface/share/ament_index/resource_index/parent_prefix_path/crtp_interface
-- Installing: /home/winni/rumstochern/isse_crtpdriver_ros/install/crtp_interface/share/crtp_interface/environment/ament_prefix_path.dsv
-- Installing: /home/winni/rumstochern/isse_crtpdriver_ros/install/crtp_interface/share/crtp_interface/environment/path.dsv
-- Up-to-date: /home/winni/rumstochern/isse_crtpdriver_ros/install/crtp_interface/share/crtp_interface/local_setup.bash
-- Up-to-date: /home/winni/rumstochern/isse_crtpdriver_ros/install/crtp_interface/share/crtp_interface/local_setup.sh
-- Up-to-date: /home/winni/rumstochern/isse_crtpdriver_ros/install/crtp_interface/share/crtp_interface/local_setup.zsh
-- Installing: /home/winni/rumstochern/isse_crtpdriver_ros/install/crtp_interface/share/crtp_interface/local_setup.dsv
-- Installing: /home/winni/rumstochern/isse_crtpdriver_ros/install/crtp_interface/share/crtp_interface/package.dsv
-- Up-to-date: /home/winni/rumstochern/isse_crtpdriver_ros/install/crtp_interface/share/ament_index/resource_index/packages/crtp_interface
-- Up-to-date: /home/winni/rumstochern/isse_crtpdriver_ros/install/crtp_interface/share/crtp_interface/cmake/export_crtp_interface__rosidl_generator_cExport.cmake
-- Installing: /home/winni/rumstochern/isse_crtpdriver_ros/install/crtp_interface/share/crtp_interface/cmake/export_crtp_interface__rosidl_generator_cExport-noconfig.cmake
-- Up-to-date: /home/winni/rumstochern/isse_crtpdriver_ros/install/crtp_interface/share/crtp_interface/cmake/crtp_interface__rosidl_typesupport_introspection_cExport.cmake
-- Installing: /home/winni/rumstochern/isse_crtpdriver_ros/install/crtp_interface/share/crtp_interface/cmake/crtp_interface__rosidl_typesupport_introspection_cExport-noconfig.cmake
-- Up-to-date: /home/winni/rumstochern/isse_crtpdriver_ros/install/crtp_interface/share/crtp_interface/cmake/export_crtp_interface__rosidl_typesupport_fastrtps_cExport.cmake
-- Installing: /home/winni/rumstochern/isse_crtpdriver_ros/install/crtp_interface/share/crtp_interface/cmake/export_crtp_interface__rosidl_typesupport_fastrtps_cExport-noconfig.cmake
-- Up-to-date: /home/winni/rumstochern/isse_crtpdriver_ros/install/crtp_interface/share/crtp_interface/cmake/crtp_interface__rosidl_typesupport_cExport.cmake
-- Installing: /home/winni/rumstochern/isse_crtpdriver_ros/install/crtp_interface/share/crtp_interface/cmake/crtp_interface__rosidl_typesupport_cExport-noconfig.cmake
-- Up-to-date: /home/winni/rumstochern/isse_crtpdriver_ros/install/crtp_interface/share/crtp_interface/cmake/export_crtp_interface__rosidl_generator_cppExport.cmake
-- Up-to-date: /home/winni/rumstochern/isse_crtpdriver_ros/install/crtp_interface/share/crtp_interface/cmake/crtp_interface__rosidl_typesupport_introspection_cppExport.cmake
-- Installing: /home/winni/rumstochern/isse_crtpdriver_ros/install/crtp_interface/share/crtp_interface/cmake/crtp_interface__rosidl_typesupport_introspection_cppExport-noconfig.cmake
-- Up-to-date: /home/winni/rumstochern/isse_crtpdriver_ros/install/crtp_interface/share/crtp_interface/cmake/export_crtp_interface__rosidl_typesupport_fastrtps_cppExport.cmake
-- Installing: /home/winni/rumstochern/isse_crtpdriver_ros/install/crtp_interface/share/crtp_interface/cmake/export_crtp_interface__rosidl_typesupport_fastrtps_cppExport-noconfig.cmake
-- Up-to-date: /home/winni/rumstochern/isse_crtpdriver_ros/install/crtp_interface/share/crtp_interface/cmake/crtp_interface__rosidl_typesupport_cppExport.cmake
-- Installing: /home/winni/rumstochern/isse_crtpdriver_ros/install/crtp_interface/share/crtp_interface/cmake/crtp_interface__rosidl_typesupport_cppExport-noconfig.cmake
-- Up-to-date: /home/winni/rumstochern/isse_crtpdriver_ros/install/crtp_interface/share/crtp_interface/cmake/export_crtp_interface__rosidl_generator_pyExport.cmake
-- Installing: /home/winni/rumstochern/isse_crtpdriver_ros/install/crtp_interface/share/crtp_interface/cmake/export_crtp_interface__rosidl_generator_pyExport-noconfig.cmake
-- Up-to-date: /home/winni/rumstochern/isse_crtpdriver_ros/install/crtp_interface/share/crtp_interface/cmake/rosidl_cmake-extras.cmake
-- Up-to-date: /home/winni/rumstochern/isse_crtpdriver_ros/install/crtp_interface/share/crtp_interface/cmake/ament_cmake_export_dependencies-extras.cmake
-- Up-to-date: /home/winni/rumstochern/isse_crtpdriver_ros/install/crtp_interface/share/crtp_interface/cmake/ament_cmake_export_include_directories-extras.cmake
-- Up-to-date: /home/winni/rumstochern/isse_crtpdriver_ros/install/crtp_interface/share/crtp_interface/cmake/ament_cmake_export_libraries-extras.cmake
-- Up-to-date: /home/winni/rumstochern/isse_crtpdriver_ros/install/crtp_interface/share/crtp_interface/cmake/ament_cmake_export_targets-extras.cmake
-- Up-to-date: /home/winni/rumstochern/isse_crtpdriver_ros/install/crtp_interface/share/crtp_interface/cmake/rosidl_cmake_export_typesupport_targets-extras.cmake
-- Up-to-date: /home/winni/rumstochern/isse_crtpdriver_ros/install/crtp_interface/share/crtp_interface/cmake/rosidl_cmake_export_typesupport_libraries-extras.cmake
-- Up-to-date: /home/winni/rumstochern/isse_crtpdriver_ros/install/crtp_interface/share/crtp_interface/cmake/crtp_interfaceConfig.cmake
-- Up-to-date: /home/winni/rumstochern/isse_crtpdriver_ros/install/crtp_interface/share/crtp_interface/cmake/crtp_interfaceConfig-version.cmake
-- Up-to-date: /home/winni/rumstochern/isse_crtpdriver_ros/install/crtp_interface/share/crtp_interface/package.xml
